Thu Sep  1 16:52:46 AEST 2022
# hypergraphs = ["../Model_1/H/", "../Model_2/H/", "../Model_3/H/"]
# load_model = nothing
# early_stop = 100
# weigh_edges = false
# nFilters = 64
# kernel_sizes = [2, 5, 10, 15, 20]
# nFilters2 = 32
# pre = nothing
# pred = pred_123.tsv
# pair_files = false
# weigh_nodes = false
# model = 8
# edge_values = String[]
# node_values = ["../Model_1/nodeCents/", "../Model_2/nodeCents/", "../Model_3/nodeCents/"]
# cv = true
# epochs = 500
# save_model = model_123.bson
# sample = nothing
# Reading label 1 from 989 hypergraphs matching:
# ../Model_1/H/
# ../Model_1/nodeCents/
# Reading label 2 from 977 hypergraphs matching:
# ../Model_2/H/
# ../Model_2/nodeCents/
# Reading label 3 from 970 hypergraphs matching:
# ../Model_3/H/
# ../Model_3/nodeCents/
# num label 1 = 989
# num label 2 = 977
# num label 3 = 970
# test=1, eval=2
Epoch	CE	Acc	AUC	TestAUC	Time
0	1.1042683125	0.3323863636	0.3934013323	0.4005085613	2022-09-01T16:55:10.317
10	0.4263239801	0.8113636364	0.9432576397	[1m0.9176982131[0m	2022-09-01T17:03:28.641
20	0.3109274209	0.8727272727	0.9671558498	[1m0.9279720652[0m	2022-09-01T17:04:56.178
30	0.2603552938	0.8937500000	0.9825641207	[1m0.9303049695[0m	2022-09-01T17:06:24.295
40	0.1796234548	0.9369318182	0.9929111611	[1m0.9337242107[0m	2022-09-01T17:07:52.655
50	0.1374426782	0.9551136364	0.9962208953	0.9315906163	2022-09-01T17:09:21.160
60	0.0872255638	0.9880681818	0.9994515915	0.9333066886	2022-09-01T17:10:50.394
70	0.0538821258	0.9965909091	0.9999311713	0.9321548677	2022-09-01T17:12:19.959
80	0.0360536091	0.9971590909	0.9999975753	0.9313277812	2022-09-01T17:13:50.356
90	0.0207665637	1.0000000000	1.0000000000	0.9308969805	2022-09-01T17:15:21.272
100	0.0221236441	1.0000000000	1.0000000000	0.9290240601	2022-09-01T17:16:52.866
110	0.0074821147	1.0000000000	1.0000000000	0.9298816668	2022-09-01T17:18:24.926
120	0.0042443410	1.0000000000	1.0000000000	0.9296605220	2022-09-01T17:19:55.725
130	0.0026363069	1.0000000000	1.0000000000	0.9299398819	2022-09-01T17:21:28.551
140	0.0016984204	1.0000000000	1.0000000000	0.9296954102	2022-09-01T17:23:02.282
eval AUC = 0.9309870173100229
eval Acc = 0.8112244897959183
# test=1, eval=3
Epoch	CE	Acc	AUC	TestAUC	Time
0	1.0944792032	0.3329545455	0.6693172580	0.6555358722	2022-09-01T17:24:37.019
10	0.4749148488	0.7943181818	0.9479398144	[1m0.9220552046[0m	2022-09-01T17:26:10.436
20	0.3016123474	0.8789772727	0.9720464005	[1m0.9297123453[0m	2022-09-01T17:27:46.712
30	0.2226434052	0.9187500000	0.9865709973	[1m0.9319584736[0m	2022-09-01T17:29:22.542
40	0.1596330255	0.9545454545	0.9950849185	[1m0.9334129419[0m	2022-09-01T17:30:57.200
50	0.1269919723	0.9590909091	0.9985956352	[1m0.9347615865[0m	2022-09-01T17:32:30.363
60	0.0989403054	0.9812500000	0.9997920029	0.9333296344	2022-09-01T17:34:02.927
70	0.0596264713	0.9937500000	0.9999849740	0.9346246370	2022-09-01T17:35:35.696
80	0.0287469607	0.9988636364	1.0000000000	[1m0.9349764808[0m	2022-09-01T17:37:08.458
90	0.0162889715	1.0000000000	1.0000000000	0.9338132279	2022-09-01T17:38:41.068
100	0.0097461669	1.0000000000	1.0000000000	[1m0.9349918467[0m	2022-09-01T17:40:13.845
110	0.0075591714	1.0000000000	1.0000000000	0.9345998008	2022-09-01T17:41:46.749
120	0.0040830038	1.0000000000	1.0000000000	0.9342915725	2022-09-01T17:43:20.235
130	0.0036802513	1.0000000000	1.0000000000	0.9337900537	2022-09-01T17:44:53.733
140	0.0020687571	1.0000000000	1.0000000000	0.9338449011	2022-09-01T17:46:27.547
150	0.0015773990	1.0000000000	1.0000000000	0.9336136561	2022-09-01T17:48:01.593
160	0.0012838435	1.0000000000	1.0000000000	0.9335074685	2022-09-01T17:49:35.622
170	0.0007809399	1.0000000000	1.0000000000	0.9335595587	2022-09-01T17:51:11.629
180	0.0005845063	1.0000000000	1.0000000000	0.9329013001	2022-09-01T17:52:48.393
190	0.0003729379	1.0000000000	1.0000000000	0.9331269526	2022-09-01T17:54:25.397
200	0.0002876943	1.0000000000	1.0000000000	0.9324462145	2022-09-01T17:56:02.295
eval AUC = 0.9409534082375969
eval Acc = 0.8231292517006803
# test=1, eval=4
Epoch	CE	Acc	AUC	TestAUC	Time
0	1.1357022524	0.3369318182	0.3150832085	0.3243322391	2022-09-01T17:57:41.826
10	0.4328406453	0.8159090909	0.9457067435	[1m0.9193920712[0m	2022-09-01T17:59:19.044
20	0.3195591271	0.8710227273	0.9695458021	[1m0.9243244714[0m	2022-09-01T18:00:56.476
30	0.2466986626	0.9017045455	0.9840071966	[1m0.9261411935[0m	2022-09-01T18:02:33.991
40	0.2047750652	0.9306818182	0.9910745478	0.9257587640	2022-09-01T18:04:11.642
50	0.1268311739	0.9647727273	0.9971353132	[1m0.9284640432[0m	2022-09-01T18:05:49.364
60	0.1015695930	0.9818181818	0.9992722934	0.9272796755	2022-09-01T18:07:27.215
70	0.0657857582	0.9937500000	0.9998140535	0.9270792926	2022-09-01T18:09:05.450
80	0.0364179425	0.9971590909	0.9999732832	[1m0.9284816196[0m	2022-09-01T18:10:43.496
90	0.0255672708	0.9988636364	1.0000000000	0.9270594779	2022-09-01T18:12:21.822
100	0.0177346487	1.0000000000	1.0000000000	0.9267050554	2022-09-01T18:14:00.554
110	0.0097379060	1.0000000000	1.0000000000	0.9261685393	2022-09-01T18:15:39.475
120	0.0415312275	0.9965909091	1.0000000000	0.9242138365	2022-09-01T18:17:18.454
130	0.0039341035	1.0000000000	1.0000000000	0.9255277434	2022-09-01T18:18:57.633
140	0.0099397106	1.0000000000	1.0000000000	0.9236743752	2022-09-01T18:20:36.987
150	0.0020486182	1.0000000000	1.0000000000	0.9260173058	2022-09-01T18:22:16.825
160	0.0014801070	1.0000000000	1.0000000000	0.9252152567	2022-09-01T18:23:55.882
170	0.0010103458	1.0000000000	1.0000000000	0.9251686028	2022-09-01T18:25:34.607
180	0.0007694030	1.0000000000	1.0000000000	0.9246697752	2022-09-01T18:27:13.809
eval AUC = 0.9223281083844529
eval Acc = 0.7840136054421769
# test=1, eval=5
Epoch	CE	Acc	AUC	TestAUC	Time
0	1.1062802076	0.3299319728	0.7098984058	0.6949189855	2022-09-01T18:28:56.081
10	0.4647686183	0.8038548753	0.9425542927	[1m0.9174131890[0m	2022-09-01T18:30:36.641
20	0.3140689135	0.8798185941	0.9682662713	[1m0.9257596010[0m	2022-09-01T18:32:17.366
30	0.2402247190	0.9104308390	0.9839922461	[1m0.9278844178[0m	2022-09-01T18:33:57.881
40	0.1820867956	0.9467120181	0.9926262441	[1m0.9284204478[0m	2022-09-01T18:35:38.409
50	0.1387507468	0.9535147392	0.9971041451	0.9272046716	2022-09-01T18:37:19.143
60	0.0892374888	0.9875283447	0.9992847134	0.9249991641	2022-09-01T18:38:59.829
70	0.0547833443	0.9943310658	0.9999348187	0.9229520346	2022-09-01T18:40:40.249
80	0.0331116989	0.9994331066	0.9999995155	0.9221855535	2022-09-01T18:42:20.812
90	0.0242366400	1.0000000000	1.0000000000	0.9203481739	2022-09-01T18:44:01.164
100	0.0131260427	0.9994331066	1.0000000000	0.9215874816	2022-09-01T18:45:41.567
110	0.0070710592	1.0000000000	1.0000000000	0.9212744790	2022-09-01T18:47:21.871
120	0.0043725902	1.0000000000	1.0000000000	0.9206460307	2022-09-01T18:49:02.397
130	0.0022314780	1.0000000000	1.0000000000	0.9196502155	2022-09-01T18:50:42.817
140	0.0019089420	1.0000000000	1.0000000000	0.9199049803	2022-09-01T18:52:24.134
eval AUC = 0.9378041266785347
eval Acc = 0.8458904109589042
# test=2, eval=1
Epoch	CE	Acc	AUC	TestAUC	Time
0	1.0970038176	0.3164772727	0.5752459705	0.6105535117	2022-09-01T18:54:07.847
10	0.4291813672	0.8170454545	0.9399896900	[1m0.9104442762[0m	2022-09-01T18:55:47.635
20	0.3162738085	0.8727272727	0.9677208577	[1m0.9256221266[0m	2022-09-01T18:57:27.243
30	0.2581278682	0.8954545455	0.9795964943	0.9254115725	2022-09-01T18:59:06.741
40	0.2190571874	0.9107954545	0.9876073441	[1m0.9258170722[0m	2022-09-01T19:00:46.590
50	0.1537372917	0.9613636364	0.9960376059	[1m0.9297244999[0m	2022-09-01T19:02:26.889
60	0.0964083448	0.9812500000	0.9988834963	[1m0.9308126920[0m	2022-09-01T19:04:06.619
70	0.0625976399	0.9937500000	0.9997012937	[1m0.9314720390[0m	2022-09-01T19:05:46.305
80	0.0477646105	0.9977272727	0.9999133497	0.9293656850	2022-09-01T19:07:26.049
90	0.0268678237	0.9994318182	0.9999917757	0.9307837675	2022-09-01T19:09:05.843
100	0.0198342018	1.0000000000	1.0000000000	0.9291062459	2022-09-01T19:10:46.123
110	0.0096477084	1.0000000000	1.0000000000	0.9301030586	2022-09-01T19:12:26.321
120	0.0068592452	1.0000000000	1.0000000000	0.9288056040	2022-09-01T19:14:06.541
130	0.0037688776	1.0000000000	1.0000000000	0.9295474451	2022-09-01T19:15:46.931
140	0.0030711778	1.0000000000	1.0000000000	0.9294565222	2022-09-01T19:17:27.401
150	0.0014124645	1.0000000000	1.0000000000	0.9293253405	2022-09-01T19:19:07.405
160	0.0012854297	1.0000000000	1.0000000000	0.9289552399	2022-09-01T19:20:47.853
170	0.0006504517	1.0000000000	1.0000000000	0.9293405683	2022-09-01T19:22:28.127
eval AUC = 0.9288824643426196
eval Acc = 0.7908163265306123
# test=2, eval=3
Epoch	CE	Acc	AUC	TestAUC	Time
0	1.1081777811	0.3312500000	0.4342542566	0.4660954548	2022-09-01T19:24:11.206
10	0.4186268151	0.8204545455	0.9414940897	[1m0.9094722157[0m	2022-09-01T19:25:51.344
20	0.3343222737	0.8642045455	0.9669542954	[1m0.9198133705[0m	2022-09-01T19:27:31.652
30	0.2464108169	0.9113636364	0.9828855753	[1m0.9241385447[0m	2022-09-01T19:29:11.938
40	0.2021248490	0.9181818182	0.9917058609	[1m0.9258547532[0m	2022-09-01T19:30:52.444
50	0.1381762922	0.9670454545	0.9970564149	[1m0.9263607883[0m	2022-09-01T19:32:33.014
60	0.1027038544	0.9727272727	0.9990767584	[1m0.9273461786[0m	2022-09-01T19:34:13.716
70	0.0693536699	0.9886363636	0.9998821815	[1m0.9279515890[0m	2022-09-01T19:35:54.458
80	0.0344586335	0.9965909091	0.9999956486	0.9275640130	2022-09-01T19:37:35.176
90	0.0211894326	1.0000000000	1.0000000000	0.9264389996	2022-09-01T19:39:16.239
100	0.0138555244	1.0000000000	1.0000000000	0.9276776612	2022-09-01T19:40:57.427
110	0.0086895181	1.0000000000	1.0000000000	0.9272907371	2022-09-01T19:42:38.717
120	0.0051925736	1.0000000000	1.0000000000	0.9267638078	2022-09-01T19:44:19.860
130	0.0032274404	1.0000000000	1.0000000000	0.9275709446	2022-09-01T19:46:01.082
140	0.0020138018	1.0000000000	1.0000000000	0.9277868044	2022-09-01T19:47:42.307
150	0.0015076866	1.0000000000	1.0000000000	0.9278224410	2022-09-01T19:49:24.191
160	0.0008265263	1.0000000000	1.0000000000	0.9278009670	2022-09-01T19:51:05.956
170	0.0006619047	1.0000000000	1.0000000000	[1m0.9281027839[0m	2022-09-01T19:52:47.802
180	0.0003152023	1.0000000000	1.0000000000	[1m0.9282340125[0m	2022-09-01T19:54:29.360
190	0.0001943007	1.0000000000	1.0000000000	0.9278104443	2022-09-01T19:56:11.107
200	0.0001828603	1.0000000000	1.0000000000	0.9274177596	2022-09-01T19:57:52.489
210	0.0001003424	1.0000000000	1.0000000000	0.9279220229	2022-09-01T19:59:33.955
220	0.0000478682	1.0000000000	1.0000000000	0.9281381343	2022-09-01T20:01:15.625
230	0.0002258633	1.0000000000	1.0000000000	[1m0.9291402663[0m	2022-09-01T20:02:56.859
240	0.0001681789	1.0000000000	1.0000000000	0.9289536630	2022-09-01T20:04:25.474
250	0.0001309879	1.0000000000	1.0000000000	0.9286759141	2022-09-01T20:05:51.651
260	0.0001072816	1.0000000000	1.0000000000	0.9286738899	2022-09-01T20:07:18.567
270	0.0000880631	1.0000000000	1.0000000000	0.9283611421	2022-09-01T20:08:45.265
280	0.0000731105	1.0000000000	1.0000000000	0.9280131423	2022-09-01T20:10:12.215
290	0.0000633451	1.0000000000	1.0000000000	0.9278268411	2022-09-01T20:11:39.490
300	0.0000546948	1.0000000000	1.0000000000	0.9279180464	2022-09-01T20:13:07.265
310	0.0000452774	1.0000000000	1.0000000000	0.9275985289	2022-09-01T20:14:35.096
320	0.0000334706	1.0000000000	1.0000000000	0.9276314635	2022-09-01T20:16:03.559
330	0.0000265320	1.0000000000	1.0000000000	0.9275964782	2022-09-01T20:17:31.873
eval AUC = 0.9370161851455808
eval Acc = 0.8061224489795918
# test=2, eval=4
Epoch	CE	Acc	AUC	TestAUC	Time
0	1.1008160114	0.3323863636	0.5304108919	0.5461506663	2022-09-01T20:19:02.835
10	0.4240782559	0.8142045455	0.9450771682	[1m0.9139532583[0m	2022-09-01T20:20:31.672
20	0.3492744863	0.8471590909	0.9633130019	[1m0.9198901237[0m	2022-09-01T20:22:00.687
30	0.2917586565	0.8852272727	0.9804914797	[1m0.9248466617[0m	2022-09-01T20:23:30.061
40	0.2005234510	0.9267045455	0.9895630498	[1m0.9258372510[0m	2022-09-01T20:25:00.023
50	0.1469357759	0.9659090909	0.9958203930	[1m0.9263748978[0m	2022-09-01T20:26:30.168
60	0.1084355712	0.9721590909	0.9980653960	0.9257366316	2022-09-01T20:28:01.075
70	0.0698072538	0.9909090909	0.9995708602	0.9241504194	2022-09-01T20:29:32.069
80	0.0461990610	0.9943181818	0.9998411355	0.9251647810	2022-09-01T20:31:03.456
90	0.0289476961	0.9977272727	0.9999922606	0.9237904243	2022-09-01T20:32:34.879
100	0.0215284880	0.9971590909	1.0000000000	0.9234937006	2022-09-01T20:34:06.459
110	0.0184209030	0.9971590909	1.0000000000	0.9232493070	2022-09-01T20:35:37.764
120	0.0101797534	1.0000000000	1.0000000000	0.9226056193	2022-09-01T20:37:09.222
130	0.0059726643	1.0000000000	1.0000000000	0.9234118622	2022-09-01T20:38:40.788
140	0.0060088690	1.0000000000	1.0000000000	0.9236460108	2022-09-01T20:40:13.228
150	0.0034402483	1.0000000000	1.0000000000	0.9229327761	2022-09-01T20:41:45.668
eval AUC = 0.9264410838520716
eval Acc = 0.7857142857142857
# test=2, eval=5
Epoch	CE	Acc	AUC	TestAUC	Time
0	1.1021296978	0.2171201814	0.4552757939	0.4711332601	2022-09-01T20:43:21.342
10	0.4064514339	0.8163265306	0.9452804525	[1m0.9083609598[0m	2022-09-01T20:44:54.567
20	0.3064044118	0.8747165533	0.9692984647	[1m0.9201092664[0m	2022-09-01T20:46:29.018
30	0.2771106958	0.8832199546	0.9834382549	[1m0.9229864223[0m	2022-09-01T20:48:03.228
40	0.2208744287	0.9115646259	0.9921427183	[1m0.9241866227[0m	2022-09-01T20:49:38.321
50	0.1461242437	0.9433106576	0.9974897476	0.9240898569	2022-09-01T20:51:14.626
60	0.0926935747	0.9716553288	0.9995327013	[1m0.9259154543[0m	2022-09-01T20:52:50.964
70	0.0543341674	0.9937641723	0.9999807469	0.9240095052	2022-09-01T20:54:25.867
80	0.0352761522	0.9977324263	0.9999971077	0.9255454544	2022-09-01T20:56:00.251
90	0.0153970802	1.0000000000	1.0000000000	0.9243504169	2022-09-01T20:57:34.984
100	0.0095786396	1.0000000000	1.0000000000	0.9238902907	2022-09-01T20:59:09.924
110	0.0075590941	1.0000000000	1.0000000000	0.9225770685	2022-09-01T21:00:45.488
120	0.0036230234	1.0000000000	1.0000000000	0.9224206067	2022-09-01T21:02:20.182
130	0.0042871465	1.0000000000	1.0000000000	0.9205541613	2022-09-01T21:03:55.439
140	0.0013731561	1.0000000000	1.0000000000	0.9226269700	2022-09-01T21:05:30.994
150	0.0007795398	1.0000000000	1.0000000000	0.9220584417	2022-09-01T21:07:06.745
160	0.0010818639	1.0000000000	1.0000000000	0.9217333410	2022-09-01T21:08:42.475
eval AUC = 0.9334167236064973
eval Acc = 0.815068493150685
# test=3, eval=1
Epoch	CE	Acc	AUC	TestAUC	Time
0	1.1045268774	0.3369318182	0.5256073316	0.5238432428	2022-09-01T21:10:20.559
10	0.4077055454	0.8267045455	0.9445842355	[1m0.9352189053[0m	2022-09-01T21:11:55.221
20	0.3300716877	0.8613636364	0.9671551226	[1m0.9413570991[0m	2022-09-01T21:13:30.619
30	0.2444467247	0.8994318182	0.9821548338	[1m0.9422624939[0m	2022-09-01T21:15:06.203
40	0.1883509606	0.9392045455	0.9922197642	0.9380428760	2022-09-01T21:16:41.197
50	0.1378872395	0.9585227273	0.9967007006	0.9399145083	2022-09-01T21:18:17.456
60	0.0998723581	0.9738636364	0.9992706105	0.9352858032	2022-09-01T21:19:52.636
70	0.0776042864	0.9772727273	0.9997551274	0.9393103597	2022-09-01T21:21:28
80	0.0387212485	0.9994318182	0.9999937154	0.9386533770	2022-09-01T21:23:04.508
90	0.0241957139	0.9994318182	0.9999995151	0.9368957547	2022-09-01T21:24:40.543
100	0.0159624964	1.0000000000	1.0000000000	0.9389696696	2022-09-01T21:26:16.178
110	0.0101776598	1.0000000000	1.0000000000	0.9374103104	2022-09-01T21:27:51.718
120	0.0060914089	1.0000000000	1.0000000000	0.9378232578	2022-09-01T21:29:27.573
130	0.0041643525	1.0000000000	1.0000000000	0.9405203512	2022-09-01T21:31:03.702
eval AUC = 0.9317965762116317
eval Acc = 0.8078231292517006
# test=3, eval=2
Epoch	CE	Acc	AUC	TestAUC	Time
0	1.1044003963	0.1698863636	0.5052298425	0.5260473555	2022-09-01T21:32:42.048
10	0.4071208537	0.8261363636	0.9461913286	[1m0.9340853328[0m	2022-09-01T21:34:18.148
20	0.3075476289	0.8698863636	0.9697906411	[1m0.9404095600[0m	2022-09-01T21:35:54.405
30	0.2558684349	0.8875000000	0.9845941567	[1m0.9451790495[0m	2022-09-01T21:37:30.940
40	0.1862801015	0.9420454545	0.9941532351	0.9447221806	2022-09-01T21:39:07.330
50	0.1221354082	0.9653409091	0.9980553731	0.9450829883	2022-09-01T21:40:43.965
60	0.0775664970	0.9869318182	0.9996449233	0.9443966048	2022-09-01T21:42:20.728
70	0.0628719553	0.9943181818	0.9997319540	0.9429243591	2022-09-01T21:43:57.525
80	0.0372180939	0.9954545455	0.9999975753	0.9431207130	2022-09-01T21:45:34.231
90	0.0194646399	0.9994318182	1.0000000000	0.9426658964	2022-09-01T21:47:10.525
100	0.0106098037	1.0000000000	1.0000000000	0.9422664555	2022-09-01T21:48:47.330
110	0.0063765734	1.0000000000	1.0000000000	0.9421751098	2022-09-01T21:50:24.158
120	0.0039658109	1.0000000000	1.0000000000	0.9425041838	2022-09-01T21:52:00.790
130	0.0024507514	1.0000000000	1.0000000000	0.9424213305	2022-09-01T21:53:37.430
eval AUC = 0.9271018303308214
eval Acc = 0.7959183673469388
# test=3, eval=4
Epoch	CE	Acc	AUC	TestAUC	Time
0	1.1059192419	0.2948863636	0.3735234529	0.3865542857	2022-09-01T21:55:16.805
10	0.4451030493	0.8079545455	0.9455144983	[1m0.9351758595[0m	2022-09-01T21:56:53.444
20	0.3761795461	0.8465909091	0.9607733842	0.9318919141	2022-09-01T21:58:30.296
30	0.2658504248	0.9051136364	0.9815162172	0.9345730396	2022-09-01T22:00:07.414
40	0.1850391626	0.9488636364	0.9943017786	[1m0.9403448820[0m	2022-09-01T22:01:44.437
50	0.1640273035	0.9250000000	0.9971639850	0.9390213627	2022-09-01T22:03:22.012
60	0.0963334143	0.9784090909	0.9991326118	0.9392200368	2022-09-01T22:04:59.469
70	0.0510638058	0.9948863636	0.9998441114	0.9392470522	2022-09-01T22:06:37.192
80	0.0296499822	0.9982954545	0.9999917822	0.9398926851	2022-09-01T22:08:14.509
90	0.0243706349	0.9988636364	1.0000000000	0.9384155497	2022-09-01T22:09:52.039
100	0.0134627866	1.0000000000	1.0000000000	0.9380722801	2022-09-01T22:11:30.026
110	0.0065975795	1.0000000000	1.0000000000	0.9393035246	2022-09-01T22:13:07.967
120	0.0073884134	1.0000000000	1.0000000000	0.9382296853	2022-09-01T22:14:45.559
130	0.0036786653	1.0000000000	1.0000000000	0.9388926241	2022-09-01T22:16:23.499
140	0.0028274306	1.0000000000	1.0000000000	0.9391244604	2022-09-01T22:18:01.015
eval AUC = 0.9344097103413332
eval Acc = 0.7976190476190477
# test=3, eval=5
Epoch	CE	Acc	AUC	TestAUC	Time
0	1.0953202248	0.3356009070	0.6603788316	0.6740113490	2022-09-01T22:19:41.488
10	0.4904933870	0.7868480726	0.9316391985	[1m0.9250521463[0m	2022-09-01T22:21:20.274
20	0.3447532654	0.8548752834	0.9628728148	[1m0.9306817184[0m	2022-09-01T22:22:59.134
30	0.2650997043	0.8883219955	0.9810119279	[1m0.9344156933[0m	2022-09-01T22:24:38.469
40	0.1969195902	0.9393424036	0.9911431443	0.9315854804	2022-09-01T22:26:17.607
50	0.1310949177	0.9665532880	0.9972903612	0.9337772321	2022-09-01T22:27:56.600
60	0.0885172337	0.9835600907	0.9988734597	0.9323344354	2022-09-01T22:29:36.080
70	0.0566795431	0.9943310658	0.9997487327	0.9323508030	2022-09-01T22:31:16.253
80	0.0420439094	0.9960317460	0.9999942225	0.9318697309	2022-09-01T22:32:56.216
90	0.0438416936	0.9948979592	0.9999995179	0.9304760984	2022-09-01T22:34:35.934
100	0.0142727634	1.0000000000	1.0000000000	0.9303067753	2022-09-01T22:36:15.512
110	0.0104261069	1.0000000000	1.0000000000	0.9302727289	2022-09-01T22:37:55.800
120	0.0052338513	1.0000000000	1.0000000000	0.9311954535	2022-09-01T22:39:36.126
130	0.0034428607	1.0000000000	1.0000000000	0.9308314158	2022-09-01T22:41:16.295
eval AUC = 0.9242830482464234
eval Acc = 0.7842465753424658
# test=4, eval=1
Epoch	CE	Acc	AUC	TestAUC	Time
0	1.1004496813	0.3289772727	0.4673489749	0.4503579645	2022-09-01T22:42:58.667
10	0.4197043478	0.8261363636	0.9475770177	[1m0.9181945835[0m	2022-09-01T22:44:37.353
20	0.3290161192	0.8738636364	0.9692227601	[1m0.9280026839[0m	2022-09-01T22:46:16.098
30	0.2262884974	0.9323863636	0.9864549882	[1m0.9328786395[0m	2022-09-01T22:47:54.855
40	0.1681165248	0.9482954545	0.9937363263	0.9315097996	2022-09-01T22:49:33.537
50	0.1200731546	0.9761363636	0.9973472259	[1m0.9335811408[0m	2022-09-01T22:51:11.927
60	0.0880286917	0.9863636364	0.9991483638	0.9314855844	2022-09-01T22:52:50.711
70	0.0575205497	0.9920454545	0.9998022006	0.9312262981	2022-09-01T22:54:29.414
80	0.0350008830	0.9965909091	0.9999893477	0.9292491740	2022-09-01T22:56:07.885
90	0.0252012331	0.9988636364	1.0000000000	0.9301844600	2022-09-01T22:57:46.630
100	0.0151757477	1.0000000000	1.0000000000	0.9303662085	2022-09-01T22:59:25.402
110	0.0077678626	1.0000000000	1.0000000000	0.9299021979	2022-09-01T23:01:04.356
120	0.0051987297	1.0000000000	1.0000000000	0.9299402463	2022-09-01T23:02:43.317
130	0.0029197184	1.0000000000	1.0000000000	0.9292970989	2022-09-01T23:04:22.617
140	0.0018441614	1.0000000000	1.0000000000	0.9291853979	2022-09-01T23:06:01.785
150	0.0025020605	1.0000000000	1.0000000000	0.9284612668	2022-09-01T23:07:41.117
eval AUC = 0.9273486590187558
eval Acc = 0.7755102040816326
# test=4, eval=2
Epoch	CE	Acc	AUC	TestAUC	Time
0	1.0979360342	0.2659090909	0.5105047747	0.5133182666	2022-09-01T23:09:23.012
10	0.4040576220	0.8323863636	0.9463096137	[1m0.9241256441[0m	2022-09-01T23:11:02.514
20	0.3182169795	0.8710227273	0.9686572063	[1m0.9328526698[0m	2022-09-01T23:12:42.396
30	0.3073641658	0.8676136364	0.9806795443	[1m0.9353298766[0m	2022-09-01T23:14:21.729
40	0.1980383843	0.9272727273	0.9902716777	[1m0.9369364357[0m	2022-09-01T23:16:01.077
50	0.1705685407	0.9267045455	0.9960281568	[1m0.9372503818[0m	2022-09-01T23:17:40.470
60	0.0970588997	0.9829545455	0.9986412334	0.9358364605	2022-09-01T23:19:19.698
70	0.0800328776	0.9852272727	0.9989125661	0.9330196985	2022-09-01T23:20:59.239
80	0.0489668511	0.9937500000	0.9999320799	0.9340457906	2022-09-01T23:22:38.667
90	0.0346497484	0.9965909091	0.9999970879	0.9355132987	2022-09-01T23:24:18.470
100	0.0204820372	1.0000000000	1.0000000000	0.9335706885	2022-09-01T23:25:58.121
110	0.0097478824	1.0000000000	1.0000000000	0.9354531018	2022-09-01T23:27:37.820
120	0.0072273375	1.0000000000	1.0000000000	0.9349736394	2022-09-01T23:29:17.559
130	0.0036930586	1.0000000000	1.0000000000	0.9352348624	2022-09-01T23:30:57.136
140	0.0021010879	1.0000000000	1.0000000000	0.9351611690	2022-09-01T23:32:36.805
150	0.0012833568	1.0000000000	1.0000000000	0.9356992149	2022-09-01T23:34:16.394
eval AUC = 0.9290781984552768
eval Acc = 0.7908163265306123
# test=4, eval=3
Epoch	CE	Acc	AUC	TestAUC	Time
0	1.1004084349	0.3375000000	0.5255823233	0.5003854038	2022-09-01T23:35:58.902
10	0.4352830648	0.8147727273	0.9398632679	[1m0.9204095837[0m	2022-09-01T23:37:38.374
20	0.3067801297	0.8812500000	0.9715428967	[1m0.9336491843[0m	2022-09-01T23:39:18.224
30	0.2277456969	0.9170454545	0.9863771395	[1m0.9352430414[0m	2022-09-01T23:40:58.071
40	0.1988375634	0.9176136364	0.9926565146	0.9344356327	2022-09-01T23:42:37.815
50	0.1313231438	0.9590909091	0.9982389386	[1m0.9360075617[0m	2022-09-01T23:44:18.018
60	0.1106433421	0.9556818182	0.9990922288	0.9345958014	2022-09-01T23:45:58.240
70	0.0512963235	0.9965909091	0.9998960669	0.9336799256	2022-09-01T23:47:38.306
80	0.0419115573	0.9965909091	0.9997891276	0.9304013111	2022-09-01T23:49:18.525
90	0.0169482492	0.9988636364	1.0000000000	0.9327395890	2022-09-01T23:50:58.892
100	0.0119022951	1.0000000000	1.0000000000	0.9311977463	2022-09-01T23:52:38.848
110	0.0068195835	1.0000000000	1.0000000000	0.9318932387	2022-09-01T23:54:19.318
120	0.0042901468	1.0000000000	1.0000000000	0.9315066702	2022-09-01T23:55:59.716
130	0.0022592004	1.0000000000	1.0000000000	0.9307732679	2022-09-01T23:57:39.772
140	0.0014019500	1.0000000000	1.0000000000	0.9305706398	2022-09-01T23:59:20.204
150	0.0010239035	1.0000000000	1.0000000000	0.9304056608	2022-09-02T00:01:00.542
eval AUC = 0.9364921156689009
eval Acc = 0.8078231292517006
# test=4, eval=5
Epoch	CE	Acc	AUC	TestAUC	Time
0	1.1009522676	0.3282312925	0.5237320885	0.5185892997	2022-09-02T00:02:44.004
10	0.4423301816	0.7908163265	0.9425620864	[1m0.9177287564[0m	2022-09-02T00:04:26.125
20	0.3370440602	0.8605442177	0.9647606419	[1m0.9265758492[0m	2022-09-02T00:06:08.250
30	0.2503089011	0.9058956916	0.9823841251	[1m0.9304482329[0m	2022-09-02T00:07:50.331
40	0.1858788282	0.9489795918	0.9918773498	[1m0.9314274021[0m	2022-09-02T00:09:32.421
50	0.1322565079	0.9750566893	0.9965188137	[1m0.9314576625[0m	2022-09-02T00:11:14.714
60	0.1090119183	0.9682539683	0.9985804124	[1m0.9331746345[0m	2022-09-02T00:12:56.551
70	0.0648488328	0.9931972789	0.9997615714	0.9316873033	2022-09-02T00:14:38.418
80	0.0373576209	0.9965986395	0.9999672469	0.9320060027	2022-09-02T00:16:20.360
90	0.0595593005	0.9892290249	0.9999903614	0.9287387179	2022-09-02T00:18:02.356
100	0.0147752212	1.0000000000	1.0000000000	0.9300942507	2022-09-02T00:19:44.877
110	0.0118618365	1.0000000000	1.0000000000	0.9312965406	2022-09-02T00:21:27.198
120	0.0057655042	1.0000000000	1.0000000000	0.9297031141	2022-09-02T00:23:08.989
130	0.0032213880	1.0000000000	1.0000000000	0.9301119694	2022-09-02T00:24:51.784
140	0.0021702845	1.0000000000	1.0000000000	0.9297577349	2022-09-02T00:26:34.960
150	0.0012227878	1.0000000000	1.0000000000	0.9304697535	2022-09-02T00:28:18.067
160	0.0010909279	1.0000000000	1.0000000000	0.9297070535	2022-09-02T00:30:00.625
eval AUC = 0.9312884864623857
eval Acc = 0.821917808219178
# test=5, eval=1
Epoch	CE	Acc	AUC	TestAUC	Time
0	1.1571695805	0.3367346939	0.2838099781	0.2787600983	2022-09-02T00:31:46.057
10	0.4374153316	0.8061224490	0.9402456966	[1m0.9179643631[0m	2022-09-02T00:33:28.845
20	0.3173235059	0.8786848073	0.9666414473	[1m0.9295716684[0m	2022-09-02T00:35:11.204
30	0.2441470921	0.9087301587	0.9829355821	[1m0.9321079316[0m	2022-09-02T00:36:53.490
40	0.1718190312	0.9518140590	0.9930575947	[1m0.9354351346[0m	2022-09-02T00:38:35.605
50	0.1220467463	0.9727891156	0.9975371168	[1m0.9360800903[0m	2022-09-02T00:40:17.954
60	0.1000061780	0.9818594104	0.9992965964	0.9323846367	2022-09-02T00:42:00.208
70	0.0546925552	0.9960317460	0.9998199442	0.9312079615	2022-09-02T00:43:42.249
80	0.0355309509	0.9982993197	0.9999600574	0.9309115873	2022-09-02T00:45:24.331
90	0.0215351526	0.9994331066	0.9999995179	0.9290127333	2022-09-02T00:47:06.689
100	0.0138086053	0.9994331066	1.0000000000	0.9305515575	2022-09-02T00:48:49.254
110	0.0084321424	0.9994331066	1.0000000000	0.9290003412	2022-09-02T00:50:32.356
120	0.0059422115	1.0000000000	1.0000000000	0.9271764355	2022-09-02T00:52:15.274
130	0.0031306527	1.0000000000	1.0000000000	0.9265800950	2022-09-02T00:53:57.931
140	0.0017489340	1.0000000000	1.0000000000	0.9274933902	2022-09-02T00:55:40.408
150	0.0011537311	1.0000000000	1.0000000000	0.9271832988	2022-09-02T00:57:22.780
eval AUC = 0.9276614176326606
eval Acc = 0.7891156462585034
# test=5, eval=2
Epoch	CE	Acc	AUC	TestAUC	Time
0	1.1013172865	0.3236961451	0.5623379667	0.5481264129	2022-09-02T00:59:08.252
10	0.4176223576	0.8219954649	0.9415670410	[1m0.9180393641[0m	2022-09-02T01:00:51.231
20	0.3342259526	0.8520408163	0.9616650082	[1m0.9219980833[0m	2022-09-02T01:02:34.140
30	0.3264147341	0.8509070295	0.9730978669	0.9194156605	2022-09-02T01:04:16.761
40	0.2304903418	0.9047619048	0.9858517078	[1m0.9275338092[0m	2022-09-02T01:05:59.328
50	0.1852761209	0.9183673469	0.9946621352	[1m0.9313518912[0m	2022-09-02T01:07:41.877
60	0.1187275499	0.9688208617	0.9980012028	[1m0.9317229298[0m	2022-09-02T01:09:24.419
70	0.0823622346	0.9858276644	0.9993850975	0.9294645725	2022-09-02T01:11:06.947
80	0.0534018427	0.9926303855	0.9998616304	0.9301924973	2022-09-02T01:12:49.471
90	0.0370115340	0.9977324263	0.9999894020	0.9271479026	2022-09-02T01:14:31.890
100	0.0303846765	0.9977324263	0.9999865050	0.9289814460	2022-09-02T01:16:14.582
110	0.0146141248	1.0000000000	1.0000000000	0.9267923624	2022-09-02T01:17:57.317
120	0.0097649936	1.0000000000	1.0000000000	0.9281286163	2022-09-02T01:19:39.659
130	0.0053334776	1.0000000000	1.0000000000	0.9260776196	2022-09-02T01:21:22.490
140	0.0038170833	1.0000000000	1.0000000000	0.9257952018	2022-09-02T01:23:05.457
150	0.0025228851	1.0000000000	1.0000000000	0.9256631058	2022-09-02T01:24:48.575
160	0.0018179948	1.0000000000	1.0000000000	0.9258106368	2022-09-02T01:26:31.014
eval AUC = 0.9266956162055213
eval Acc = 0.8010204081632653
# test=5, eval=3
Epoch	CE	Acc	AUC	TestAUC	Time
0	1.1046836376	0.3117913832	0.3798240338	0.3898244702	2022-09-02T01:28:16.775
10	0.4067097306	0.8214285714	0.9451782512	[1m0.9235278894[0m	2022-09-02T01:29:59.640
20	0.3455961645	0.8526077098	0.9634104017	[1m0.9300874046[0m	2022-09-02T01:31:42.489
30	0.2487992197	0.8985260771	0.9819037886	[1m0.9343595764[0m	2022-09-02T01:33:25.368
40	0.2013037354	0.9223356009	0.9912775535	[1m0.9381784093[0m	2022-09-02T01:35:08.446
50	0.1470456868	0.9642857143	0.9967114622	[1m0.9419180075[0m	2022-09-02T01:36:51.566
60	0.0962722152	0.9790249433	0.9992268960	0.9415838894	2022-09-02T01:38:34.435
70	0.0680132806	0.9886621315	0.9998131908	[1m0.9436798250[0m	2022-09-02T01:40:17.591
80	0.0354676619	1.0000000000	1.0000000000	0.9420426305	2022-09-02T01:42:00.696
90	0.0256187301	1.0000000000	1.0000000000	[1m0.9440408299[0m	2022-09-02T01:43:43.664
100	0.0144344838	1.0000000000	1.0000000000	0.9439106787	2022-09-02T01:45:27.145
110	0.0075709461	1.0000000000	1.0000000000	[1m0.9444694476[0m	2022-09-02T01:47:10.292
120	0.0044303988	1.0000000000	1.0000000000	0.9438566647	2022-09-02T01:48:53.443
130	0.0028091511	1.0000000000	1.0000000000	0.9437918290	2022-09-02T01:50:36.588
140	0.0016514370	1.0000000000	1.0000000000	0.9435888773	2022-09-02T01:52:19.935
150	0.0011497947	1.0000000000	1.0000000000	0.9424646575	2022-09-02T01:54:03.117
160	0.0012161470	1.0000000000	1.0000000000	0.9430886179	2022-09-02T01:55:46.235
170	0.0009213002	1.0000000000	1.0000000000	0.9435823703	2022-09-02T01:57:29.194
180	0.0006216102	1.0000000000	1.0000000000	0.9434280650	2022-09-02T01:59:12.199
190	0.0004607386	1.0000000000	1.0000000000	0.9428434688	2022-09-02T02:00:55.468
200	0.0003527695	1.0000000000	1.0000000000	0.9431943400	2022-09-02T02:02:38.698
210	0.0002722304	1.0000000000	1.0000000000	0.9430019594	2022-09-02T02:04:21.896
eval AUC = 0.9405077411572597
eval Acc = 0.8231292517006803
# test=5, eval=4
Epoch	CE	Acc	AUC	TestAUC	Time
0	1.0968250036	0.3316326531	0.6426965463	0.6405388328	2022-09-02T02:06:07.846
10	0.4408466518	0.8134920635	0.9361223172	[1m0.9074990625[0m	2022-09-02T02:07:51.216
20	0.3477701247	0.8565759637	0.9651124126	[1m0.9215098029[0m	2022-09-02T02:09:35.177
30	0.2480631173	0.9138321995	0.9822574220	[1m0.9288811730[0m	2022-09-02T02:11:18.640
40	0.1871795654	0.9427437642	0.9919811038	0.9274133715	2022-09-02T02:13:01.924
50	0.1327796578	0.9693877551	0.9970083436	0.9277771405	2022-09-02T02:14:45.618
60	0.0933516696	0.9795918367	0.9988726934	0.9284433132	2022-09-02T02:16:29.577
70	0.0558171012	0.9960317460	0.9998115163	0.9272425168	2022-09-02T02:18:13.521
80	0.0368070006	0.9982993197	0.9999937406	0.9273920881	2022-09-02T02:19:57.850
90	0.0243833195	0.9988662132	1.0000000000	0.9280360244	2022-09-02T02:21:41.658
100	0.0138387745	1.0000000000	1.0000000000	0.9270165445	2022-09-02T02:23:25.134
110	0.0123064211	1.0000000000	1.0000000000	0.9266685632	2022-09-02T02:25:08.679
120	0.0060567963	1.0000000000	1.0000000000	0.9274348682	2022-09-02T02:26:51.838
130	0.0026775612	1.0000000000	1.0000000000	0.9260271369	2022-09-02T02:28:35.043
eval AUC = 0.9241830152733491
eval Acc = 0.7891156462585034
avg eval AUC = 0.930933776628085
avg eval Acc = 0.802301742614854
avg cor among in-layer params = -0.002203375
