Sat Aug 20 20:44:28 AEST 2022
# hypergraphs = ["../Model_1/H/", "../Model_3/H/", "../Model_4/H/"]
# load_model = nothing
# early_stop = 100
# weigh_edges = false
# nFilters = 64
# kernel_sizes = [2, 5, 10, 15, 20]
# nFilters2 = 32
# pre = nothing
# pred = pred_134.tsv
# pair_files = false
# weigh_nodes = false
# model = 8
# edge_values = String[]
# node_values = ["../Model_1/nodeCents/", "../Model_3/nodeCents/", "../Model_4/nodeCents/"]
# cv = true
# epochs = 500
# save_model = model_134.bson
# sample = nothing
# Reading label 1 from 989 hypergraphs matching:
# ../Model_1/H/
# ../Model_1/nodeCents/
# Reading label 2 from 970 hypergraphs matching:
# ../Model_3/H/
# ../Model_3/nodeCents/
# Reading label 3 from 1017 hypergraphs matching:
# ../Model_4/H/
# ../Model_4/nodeCents/
# num label 1 = 989
# num label 2 = 970
# num label 3 = 1017
# test=1, eval=2
Epoch	CE	Acc	AUC	TestAUC	Time
0	1.1041592360	0.2410313901	0.4120123443	0.4066821039	2022-08-20T20:47:02.784
10	0.2157326043	0.9181614350	0.9865683620	[1m0.9720453585[0m	2022-08-20T20:55:32.774
20	0.1700302362	0.9405829596	0.9937274911	[1m0.9746249737[0m	2022-08-20T20:57:06.603
30	0.0966207236	0.9669282511	0.9974626868	[1m0.9780126286[0m	2022-08-20T20:58:42.349
40	0.0535851493	0.9910313901	0.9993573566	0.9779317638	2022-08-20T21:00:21.436
50	0.0442753024	0.9899103139	0.9997484718	[1m0.9795081027[0m	2022-08-20T21:02:01.312
60	0.0260479432	0.9977578475	0.9999995235	[1m0.9795184872[0m	2022-08-20T21:03:42.054
70	0.0099741844	1.0000000000	1.0000000000	0.9792278436	2022-08-20T21:05:23.957
80	0.0061532338	1.0000000000	1.0000000000	0.9786824288	2022-08-20T21:07:06.243
90	0.0023964229	1.0000000000	1.0000000000	0.9790473912	2022-08-20T21:08:48.183
100	0.0016713106	1.0000000000	1.0000000000	0.9785601474	2022-08-20T21:10:29.895
110	0.0007404646	1.0000000000	1.0000000000	0.9790858994	2022-08-20T21:12:11.740
120	0.0006213794	1.0000000000	1.0000000000	0.9792554565	2022-08-20T21:13:51.635
130	0.0002341888	1.0000000000	1.0000000000	0.9790457516	2022-08-20T21:15:30.679
140	0.0001645602	1.0000000000	1.0000000000	0.9790896336	2022-08-20T21:17:09.984
150	0.0000914018	1.0000000000	1.0000000000	0.9789734343	2022-08-20T21:18:49.333
160	0.0000477498	1.0000000000	1.0000000000	0.9792307749	2022-08-20T21:20:29.001
eval AUC = 0.986780099822956
eval Acc = 0.9177852348993288
# test=1, eval=3
Epoch	CE	Acc	AUC	TestAUC	Time
0	1.1048605442	0.3262331839	0.5799176232	0.5747356122	2022-08-20T21:22:11.840
10	0.2225863338	0.9147982063	0.9867593878	[1m0.9665781388[0m	2022-08-20T21:23:51.961
20	0.1467861980	0.9461883408	0.9934097330	[1m0.9712333793[0m	2022-08-20T21:25:32.118
30	0.0921762288	0.9725336323	0.9973840655	[1m0.9757782236[0m	2022-08-20T21:27:12.720
40	0.0742810518	0.9815022422	0.9989965268	0.9748419371	2022-08-20T21:28:53.256
50	0.0353747532	0.9949551570	0.9998671462	[1m0.9778968858[0m	2022-08-20T21:30:34.222
60	0.0200832561	0.9971973094	0.9999934571	0.9771725071	2022-08-20T21:32:15.139
70	0.0088580288	1.0000000000	1.0000000000	0.9768614220	2022-08-20T21:33:56.290
80	0.0051047844	1.0000000000	1.0000000000	0.9773553597	2022-08-20T21:35:37.544
90	0.0025791856	1.0000000000	1.0000000000	0.9771123591	2022-08-20T21:37:19.026
100	0.0021215447	1.0000000000	1.0000000000	0.9769025377	2022-08-20T21:39:00.678
110	0.0009684381	1.0000000000	1.0000000000	0.9771932971	2022-08-20T21:40:42.265
120	0.0006004203	1.0000000000	1.0000000000	0.9768616673	2022-08-20T21:42:24.421
130	0.0003449380	1.0000000000	1.0000000000	0.9769615355	2022-08-20T21:44:06.640
140	0.0002003279	1.0000000000	1.0000000000	0.9768282363	2022-08-20T21:45:48.853
150	0.0001543165	1.0000000000	1.0000000000	0.9765722186	2022-08-20T21:47:31.166
eval AUC = 0.9821781250890508
eval Acc = 0.9161073825503355
# test=1, eval=4
Epoch	CE	Acc	AUC	TestAUC	Time
0	1.0965498686	0.3262331839	0.7192798383	0.6943754189	2022-08-20T21:49:16.621
10	0.1914938539	0.9310538117	0.9894105280	[1m0.9697521995[0m	2022-08-20T21:50:59.476
20	0.1313688755	0.9540358744	0.9957962429	[1m0.9745852496[0m	2022-08-20T21:52:42.493
30	0.1126923934	0.9579596413	0.9985557235	[1m0.9761834607[0m	2022-08-20T21:54:25.782
40	0.0402364843	0.9932735426	0.9997609182	[1m0.9774787241[0m	2022-08-20T21:56:09.041
50	0.0221522059	0.9983183857	0.9999900089	[1m0.9778605817[0m	2022-08-20T21:57:52.182
60	0.0111902608	0.9994394619	0.9999995235	0.9774432641	2022-08-20T21:59:35.750
70	0.0052973866	1.0000000000	1.0000000000	0.9773178716	2022-08-20T22:01:19.432
80	0.0029414373	1.0000000000	1.0000000000	0.9771202333	2022-08-20T22:03:03.121
90	0.0016614615	1.0000000000	1.0000000000	0.9770434472	2022-08-20T22:04:46.713
100	0.0010128868	1.0000000000	1.0000000000	0.9772067373	2022-08-20T22:06:30.591
110	0.0005052358	1.0000000000	1.0000000000	0.9769871045	2022-08-20T22:08:14.434
120	0.0002940449	1.0000000000	1.0000000000	0.9769937698	2022-08-20T22:09:58.373
130	0.0001924897	1.0000000000	1.0000000000	0.9768029930	2022-08-20T22:11:42.535
140	0.0001128948	1.0000000000	1.0000000000	0.9768746340	2022-08-20T22:13:26.779
150	0.0000965958	1.0000000000	1.0000000000	0.9765608147	2022-08-20T22:15:11.219
eval AUC = 0.9717309147759302
eval Acc = 0.8909395973154363
# test=1, eval=5
Epoch	CE	Acc	AUC	TestAUC	Time
0	1.1302117109	0.3322147651	0.2834450670	0.2648070730	2022-08-20T22:16:58.591
10	0.2141880244	0.9205816555	0.9858673829	[1m0.9718388668[0m	2022-08-20T22:18:43.340
20	0.1459188461	0.9474272931	0.9936781148	[1m0.9750967269[0m	2022-08-20T22:20:27.886
30	0.0939783156	0.9781879195	0.9976875000	[1m0.9756985338[0m	2022-08-20T22:22:12.849
40	0.0562784858	0.9910514541	0.9992422972	[1m0.9765766174[0m	2022-08-20T22:23:57.906
50	0.0320489742	0.9944071588	0.9999460305	0.9760150295	2022-08-20T22:25:42.852
60	0.0180670843	0.9983221477	0.9999985988	0.9755359655	2022-08-20T22:27:28.031
70	0.0145443724	1.0000000000	1.0000000000	0.9746267658	2022-08-20T22:29:13.017
80	0.0050880238	1.0000000000	1.0000000000	0.9747310845	2022-08-20T22:30:58.647
90	0.0026320401	1.0000000000	1.0000000000	0.9747383337	2022-08-20T22:32:44.171
100	0.0015482190	1.0000000000	1.0000000000	0.9744410662	2022-08-20T22:34:29.635
110	0.0009891891	1.0000000000	1.0000000000	0.9740191989	2022-08-20T22:36:15.470
120	0.0005734451	1.0000000000	1.0000000000	0.9744478959	2022-08-20T22:38:01.027
130	0.0003657348	1.0000000000	1.0000000000	0.9743214550	2022-08-20T22:39:46.773
140	0.0006406606	1.0000000000	1.0000000000	0.9746661841	2022-08-20T22:41:32.717
eval AUC = 0.9876449296803331
eval Acc = 0.9172297297297297
# test=2, eval=1
Epoch	CE	Acc	AUC	TestAUC	Time
0	1.1073105335	0.3413677130	0.4518145391	0.4484557534	2022-08-20T22:43:21.458
10	0.2366750091	0.9153587444	0.9832323866	[1m0.9834067978[0m	2022-08-20T22:45:07.709
20	0.1764705181	0.9366591928	0.9924414585	[1m0.9849509459[0m	2022-08-20T22:46:53.926
30	0.1072454154	0.9635650224	0.9969154257	[1m0.9857410757[0m	2022-08-20T22:48:40.177
40	0.0693272054	0.9831838565	0.9989169680	0.9856394804	2022-08-20T22:50:26.594
50	0.0993588045	0.9596412556	0.9996880013	0.9853429592	2022-08-20T22:52:12.877
60	0.0451223776	0.9865470852	0.9998214731	0.9855920734	2022-08-20T22:53:59.561
70	0.0203019381	1.0000000000	1.0000000000	0.9853681487	2022-08-20T22:55:45.970
80	0.0064922436	1.0000000000	1.0000000000	[1m0.9858065723[0m	2022-08-20T22:57:32.870
90	0.0031199271	1.0000000000	1.0000000000	0.9856735441	2022-08-20T22:59:19.409
100	0.0017947813	1.0000000000	1.0000000000	0.9857313848	2022-08-20T23:01:06.404
110	0.0010122665	1.0000000000	1.0000000000	[1m0.9858331549[0m	2022-08-20T23:02:53.386
120	0.0006592848	1.0000000000	1.0000000000	[1m0.9860995912[0m	2022-08-20T23:04:40.536
130	0.0003560910	1.0000000000	1.0000000000	0.9858613981	2022-08-20T23:06:27.961
140	0.0001976027	1.0000000000	1.0000000000	0.9859454786	2022-08-20T23:08:15.852
150	0.0001170443	1.0000000000	1.0000000000	0.9858197340	2022-08-20T23:10:03.565
160	0.0000755151	1.0000000000	1.0000000000	0.9859291988	2022-08-20T23:11:50.970
170	0.0000430352	1.0000000000	1.0000000000	0.9858599008	2022-08-20T23:13:38.692
180	0.0000274673	1.0000000000	1.0000000000	0.9858179366	2022-08-20T23:15:26.530
190	0.0000158464	1.0000000000	1.0000000000	0.9859634338	2022-08-20T23:17:14.439
200	0.0000144789	1.0000000000	1.0000000000	0.9858954031	2022-08-20T23:19:02.257
210	0.0000058012	1.0000000000	1.0000000000	0.9851915318	2022-08-20T23:20:50.125
220	0.0000043035	1.0000000000	1.0000000000	0.9853942458	2022-08-20T23:22:38.174
eval AUC = 0.977848308011481
eval Acc = 0.8842281879194631
# test=2, eval=3
Epoch	CE	Acc	AUC	TestAUC	Time
0	1.1006587744	0.3262331839	0.6608062251	0.6668693552	2022-08-20T23:24:29.466
10	0.2343102247	0.9181614350	0.9850539476	[1m0.9854984894[0m	2022-08-20T23:26:17.855
20	0.1512396932	0.9467488789	0.9934511657	[1m0.9878027358[0m	2022-08-20T23:28:06.179
30	0.1012578905	0.9702914798	0.9977542712	0.9874561471	2022-08-20T23:29:54.380
40	0.0640687123	0.9859865471	0.9993935634	0.9875429317	2022-08-20T23:31:42.886
50	0.0362405293	0.9949551570	0.9999595338	0.9872729855	2022-08-20T23:33:31.590
60	0.0178589486	1.0000000000	1.0000000000	0.9873063173	2022-08-20T23:35:20.086
70	0.0121671353	1.0000000000	1.0000000000	0.9864462667	2022-08-20T23:37:08.665
80	0.0057409476	1.0000000000	1.0000000000	0.9873220729	2022-08-20T23:38:57.158
90	0.0028174412	1.0000000000	1.0000000000	0.9870482609	2022-08-20T23:40:46.155
100	0.0015349931	1.0000000000	1.0000000000	0.9871238233	2022-08-20T23:42:35.133
110	0.0014656461	1.0000000000	1.0000000000	0.9865742478	2022-08-20T23:44:24.275
120	0.0005015373	1.0000000000	1.0000000000	0.9871181557	2022-08-20T23:46:13.307
eval AUC = 0.9771576593397219
eval Acc = 0.9026845637583892
# test=2, eval=4
Epoch	CE	Acc	AUC	TestAUC	Time
0	1.0918939114	0.3413677130	0.7053180709	0.7031769098	2022-08-20T23:48:05.473
10	0.2262686640	0.9192825112	0.9866979151	[1m0.9826261907[0m	2022-08-20T23:49:54.931
20	0.1494568437	0.9540358744	0.9939610082	[1m0.9828645381[0m	2022-08-20T23:51:44.666
30	0.0979095474	0.9747757848	0.9973054990	[1m0.9836437723[0m	2022-08-20T23:53:34.380
40	0.0651544631	0.9798206278	0.9989705352	[1m0.9841766070[0m	2022-08-20T23:55:23.996
50	0.0449609272	0.9910313901	0.9997946830	0.9840710839	2022-08-20T23:57:13.699
60	0.0231421012	0.9966367713	0.9999980941	0.9832755856	2022-08-20T23:59:03.592
70	0.0128379809	0.9994394619	1.0000000000	0.9832531951	2022-08-21T00:00:53.727
80	0.0058305990	1.0000000000	1.0000000000	0.9835287361	2022-08-21T00:02:43.909
90	0.0034280336	1.0000000000	1.0000000000	0.9837199118	2022-08-21T00:04:33.914
100	0.0022465552	1.0000000000	1.0000000000	0.9834600804	2022-08-21T00:06:24.137
110	0.0014235467	1.0000000000	1.0000000000	0.9834542183	2022-08-21T00:08:14.329
120	0.0009158169	1.0000000000	1.0000000000	0.9836750947	2022-08-21T00:10:04.490
130	0.0005171518	1.0000000000	1.0000000000	0.9832602159	2022-08-21T00:11:54.802
140	0.0119024422	0.9971973094	0.9999976495	0.9837673227	2022-08-21T00:13:45.302
eval AUC = 0.9690797426665254
eval Acc = 0.8959731543624161
# test=2, eval=5
Epoch	CE	Acc	AUC	TestAUC	Time
0	1.1002968550	0.3434004474	0.5804865340	0.5722970607	2022-08-21T00:15:38.920
10	0.2465669364	0.9026845638	0.9826881467	[1m0.9840099143[0m	2022-08-21T00:17:29.453
20	0.1838703305	0.9306487696	0.9920191929	[1m0.9858826794[0m	2022-08-21T00:19:19.895
30	0.1030072197	0.9675615213	0.9976789608	[1m0.9861847857[0m	2022-08-21T00:21:10.612
40	0.0923143253	0.9725950783	0.9990250891	0.9839413920	2022-08-21T00:23:01.137
50	0.0398103446	0.9966442953	0.9998996819	0.9861539359	2022-08-21T00:24:51.786
60	0.0207032561	0.9994407159	1.0000000000	[1m0.9862398674[0m	2022-08-21T00:26:42.363
70	0.0110362759	1.0000000000	1.0000000000	0.9860085041	2022-08-21T00:28:33.197
80	0.0053726202	1.0000000000	1.0000000000	0.9858691140	2022-08-21T00:30:24.138
90	0.0040472397	1.0000000000	1.0000000000	0.9857012197	2022-08-21T00:32:15.215
100	0.0016826945	1.0000000000	1.0000000000	0.9859219221	2022-08-21T00:34:06.198
110	0.0008553994	1.0000000000	1.0000000000	0.9858737249	2022-08-21T00:35:56.841
120	0.0005754465	1.0000000000	1.0000000000	0.9857490636	2022-08-21T00:37:47.706
130	0.0003337542	1.0000000000	1.0000000000	0.9858536413	2022-08-21T00:39:38.736
140	0.0001856017	1.0000000000	1.0000000000	0.9856796030	2022-08-21T00:41:29.724
150	0.0001177814	1.0000000000	1.0000000000	0.9856169782	2022-08-21T00:43:20.561
160	0.0000801736	1.0000000000	1.0000000000	0.9854644829	2022-08-21T00:45:11.232
eval AUC = 0.984594997148906
eval Acc = 0.9155405405405406
# test=3, eval=1
Epoch	CE	Acc	AUC	TestAUC	Time
0	1.0905528069	0.3413677130	0.7487284817	0.7460868299	2022-08-21T00:47:04.866
10	0.2323317528	0.9114349776	0.9861516513	[1m0.9733769775[0m	2022-08-21T00:48:55.666
20	0.1686430573	0.9321748879	0.9926847261	[1m0.9778675869[0m	2022-08-21T00:50:46.783
30	0.0945836902	0.9686098655	0.9976130905	[1m0.9791469710[0m	2022-08-21T00:52:37.737
40	0.0843887925	0.9714125561	0.9990532625	0.9767780918	2022-08-21T00:54:28.705
50	0.0349151790	0.9943946188	0.9999586568	[1m0.9796948340[0m	2022-08-21T00:56:19.528
60	0.0172272138	0.9988789238	0.9999995342	[1m0.9803743859[0m	2022-08-21T00:58:10.467
70	0.0118401684	1.0000000000	1.0000000000	0.9801083059	2022-08-21T01:00:01.329
80	0.0046882243	1.0000000000	1.0000000000	0.9797879099	2022-08-21T01:01:52.564
90	0.0029087714	1.0000000000	1.0000000000	0.9800099052	2022-08-21T01:03:44.192
100	0.0015226732	1.0000000000	1.0000000000	0.9800564361	2022-08-21T01:05:35.668
110	0.0008423640	1.0000000000	1.0000000000	0.9798599020	2022-08-21T01:07:27.329
120	0.0006476182	1.0000000000	1.0000000000	0.9800255549	2022-08-21T01:09:18.829
130	0.0003120909	1.0000000000	1.0000000000	0.9796058408	2022-08-21T01:11:10.373
140	0.0001697937	1.0000000000	1.0000000000	0.9794149565	2022-08-21T01:13:01.961
150	0.0001360246	1.0000000000	1.0000000000	0.9787840742	2022-08-21T01:14:53.535
160	0.0000591611	1.0000000000	1.0000000000	0.9791938706	2022-08-21T01:16:45.533
eval AUC = 0.9757520318461145
eval Acc = 0.9043624161073825
# test=3, eval=2
Epoch	CE	Acc	AUC	TestAUC	Time
0	1.0954092741	0.3419282511	0.6048707536	0.6231369057	2022-08-21T01:18:40.619
10	0.2580028474	0.8996636771	0.9835583386	[1m0.9720131165[0m	2022-08-21T01:20:32.500
20	0.1706721783	0.9445067265	0.9912817803	[1m0.9778937369[0m	2022-08-21T01:22:24.502
30	0.1201093048	0.9630044843	0.9962416529	[1m0.9783696191[0m	2022-08-21T01:24:16.690
40	0.0783627406	0.9786995516	0.9987417784	0.9780145654	2022-08-21T01:26:08.442
50	0.0541591123	0.9887892377	0.9997334556	0.9768329405	2022-08-21T01:28:00.683
60	0.0286999084	0.9977578475	0.9999826837	0.9771053106	2022-08-21T01:29:52.672
70	0.0159020368	0.9994394619	0.9999995342	0.9770764613	2022-08-21T01:31:44.733
80	0.0118261836	1.0000000000	1.0000000000	0.9767474945	2022-08-21T01:33:37.060
90	0.0047143791	1.0000000000	1.0000000000	0.9764033609	2022-08-21T01:35:29.205
100	0.0038129706	1.0000000000	1.0000000000	0.9764220149	2022-08-21T01:37:21.360
110	0.0017495803	1.0000000000	1.0000000000	0.9757191679	2022-08-21T01:39:13.534
120	0.0009977403	1.0000000000	1.0000000000	0.9760179209	2022-08-21T01:41:05.809
130	0.0005580313	1.0000000000	1.0000000000	0.9755658418	2022-08-21T01:42:57.806
eval AUC = 0.9830986667749562
eval Acc = 0.9093959731543624
# test=3, eval=4
Epoch	CE	Acc	AUC	TestAUC	Time
0	1.1083908081	0.3413677130	0.5487219678	0.5521238087	2022-08-21T01:44:53.485
10	0.2022111714	0.9248878924	0.9879749828	[1m0.9727519176[0m	2022-08-21T01:46:45.921
20	0.1333224326	0.9540358744	0.9948759450	[1m0.9773768226[0m	2022-08-21T01:48:38.223
30	0.0929038376	0.9697309417	0.9977554981	[1m0.9782141772[0m	2022-08-21T01:50:30.697
40	0.0608388036	0.9848654709	0.9992559256	[1m0.9785821526[0m	2022-08-21T01:52:23.251
50	0.0395144373	0.9927130045	0.9999093900	[1m0.9798264384[0m	2022-08-21T01:54:15.867
60	0.0213664137	1.0000000000	1.0000000000	[1m0.9801792471[0m	2022-08-21T01:56:08.250
70	0.0118121654	1.0000000000	1.0000000000	[1m0.9809967742[0m	2022-08-21T01:58:00.612
80	0.0063248049	1.0000000000	1.0000000000	[1m0.9812608705[0m	2022-08-21T01:59:53.181
90	0.0093981652	0.9994394619	1.0000000000	0.9804672214	2022-08-21T02:01:46.023
100	0.0023246359	1.0000000000	1.0000000000	[1m0.9816800897[0m	2022-08-21T02:03:38.270
110	0.0018593445	1.0000000000	1.0000000000	[1m0.9817892418[0m	2022-08-21T02:05:30.693
120	0.0009984662	1.0000000000	1.0000000000	[1m0.9818860314[0m	2022-08-21T02:07:23.108
130	0.0005333088	1.0000000000	1.0000000000	0.9818803937	2022-08-21T02:09:15.765
140	0.0003348447	1.0000000000	1.0000000000	[1m0.9820234081[0m	2022-08-21T02:11:08.285
150	0.0002115488	1.0000000000	1.0000000000	0.9818455616	2022-08-21T02:13:00.920
160	0.0001349882	1.0000000000	1.0000000000	0.9816073006	2022-08-21T02:14:53.659
170	0.0003989483	1.0000000000	1.0000000000	0.9809161434	2022-08-21T02:16:46.248
180	0.0002375843	1.0000000000	1.0000000000	0.9810484638	2022-08-21T02:18:38.627
190	0.0001766823	1.0000000000	1.0000000000	0.9811189211	2022-08-21T02:20:31.106
200	0.0001358842	1.0000000000	1.0000000000	0.9811988910	2022-08-21T02:22:23.652
210	0.0001079640	1.0000000000	1.0000000000	0.9812764949	2022-08-21T02:24:16.466
220	0.0000850354	1.0000000000	1.0000000000	0.9813377554	2022-08-21T02:26:09.307
230	0.0000689451	1.0000000000	1.0000000000	0.9812457211	2022-08-21T02:28:01.823
240	0.0000522658	1.0000000000	1.0000000000	0.9812626292	2022-08-21T02:29:54.318
eval AUC = 0.9717697526744266
eval Acc = 0.8942953020134228
# test=3, eval=5
Epoch	CE	Acc	AUC	TestAUC	Time
0	1.1203920841	0.1135346756	0.1735600532	0.1688651444	2022-08-21T02:31:50.086
10	0.2352245748	0.9121923937	0.9847367680	[1m0.9745637800[0m	2022-08-21T02:33:42.766
20	0.1584429443	0.9395973154	0.9926057696	[1m0.9768188751[0m	2022-08-21T02:35:35.654
30	0.1300310045	0.9496644295	0.9968831549	[1m0.9777655801[0m	2022-08-21T02:37:28.662
40	0.0690638199	0.9832214765	0.9993068611	[1m0.9782562383[0m	2022-08-21T02:39:21.716
50	0.0462432988	0.9882550336	0.9999163674	0.9781986423	2022-08-21T02:41:15.040
60	0.0340137146	0.9921700224	0.9999990737	0.9781649183	2022-08-21T02:43:08.223
70	0.0151564684	1.0000000000	1.0000000000	0.9782076426	2022-08-21T02:45:01.426
80	0.0068394011	1.0000000000	1.0000000000	0.9780956095	2022-08-21T02:46:54.419
90	0.0037221317	1.0000000000	1.0000000000	0.9779875752	2022-08-21T02:48:47.437
100	0.0018138778	1.0000000000	1.0000000000	0.9780468113	2022-08-21T02:50:40.536
110	0.0011150797	1.0000000000	1.0000000000	0.9780915335	2022-08-21T02:52:33.659
120	0.0006904477	1.0000000000	1.0000000000	0.9778239697	2022-08-21T02:54:26.945
130	0.0013932189	1.0000000000	1.0000000000	0.9769643799	2022-08-21T02:56:20.332
140	0.0005780783	1.0000000000	1.0000000000	0.9771820665	2022-08-21T02:58:13.429
eval AUC = 0.9863784736613527
eval Acc = 0.9222972972972973
# test=4, eval=1
Epoch	CE	Acc	AUC	TestAUC	Time
0	1.0940299034	0.3267937220	0.6394271644	0.6233126593	2022-08-21T03:00:09.580
10	0.2293199599	0.9142376682	0.9881802416	[1m0.9650138151[0m	2022-08-21T03:02:03.026
20	0.1125158668	0.9641255605	0.9964700745	[1m0.9688371490[0m	2022-08-21T03:03:56.034
30	0.0691371337	0.9753363229	0.9990335960	0.9685887017	2022-08-21T03:05:49.318
40	0.0359306522	0.9943946188	0.9999372293	0.9686655835	2022-08-21T03:07:42.585
50	0.0320147797	0.9921524664	0.9999990683	0.9673308532	2022-08-21T03:09:35.874
60	0.0126802046	1.0000000000	1.0000000000	[1m0.9693766820[0m	2022-08-21T03:11:29.084
70	0.0072236960	1.0000000000	1.0000000000	0.9678148250	2022-08-21T03:13:22.477
80	0.0028831130	1.0000000000	1.0000000000	0.9682506552	2022-08-21T03:15:15.946
90	0.0016261227	1.0000000000	1.0000000000	0.9679891643	2022-08-21T03:17:09.837
100	0.0008668324	1.0000000000	1.0000000000	0.9677804917	2022-08-21T03:19:03.560
110	0.0005255670	1.0000000000	1.0000000000	0.9678254027	2022-08-21T03:20:57.398
120	0.0002887536	1.0000000000	1.0000000000	0.9681298829	2022-08-21T03:22:51.198
130	0.0002010417	1.0000000000	1.0000000000	0.9677369165	2022-08-21T03:24:45.363
140	0.0000969437	1.0000000000	1.0000000000	0.9678111140	2022-08-21T03:26:39.341
150	0.0000634884	1.0000000000	1.0000000000	0.9676640407	2022-08-21T03:28:33.206
160	0.0000366498	1.0000000000	1.0000000000	0.9675341345	2022-08-21T03:30:26.917
eval AUC = 0.9763899645143456
eval Acc = 0.8875838926174496
# test=4, eval=2
Epoch	CE	Acc	AUC	TestAUC	Time
0	1.1062893867	0.3413677130	0.5098674945	0.5041682181	2022-08-21T03:32:23.970
10	0.2172349393	0.9232062780	0.9863260335	[1m0.9652394467[0m	2022-08-21T03:34:17.997
20	0.1449191570	0.9473094170	0.9938781495	[1m0.9681205724[0m	2022-08-21T03:36:11.935
30	0.1135365367	0.9702914798	0.9974049348	[1m0.9702314842[0m	2022-08-21T03:38:06.161
40	0.0611523092	0.9837443946	0.9991319026	0.9697296286	2022-08-21T03:40:00.061
50	0.0367100202	0.9943946188	0.9997664178	[1m0.9703584474[0m	2022-08-21T03:41:54.009
60	0.0295498688	0.9971973094	0.9999933912	0.9687855256	2022-08-21T03:43:48.018
70	0.0183337647	1.0000000000	1.0000000000	0.9682149643	2022-08-21T03:45:42.082
80	0.0143296076	1.0000000000	1.0000000000	0.9672982238	2022-08-21T03:47:36.621
90	0.0031002567	1.0000000000	1.0000000000	0.9685343918	2022-08-21T03:49:31.218
100	0.0019035155	1.0000000000	1.0000000000	0.9679907327	2022-08-21T03:51:25.673
110	0.0014624768	1.0000000000	1.0000000000	0.9687153975	2022-08-21T03:53:20.104
120	0.0008232995	1.0000000000	1.0000000000	0.9677686989	2022-08-21T03:55:14.908
130	0.0004551887	1.0000000000	1.0000000000	0.9677337334	2022-08-21T03:57:09.570
140	0.0002232026	1.0000000000	1.0000000000	0.9677388317	2022-08-21T03:59:04.300
150	0.0001400166	1.0000000000	1.0000000000	0.9676383914	2022-08-21T04:00:58.767
eval AUC = 0.9840698225602834
eval Acc = 0.9261744966442953
# test=4, eval=3
Epoch	CE	Acc	AUC	TestAUC	Time
0	1.1006010771	0.3155829596	0.4852063860	0.4969242253	2022-08-21T04:02:56.348
10	0.2139116228	0.9243273543	0.9888006594	[1m0.9639239836[0m	2022-08-21T04:04:51.087
20	0.1316164285	0.9534753363	0.9950066113	[1m0.9664735479[0m	2022-08-21T04:06:45.809
30	0.0948643759	0.9663677130	0.9977842083	[1m0.9664929456[0m	2022-08-21T04:08:40.458
40	0.0680420175	0.9837443946	0.9993120046	[1m0.9687928948[0m	2022-08-21T04:10:35.300
50	0.0314141735	0.9960762332	0.9999364202	0.9680971998	2022-08-21T04:12:29.979
60	0.0171383694	0.9994394619	1.0000000000	[1m0.9691481580[0m	2022-08-21T04:14:24.639
70	0.0091339806	1.0000000000	1.0000000000	0.9685773139	2022-08-21T04:16:19.161
80	0.0050028954	1.0000000000	1.0000000000	0.9687413909	2022-08-21T04:18:13.863
90	0.0035005647	1.0000000000	1.0000000000	0.9684806552	2022-08-21T04:20:08.558
100	0.0016419769	1.0000000000	1.0000000000	0.9691159781	2022-08-21T04:22:03.209
110	0.0009167180	1.0000000000	1.0000000000	[1m0.9694649179[0m	2022-08-21T04:23:58.019
120	0.0005356150	1.0000000000	1.0000000000	0.9688006526	2022-08-21T04:25:53.033
130	0.0002803439	1.0000000000	1.0000000000	0.9692081359	2022-08-21T04:27:48.001
140	0.0001801889	1.0000000000	1.0000000000	0.9689880788	2022-08-21T04:29:42.843
150	0.0000971793	1.0000000000	1.0000000000	0.9690672210	2022-08-21T04:31:37.912
160	0.0000597094	1.0000000000	1.0000000000	0.9691938844	2022-08-21T04:33:32.694
170	0.0000368567	1.0000000000	1.0000000000	0.9692739207	2022-08-21T04:35:27.460
180	0.0000215150	1.0000000000	1.0000000000	0.9691300247	2022-08-21T04:37:22.309
190	0.0000125568	1.0000000000	1.0000000000	0.9689299177	2022-08-21T04:39:17.010
200	0.0000085879	1.0000000000	1.0000000000	0.9690261884	2022-08-21T04:41:11.885
210	0.0000089604	1.0000000000	1.0000000000	0.9681338689	2022-08-21T04:43:06.866
eval AUC = 0.9817434847619756
eval Acc = 0.9077181208053692
# test=4, eval=5
Epoch	CE	Acc	AUC	TestAUC	Time
0	1.1071759462	0.4284116331	0.4460079342	0.4454658351	2022-08-21T04:45:04.955
10	0.2261659652	0.9177852349	0.9853257219	[1m0.9628186368[0m	2022-08-21T04:47:00.107
20	0.1542528719	0.9429530201	0.9938771372	[1m0.9638730382[0m	2022-08-21T04:48:55.445
30	0.1166638285	0.9569351230	0.9969623486	[1m0.9649950233[0m	2022-08-21T04:50:50.504
40	0.0620417260	0.9848993289	0.9990356633	[1m0.9678647855[0m	2022-08-21T04:52:45.839
50	0.0348117240	0.9944071588	0.9997836311	[1m0.9693228513[0m	2022-08-21T04:54:40.975
60	0.0210444555	0.9977628635	0.9999928764	[1m0.9695109658[0m	2022-08-21T04:56:36.061
70	0.0156150246	0.9994407159	1.0000000000	0.9682748504	2022-08-21T04:58:31.173
80	0.0055226940	1.0000000000	1.0000000000	0.9692572932	2022-08-21T05:00:26.141
90	0.0074160811	1.0000000000	1.0000000000	0.9684503527	2022-08-21T05:02:21.390
100	0.0023206449	1.0000000000	1.0000000000	[1m0.9700907112[0m	2022-08-21T05:04:16.526
110	0.0010386264	1.0000000000	1.0000000000	0.9694225148	2022-08-21T05:06:11.662
120	0.0007677288	1.0000000000	1.0000000000	0.9689819987	2022-08-21T05:08:07.051
130	0.0003288663	1.0000000000	1.0000000000	0.9694381103	2022-08-21T05:10:02.339
140	0.0002008365	1.0000000000	1.0000000000	0.9695323933	2022-08-21T05:11:57.517
150	0.0001243384	1.0000000000	1.0000000000	0.9695967004	2022-08-21T05:13:53.129
160	0.0000882924	1.0000000000	1.0000000000	0.9697891660	2022-08-21T05:15:48.659
170	0.0000411613	1.0000000000	1.0000000000	0.9695074744	2022-08-21T05:17:44.110
180	0.0000269624	1.0000000000	1.0000000000	0.9694533787	2022-08-21T05:19:39.634
190	0.0000152946	1.0000000000	1.0000000000	0.9690753549	2022-08-21T05:21:34.993
200	0.0000104846	1.0000000000	1.0000000000	0.9692104227	2022-08-21T05:23:30.863
eval AUC = 0.9841634254699875
eval Acc = 0.9206081081081081
# test=5, eval=1
Epoch	CE	Acc	AUC	TestAUC	Time
0	1.1074535847	0.3422818792	0.4331760907	0.4061737560	2022-08-21T05:25:29.586
10	0.2940288186	0.8847874720	0.9799101698	[1m0.9813680420[0m	2022-08-21T05:27:24.975
20	0.2137043774	0.9194630872	0.9883409085	[1m0.9818299096[0m	2022-08-21T05:29:20.617
30	0.1414169073	0.9474272931	0.9949577788	[1m0.9860237374[0m	2022-08-21T05:31:16.314
40	0.1104151234	0.9541387025	0.9980888404	0.9860096106	2022-08-21T05:33:11.702
50	0.0532069691	0.9871364653	0.9994117807	[1m0.9860620137[0m	2022-08-21T05:35:07.328
60	0.0296668727	0.9960850112	0.9999398939	0.9857649746	2022-08-21T05:37:02.816
70	0.0166131668	0.9988814318	1.0000000000	0.9857219157	2022-08-21T05:38:58.583
80	0.0088069532	1.0000000000	1.0000000000	0.9855651770	2022-08-21T05:40:54.627
90	0.0046392106	1.0000000000	1.0000000000	0.9859035762	2022-08-21T05:42:50.468
100	0.0026798032	1.0000000000	1.0000000000	0.9858600274	2022-08-21T05:44:46.272
110	0.0016654236	1.0000000000	1.0000000000	0.9859431005	2022-08-21T05:46:42.109
120	0.0016789032	1.0000000000	1.0000000000	0.9856939969	2022-08-21T05:48:37.615
130	0.0010534354	1.0000000000	1.0000000000	0.9856042296	2022-08-21T05:50:33.201
140	0.0006499619	1.0000000000	1.0000000000	0.9856366351	2022-08-21T05:52:29.116
150	0.0005237962	1.0000000000	1.0000000000	0.9856859287	2022-08-21T05:54:25.119
eval AUC = 0.9762873578338828
eval Acc = 0.8993288590604027
# test=5, eval=2
Epoch	CE	Acc	AUC	TestAUC	Time
0	1.1011797190	0.3255033557	0.6088468954	0.6320102785	2022-08-21T05:56:24.046
10	0.2486116141	0.9032438479	0.9828265630	[1m0.9825205138[0m	2022-08-21T05:58:19.953
20	0.1422361732	0.9574944072	0.9941874491	[1m0.9864628611[0m	2022-08-21T06:00:15.699
30	0.0953754559	0.9742729306	0.9981021472	[1m0.9866198290[0m	2022-08-21T06:02:11.777
40	0.0642507523	0.9832214765	0.9997019491	[1m0.9871172515[0m	2022-08-21T06:04:07.742
50	0.0273558199	0.9983221477	0.9999830661	0.9866171450	2022-08-21T06:06:03.893
60	0.0198979881	0.9994407159	1.0000000000	0.9864568933	2022-08-21T06:07:59.836
70	0.0097279409	1.0000000000	1.0000000000	0.9866912221	2022-08-21T06:09:55.755
80	0.0107211787	0.9988814318	0.9999986037	0.9856779564	2022-08-21T06:11:51.599
90	0.0024537495	1.0000000000	1.0000000000	0.9865560454	2022-08-21T06:13:47.663
100	0.0018481280	1.0000000000	1.0000000000	0.9865157972	2022-08-21T06:15:43.672
110	0.0008991115	1.0000000000	1.0000000000	0.9862531108	2022-08-21T06:17:39.558
120	0.0005426487	1.0000000000	1.0000000000	0.9862042136	2022-08-21T06:19:35.698
130	0.0003874093	1.0000000000	1.0000000000	0.9860855518	2022-08-21T06:21:31.709
140	0.0001984320	1.0000000000	1.0000000000	0.9860320206	2022-08-21T06:23:27.967
eval AUC = 0.9852948055459182
eval Acc = 0.924496644295302
# test=5, eval=3
Epoch	CE	Acc	AUC	TestAUC	Time
0	1.1071391106	0.3115212528	0.3945527984	0.4065160913	2022-08-21T06:25:27.408
10	0.2273174524	0.9144295302	0.9845950065	[1m0.9821256189[0m	2022-08-21T06:27:23.548
20	0.1999798864	0.9211409396	0.9922667241	[1m0.9826368207[0m	2022-08-21T06:29:19.884
30	0.0950675979	0.9697986577	0.9976962690	[1m0.9835416643[0m	2022-08-21T06:31:16.231
40	0.0877892077	0.9692393736	0.9988328756	0.9809012213	2022-08-21T06:33:12.310
50	0.0328350291	0.9972035794	0.9999770823	[1m0.9841035058[0m	2022-08-21T06:35:08.416
60	0.0194055531	0.9994407159	0.9999990619	[1m0.9843122222[0m	2022-08-21T06:37:04.496
70	0.0096598789	1.0000000000	1.0000000000	[1m0.9845484587[0m	2022-08-21T06:39:00.623
80	0.0056752716	1.0000000000	1.0000000000	0.9840067484	2022-08-21T06:40:56.720
90	0.0029555012	1.0000000000	1.0000000000	0.9842955737	2022-08-21T06:42:52.742
100	0.0016031076	1.0000000000	1.0000000000	0.9842231970	2022-08-21T06:44:49.142
110	0.0009576706	1.0000000000	1.0000000000	0.9840981982	2022-08-21T06:46:45.889
120	0.0007314339	1.0000000000	1.0000000000	0.9840371430	2022-08-21T06:48:42.287
130	0.0003527434	1.0000000000	1.0000000000	0.9840865408	2022-08-21T06:50:38.510
140	0.0006186218	1.0000000000	1.0000000000	0.9835836220	2022-08-21T06:52:34.804
150	0.0004063934	1.0000000000	1.0000000000	0.9835920098	2022-08-21T06:54:31.294
160	0.0002848468	1.0000000000	1.0000000000	0.9837685145	2022-08-21T06:56:27.572
170	0.0002549202	1.0000000000	1.0000000000	0.9837956323	2022-08-21T06:58:23.858
eval AUC = 0.9768259188417495
eval Acc = 0.8993288590604027
# test=5, eval=4
Epoch	CE	Acc	AUC	TestAUC	Time
0	1.1137264967	0.3322147651	0.4345941666	0.4214798864	2022-08-21T07:00:23.395
10	0.2268663645	0.9177852349	0.9846108641	[1m0.9829713926[0m	2022-08-21T07:02:19.890
20	0.1594025046	0.9401565996	0.9930252532	[1m0.9866226533[0m	2022-08-21T07:04:16.368
30	0.1009842679	0.9720357942	0.9968741132	[1m0.9874028042[0m	2022-08-21T07:06:12.815
40	0.0729937181	0.9826621924	0.9988068996	[1m0.9874249416[0m	2022-08-21T07:08:09.211
50	0.0385864452	0.9949664430	0.9998313000	0.9871687854	2022-08-21T07:10:05.560
60	0.0209011417	0.9977628635	0.9999958317	0.9871043582	2022-08-21T07:12:01.845
70	0.0095562413	1.0000000000	1.0000000000	0.9869325206	2022-08-21T07:13:58.135
80	0.0048000091	1.0000000000	1.0000000000	0.9865191434	2022-08-21T07:15:54.930
90	0.0036451938	1.0000000000	1.0000000000	0.9869674571	2022-08-21T07:17:51.470
100	0.0023273947	1.0000000000	1.0000000000	0.9867951587	2022-08-21T07:19:47.950
110	0.0010779989	1.0000000000	1.0000000000	0.9869369665	2022-08-21T07:21:44.609
120	0.0005153507	1.0000000000	1.0000000000	0.9868752851	2022-08-21T07:23:41.241
130	0.0003139981	1.0000000000	1.0000000000	0.9870081484	2022-08-21T07:25:38.155
140	0.0002526840	1.0000000000	1.0000000000	0.9868185181	2022-08-21T07:27:35.171
eval AUC = 0.9708076762321959
eval Acc = 0.8909395973154363
avg eval AUC = 0.9794798078626046
avg eval Acc = 0.9063508978777435
avg cor among in-layer params = 0.0021254846
