Tue Dec 19 12:47:07 AM AEDT 2023
# hypergraphs = ["../Model_0/H/", "../Model_1/H/", "../Model_2/H/", "../Model_3/H/", "../Model_4/H/"]
# load_model = nothing
# 0W = false
# early_stop = 100
# weigh_edges = false
# nFilters = 64
# kernel_sizes = [2, 5, 10, 15, 20]
# 0V = false
# nFilters2 = 32
# pre = nothing
# pred = pred_0V.tsv
# pair_files = false
# weigh_nodes = false
# model = 8
# edge_values = String[]
# node_values = ["../Model_0/nodeCents/", "../Model_1/nodeCents/", "../Model_2/nodeCents/", "../Model_3/nodeCents/", "../Model_4/nodeCents/"]
# cv = true
# epochs = 500
# save_model = models/model_0V.bson
# sample = nothing
# 0H = true
# Reading label 1 from 993 hypergraphs matching:
# ../Model_0/H/
# ../Model_0/nodeCents/
# Reading label 2 from 989 hypergraphs matching:
# ../Model_1/H/
# ../Model_1/nodeCents/
# Reading label 3 from 977 hypergraphs matching:
# ../Model_2/H/
# ../Model_2/nodeCents/
# Reading label 4 from 970 hypergraphs matching:
# ../Model_3/H/
# ../Model_3/nodeCents/
# Reading label 5 from 1017 hypergraphs matching:
# ../Model_4/H/
# ../Model_4/nodeCents/
# num label 1 = 993
# num label 2 = 989
# num label 3 = 977
# num label 4 = 970
# num label 5 = 1017
# test=1, eval=2
Epoch	CE	Acc	AUC	TestAUC	Time
0	1.6094552279	0.1899460189	0.5127249503	0.5010177150	2023-12-19T00:48:54.395
10	1.4924597740	0.3275978408	0.6251431112	[1m0.6171911715[0m	2023-12-19T00:53:34.182
20	1.4763063192	0.3302968961	0.5936944570	0.5842085933	2023-12-19T00:56:36.471
30	1.4737166166	0.3387314440	0.6169295332	0.6102609177	2023-12-19T00:59:40.743
40	1.4654031992	0.3333333333	0.6542508247	[1m0.6419878591[0m	2023-12-19T01:02:46.452
50	1.4523441792	0.3383940621	0.6662310778	[1m0.6437656801[0m	2023-12-19T01:05:53.284
60	1.4553908110	0.3269230769	0.6674520433	[1m0.6444078157[0m	2023-12-19T01:09:01.130
70	1.4341925383	0.3478407557	0.6823082817	[1m0.6513235267[0m	2023-12-19T01:12:10.140
80	1.4254159927	0.3434547908	0.6955799729	[1m0.6624914057[0m	2023-12-19T01:15:19.553
90	1.4238657951	0.3454790823	0.7000853355	[1m0.6693075828[0m	2023-12-19T01:18:29.350
100	1.4188380241	0.3471659919	0.6962503770	0.6640362839	2023-12-19T01:21:39.956
110	1.4075191021	0.3842780027	0.7094934562	[1m0.6744384453[0m	2023-12-19T01:24:51.171
120	1.4047229290	0.3825910931	0.7060840166	[1m0.6777538760[0m	2023-12-19T01:28:02.931
130	1.4063892365	0.3593117409	0.7107208833	0.6767226819	2023-12-19T01:31:15.304
140	1.3967647552	0.3923751687	0.7155921421	[1m0.6840479539[0m	2023-12-19T01:34:27.979
150	1.4026725292	0.3758434548	0.7084652305	0.6838410682	2023-12-19T01:37:40.983
160	1.3852723837	0.3954116059	0.7204599186	[1m0.6887825692[0m	2023-12-19T01:40:54.633
170	1.3751816750	0.3964237517	0.7291022030	[1m0.6951393096[0m	2023-12-19T01:44:08.857
180	1.3642294407	0.4051956815	0.7332726651	[1m0.6996153118[0m	2023-12-19T01:47:23.079
190	1.3605692387	0.4055330634	0.7394158112	[1m0.7038421894[0m	2023-12-19T01:50:37.849
200	1.3579555750	0.4193657220	0.7356089744	[1m0.7060098768[0m	2023-12-19T01:53:53.103
210	1.3778964281	0.3954116059	0.7396966802	[1m0.7105961834[0m	2023-12-19T01:57:08.429
220	1.3338131905	0.4396086370	0.7530201828	[1m0.7204395777[0m	2023-12-19T02:00:24.244
230	1.3103228807	0.4412955466	0.7590624255	[1m0.7264229735[0m	2023-12-19T02:03:40.197
240	1.3060219288	0.4517543860	0.7617594766	[1m0.7299997385[0m	2023-12-19T02:06:56.568
250	1.2913351059	0.4659244265	0.7684261545	[1m0.7341468749[0m	2023-12-19T02:10:12.976
260	1.2721346617	0.4595141700	0.7739319633	[1m0.7393499185[0m	2023-12-19T02:13:30.222
270	1.2656322718	0.4655870445	0.7743674456	[1m0.7396684356[0m	2023-12-19T02:16:47.404
280	1.2683700323	0.4561403509	0.7747024761	[1m0.7398547893[0m	2023-12-19T02:20:04.030
290	1.2562963963	0.4713225371	0.7767989823	[1m0.7410371878[0m	2023-12-19T02:23:20.604
300	1.2486246824	0.4753711201	0.7839998369	[1m0.7461779238[0m	2023-12-19T02:26:37.481
310	1.2434314489	0.4750337382	0.7820991163	0.7443063629	2023-12-19T02:29:54.449
320	1.2513984442	0.4676113360	0.7826921690	0.7428445436	2023-12-19T02:33:11.731
330	1.2343400717	0.4807692308	0.7861105791	0.7445126025	2023-12-19T02:36:29.211
340	1.2397342920	0.4726720648	0.7882908952	0.7456505036	2023-12-19T02:39:47.131
350	1.2292003632	0.4794197031	0.7910136737	[1m0.7478511007[0m	2023-12-19T02:43:05.496
360	1.2179936171	0.4868421053	0.7932631965	[1m0.7507527700[0m	2023-12-19T02:46:24.110
370	1.2202441692	0.4861673414	0.7944300398	[1m0.7521532065[0m	2023-12-19T02:49:42.937
380	1.2046122551	0.4942645074	0.7969412365	[1m0.7533468269[0m	2023-12-19T02:53:01.877
390	1.2183321714	0.4811066127	0.7957031971	0.7505599575	2023-12-19T02:56:21.111
400	1.2017853260	0.4871794872	0.7995743405	[1m0.7539885092[0m	2023-12-19T02:59:40.594
410	1.2043133974	0.4952766532	0.7974995397	0.7528501526	2023-12-19T03:03:00.160
420	1.2028654814	0.4939271255	0.8012860277	[1m0.7569301461[0m	2023-12-19T03:06:19.924
430	1.1970412731	0.4925775978	0.8016159954	0.7555849317	2023-12-19T03:09:39.505
440	1.1996622086	0.4925775978	0.8002536466	0.7519130366	2023-12-19T03:12:59.515
450	1.1839077473	0.5053981107	0.8047264790	0.7552138629	2023-12-19T03:16:19.530
460	1.1849465370	0.4929149798	0.8055025112	[1m0.7574296539[0m	2023-12-19T03:19:39.649
470	1.1972967386	0.4902159244	0.8027838698	0.7526960998	2023-12-19T03:23:00.031
480	1.1832538843	0.5077597841	0.8056756272	0.7561493032	2023-12-19T03:26:20.120
490	1.2169587612	0.4888663968	0.8044525546	[1m0.7577313280[0m	2023-12-19T03:29:40.588
500	1.1711032391	0.5064102564	0.8101760999	[1m0.7585790603[0m	2023-12-19T03:33:00.944
eval AUC = 0.7795025714787038
eval Acc = 0.4803229061553986
# test=1, eval=3
Epoch	CE	Acc	AUC	TestAUC	Time
0	1.6093420982	0.1973684211	0.5271976949	0.5208457940	2023-12-19T03:33:19.820
10	1.4711663723	0.3394062078	0.6114389321	[1m0.6023238671[0m	2023-12-19T03:36:41.297
20	1.4676829576	0.3208502024	0.6249182276	[1m0.6121660861[0m	2023-12-19T03:40:02.258
30	1.4508625269	0.3282726046	0.6302345005	[1m0.6122366251[0m	2023-12-19T03:43:23.663
40	1.4413807392	0.3329959514	0.6705217064	[1m0.6450342614[0m	2023-12-19T03:46:45.388
50	1.4312769175	0.3289473684	0.6791461396	[1m0.6482538815[0m	2023-12-19T03:50:06.974
60	1.4196981192	0.3458164642	0.6880942624	[1m0.6599280658[0m	2023-12-19T03:53:28.554
70	1.4043598175	0.3478407557	0.7064793221	[1m0.6740232403[0m	2023-12-19T03:56:49.880
80	1.3974368572	0.3529014845	0.7097323461	[1m0.6766385721[0m	2023-12-19T04:00:11.275
90	1.3924919367	0.3633603239	0.7099927951	0.6755454985	2023-12-19T04:03:32.828
100	1.3906419277	0.3488529015	0.7129104081	[1m0.6820501885[0m	2023-12-19T04:06:54.402
110	1.3834202290	0.3741565452	0.7136859368	[1m0.6831042127[0m	2023-12-19T04:10:16.264
120	1.3962393999	0.3701079622	0.6981555401	0.6681889171	2023-12-19T04:13:38.055
130	1.3646641970	0.3964237517	0.7229949258	[1m0.6923038068[0m	2023-12-19T04:16:59.886
140	1.3636410236	0.3984480432	0.7225974592	0.6891869392	2023-12-19T04:20:21.951
150	1.3667110205	0.3930499325	0.7253407071	[1m0.6974205912[0m	2023-12-19T04:23:44.320
160	1.3521759510	0.3984480432	0.7330860332	[1m0.7023128864[0m	2023-12-19T04:27:06.559
170	1.3447293043	0.4068825911	0.7352745501	[1m0.7035050359[0m	2023-12-19T04:30:28.849
180	1.3503658772	0.4055330634	0.7335715971	0.7029305338	2023-12-19T04:33:51.156
190	1.3391653299	0.4230769231	0.7406336462	[1m0.7085486229[0m	2023-12-19T04:37:13.403
200	1.3549091816	0.3991228070	0.7395500858	0.7056145630	2023-12-19T04:40:35.840
210	1.3228381872	0.4264507422	0.7447453263	[1m0.7142557571[0m	2023-12-19T04:43:58.499
220	1.3198814392	0.4331983806	0.7524537291	[1m0.7157908005[0m	2023-12-19T04:47:21.079
230	1.3213075399	0.4163292848	0.7526983022	[1m0.7183665909[0m	2023-12-19T04:50:44.025
240	1.3018220663	0.4429824561	0.7562508039	[1m0.7212422885[0m	2023-12-19T04:54:06.763
250	1.3098542690	0.4352226721	0.7532499379	0.7198169210	2023-12-19T04:57:29.877
260	1.2900557518	0.4433198381	0.7608868023	[1m0.7237604506[0m	2023-12-19T05:00:53.004
270	1.3087865114	0.4291497976	0.7589043591	0.7202598321	2023-12-19T05:04:16.344
280	1.3039138317	0.4362348178	0.7600495696	[1m0.7268170664[0m	2023-12-19T05:07:39.985
290	1.2771812677	0.4500674764	0.7668475274	[1m0.7292496729[0m	2023-12-19T05:11:03.604
300	1.2850829363	0.4392712551	0.7655567992	0.7271812010	2023-12-19T05:14:27.350
310	1.2733372450	0.4493927126	0.7682625278	0.7291967482	2023-12-19T05:17:50.999
320	1.2681277990	0.4514170040	0.7719622604	[1m0.7308044727[0m	2023-12-19T05:21:15.067
330	1.2751228809	0.4537786775	0.7701969805	[1m0.7323393118[0m	2023-12-19T05:24:39.043
340	1.2556523085	0.4692982456	0.7749158183	[1m0.7356313377[0m	2023-12-19T05:28:03.217
350	1.2606402636	0.4578272605	0.7748553790	0.7290199910	2023-12-19T05:31:27.317
360	1.2539955378	0.4645748988	0.7735070670	0.7341593956	2023-12-19T05:34:51.567
370	1.2433278561	0.4686234818	0.7787351321	0.7354241545	2023-12-19T05:38:15.945
380	1.2455199957	0.4642375169	0.7795103572	[1m0.7364441750[0m	2023-12-19T05:41:40.390
390	1.2490564585	0.4659244265	0.7781242611	[1m0.7383886102[0m	2023-12-19T05:45:04.945
400	1.2432632446	0.4601889339	0.7781213040	0.7366092352	2023-12-19T05:48:29.424
410	1.2387520075	0.4723346829	0.7805509193	0.7374526169	2023-12-19T05:51:52.894
420	1.2774119377	0.4487179487	0.7785874405	0.7376016070	2023-12-19T05:55:13.979
430	1.2324589491	0.4642375169	0.7845399411	[1m0.7407984819[0m	2023-12-19T05:58:32.910
440	1.2276676893	0.4730094467	0.7858773872	[1m0.7409433002[0m	2023-12-19T06:01:49.644
450	1.2385678291	0.4655870445	0.7851253750	[1m0.7416172542[0m	2023-12-19T06:05:04.836
460	1.2204431295	0.4767206478	0.7860588911	0.7388798093	2023-12-19T06:08:19.601
470	1.2125245333	0.4763832659	0.7888385151	[1m0.7428352206[0m	2023-12-19T06:11:31.893
480	1.2106323242	0.4811066127	0.7912509969	[1m0.7432839429[0m	2023-12-19T06:14:40.806
490	1.2231655121	0.4622132254	0.7894333851	0.7407716841	2023-12-19T06:17:47.135
500	1.2156921625	0.4787449393	0.7895804198	[1m0.7433815654[0m	2023-12-19T06:20:52.499
eval AUC = 0.751439114624851
eval Acc = 0.437941473259334
# test=1, eval=4
Epoch	CE	Acc	AUC	TestAUC	Time
0	1.6093453169	0.2000674764	0.5893201076	0.5891335964	2023-12-19T06:21:09.578
10	1.4986687899	0.3130904184	0.6343544586	[1m0.6151786878[0m	2023-12-19T06:24:12.825
20	1.4808508158	0.3208502024	0.6503897402	[1m0.6396613286[0m	2023-12-19T06:27:15.180
30	1.4760751724	0.3127530364	0.6649099475	[1m0.6482247358[0m	2023-12-19T06:30:17.068
40	1.4519811869	0.3316464238	0.6727209428	[1m0.6546276026[0m	2023-12-19T06:33:18.160
50	1.4396630526	0.3329959514	0.6844639815	[1m0.6658685675[0m	2023-12-19T06:36:19.390
60	1.4381245375	0.3272604588	0.6906221143	[1m0.6661727789[0m	2023-12-19T06:39:20.723
70	1.4335677624	0.3414304993	0.6883169344	[1m0.6688888072[0m	2023-12-19T06:42:21.993
80	1.4119656086	0.3690958165	0.6971262496	[1m0.6743122764[0m	2023-12-19T06:45:23.961
90	1.4053074121	0.3667341430	0.7006740778	[1m0.6793570662[0m	2023-12-19T06:48:26.051
100	1.4079191685	0.3582995951	0.7012731228	0.6766664563	2023-12-19T06:51:28.541
110	1.4045441151	0.3721322537	0.6992966907	0.6739699012	2023-12-19T06:54:31.123
120	1.3902720213	0.3842780027	0.7057543975	[1m0.6830468458[0m	2023-12-19T06:57:33.975
130	1.3887077570	0.3842780027	0.7071105571	[1m0.6833361443[0m	2023-12-19T07:00:37.179
140	1.3858449459	0.3933873144	0.7107084583	[1m0.6842952063[0m	2023-12-19T07:03:40.431
150	1.3886797428	0.3802294197	0.7117518312	[1m0.6844072132[0m	2023-12-19T07:06:43.776
160	1.3912893534	0.3741565452	0.7124996972	0.6831610577	2023-12-19T07:09:47.412
170	1.3748912811	0.3896761134	0.7187308301	[1m0.6886876248[0m	2023-12-19T07:12:51.133
180	1.3706743717	0.3977732794	0.7189891719	0.6885316596	2023-12-19T07:15:55.046
190	1.3741037846	0.3957489879	0.7221207926	0.6871113236	2023-12-19T07:18:59.055
200	1.3754976988	0.3920377868	0.7206333003	0.6865170676	2023-12-19T07:22:03.484
210	1.3934340477	0.3704453441	0.7122488929	0.6770879659	2023-12-19T07:25:08.153
220	1.3524838686	0.4045209177	0.7329729791	[1m0.6999457298[0m	2023-12-19T07:28:12.479
230	1.3441636562	0.4092442645	0.7383673799	[1m0.7025409197[0m	2023-12-19T07:31:16.925
240	1.3395009041	0.4143049933	0.7420957065	[1m0.7065738288[0m	2023-12-19T07:34:21.291
250	1.3460018635	0.4051956815	0.7390589023	0.7049249248	2023-12-19T07:37:25.996
260	1.3395227194	0.4105937922	0.7466314460	[1m0.7086527233[0m	2023-12-19T07:40:30.871
270	1.3229354620	0.4331983806	0.7480930416	[1m0.7123748855[0m	2023-12-19T07:43:35.776
280	1.3202211857	0.4288124157	0.7519723362	[1m0.7161238379[0m	2023-12-19T07:46:40.788
290	1.3162374496	0.4281376518	0.7514248449	[1m0.7191244442[0m	2023-12-19T07:49:45.847
300	1.3303803205	0.4203778677	0.7528798770	0.7186909743	2023-12-19T07:52:51.037
310	1.3054989576	0.4456815115	0.7583577447	[1m0.7227095385[0m	2023-12-19T07:55:56.472
320	1.2987231016	0.4460188934	0.7605309581	[1m0.7250600123[0m	2023-12-19T07:59:02.112
330	1.2966896296	0.4520917679	0.7616590314	0.7240698048	2023-12-19T08:02:07.783
340	1.2888162136	0.4591767881	0.7622656274	[1m0.7280311801[0m	2023-12-19T08:05:13.688
350	1.2903000116	0.4568151147	0.7630424905	0.7276064691	2023-12-19T08:08:19.836
360	1.2883077860	0.4504048583	0.7623764110	[1m0.7295029284[0m	2023-12-19T08:11:25.930
370	1.2801631689	0.4571524966	0.7694663251	[1m0.7333322001[0m	2023-12-19T08:14:32.432
380	1.2824858427	0.4541160594	0.7686367454	[1m0.7377693138[0m	2023-12-19T08:17:38.744
390	1.2768008709	0.4473684211	0.7725315903	[1m0.7388461944[0m	2023-12-19T08:20:45.191
400	1.2652540207	0.4669365722	0.7738981275	[1m0.7393275128[0m	2023-12-19T08:23:51.627
410	1.2565211058	0.4682860999	0.7763154523	[1m0.7422403170[0m	2023-12-19T08:26:58.242
420	1.2472211123	0.4665991903	0.7794083270	[1m0.7446740134[0m	2023-12-19T08:30:04.811
430	1.2805811167	0.4487179487	0.7749219011	0.7409929446	2023-12-19T08:33:11.325
440	1.2430675030	0.4635627530	0.7825003123	[1m0.7458646650[0m	2023-12-19T08:36:18.132
450	1.2401859760	0.4655870445	0.7834702298	[1m0.7477681076[0m	2023-12-19T08:39:24.889
460	1.2556222677	0.4537786775	0.7832800002	0.7468540140	2023-12-19T08:42:31.995
470	1.2305480242	0.4709851552	0.7851924818	[1m0.7496503416[0m	2023-12-19T08:45:39.307
480	1.2284806967	0.4777327935	0.7867497131	[1m0.7518483315[0m	2023-12-19T08:48:46.864
490	1.2187855244	0.4763832659	0.7903773731	[1m0.7522667780[0m	2023-12-19T08:51:58.286
500	1.2151246071	0.4787449393	0.7909114253	0.7512870661	2023-12-19T08:54:50.568
eval AUC = 0.7582954696280192
eval Acc = 0.450050454086781
# test=1, eval=5
Epoch	CE	Acc	AUC	TestAUC	Time
0	1.6094585657	0.2008072654	0.4786276148	0.4624768159	2023-12-19T08:55:06.401
10	1.4825052023	0.3202152708	0.6012433295	[1m0.5886500305[0m	2023-12-19T08:58:01.903
20	1.4743944407	0.3272788429	0.6003997660	0.5847352792	2023-12-19T09:00:58.392
30	1.4673174620	0.3272788429	0.6707548612	[1m0.6591447502[0m	2023-12-19T09:03:55.607
40	1.4491970539	0.3373696603	0.6442923624	0.6321275936	2023-12-19T09:06:56.475
50	1.4397439957	0.3346787756	0.6858941845	[1m0.6615058548[0m	2023-12-19T09:09:57.868
60	1.4418733120	0.3340060545	0.6811703898	[1m0.6617428427[0m	2023-12-19T09:13:00.270
70	1.4246364832	0.3410696266	0.6901541603	[1m0.6683667457[0m	2023-12-19T09:16:03.243
80	1.4204144478	0.3575512950	0.6942264010	[1m0.6760067112[0m	2023-12-19T09:19:06.780
90	1.4181129932	0.3565422133	0.6909921060	0.6695478260	2023-12-19T09:22:10.945
100	1.4065850973	0.3662966700	0.6981869917	0.6750527674	2023-12-19T09:25:15.458
110	1.4042385817	0.3639421460	0.6967888920	0.6750071238	2023-12-19T09:28:20.620
120	1.4000107050	0.3750420451	0.6986664325	[1m0.6766896115[0m	2023-12-19T09:31:26.134
130	1.4060599804	0.3753784057	0.6952237300	0.6722531421	2023-12-19T09:34:31.724
140	1.3912142515	0.3817692566	0.7053569023	[1m0.6807891189[0m	2023-12-19T09:37:37.929
150	1.3829202652	0.3733602422	0.7101754934	[1m0.6837292219[0m	2023-12-19T09:40:44.309
160	1.3988541365	0.3625967037	0.7083029191	0.6835780059	2023-12-19T09:43:50.920
170	1.3925721645	0.3864783047	0.7061710527	[1m0.6851385484[0m	2023-12-19T09:46:57.908
180	1.3855066299	0.3871510259	0.7145825468	[1m0.6923118789[0m	2023-12-19T09:50:05.170
190	1.3772242069	0.3888328288	0.7163743567	0.6875141848	2023-12-19T09:53:12.464
200	1.3822402954	0.3831146990	0.7207124341	[1m0.6928568035[0m	2023-12-19T09:56:20.113
210	1.3662166595	0.3800874538	0.7285089929	[1m0.7009379541[0m	2023-12-19T09:59:28.082
220	1.3579188585	0.3962327615	0.7302128971	[1m0.7012593261[0m	2023-12-19T10:02:38.617
230	1.3649207354	0.3945509586	0.7341049548	[1m0.7052142630[0m	2023-12-19T10:05:49.949
240	1.3514717817	0.4012781702	0.7343288292	[1m0.7071653106[0m	2023-12-19T10:09:00.968
250	1.3497385979	0.4184325597	0.7386855605	[1m0.7095008937[0m	2023-12-19T10:12:12.172
260	1.3671830893	0.3884964682	0.7399533770	[1m0.7117057203[0m	2023-12-19T10:15:23.938
270	1.3363366127	0.4167507568	0.7434253949	[1m0.7162823926[0m	2023-12-19T10:18:35.640
280	1.3443465233	0.4285233771	0.7450381047	[1m0.7169181876[0m	2023-12-19T10:21:47.821
290	1.3364802599	0.4258324924	0.7486948219	[1m0.7203993101[0m	2023-12-19T10:24:59.949
300	1.3231770992	0.4325597040	0.7533933224	[1m0.7253172382[0m	2023-12-19T10:28:13.613
310	1.3222078085	0.4305415405	0.7508572746	0.7212316195	2023-12-19T10:31:27.378
320	1.3202797174	0.4540867810	0.7587697397	[1m0.7271732763[0m	2023-12-19T10:34:40.933
330	1.3085564375	0.4345778675	0.7622700827	[1m0.7323263884[0m	2023-12-19T10:37:54.360
340	1.3060193062	0.4510595358	0.7610127056	0.7303072438	2023-12-19T10:41:08.261
350	1.2976999283	0.4416414396	0.7660267659	0.7313246874	2023-12-19T10:44:22.556
360	1.2819595337	0.4466868483	0.7664596027	[1m0.7351103483[0m	2023-12-19T10:47:36.773
370	1.3047742844	0.4254961319	0.7674058805	0.7324953004	2023-12-19T10:50:51.067
380	1.2831041813	0.4571140262	0.7739987040	[1m0.7356948102[0m	2023-12-19T10:54:05.586
390	1.2863268852	0.4510595358	0.7664305378	0.7333934819	2023-12-19T10:57:20.383
400	1.2610479593	0.4715775311	0.7765436984	[1m0.7401886526[0m	2023-12-19T11:00:35.458
410	1.2596113682	0.4604776320	0.7767133787	0.7396398374	2023-12-19T11:03:50.855
420	1.2488530874	0.4645139590	0.7816667547	[1m0.7440674687[0m	2023-12-19T11:07:03.658
430	1.2665666342	0.4581231080	0.7790796456	0.7439015705	2023-12-19T11:10:15.666
440	1.2338224649	0.4722502523	0.7856956393	[1m0.7476505245[0m	2023-12-19T11:13:28.156
450	1.2278335094	0.4752774975	0.7874780899	[1m0.7486853247[0m	2023-12-19T11:16:40.714
460	1.2283037901	0.4675412042	0.7892513938	0.7484399116	2023-12-19T11:19:53.391
470	1.2420185804	0.4638412378	0.7855317112	0.7480454720	2023-12-19T11:23:06.167
480	1.2531715631	0.4581231080	0.7877229717	0.7436439081	2023-12-19T11:26:19.052
490	1.2116379738	0.4863773966	0.7930951182	[1m0.7542498338[0m	2023-12-19T11:29:32.088
500	1.2093652487	0.4910864447	0.7944852952	0.7529171344	2023-12-19T11:32:45.261
eval AUC = 0.7838345924909149
eval Acc = 0.4786150712830957
# test=2, eval=1
Epoch	CE	Acc	AUC	TestAUC	Time
0	1.6094388962	0.2054655870	0.4107215003	0.4217672182	2023-12-19T11:33:02.659
10	1.4970897436	0.2675438596	0.6090458201	[1m0.6243077035[0m	2023-12-19T11:36:16.630
20	1.4852530956	0.3356950067	0.6070042079	0.6121747810	2023-12-19T11:39:30.710
30	1.4721399546	0.3350202429	0.6303568094	[1m0.6292054434[0m	2023-12-19T11:42:44.877
40	1.4667985439	0.3309716599	0.6637033022	[1m0.6535423311[0m	2023-12-19T11:45:58.638
50	1.4558237791	0.3397435897	0.6739002668	[1m0.6659155544[0m	2023-12-19T11:49:12.778
60	1.4422314167	0.3478407557	0.6855847402	[1m0.6818867268[0m	2023-12-19T11:52:27.249
70	1.4271305799	0.3488529015	0.7031365910	[1m0.6951840895[0m	2023-12-19T11:55:41.556
80	1.4134111404	0.3562753036	0.7168593818	[1m0.7049898668[0m	2023-12-19T11:58:56.037
90	1.4093799591	0.3758434548	0.7195363377	[1m0.7147929313[0m	2023-12-19T12:02:10.277
100	1.3990259171	0.3903508772	0.7211709039	[1m0.7182315044[0m	2023-12-19T12:05:24.550
110	1.3887413740	0.3920377868	0.7286939992	[1m0.7183217715[0m	2023-12-19T12:08:39.035
120	1.3870337009	0.3795546559	0.7304163812	0.7165494270	2023-12-19T12:11:53.589
130	1.3759887218	0.4119433198	0.7342351308	[1m0.7261310779[0m	2023-12-19T12:15:08.176
140	1.3830648661	0.3724696356	0.7370477565	0.7197481602	2023-12-19T12:18:22.509
150	1.3609337807	0.4139676113	0.7440321420	[1m0.7277551631[0m	2023-12-19T12:21:37.192
160	1.3539328575	0.4048582996	0.7447532518	[1m0.7296939547[0m	2023-12-19T12:24:51.901
170	1.3530712128	0.4085695007	0.7488252397	[1m0.7349368062[0m	2023-12-19T12:28:06.611
180	1.3358197212	0.4338731444	0.7523196139	[1m0.7378481916[0m	2023-12-19T12:31:21.443
190	1.3258355856	0.4321862348	0.7534883299	[1m0.7399676040[0m	2023-12-19T12:34:36.245
200	1.3202472925	0.4446693657	0.7551444580	[1m0.7438247325[0m	2023-12-19T12:37:50.959
210	1.3120387793	0.4281376518	0.7624690560	[1m0.7467255555[0m	2023-12-19T12:41:05.739
220	1.3055034876	0.4369095816	0.7615335346	[1m0.7479836758[0m	2023-12-19T12:44:20.815
230	1.2959531546	0.4446693657	0.7677734932	[1m0.7519875537[0m	2023-12-19T12:47:35.767
240	1.2877099514	0.4551282051	0.7706753531	[1m0.7543233266[0m	2023-12-19T12:50:50.666
250	1.2719926834	0.4595141700	0.7757691836	[1m0.7557543046[0m	2023-12-19T12:54:05.510
260	1.2630310059	0.4625506073	0.7789039161	[1m0.7620214633[0m	2023-12-19T12:57:20.461
270	1.2566244602	0.4679487179	0.7815647071	0.7611433238	2023-12-19T13:00:35.413
280	1.2673819065	0.4649122807	0.7787477392	0.7581861293	2023-12-19T13:03:50.561
290	1.2548029423	0.4578272605	0.7811805706	[1m0.7651098861[0m	2023-12-19T13:07:05.763
300	1.2434298992	0.4612010796	0.7874331795	[1m0.7712166676[0m	2023-12-19T13:10:21.290
310	1.2452042103	0.4861673414	0.7897580680	[1m0.7752445883[0m	2023-12-19T13:13:36.832
320	1.2304291725	0.4827935223	0.7923941708	[1m0.7775711752[0m	2023-12-19T13:16:52.442
330	1.2281620502	0.4706477733	0.7912989337	0.7732797286	2023-12-19T13:20:08.040
340	1.2238141298	0.4770580297	0.7955222313	0.7763535992	2023-12-19T13:23:23.657
350	1.2516994476	0.4544534413	0.7940066505	[1m0.7787564905[0m	2023-12-19T13:26:39.388
360	1.3184165955	0.4342105263	0.7831924409	0.7631789219	2023-12-19T13:29:55.379
370	1.2320531607	0.4699730094	0.7963666148	0.7774950465	2023-12-19T13:33:11.465
380	1.2164055109	0.4639001350	0.7951469910	0.7785931898	2023-12-19T13:36:27.407
390	1.2147284746	0.4790823212	0.8005335960	[1m0.7797358282[0m	2023-12-19T13:39:43.326
400	1.1892894506	0.4922402159	0.8029516028	[1m0.7841798473[0m	2023-12-19T13:42:59.423
410	1.1971311569	0.4804318489	0.8047752090	[1m0.7881428204[0m	2023-12-19T13:46:15.546
420	1.1840733290	0.5013495277	0.8068699583	0.7845767397	2023-12-19T13:49:31.727
430	1.2173525095	0.4838056680	0.8028757284	0.7846030296	2023-12-19T13:52:48.097
440	1.2106822729	0.4794197031	0.8028058203	0.7837930206	2023-12-19T13:56:04.664
450	1.1826626062	0.4946018893	0.8051202832	0.7829260288	2023-12-19T13:59:21.235
460	1.1667690277	0.5006747638	0.8099034264	0.7838000525	2023-12-19T14:02:37.928
470	1.2109557390	0.4811066127	0.8052879467	0.7772667704	2023-12-19T14:05:54.651
480	1.1730123758	0.4912280702	0.8095580912	[1m0.7886677173[0m	2023-12-19T14:09:11.328
490	1.1621044874	0.5033738192	0.8126163004	0.7868001639	2023-12-19T14:12:28.297
500	1.1565216780	0.5026990553	0.8131277677	0.7877214994	2023-12-19T14:15:45.624
eval AUC = 0.7585948701799754
eval Acc = 0.42785065590312815
# test=2, eval=3
Epoch	CE	Acc	AUC	TestAUC	Time
0	1.6093964577	0.2007422402	0.5855541964	0.5930728523	2023-12-19T14:16:03.713
10	1.5045058727	0.3171390013	0.5865167178	[1m0.5981774212[0m	2023-12-19T14:19:22.235
20	1.4818317890	0.3151147099	0.6681321141	[1m0.6624235546[0m	2023-12-19T14:22:39.243
30	1.4594835043	0.3313090418	0.6374755857	0.6409968436	2023-12-19T14:25:56.211
40	1.4244406223	0.3394062078	0.7057309613	[1m0.7070947817[0m	2023-12-19T14:29:13.463
50	1.3985124826	0.3599865047	0.7121733617	[1m0.7155048501[0m	2023-12-19T14:32:30.854
60	1.3856011629	0.3836032389	0.7129607942	[1m0.7169401487[0m	2023-12-19T14:35:48.106
70	1.3855489492	0.3761808367	0.7138127306	0.7147979490	2023-12-19T14:39:05.435
80	1.3653203249	0.3836032389	0.7255656210	[1m0.7224838151[0m	2023-12-19T14:42:23.540
90	1.3603761196	0.3947368421	0.7298910242	[1m0.7365489116[0m	2023-12-19T14:45:41.850
100	1.3581843376	0.4031713900	0.7333400669	0.7230733161	2023-12-19T14:48:59.866
110	1.3337037563	0.4220647773	0.7404813516	0.7343281216	2023-12-19T14:52:18.367
120	1.3255498409	0.4207152497	0.7433088135	[1m0.7384759331[0m	2023-12-19T14:55:36.692
130	1.3218216896	0.4264507422	0.7437660761	0.7314790319	2023-12-19T14:58:55.361
140	1.3126302958	0.4240890688	0.7461052849	[1m0.7429603606[0m	2023-12-19T15:02:13.887
150	1.3102409840	0.4237516869	0.7489929571	0.7394160775	2023-12-19T15:05:32.082
160	1.3060261011	0.4278002699	0.7514680449	[1m0.7464325713[0m	2023-12-19T15:08:50.853
170	1.2956668139	0.4369095816	0.7566562886	[1m0.7488510618[0m	2023-12-19T15:12:09.670
180	1.2937530279	0.4385964912	0.7574323554	0.7433493931	2023-12-19T15:15:28.230
190	1.2934046984	0.4362348178	0.7583425163	[1m0.7516249254[0m	2023-12-19T15:18:46.803
200	1.3069174290	0.4122807018	0.7605250127	0.7507211282	2023-12-19T15:22:05.564
210	1.2759371996	0.4493927126	0.7655538734	[1m0.7556501716[0m	2023-12-19T15:25:24.305
220	1.2724716663	0.4402834008	0.7659149045	0.7491438067	2023-12-19T15:28:43.216
230	1.2932128906	0.4358974359	0.7580684735	0.7371381807	2023-12-19T15:32:01.913
240	1.2690999508	0.4497300945	0.7687602643	0.7513466010	2023-12-19T15:35:20.728
250	1.2700412273	0.4379217274	0.7710244175	0.7549902692	2023-12-19T15:38:39.695
260	1.2841694355	0.4294871795	0.7622960104	0.7385607692	2023-12-19T15:41:58.732
270	1.2489345074	0.4588394062	0.7753756410	[1m0.7636872098[0m	2023-12-19T15:45:17.883
280	1.2872241735	0.4227395412	0.7620992788	0.7451800130	2023-12-19T15:48:36.883
290	1.2446413040	0.4612010796	0.7777639159	0.7632321202	2023-12-19T15:51:55.642
300	1.2395236492	0.4628879892	0.7835123135	[1m0.7666458653[0m	2023-12-19T15:55:14.709
310	1.2427067757	0.4703103914	0.7796868656	0.7619428474	2023-12-19T15:58:33.632
320	1.2300150394	0.4777327935	0.7866294963	0.7656246196	2023-12-19T16:01:52.709
330	1.2238020897	0.4652496626	0.7879785377	[1m0.7674380463[0m	2023-12-19T16:05:11.893
340	1.2346289158	0.4585020243	0.7883810040	[1m0.7701535761[0m	2023-12-19T16:08:31.374
350	1.2115758657	0.4807692308	0.7915906545	0.7696334057	2023-12-19T16:11:50.681
360	1.2294918299	0.4639001350	0.7863870147	0.7575336400	2023-12-19T16:15:10.183
370	1.2137514353	0.4770580297	0.7890295321	0.7678733749	2023-12-19T16:18:29.497
380	1.1992468834	0.4905533063	0.7975698828	0.7686553556	2023-12-19T16:21:49.037
390	1.2577219009	0.4325236167	0.7901759013	[1m0.7730681940[0m	2023-12-19T16:25:08.511
400	1.1850888729	0.5006747638	0.8007344123	[1m0.7749154773[0m	2023-12-19T16:28:28.273
410	1.1937230825	0.4885290148	0.7999327287	0.7698895431	2023-12-19T16:31:47.952
420	1.1855773926	0.4885290148	0.8024089632	0.7715504763	2023-12-19T16:35:07.779
430	1.1688662767	0.5047233468	0.8072576689	[1m0.7773331566[0m	2023-12-19T16:38:27.904
440	1.1609684229	0.5010121457	0.8111955248	0.7769825713	2023-12-19T16:41:47.946
450	1.1935094595	0.4787449393	0.8065863679	[1m0.7808725149[0m	2023-12-19T16:45:08.516
460	1.1865315437	0.4902159244	0.8096298951	0.7749309698	2023-12-19T16:48:28.566
470	1.1741741896	0.4973009447	0.8124239462	[1m0.7841832497[0m	2023-12-19T16:51:48.039
480	1.1555041075	0.5084345479	0.8155541235	[1m0.7858674748[0m	2023-12-19T16:55:07.698
490	1.1452814341	0.5148448043	0.8161664505	0.7842810113	2023-12-19T16:58:24.686
500	1.1540342569	0.5074224022	0.8174366690	0.7832458969	2023-12-19T17:01:39.231
eval AUC = 0.7708715102772465
eval Acc = 0.44904137235116043
# test=2, eval=4
Epoch	CE	Acc	AUC	TestAUC	Time
0	1.6094092131	0.1966936572	0.4972029200	0.5116286560	2023-12-19T17:01:56.787
10	1.4992847443	0.3161268556	0.6004669329	[1m0.6100359874[0m	2023-12-19T17:05:10.835
20	1.4877631664	0.3188259109	0.6043679857	[1m0.6119860090[0m	2023-12-19T17:08:24.866
30	1.5007560253	0.2968960864	0.6504492511	[1m0.6705163841[0m	2023-12-19T17:11:39.094
40	1.4745482206	0.3265856950	0.6136056219	0.6247242723	2023-12-19T17:14:53.498
50	1.4620730877	0.3201754386	0.6858690080	[1m0.6919240161[0m	2023-12-19T17:18:07.890
60	1.4787782431	0.2979082321	0.6393177132	0.6434549584	2023-12-19T17:21:22.324
70	1.4396908283	0.3340080972	0.6918681215	0.6915233036	2023-12-19T17:24:36.836
80	1.4366936684	0.3609986505	0.6903691419	[1m0.6955937296[0m	2023-12-19T17:27:51.450
90	1.4270628691	0.3448043185	0.6955167100	0.6934576951	2023-12-19T17:31:06.026
100	1.4342765808	0.3623481781	0.6889724014	0.6910406369	2023-12-19T17:34:20.983
110	1.4196431637	0.3741565452	0.6978949420	[1m0.6958005914[0m	2023-12-19T17:37:35.974
120	1.4180654287	0.3535762483	0.6978379999	[1m0.6968758664[0m	2023-12-19T17:40:51.054
130	1.4108659029	0.3768556005	0.7022607337	[1m0.7012621572[0m	2023-12-19T17:44:06.385
140	1.4990893602	0.3056680162	0.6634613935	0.6591516711	2023-12-19T17:47:21.654
150	1.4136053324	0.3711201080	0.6989031720	0.6996398953	2023-12-19T17:50:36.935
160	1.4014335871	0.3846153846	0.7061612098	[1m0.7106310589[0m	2023-12-19T17:53:52.351
170	1.4012172222	0.3761808367	0.7082472195	0.7056839300	2023-12-19T17:57:07.976
180	1.3982590437	0.3829284750	0.7118458908	[1m0.7125496435[0m	2023-12-19T18:00:23.482
190	1.3937551975	0.3805668016	0.7141818718	[1m0.7155962780[0m	2023-12-19T18:03:38.966
200	1.3902218342	0.3954116059	0.7161035754	[1m0.7167705873[0m	2023-12-19T18:06:54.648
210	1.3939766884	0.3795546559	0.7140396635	[1m0.7181789710[0m	2023-12-19T18:10:10.292
220	1.3710536957	0.4058704453	0.7256314395	[1m0.7268675116[0m	2023-12-19T18:13:26.200
230	1.3798565865	0.4021592443	0.7300468306	0.7244555189	2023-12-19T18:16:42.100
240	1.3613326550	0.4095816464	0.7338647267	[1m0.7314234488[0m	2023-12-19T18:19:58.401
250	1.3498896360	0.4331983806	0.7411735226	[1m0.7402731411[0m	2023-12-19T18:23:14.687
260	1.3377412558	0.4419703104	0.7462867750	[1m0.7466346109[0m	2023-12-19T18:26:30.932
270	1.3346285820	0.4278002699	0.7469698449	[1m0.7481436140[0m	2023-12-19T18:29:47.173
280	1.3233186007	0.4389338731	0.7526462373	[1m0.7509600721[0m	2023-12-19T18:33:03.481
290	1.3152352571	0.4473684211	0.7577920794	[1m0.7589227786[0m	2023-12-19T18:36:20.070
300	1.3096038103	0.4416329285	0.7576287386	0.7529142649	2023-12-19T18:39:36.594
310	1.3156381845	0.4274628880	0.7619019159	0.7539197934	2023-12-19T18:42:53.404
320	1.2870668173	0.4554655870	0.7643916249	0.7564924365	2023-12-19T18:46:10.130
330	1.2953935862	0.4453441296	0.7653022154	0.7561164784	2023-12-19T18:49:26.899
340	1.2766549587	0.4615384615	0.7731263925	[1m0.7679124824[0m	2023-12-19T18:52:43.745
350	1.2704119682	0.4598515520	0.7727780219	0.7636188887	2023-12-19T18:56:00.503
360	1.2689776421	0.4665991903	0.7705215236	0.7630104112	2023-12-19T18:59:17.654
370	1.2560966015	0.4767206478	0.7769541220	[1m0.7696268360[0m	2023-12-19T19:02:34.769
380	1.2513613701	0.4679487179	0.7797737306	[1m0.7721094555[0m	2023-12-19T19:05:51.882
390	1.2563253641	0.4669365722	0.7788735299	0.7671854293	2023-12-19T19:09:09.009
400	1.2467039824	0.4662618084	0.7813274831	0.7669942324	2023-12-19T19:12:26.386
410	1.2565201521	0.4672739541	0.7800708732	0.7681407391	2023-12-19T19:15:43.876
420	1.2680660486	0.4531039136	0.7818710076	0.7679416136	2023-12-19T19:19:01.039
430	1.2501162291	0.4726720648	0.7803644514	0.7702695958	2023-12-19T19:22:18.400
440	1.2357946634	0.4821187584	0.7835655490	0.7716000963	2023-12-19T19:25:35.773
450	1.2406414747	0.4679487179	0.7846859532	[1m0.7725284076[0m	2023-12-19T19:28:53.264
460	1.2252595425	0.4854925776	0.7859391068	[1m0.7738643228[0m	2023-12-19T19:32:10.994
470	1.2321231365	0.4784075574	0.7877619467	[1m0.7756187992[0m	2023-12-19T19:35:28.663
480	1.2234058380	0.4804318489	0.7892867243	[1m0.7793125214[0m	2023-12-19T19:38:46.629
490	1.2509758472	0.4770580297	0.7841932894	0.7689398123	2023-12-19T19:42:04.683
500	1.2255994081	0.4713225371	0.7890550709	0.7753255045	2023-12-19T19:45:32.883
eval AUC = 0.7713253784396612
eval Acc = 0.4601412714429869
# test=2, eval=5
Epoch	CE	Acc	AUC	TestAUC	Time
0	1.6094337702	0.1997981837	0.5105033914	0.5046057920	2023-12-19T19:45:50.899
10	1.4940146208	0.3208879919	0.5993045277	[1m0.6125686305[0m	2023-12-19T19:49:09.021
20	1.4859027863	0.3175243861	0.5978042732	0.5955456447	2023-12-19T19:52:27.129
30	1.4715936184	0.3225697948	0.6056340663	0.6070489419	2023-12-19T19:55:51.211
40	1.4634093046	0.3333333333	0.6161676972	[1m0.6239957861[0m	2023-12-19T19:59:20.803
50	1.4602456093	0.3249243189	0.6740566401	[1m0.6717724262[0m	2023-12-19T20:02:39.131
60	1.4454264641	0.3387151026	0.6838579416	[1m0.6884473947[0m	2023-12-19T20:05:57.471
70	1.4376144409	0.3397241843	0.6872584106	[1m0.6898829084[0m	2023-12-19T20:09:15.607
80	1.4244390726	0.3440968718	0.6998966697	[1m0.7027572508[0m	2023-12-19T20:12:34.136
90	1.4447872639	0.3380423814	0.6823795666	0.6885651673	2023-12-19T20:15:52.872
100	1.4205293655	0.3454423142	0.6996456098	0.7010498574	2023-12-19T20:19:11.686
110	1.3979715109	0.3831146990	0.7218826489	[1m0.7219809167[0m	2023-12-19T20:22:29.436
120	1.3853735924	0.4120417087	0.7285467673	[1m0.7320562799[0m	2023-12-19T20:25:45.710
130	1.3741977215	0.4191052809	0.7363130119	[1m0.7392705867[0m	2023-12-19T20:29:00.515
140	1.3538174629	0.4231416078	0.7428950124	[1m0.7483604933[0m	2023-12-19T20:32:14.666
150	1.3475762606	0.4043054154	0.7501933442	[1m0.7517201226[0m	2023-12-19T20:35:28.285
160	1.3190339804	0.4413050790	0.7569371893	[1m0.7550192622[0m	2023-12-19T20:38:41.446
170	1.3152315617	0.4342415069	0.7616082217	[1m0.7561704497[0m	2023-12-19T20:41:53.732
180	1.3154256344	0.4480322906	0.7633763725	[1m0.7579724443[0m	2023-12-19T20:45:04.884
190	1.2892909050	0.4446686848	0.7688679405	[1m0.7623852390[0m	2023-12-19T20:48:14.556
200	1.2832121849	0.4601412714	0.7713862945	[1m0.7656384644[0m	2023-12-19T20:51:22.709
210	1.2960493565	0.4413050790	0.7653318569	0.7619960757	2023-12-19T20:54:28.465
220	1.2678706646	0.4567776657	0.7754829242	0.7645050984	2023-12-19T20:57:31.339
230	1.2620531321	0.4574503868	0.7786444068	[1m0.7691114310[0m	2023-12-19T21:00:33.355
240	1.2581106424	0.4571140262	0.7790825109	0.7654835877	2023-12-19T21:03:35.284
250	1.2608151436	0.4665321224	0.7772218210	[1m0.7694733569[0m	2023-12-19T21:06:36.816
260	1.2549902201	0.4668684830	0.7803321398	[1m0.7701301726[0m	2023-12-19T21:09:38.322
270	1.2482490540	0.4695593676	0.7805724208	0.7635032473	2023-12-19T21:12:40.543
280	1.2549597025	0.4709048100	0.7791427434	0.7661098132	2023-12-19T21:15:42.607
290	1.2562826872	0.4567776657	0.7794246948	[1m0.7705291479[0m	2023-12-19T21:18:45.092
300	1.2555887699	0.4661957619	0.7798859818	0.7675302157	2023-12-19T21:21:48.080
310	1.2423802614	0.4762865792	0.7829609181	0.7700289133	2023-12-19T21:24:51.006
320	1.2468510866	0.4702320888	0.7796368386	0.7678944007	2023-12-19T21:27:54.315
330	1.2334544659	0.4712411705	0.7853253567	[1m0.7724766840[0m	2023-12-19T21:30:57.774
340	1.2331913710	0.4826774302	0.7846822615	0.7716332675	2023-12-19T21:34:01.518
350	1.2486828566	0.4678775647	0.7833150005	0.7690864477	2023-12-19T21:37:05.188
360	1.2233278751	0.4857046754	0.7884667183	[1m0.7764207953[0m	2023-12-19T21:40:09.103
370	1.2215455770	0.4887319206	0.7887067845	0.7753021451	2023-12-19T21:43:13.737
380	1.2354794741	0.4820047090	0.7868258639	0.7759876655	2023-12-19T21:46:17.834
390	1.2541154623	0.4732593340	0.7863328585	0.7751694086	2023-12-19T21:49:22.373
400	1.2466486692	0.4863773966	0.7833235897	0.7610152585	2023-12-19T21:52:27.222
410	1.2226442099	0.4846955937	0.7879149043	0.7734616551	2023-12-19T21:55:32.006
420	1.2182919979	0.4870501177	0.7899313440	0.7735442874	2023-12-19T21:58:36.573
430	1.2120332718	0.4917591658	0.7914825179	0.7739936558	2023-12-19T22:01:41.426
440	1.2259384394	0.4796501850	0.7867211706	0.7682468798	2023-12-19T22:04:46.493
450	1.2176908255	0.4897410024	0.7901531344	0.7734893249	2023-12-19T22:07:51.421
460	1.2178739309	0.4843592331	0.7919813610	0.7731000757	2023-12-19T22:10:56.433
eval AUC = 0.7807040685325867
eval Acc = 0.46130346232179226
# test=3, eval=1
Epoch	CE	Acc	AUC	TestAUC	Time
0	1.6094535589	0.2000674764	0.5743878798	0.5790387828	2023-12-19T22:14:06.422
10	1.4845278263	0.3225371120	0.6607182107	[1m0.6510617310[0m	2023-12-19T22:17:11.935
20	1.4624416828	0.3161268556	0.6127743118	0.6113480413	2023-12-19T22:20:17.342
30	1.4465074539	0.3103913630	0.6276964159	0.6234489809	2023-12-19T22:23:22.744
40	1.4014492035	0.3579622132	0.6892832106	[1m0.6668393272[0m	2023-12-19T22:26:28.459
50	1.3925377131	0.3680836707	0.6820814871	0.6636728642	2023-12-19T22:29:33.945
60	1.3831541538	0.3795546559	0.6960499943	[1m0.6703476935[0m	2023-12-19T22:32:40.065
70	1.3755440712	0.3933873144	0.6992018491	[1m0.6718781538[0m	2023-12-19T22:35:46.302
80	1.3720861673	0.3964237517	0.7028301562	[1m0.6736279413[0m	2023-12-19T22:38:52.557
90	1.3634197712	0.4038461538	0.7067834437	[1m0.6774545151[0m	2023-12-19T22:41:58.874
100	1.3558495045	0.4089068826	0.7131748345	[1m0.6828772227[0m	2023-12-19T22:45:05.509
110	1.3695352077	0.3809041835	0.7157493846	[1m0.6871885648[0m	2023-12-19T22:48:12.077
120	1.3486001492	0.4082321188	0.7269785752	[1m0.6914238918[0m	2023-12-19T22:51:25.246
130	1.3456349373	0.4058704453	0.7334380560	[1m0.6994503672[0m	2023-12-19T22:54:13.945
140	1.3299905062	0.4068825911	0.7381418692	0.6988728191	2023-12-19T22:57:03.769
150	1.3273767233	0.4156545209	0.7426933715	[1m0.7011262627[0m	2023-12-19T22:59:54.585
160	1.3188540936	0.4173414305	0.7491073521	[1m0.7059322988[0m	2023-12-19T23:02:46.107
170	1.3196142912	0.4321862348	0.7460965102	0.7023880203	2023-12-19T23:05:38.287
180	1.3045471907	0.4315114710	0.7555995996	[1m0.7119152213[0m	2023-12-19T23:08:31.082
190	1.2975552082	0.4217273954	0.7560013787	[1m0.7143135518[0m	2023-12-19T23:11:24.478
200	1.3008574247	0.4450067476	0.7549597008	0.7141895887	2023-12-19T23:14:18.379
210	1.2857462168	0.4331983806	0.7611189042	[1m0.7214077609[0m	2023-12-19T23:17:12.750
220	1.2875192165	0.4281376518	0.7634537323	[1m0.7251012152[0m	2023-12-19T23:20:07.389
230	1.2823282480	0.4311740891	0.7625943003	[1m0.7260544293[0m	2023-12-19T23:23:02.449
240	1.2674623728	0.4504048583	0.7676482430	0.7236885818	2023-12-19T23:25:57.820
250	1.2668933868	0.4379217274	0.7694573294	[1m0.7319747753[0m	2023-12-19T23:28:53.566
260	1.2547838688	0.4433198381	0.7744930765	[1m0.7345356855[0m	2023-12-19T23:31:49.683
270	1.2609034777	0.4446693657	0.7722990774	0.7290055734	2023-12-19T23:34:46.080
280	1.2488576174	0.4466936572	0.7771053203	[1m0.7345378884[0m	2023-12-19T23:37:42.830
290	1.2598084211	0.4527665317	0.7773952817	[1m0.7441222068[0m	2023-12-19T23:40:39.817
300	1.2319228649	0.4622132254	0.7829467556	[1m0.7445161860[0m	2023-12-19T23:43:37.009
310	1.2261241674	0.4743589744	0.7851002583	[1m0.7465213980[0m	2023-12-19T23:46:34.303
320	1.2221407890	0.4696356275	0.7862741536	[1m0.7469502605[0m	2023-12-19T23:49:31.753
330	1.2231683731	0.4679487179	0.7844105408	0.7456916424	2023-12-19T23:52:29.290
340	1.2114313841	0.4770580297	0.7905189541	[1m0.7539791623[0m	2023-12-19T23:55:26.944
350	1.2235714197	0.4713225371	0.7871228696	0.7469018809	2023-12-19T23:58:24.736
360	1.2034102678	0.4784075574	0.7923976259	[1m0.7547047815[0m	2023-12-20T00:01:22.620
370	1.2059589624	0.4763832659	0.7930856541	0.7539466397	2023-12-20T00:04:20.530
380	1.2100337744	0.4733468286	0.7909897117	0.7509189219	2023-12-20T00:07:18.765
390	1.2120109797	0.4750337382	0.7915750473	0.7519620898	2023-12-20T00:10:17.233
400	1.1998361349	0.4807692308	0.7957573660	[1m0.7592685094[0m	2023-12-20T00:13:16.196
410	1.1912113428	0.4811066127	0.7968209237	0.7585711433	2023-12-20T00:16:15.213
420	1.1842089891	0.4861673414	0.7993020430	[1m0.7606532047[0m	2023-12-20T00:19:14.270
430	1.2066595554	0.4692982456	0.7979228584	[1m0.7617742352[0m	2023-12-20T00:22:13.735
440	1.2055555582	0.4770580297	0.7946377076	0.7557488824	2023-12-20T00:25:13.120
450	1.2294797897	0.4659244265	0.7949322465	0.7504184551	2023-12-20T00:28:12.687
460	1.1897705793	0.4794197031	0.8013791271	0.7600248806	2023-12-20T00:31:12.360
470	1.1804267168	0.4912280702	0.8015118968	0.7615258124	2023-12-20T00:34:12.198
480	1.1765227318	0.4962887989	0.8014615029	[1m0.7618511488[0m	2023-12-20T00:37:12.128
490	1.1709394455	0.4922402159	0.8032902840	0.7609626812	2023-12-20T00:40:12.294
500	1.1783174276	0.4922402159	0.8016907963	[1m0.7627237589[0m	2023-12-20T00:43:12.679
eval AUC = 0.7641540572390331
eval Acc = 0.45509586276488395
# test=3, eval=2
Epoch	CE	Acc	AUC	TestAUC	Time
0	1.6093896627	0.2000674764	0.5557719524	0.5470645588	2023-12-20T00:43:28.876
10	1.4865598679	0.3161268556	0.6182986343	[1m0.6164706659[0m	2023-12-20T00:46:29.431
20	1.4712151289	0.3195006748	0.6402821365	[1m0.6436143248[0m	2023-12-20T00:49:30.200
30	1.4640808105	0.3208502024	0.6508859808	[1m0.6475890729[0m	2023-12-20T00:52:31.053
40	1.4341347218	0.3410931174	0.6721932404	[1m0.6640114767[0m	2023-12-20T00:55:32.086
50	1.4353899956	0.3404183536	0.6879077244	[1m0.6745832102[0m	2023-12-20T00:58:33.210
60	1.3929550648	0.3643724696	0.7024660597	[1m0.6861706190[0m	2023-12-20T01:01:34.454
70	1.3773064613	0.3707827260	0.7122307393	[1m0.6973171951[0m	2023-12-20T01:04:35.608
80	1.3706015348	0.4058704453	0.7183849204	0.6973109081	2023-12-20T01:07:36.873
90	1.3592189550	0.3913630229	0.7240562885	[1m0.6991325470[0m	2023-12-20T01:10:38.142
100	1.3534051180	0.3987854251	0.7264021577	[1m0.6993902169[0m	2023-12-20T01:13:39.655
110	1.3466937542	0.4041835358	0.7329943747	[1m0.7053471770[0m	2023-12-20T01:16:41.215
120	1.3374156952	0.4281376518	0.7357769426	[1m0.7054532797[0m	2023-12-20T01:19:42.936
130	1.3287888765	0.4291497976	0.7397677542	[1m0.7086874593[0m	2023-12-20T01:22:44.926
140	1.3278431892	0.4271255061	0.7422684529	[1m0.7121960955[0m	2023-12-20T01:25:46.735
150	1.3304469585	0.4294871795	0.7397765536	0.7078180954	2023-12-20T01:28:48.847
160	1.3263794184	0.4237516869	0.7452793678	[1m0.7154329914[0m	2023-12-20T01:31:51.129
170	1.3285791874	0.4159919028	0.7496801507	[1m0.7206042248[0m	2023-12-20T01:34:53.546
180	1.3014985323	0.4271255061	0.7545293855	[1m0.7228015721[0m	2023-12-20T01:37:55.847
190	1.3011933565	0.4308367072	0.7516867766	0.7185488932	2023-12-20T01:40:58.330
200	1.2965618372	0.4315114710	0.7542065612	0.7223081688	2023-12-20T01:44:00.969
210	1.2945325375	0.4331983806	0.7576553331	[1m0.7233914436[0m	2023-12-20T01:47:03.644
220	1.2911353111	0.4453441296	0.7601228149	[1m0.7290685483[0m	2023-12-20T01:50:06.233
230	1.3000366688	0.4379217274	0.7607523217	0.7255484490	2023-12-20T01:53:08.712
240	1.2739379406	0.4439946019	0.7662443800	[1m0.7371778867[0m	2023-12-20T01:56:11.188
250	1.2734919786	0.4436572200	0.7640552171	0.7281996878	2023-12-20T01:59:13.636
260	1.2682017088	0.4514170040	0.7682784827	0.7349680271	2023-12-20T02:02:16.124
270	1.2628545761	0.4460188934	0.7702972727	0.7340302990	2023-12-20T02:05:18.541
280	1.2495008707	0.4544534413	0.7765165044	[1m0.7436439428[0m	2023-12-20T02:08:20.914
290	1.2550039291	0.4541160594	0.7756769631	[1m0.7437665111[0m	2023-12-20T02:11:23.466
300	1.2659946680	0.4558029690	0.7716262918	0.7345529377	2023-12-20T02:14:26.142
310	1.2370108366	0.4625506073	0.7813305944	[1m0.7450106186[0m	2023-12-20T02:17:28.526
320	1.2450790405	0.4622132254	0.7824556520	[1m0.7463268548[0m	2023-12-20T02:20:31.087
330	1.2291727066	0.4743589744	0.7857331409	[1m0.7502486158[0m	2023-12-20T02:23:33.495
340	1.2394655943	0.4571524966	0.7848710241	0.7462435286	2023-12-20T02:26:35.975
350	1.2271003723	0.4763832659	0.7868990957	0.7486905078	2023-12-20T02:29:38.552
360	1.2231438160	0.4682860999	0.7900407319	[1m0.7516475715[0m	2023-12-20T02:32:41.015
370	1.2455378771	0.4493927126	0.7831085315	0.7409644702	2023-12-20T02:35:43.367
380	1.2139221430	0.4888663968	0.7932634996	[1m0.7529781893[0m	2023-12-20T02:38:45.774
390	1.2099393606	0.4838056680	0.7956992658	0.7522502541	2023-12-20T02:41:48.167
400	1.2316659689	0.4736842105	0.7915130393	0.7458869332	2023-12-20T02:44:50.778
410	1.2072701454	0.4919028340	0.7978344993	[1m0.7567457451[0m	2023-12-20T02:47:53.154
420	1.2118912935	0.4838056680	0.7978955880	0.7566981456	2023-12-20T02:50:55.704
430	1.1906523705	0.4983130904	0.8008209527	[1m0.7579074038[0m	2023-12-20T02:53:58.204
440	1.1998871565	0.4817813765	0.7951213368	0.7506942243	2023-12-20T02:57:00.697
450	1.2042123079	0.4854925776	0.8007497741	0.7572958223	2023-12-20T03:00:03.244
460	1.2086482048	0.4875168691	0.8005579565	[1m0.7582066047[0m	2023-12-20T03:03:05.814
470	1.1904375553	0.4966261808	0.8051557474	[1m0.7597723762[0m	2023-12-20T03:06:08.480
480	1.2142286301	0.4824561404	0.7983968263	0.7540959839	2023-12-20T03:09:11.061
490	1.2123053074	0.4733468286	0.8004679542	0.7547766449	2023-12-20T03:12:14
500	1.1759103537	0.5080971660	0.8060181486	0.7584409934	2023-12-20T03:15:16.992
eval AUC = 0.7878293866188493
eval Acc = 0.44601412714429867
# test=3, eval=4
Epoch	CE	Acc	AUC	TestAUC	Time
0	1.6093194485	0.1899460189	0.4257115474	0.4213764697	2023-12-20T03:15:33.466
10	1.4833663702	0.3178137652	0.6094750428	[1m0.5982886582[0m	2023-12-20T03:18:36.547
20	1.4712859392	0.3215249663	0.6159247340	[1m0.6114572248[0m	2023-12-20T03:21:40.036
30	1.4559764862	0.3232118758	0.6476590053	[1m0.6440929394[0m	2023-12-20T03:24:43.334
40	1.4342548847	0.3370445344	0.6735636200	[1m0.6641334250[0m	2023-12-20T03:27:46.599
50	1.4151996374	0.3410931174	0.6881789888	[1m0.6708106757[0m	2023-12-20T03:30:49.615
60	1.3964269161	0.3697705803	0.7074486009	[1m0.6885033136[0m	2023-12-20T03:33:52.691
70	1.3962402344	0.3660593792	0.7104351338	[1m0.6900783037[0m	2023-12-20T03:36:55.836
80	1.3818871975	0.3731443995	0.7053560676	0.6851217803	2023-12-20T03:39:58.815
90	1.3690557480	0.3917004049	0.7255258950	[1m0.6987651430[0m	2023-12-20T03:43:01.848
100	1.3613686562	0.3987854251	0.7279890951	[1m0.6995143141[0m	2023-12-20T03:46:04.710
110	1.3653343916	0.3930499325	0.7261240217	[1m0.6999835060[0m	2023-12-20T03:49:07.690
120	1.3648121357	0.4058704453	0.7279162073	0.6973786296	2023-12-20T03:52:10.634
130	1.3420486450	0.4035087719	0.7353831653	[1m0.7061309553[0m	2023-12-20T03:55:13.599
140	1.3348958492	0.4240890688	0.7409991594	[1m0.7079169064[0m	2023-12-20T03:58:16.692
150	1.3416024446	0.4220647773	0.7396118866	[1m0.7081072615[0m	2023-12-20T04:01:19.973
160	1.3336971998	0.4173414305	0.7409176151	0.7041127180	2023-12-20T04:04:23.182
170	1.3196127415	0.4271255061	0.7465902187	[1m0.7121132254[0m	2023-12-20T04:07:26.617
180	1.3538910151	0.3920377868	0.7423886406	[1m0.7145804461[0m	2023-12-20T04:10:29.861
190	1.3117405176	0.4200404858	0.7482227872	[1m0.7146795295[0m	2023-12-20T04:13:33.396
200	1.3072568178	0.4328609987	0.7514751486	[1m0.7158737948[0m	2023-12-20T04:16:36.810
210	1.3210083246	0.4207152497	0.7467996724	0.7133716435	2023-12-20T04:19:40.230
220	1.3091578484	0.4237516869	0.7495510404	0.7097595427	2023-12-20T04:22:43.898
230	1.3040772676	0.4227395412	0.7561628532	0.7143430224	2023-12-20T04:25:47.359
240	1.2916085720	0.4308367072	0.7578974712	[1m0.7220565771[0m	2023-12-20T04:28:50.916
250	1.2906346321	0.4294871795	0.7599305797	0.7217639719	2023-12-20T04:31:54.469
260	1.2846230268	0.4271255061	0.7620972729	[1m0.7244801975[0m	2023-12-20T04:34:57.743
270	1.2799087763	0.4294871795	0.7646987782	[1m0.7265479214[0m	2023-12-20T04:38:01.338
280	1.2745002508	0.4419703104	0.7669728591	[1m0.7278310680[0m	2023-12-20T04:41:04.946
290	1.2767195702	0.4433198381	0.7675907152	[1m0.7289577568[0m	2023-12-20T04:44:08.939
300	1.2674291134	0.4460188934	0.7724433908	[1m0.7337840363[0m	2023-12-20T04:47:12.809
310	1.2652628422	0.4443319838	0.7715227073	0.7309631973	2023-12-20T04:50:16.599
320	1.2673490047	0.4450067476	0.7798082088	[1m0.7381762575[0m	2023-12-20T04:53:20.406
330	1.2614171505	0.4537786775	0.7834868321	[1m0.7428302199[0m	2023-12-20T04:56:24.380
340	1.2369711399	0.4642375169	0.7875393966	[1m0.7481410655[0m	2023-12-20T04:59:28.338
350	1.2182285786	0.4696356275	0.7899132191	0.7468788536	2023-12-20T05:02:32.388
360	1.2157199383	0.4770580297	0.7909102071	[1m0.7487944890[0m	2023-12-20T05:05:36.410
370	1.2013868093	0.4878542510	0.7983884906	[1m0.7575542638[0m	2023-12-20T05:08:40.481
380	1.2155947685	0.4618758435	0.8003450372	[1m0.7586854411[0m	2023-12-20T05:11:44.517
390	1.1881474257	0.4851551957	0.8001925595	0.7564487755	2023-12-20T05:14:48.907
400	1.2082056999	0.4858299595	0.8006940028	[1m0.7608715906[0m	2023-12-20T05:17:53.072
410	1.1734215021	0.5020242915	0.8057900344	[1m0.7630883892[0m	2023-12-20T05:20:57.476
420	1.1693576574	0.5084345479	0.8078270341	[1m0.7692943329[0m	2023-12-20T05:24:01.719
430	1.1727124453	0.5064102564	0.8075869538	[1m0.7708778099[0m	2023-12-20T05:27:06.152
440	1.1824587584	0.5003373819	0.8053628404	0.7649496910	2023-12-20T05:30:10.712
450	1.1714138985	0.5094466937	0.8102080075	0.7654598722	2023-12-20T05:33:15.234
460	1.1653232574	0.5087719298	0.8117463809	[1m0.7726542838[0m	2023-12-20T05:36:19.685
470	1.1908636093	0.4979757085	0.8036679759	0.7627842541	2023-12-20T05:39:24.187
480	1.1476993561	0.5138326586	0.8135111722	0.7717643898	2023-12-20T05:42:28.874
490	1.1741108894	0.4949392713	0.8101417689	[1m0.7728127544[0m	2023-12-20T05:45:33.565
500	1.1467846632	0.5148448043	0.8139238724	[1m0.7753789632[0m	2023-12-20T05:48:38.240
eval AUC = 0.7894320540091668
eval Acc = 0.4863773965691221
# test=3, eval=5
Epoch	CE	Acc	AUC	TestAUC	Time
0	1.6094620228	0.2045072318	0.4342799334	0.4503476147	2023-12-20T05:48:54.873
10	1.4761910439	0.3192061890	0.6361591065	[1m0.6247945400[0m	2023-12-20T05:51:59.771
20	1.4704862833	0.3151698621	0.6531909620	[1m0.6351929902[0m	2023-12-20T05:55:04.548
30	1.4567685127	0.3188698285	0.6403224147	0.6271199227	2023-12-20T05:58:09.318
40	1.4471850395	0.3319878910	0.6412434232	0.6325422628	2023-12-20T06:01:14.221
50	1.4472446442	0.3259334006	0.6723226816	[1m0.6570722389[0m	2023-12-20T06:04:19.005
60	1.4303992987	0.3343424151	0.6843542896	[1m0.6666949111[0m	2023-12-20T06:07:23.905
70	1.4404559135	0.3232425160	0.6846695351	0.6597945924	2023-12-20T06:10:28.866
80	1.4193732738	0.3353514968	0.6966634706	[1m0.6748822965[0m	2023-12-20T06:13:34.127
90	1.4032372236	0.3407332661	0.7010814284	[1m0.6798356942[0m	2023-12-20T06:16:39.306
100	1.4026914835	0.3464513959	0.7002467815	0.6756202623	2023-12-20T06:19:44.506
110	1.3905233145	0.3760511268	0.7041791685	[1m0.6827617599[0m	2023-12-20T06:22:49.597
120	1.3898127079	0.3676421123	0.7031527724	0.6782419835	2023-12-20T06:25:54.681
130	1.3978935480	0.3484695594	0.7134141903	[1m0.6907653516[0m	2023-12-20T06:28:59.904
140	1.3745203018	0.3851328624	0.7186922706	[1m0.6933728527[0m	2023-12-20T06:32:05.136
150	1.3655493259	0.3958964009	0.7227346829	[1m0.7009915258[0m	2023-12-20T06:35:10.528
160	1.3680793047	0.3858055836	0.7223697206	0.6984156109	2023-12-20T06:38:15.949
170	1.3769099712	0.3683148335	0.7107092893	0.6820534264	2023-12-20T06:41:21.338
180	1.3657845259	0.3915237134	0.7180139826	0.6886999903	2023-12-20T06:44:27.072
190	1.3624762297	0.3874873865	0.7263849247	0.6981075147	2023-12-20T06:47:32.665
200	1.3446894884	0.4127144299	0.7348788840	[1m0.7166299282[0m	2023-12-20T06:50:38.074
210	1.3398592472	0.4147325933	0.7396335507	[1m0.7194028337[0m	2023-12-20T06:53:43.704
220	1.3466844559	0.4049781366	0.7351033934	0.7119170946	2023-12-20T06:56:49.236
230	1.3314346075	0.4194416414	0.7463185660	[1m0.7197397527[0m	2023-12-20T06:59:54.897
240	1.3215434551	0.4231416078	0.7520107768	[1m0.7247394610[0m	2023-12-20T07:03:00.738
250	1.3205472231	0.4389505550	0.7534351682	0.7236276195	2023-12-20T07:06:06.677
260	1.2987949848	0.4402959973	0.7606838309	[1m0.7323684515[0m	2023-12-20T07:09:12.687
270	1.2947151661	0.4396232762	0.7649663695	[1m0.7375523368[0m	2023-12-20T07:12:18.729
280	1.2737450600	0.4655230407	0.7715003776	[1m0.7434563291[0m	2023-12-20T07:15:25.011
290	1.2672761679	0.4645139590	0.7762889989	[1m0.7517210117[0m	2023-12-20T07:18:31.022
300	1.2576714754	0.4648503195	0.7785413358	[1m0.7531333724[0m	2023-12-20T07:21:37.296
310	1.2586617470	0.4698957282	0.7745503981	0.7493589282	2023-12-20T07:24:43.534
320	1.2385882139	0.4776320215	0.7831500193	[1m0.7596723959[0m	2023-12-20T07:27:49.784
330	1.2420547009	0.4776320215	0.7827265615	0.7589533653	2023-12-20T07:30:56.071
340	1.2420226336	0.4762865792	0.7837557346	[1m0.7620729579[0m	2023-12-20T07:34:02.211
350	1.2273195982	0.4769593004	0.7885361277	[1m0.7701825884[0m	2023-12-20T07:37:08.555
360	1.2299082279	0.4661957619	0.7883361777	[1m0.7705446921[0m	2023-12-20T07:40:14.735
370	1.2278496027	0.4752774975	0.7880658790	[1m0.7720305559[0m	2023-12-20T07:43:21.357
380	1.2228289843	0.4789774638	0.7895228187	0.7663603400	2023-12-20T07:46:27.744
390	1.2153152227	0.4786411033	0.7919743949	[1m0.7725566607[0m	2023-12-20T07:49:34.117
400	1.2241960764	0.4665321224	0.7879804493	0.7649363924	2023-12-20T07:52:40.500
410	1.2146956921	0.4830137908	0.7904640803	0.7664441918	2023-12-20T07:55:47.132
420	1.2077682018	0.4870501177	0.7948461693	0.7717409567	2023-12-20T07:58:53.664
430	1.2003084421	0.4863773966	0.7958682475	[1m0.7734997679[0m	2023-12-20T08:02:00.283
440	1.2046002150	0.4860410360	0.7961182784	[1m0.7758247215[0m	2023-12-20T08:05:06.825
450	1.2028733492	0.4813319879	0.7974654506	0.7732525444	2023-12-20T08:08:13.510
460	1.2145633698	0.4776320215	0.7931886740	0.7667921299	2023-12-20T08:11:20.140
470	1.2006000280	0.4883955600	0.7979176491	0.7754884944	2023-12-20T08:14:27.208
480	1.1974830627	0.4870501177	0.7961393756	0.7687564221	2023-12-20T08:17:34.096
490	1.2035551071	0.4850319543	0.7966272694	0.7741403065	2023-12-20T08:20:41.158
500	1.1847345829	0.4927682476	0.8014378089	[1m0.7759809598[0m	2023-12-20T08:23:47.997
eval AUC = 0.7864472205536015
eval Acc = 0.48879837067209775
# test=4, eval=1
Epoch	CE	Acc	AUC	TestAUC	Time
0	1.6094383001	0.2047908232	0.4402239385	0.4418685996	2023-12-20T08:24:04.844
10	1.4899880886	0.3218623482	0.6202210251	[1m0.6220046207[0m	2023-12-20T08:27:11.662
20	1.4746614695	0.3262483131	0.6257853129	[1m0.6322052424[0m	2023-12-20T08:30:18.542
30	1.4692395926	0.3245614035	0.6645341295	[1m0.6646647082[0m	2023-12-20T08:33:25.295
40	1.4554107189	0.3272604588	0.6703325782	[1m0.6698866503[0m	2023-12-20T08:36:32.151
50	1.4498623610	0.3265856950	0.6901157558	[1m0.6898833576[0m	2023-12-20T08:39:38.983
60	1.4365094900	0.3343454791	0.6932840633	[1m0.6940360350[0m	2023-12-20T08:42:46.026
70	1.4212400913	0.3549257760	0.6972870340	[1m0.6976131989[0m	2023-12-20T08:45:52.882
80	1.4225038290	0.3687584345	0.6960285765	0.6921529084	2023-12-20T08:48:59.810
90	1.4091532230	0.3569500675	0.7052544770	[1m0.7012295473[0m	2023-12-20T08:52:06.798
100	1.4301701784	0.3549257760	0.7025132061	[1m0.7063016822[0m	2023-12-20T08:55:14.022
110	1.3951865435	0.3795546559	0.7122386969	0.7056677632	2023-12-20T08:58:21.164
120	1.3912038803	0.3836032389	0.7214029677	[1m0.7189338871[0m	2023-12-20T09:01:28.414
130	1.3868948221	0.3859649123	0.7134931200	0.7047025433	2023-12-20T09:04:35.687
140	1.3668155670	0.4001349528	0.7273831069	0.7178973331	2023-12-20T09:07:43.084
150	1.3603972197	0.3997975709	0.7364766619	[1m0.7235009189[0m	2023-12-20T09:10:52.235
160	1.3609879017	0.4082321188	0.7331424531	0.7199599603	2023-12-20T09:13:59.730
170	1.3388434649	0.4217273954	0.7495952166	[1m0.7364713864[0m	2023-12-20T09:17:07.155
180	1.3429460526	0.4153171390	0.7500631726	[1m0.7369549086[0m	2023-12-20T09:20:14.629
190	1.3424295187	0.4240890688	0.7538416301	[1m0.7384328128[0m	2023-12-20T09:23:21.825
200	1.3389173746	0.4348852901	0.7471475554	0.7310161091	2023-12-20T09:26:29.195
210	1.3169416189	0.4254385965	0.7565013202	[1m0.7419307788[0m	2023-12-20T09:29:36.667
220	1.2856398821	0.4676113360	0.7752525491	[1m0.7566420032[0m	2023-12-20T09:32:44.154
230	1.2930265665	0.4443319838	0.7739798866	[1m0.7600809713[0m	2023-12-20T09:35:51.790
240	1.2782583237	0.4669365722	0.7805570212	[1m0.7623731953[0m	2023-12-20T09:38:59.264
250	1.2615427971	0.4655870445	0.7835357592	[1m0.7647206466[0m	2023-12-20T09:42:06.775
260	1.2483954430	0.4757085020	0.7846005183	[1m0.7652326731[0m	2023-12-20T09:45:14.645
270	1.2307413816	0.4898785425	0.7914836110	[1m0.7714220645[0m	2023-12-20T09:48:22.237
280	1.2554227114	0.4598515520	0.7896863057	[1m0.7715074916[0m	2023-12-20T09:51:29.931
290	1.2189552784	0.4871794872	0.7935379032	[1m0.7780276094[0m	2023-12-20T09:54:37.557
300	1.2255295515	0.4895411606	0.7942569290	0.7754584107	2023-12-20T09:57:45.328
310	1.2141853571	0.4932523617	0.7972863661	0.7759984740	2023-12-20T10:00:53.026
320	1.2056064606	0.4895411606	0.7998702162	[1m0.7798192920[0m	2023-12-20T10:04:00.665
330	1.1949788332	0.4976383266	0.8033818180	[1m0.7807449418[0m	2023-12-20T10:07:08.348
340	1.1902189255	0.4919028340	0.8038192998	[1m0.7827450583[0m	2023-12-20T10:10:15.947
350	1.1861956120	0.4939271255	0.8050837696	0.7816500993	2023-12-20T10:13:23.873
360	1.1733663082	0.4973009447	0.8080834872	[1m0.7835720054[0m	2023-12-20T10:16:31.626
370	1.1713685989	0.5074224022	0.8072150169	[1m0.7855273814[0m	2023-12-20T10:19:39.138
380	1.1781759262	0.5057354926	0.8088547701	0.7819560166	2023-12-20T10:22:46.896
390	1.1693006754	0.5148448043	0.8084510163	0.7829031907	2023-12-20T10:25:54.665
400	1.1818068027	0.4952766532	0.8097481976	0.7840679163	2023-12-20T10:29:02.343
410	1.2018841505	0.4919028340	0.8040732933	0.7754696999	2023-12-20T10:32:10.153
420	1.1785553694	0.5016869096	0.8119819840	0.7833475721	2023-12-20T10:35:17.982
430	1.2194892168	0.4878542510	0.7995971452	0.7769960105	2023-12-20T10:38:25.869
440	1.1804728508	0.4989878543	0.8111702002	0.7818597132	2023-12-20T10:41:33.842
450	1.1565926075	0.5155195682	0.8124461979	0.7853112519	2023-12-20T10:44:41.757
460	1.1491976976	0.5226045884	0.8182277789	[1m0.7863967233[0m	2023-12-20T10:47:49.510
470	1.1751313210	0.4962887989	0.8119638828	0.7821155379	2023-12-20T10:50:57.295
480	1.1476634741	0.5023616734	0.8187068550	[1m0.7869332855[0m	2023-12-20T10:54:06.395
490	1.1483258009	0.5236167341	0.8182036545	0.7853821774	2023-12-20T10:57:15.235
500	1.1486364603	0.5124831309	0.8213137305	[1m0.7874774875[0m	2023-12-20T11:00:22.939
eval AUC = 0.7733779189679313
eval Acc = 0.45509586276488395
# test=4, eval=2
Epoch	CE	Acc	AUC	TestAUC	Time
0	1.6094404459	0.2034412955	0.5401017311	0.5411481065	2023-12-20T11:00:39.971
10	1.5005036592	0.3073549258	0.6417874225	[1m0.6493915317[0m	2023-12-20T11:03:44.460
20	1.4801852703	0.3184885290	0.6067141799	0.6193870214	2023-12-20T11:06:48.836
30	1.4704442024	0.3238866397	0.6512633080	0.6487311614	2023-12-20T11:09:52.709
40	1.4806325436	0.3184885290	0.6083513933	0.6261157823	2023-12-20T11:12:57.343
50	1.4814275503	0.3100539811	0.6752857779	[1m0.6760774586[0m	2023-12-20T11:16:02.004
60	1.4453064203	0.3279352227	0.6885795669	[1m0.7008082776[0m	2023-12-20T11:19:06.068
70	1.4389244318	0.3252361673	0.6913545338	0.6946042921	2023-12-20T11:22:10.800
80	1.4282869101	0.3539136302	0.6949427666	[1m0.7022904350[0m	2023-12-20T11:25:15.596
90	1.4322259426	0.3636977058	0.6870953069	0.6886906004	2023-12-20T11:28:19.699
100	1.4200131893	0.3508771930	0.6987712085	[1m0.7040618492[0m	2023-12-20T11:31:24.139
110	1.4149181843	0.3502024291	0.7020745882	0.7030229540	2023-12-20T11:34:27.857
120	1.4145325422	0.3731443995	0.6967596492	0.6951370818	2023-12-20T11:37:31.759
130	1.4108079672	0.3704453441	0.7022844965	0.7035196605	2023-12-20T11:40:35.685
140	1.4098970890	0.3630229420	0.7012843777	0.6985288011	2023-12-20T11:43:39.767
150	1.3938466311	0.3839406208	0.7099413073	[1m0.7106089740[0m	2023-12-20T11:46:44.291
160	1.4006236792	0.3765182186	0.7044708789	0.7022841505	2023-12-20T11:49:47.840
170	1.3857008219	0.3920377868	0.7152767518	[1m0.7132732731[0m	2023-12-20T11:52:52.240
180	1.3836354017	0.4014844804	0.7272477798	[1m0.7278666741[0m	2023-12-20T11:55:57.062
190	1.3660525084	0.4075573549	0.7385986867	[1m0.7344801423[0m	2023-12-20T11:58:59.835
200	1.3523536921	0.4311740891	0.7467379042	[1m0.7424784585[0m	2023-12-20T12:02:02.623
210	1.3335804939	0.4220647773	0.7512723867	[1m0.7436292639[0m	2023-12-20T12:05:05.815
220	1.3133234978	0.4439946019	0.7613706443	[1m0.7493191923[0m	2023-12-20T12:08:08.571
230	1.3266024590	0.4392712551	0.7514367605	0.7402022257	2023-12-20T12:11:18.471
240	1.2904322147	0.4601889339	0.7689414753	[1m0.7543655475[0m	2023-12-20T12:14:06.899
250	1.2874938250	0.4547908232	0.7701027267	0.7531340274	2023-12-20T12:16:56.158
260	1.2759594917	0.4639001350	0.7733278963	[1m0.7556225962[0m	2023-12-20T12:19:46.212
270	1.2678961754	0.4655870445	0.7752252730	[1m0.7572169878[0m	2023-12-20T12:22:36.846
280	1.2712718248	0.4527665317	0.7756733478	0.7558584429	2023-12-20T12:25:28.080
290	1.2824699879	0.4500674764	0.7673980195	0.7504154774	2023-12-20T12:28:19.979
300	1.2555743456	0.4682860999	0.7802790959	[1m0.7606219646[0m	2023-12-20T12:31:12.396
310	1.2487987280	0.4730094467	0.7812196851	[1m0.7612023471[0m	2023-12-20T12:34:05.310
320	1.2520803213	0.4692982456	0.7785209595	0.7591664490	2023-12-20T12:36:58.786
330	1.2520710230	0.4676113360	0.7802699631	0.7583825172	2023-12-20T12:39:59.394
340	1.2766873837	0.4564777328	0.7742977837	0.7544133232	2023-12-20T12:43:02.379
350	1.2452967167	0.4757085020	0.7841932978	0.7608918355	2023-12-20T12:46:05.784
360	1.2389231920	0.4757085020	0.7835640587	0.7603097063	2023-12-20T12:49:09.520
370	1.2275172472	0.4797570850	0.7865530043	[1m0.7643967133[0m	2023-12-20T12:52:13.740
380	1.2364593744	0.4787449393	0.7875713718	0.7631173327	2023-12-20T12:55:18.220
390	1.2244768143	0.4854925776	0.7894791578	[1m0.7649479695[0m	2023-12-20T12:58:22.765
400	1.2454640865	0.4679487179	0.7839658797	0.7561760509	2023-12-20T13:01:27.572
410	1.2136325836	0.4925775978	0.7920726050	[1m0.7674966684[0m	2023-12-20T13:04:32.455
420	1.2114211321	0.4878542510	0.7939512795	0.7666670656	2023-12-20T13:07:37.733
430	1.2176747322	0.4824561404	0.7936624384	0.7651894244	2023-12-20T13:10:43.291
440	1.2036969662	0.4925775978	0.7959998975	[1m0.7682363588[0m	2023-12-20T13:13:49.058
450	1.2085928917	0.4848178138	0.7925634873	0.7635000327	2023-12-20T13:16:54.865
460	1.2168300152	0.4834682861	0.7937743575	0.7639793501	2023-12-20T13:20:00.788
470	1.1944153309	0.4946018893	0.7998748383	[1m0.7711367835[0m	2023-12-20T13:23:06.867
480	1.2133390903	0.4851551957	0.7979594271	[1m0.7713778196[0m	2023-12-20T13:26:13.110
490	1.1902179718	0.4979757085	0.8009685797	[1m0.7719565219[0m	2023-12-20T13:29:19.481
500	1.2210737467	0.4905533063	0.7939991623	0.7656375311	2023-12-20T13:32:25.960
eval AUC = 0.7718989645034695
eval Acc = 0.4530776992936428
# test=4, eval=3
Epoch	CE	Acc	AUC	TestAUC	Time
0	1.6094454527	0.2577597841	0.5867905851	0.5795318905	2023-12-20T13:32:42.715
10	1.4875273705	0.3157894737	0.5984574473	[1m0.6025657212[0m	2023-12-20T13:35:49.407
20	1.4692848921	0.3151147099	0.6143024848	[1m0.6188051815[0m	2023-12-20T13:38:56.091
30	1.4671014547	0.3151147099	0.6732894665	[1m0.6712264592[0m	2023-12-20T13:42:03.135
40	1.4556334019	0.3137651822	0.6730919310	[1m0.6728716711[0m	2023-12-20T13:45:10.373
50	1.4457846880	0.3356950067	0.6628095907	0.6568445714	2023-12-20T13:48:17.742
60	1.4401282072	0.3259109312	0.6957171919	[1m0.6920007811[0m	2023-12-20T13:51:25.221
70	1.4272000790	0.3350202429	0.6985239293	[1m0.6951378868[0m	2023-12-20T13:54:33.182
80	1.4194309711	0.3468286100	0.6984002907	[1m0.6966750560[0m	2023-12-20T13:57:41.180
90	1.4165415764	0.3549257760	0.6971985260	0.6908226952	2023-12-20T14:00:49.466
100	1.4413647652	0.3275978408	0.6831118088	0.6869162878	2023-12-20T14:03:58.022
110	1.4030646086	0.3545883941	0.7021291177	[1m0.6976411981[0m	2023-12-20T14:07:06.802
120	1.4010547400	0.3690958165	0.7026143966	[1m0.6986783852[0m	2023-12-20T14:10:15.730
130	1.3958162069	0.3755060729	0.7039586817	0.6973010990	2023-12-20T14:13:24.931
140	1.4103537798	0.3498650472	0.7019362540	0.6982619554	2023-12-20T14:16:34.239
150	1.3919467926	0.3775303644	0.7056470215	[1m0.7000618664[0m	2023-12-20T14:19:43.435
160	1.3964540958	0.3734817814	0.7019507220	0.6919484024	2023-12-20T14:22:52.769
170	1.3959290981	0.3630229420	0.7001950908	0.6873082486	2023-12-20T14:26:02.286
180	1.3873282671	0.3778677463	0.7086952895	[1m0.7019709098[0m	2023-12-20T14:29:11.834
190	1.3792163134	0.3795546559	0.7099074124	0.7014476120	2023-12-20T14:32:21.614
200	1.3851487637	0.3856275304	0.7089359453	0.7016722030	2023-12-20T14:35:31.405
210	1.3778898716	0.3775303644	0.7102975147	0.6981823512	2023-12-20T14:38:41.431
220	1.3891226053	0.3778677463	0.7096558030	[1m0.7021459724[0m	2023-12-20T14:41:51.524
230	1.3781611919	0.3812415655	0.7120545584	0.7005332413	2023-12-20T14:45:01.950
240	1.3729425669	0.3832658570	0.7118832365	0.7004475347	2023-12-20T14:48:12.216
250	1.3677898645	0.3903508772	0.7152212989	[1m0.7039567649[0m	2023-12-20T14:51:22.554
260	1.3717956543	0.3896761134	0.7147678864	[1m0.7064340294[0m	2023-12-20T14:54:32.925
270	1.3692454100	0.3852901484	0.7140073899	0.7012084554	2023-12-20T14:57:43.383
280	1.3811579943	0.3836032389	0.7192750570	[1m0.7099454242[0m	2023-12-20T15:00:53.883
290	1.3588988781	0.3940620783	0.7205674392	[1m0.7117029353[0m	2023-12-20T15:04:04.477
300	1.3567053080	0.3927125506	0.7220547156	0.7116431243	2023-12-20T15:07:15.243
310	1.3743386269	0.3873144399	0.7222052035	0.7085947208	2023-12-20T15:10:26.543
320	1.3614584208	0.3876518219	0.7219516166	0.7086631499	2023-12-20T15:13:37.331
330	1.3525234461	0.3930499325	0.7275218633	[1m0.7156000352[0m	2023-12-20T15:16:48.187
340	1.3494561911	0.4011470985	0.7299533306	0.7135659338	2023-12-20T15:19:58.921
350	1.3444553614	0.4031713900	0.7338848085	[1m0.7183155897[0m	2023-12-20T15:23:09.657
360	1.3440816402	0.4170040486	0.7338201523	0.7156839814	2023-12-20T15:26:20.626
370	1.3474417925	0.4028340081	0.7398185589	[1m0.7210829471[0m	2023-12-20T15:29:31.672
380	1.3311328888	0.4213900135	0.7425476808	[1m0.7219078711[0m	2023-12-20T15:32:42.631
390	1.3242079020	0.4257759784	0.7464502755	[1m0.7234498237[0m	2023-12-20T15:35:53.549
400	1.3251552582	0.4234143050	0.7473446969	0.7232686582	2023-12-20T15:39:04.676
410	1.3208876848	0.4251012146	0.7493045192	0.7231350081	2023-12-20T15:42:15.900
420	1.3180372715	0.4342105263	0.7529942253	[1m0.7308687998[0m	2023-12-20T15:45:27.183
430	1.3080621958	0.4369095816	0.7573697077	0.7282766900	2023-12-20T15:48:38.397
440	1.3074585199	0.4301619433	0.7572719270	[1m0.7349572967[0m	2023-12-20T15:51:49.524
450	1.2945775986	0.4510796221	0.7639649857	[1m0.7354422814[0m	2023-12-20T15:55:00.662
460	1.2844095230	0.4622132254	0.7683282146	[1m0.7387786900[0m	2023-12-20T15:58:11.809
470	1.2860783339	0.4463562753	0.7692884002	[1m0.7426938804[0m	2023-12-20T16:01:22.921
480	1.2955677509	0.4527665317	0.7669243896	0.7378391221	2023-12-20T16:04:34.020
490	1.2726260424	0.4578272605	0.7721565772	[1m0.7449677623[0m	2023-12-20T16:07:45.323
500	1.2624204159	0.4804318489	0.7769287268	[1m0.7500857683[0m	2023-12-20T16:10:56.477
eval AUC = 0.7384646379280806
eval Acc = 0.4339051463168517
# test=4, eval=5
Epoch	CE	Acc	AUC	TestAUC	Time
0	1.6094988585	0.2152707703	0.3871957264	0.3954314289	2023-12-20T16:11:13.980
10	1.4869689941	0.3168516650	0.6033408012	[1m0.6152299099[0m	2023-12-20T16:14:25.369
20	1.4948031902	0.3013790784	0.5908600269	0.6068281657	2023-12-20T16:17:36.845
30	1.4794373512	0.3155062227	0.6689662072	[1m0.6668580449[0m	2023-12-20T16:20:48.316
40	1.4763593674	0.3155062227	0.6117078076	0.6286625361	2023-12-20T16:23:59.701
50	1.4546494484	0.3286242852	0.6760972949	[1m0.6893721435[0m	2023-12-20T16:27:11.066
60	1.4494677782	0.3266061218	0.6835250093	0.6881839576	2023-12-20T16:30:22.405
70	1.4572499990	0.3350151362	0.6743807017	0.6769339779	2023-12-20T16:33:33.661
80	1.4402239323	0.3319878910	0.6801877782	[1m0.6939984516[0m	2023-12-20T16:36:44.987
90	1.4291183949	0.3652875883	0.6896997784	[1m0.6944243064[0m	2023-12-20T16:39:56.340
100	1.4200227261	0.3514968046	0.6933131757	[1m0.6969201727[0m	2023-12-20T16:43:07.777
110	1.4161190987	0.3494786411	0.6954029276	[1m0.7075848448[0m	2023-12-20T16:46:19.117
120	1.4118427038	0.3699966364	0.6949054172	0.7006156748	2023-12-20T16:49:30.502
130	1.4094710350	0.3699966364	0.6972428610	0.7014686144	2023-12-20T16:52:41.798
140	1.4003301859	0.3733602422	0.7007030108	[1m0.7097324079[0m	2023-12-20T16:55:53.188
150	1.3977274895	0.3642785066	0.7053982782	[1m0.7120656512[0m	2023-12-20T16:59:04.461
160	1.4057348967	0.3578876556	0.6998964797	0.6999737195	2023-12-20T17:02:15.768
170	1.3897775412	0.3693239152	0.7102159254	[1m0.7171678830[0m	2023-12-20T17:05:27.230
180	1.4081065655	0.3572149344	0.7099787163	[1m0.7212532152[0m	2023-12-20T17:08:38.524
190	1.3859708309	0.3693239152	0.7169171545	0.7183992228	2023-12-20T17:11:49.903
200	1.3779169321	0.3874873865	0.7177621791	[1m0.7215263852[0m	2023-12-20T17:15:01.404
210	1.3773330450	0.3834510595	0.7203814282	0.7205529964	2023-12-20T17:18:12.849
220	1.3748545647	0.3871510259	0.7254980136	0.7202211498	2023-12-20T17:21:24.335
230	1.3617433310	0.4063235789	0.7283399573	[1m0.7268092180[0m	2023-12-20T17:24:35.915
240	1.3651795387	0.3925327952	0.7302701760	[1m0.7296328756[0m	2023-12-20T17:27:47.633
250	1.3570978642	0.4043054154	0.7334352593	0.7284306822	2023-12-20T17:30:59.265
260	1.3506782055	0.4059872183	0.7385924309	[1m0.7338614944[0m	2023-12-20T17:34:10.812
270	1.3569649458	0.4043054154	0.7374163205	0.7303835059	2023-12-20T17:37:22.514
280	1.3451718092	0.4174234780	0.7366653235	0.7281938913	2023-12-20T17:40:33.890
290	1.3441431522	0.4197780020	0.7422249581	0.7323449823	2023-12-20T17:43:45.453
300	1.3367846012	0.4288597376	0.7457748741	[1m0.7418309961[0m	2023-12-20T17:46:57.076
310	1.3478165865	0.3921964346	0.7447119362	0.7329511857	2023-12-20T17:50:08.813
320	1.3246039152	0.4234779684	0.7458977778	0.7363555791	2023-12-20T17:53:20.526
330	1.3259328604	0.4261688530	0.7500858771	[1m0.7433396884[0m	2023-12-20T17:56:32.243
340	1.3272740841	0.4268415742	0.7460569321	0.7381659372	2023-12-20T17:59:43.992
350	1.3188124895	0.4204507232	0.7553958671	[1m0.7456541126[0m	2023-12-20T18:02:55.683
360	1.3131426573	0.4207870838	0.7575430950	[1m0.7462131329[0m	2023-12-20T18:06:07.454
370	1.3068407774	0.4291960982	0.7579017388	[1m0.7470678329[0m	2023-12-20T18:09:19.295
380	1.3161728382	0.4281870165	0.7584905021	0.7418914092	2023-12-20T18:12:31.244
390	1.2918723822	0.4365960309	0.7594371225	0.7448200977	2023-12-20T18:15:43.283
400	1.2888730764	0.4413050790	0.7658485684	[1m0.7514221402[0m	2023-12-20T18:18:55.023
410	1.2754845619	0.4460141271	0.7658320438	[1m0.7527052579[0m	2023-12-20T18:22:06.840
420	1.2656762600	0.4567776657	0.7717167456	[1m0.7572035277[0m	2023-12-20T18:25:18.687
430	1.2928168774	0.4288597376	0.7614353315	0.7459743593	2023-12-20T18:28:30.458
440	1.2780106068	0.4315506223	0.7743372306	0.7543495116	2023-12-20T18:31:42.390
450	1.2703412771	0.4406323579	0.7701551839	0.7531792308	2023-12-20T18:34:54.408
460	1.2651170492	0.4470232089	0.7723038533	0.7561717377	2023-12-20T18:38:06.414
470	1.2539240122	0.4483686512	0.7774466409	0.7566041459	2023-12-20T18:41:18.494
480	1.2423410416	0.4682139253	0.7816233131	[1m0.7636665835[0m	2023-12-20T18:44:30.733
490	1.2413913012	0.4594685503	0.7834193286	[1m0.7659489904[0m	2023-12-20T18:47:43.141
500	1.2356015444	0.4624957955	0.7805416649	0.7598806224	2023-12-20T18:50:55.401
eval AUC = 0.7710546189799876
eval Acc = 0.445010183299389
# test=5, eval=1
Epoch	CE	Acc	AUC	TestAUC	Time
0	1.6094940901	0.1997981837	0.5570975790	0.5656121504	2023-12-20T18:51:13.090
10	1.4806091785	0.3276152035	0.6557615545	[1m0.6490130599[0m	2023-12-20T18:54:25.570
20	1.4358389378	0.3491422805	0.6642233286	[1m0.6550222652[0m	2023-12-20T18:57:38.063
30	1.4074647427	0.3814328961	0.6981665671	[1m0.6866594160[0m	2023-12-20T19:00:50.645
40	1.3968901634	0.3747056845	0.6916605011	0.6863542521	2023-12-20T19:04:03.148
50	1.3947325945	0.3817692566	0.6979321302	[1m0.6923738470[0m	2023-12-20T19:07:15.751
60	1.3875191212	0.3841237807	0.7018691019	0.6908236923	2023-12-20T19:10:28.454
70	1.3862283230	0.3814328961	0.6995185869	[1m0.6947328695[0m	2023-12-20T19:13:41.288
80	1.3801627159	0.3861419442	0.7052004971	[1m0.6981701324[0m	2023-12-20T19:16:54.095
90	1.4032264948	0.3689875547	0.7131430800	[1m0.7012519547[0m	2023-12-20T19:20:06.889
100	1.3789585829	0.3881601076	0.7136862672	[1m0.7071125255[0m	2023-12-20T19:23:19.697
110	1.3727105856	0.3962327615	0.7196714169	[1m0.7151168037[0m	2023-12-20T19:26:32.584
120	1.3744827509	0.3747056845	0.7182497398	[1m0.7185538653[0m	2023-12-20T19:29:45.541
130	1.3750942945	0.3891691894	0.7255108166	[1m0.7216689472[0m	2023-12-20T19:32:58.619
140	1.3531516790	0.3992600067	0.7311436151	[1m0.7271806087[0m	2023-12-20T19:36:11.794
150	1.3503607512	0.3979145644	0.7297119739	[1m0.7282285145[0m	2023-12-20T19:39:24.899
160	1.3354210854	0.4086781029	0.7364314039	[1m0.7336252484[0m	2023-12-20T19:42:38.173
170	1.3412777185	0.4063235789	0.7413958635	[1m0.7355826067[0m	2023-12-20T19:45:51.421
180	1.3216817379	0.4130507904	0.7450529695	[1m0.7400655806[0m	2023-12-20T19:49:04.650
190	1.3165583611	0.4160780357	0.7455424165	[1m0.7460891732[0m	2023-12-20T19:52:17.979
200	1.3083662987	0.4342415069	0.7501134486	[1m0.7477363774[0m	2023-12-20T19:55:31.278
210	1.2953822613	0.4426505214	0.7569232748	[1m0.7508475870[0m	2023-12-20T19:58:44.812
220	1.2864648104	0.4473595695	0.7628611642	[1m0.7563665273[0m	2023-12-20T20:01:58.301
230	1.2797415257	0.4520686176	0.7675110510	[1m0.7641918131[0m	2023-12-20T20:05:11.781
240	1.2695094347	0.4450050454	0.7710189260	[1m0.7663740174[0m	2023-12-20T20:08:25.416
250	1.2574400902	0.4624957955	0.7761707061	[1m0.7726399768[0m	2023-12-20T20:11:39.114
260	1.2592209578	0.4574503868	0.7736629469	0.7688009632	2023-12-20T20:14:52.899
270	1.3147817850	0.4291960982	0.7757168267	0.7661324506	2023-12-20T20:18:06.607
280	1.2353079319	0.4675412042	0.7847120043	[1m0.7809925240[0m	2023-12-20T20:21:20.607
290	1.2247225046	0.4887319206	0.7871012340	[1m0.7810179798[0m	2023-12-20T20:24:34.462
300	1.2233210802	0.4796501850	0.7890264332	[1m0.7827407002[0m	2023-12-20T20:27:48.437
310	1.2246282101	0.4682139253	0.7904123635	[1m0.7843496912[0m	2023-12-20T20:31:02.368
320	1.2129201889	0.4722502523	0.7911132967	0.7841657084	2023-12-20T20:34:16.535
330	1.2063391209	0.4914228052	0.7947679136	[1m0.7876943411[0m	2023-12-20T20:37:30.673
340	1.2111266851	0.4833501514	0.7927774352	0.7872478247	2023-12-20T20:40:44.913
350	1.2227972746	0.4729229734	0.7897354931	0.7801562131	2023-12-20T20:43:59.339
360	1.2278860807	0.4739320552	0.7925778969	0.7835024449	2023-12-20T20:47:13.675
370	1.2029705048	0.4880591995	0.7941697098	0.7867236203	2023-12-20T20:50:28.070
380	1.2013852596	0.4890682812	0.7936023233	0.7866836437	2023-12-20T20:53:42.480
390	1.1796782017	0.5005045409	0.8033701128	[1m0.7907732191[0m	2023-12-20T20:56:56.909
400	1.1831485033	0.4927682476	0.8039912757	0.7896973173	2023-12-20T21:00:11.382
410	1.1871684790	0.4870501177	0.8019724865	0.7899715345	2023-12-20T21:03:25.804
420	1.1705163717	0.5018499832	0.8066578022	[1m0.7912476205[0m	2023-12-20T21:06:40.290
430	1.1953241825	0.4894046418	0.8013198088	0.7870911125	2023-12-20T21:09:54.923
440	1.1727405787	0.5042045072	0.8070352714	[1m0.7913848486[0m	2023-12-20T21:13:09.614
450	1.1678383350	0.5011772620	0.8087031827	0.7912933444	2023-12-20T21:16:24.187
460	1.1668709517	0.5018499832	0.8085553885	[1m0.7919692939[0m	2023-12-20T21:19:38.926
470	1.1701471806	0.4954591322	0.8092290615	0.7902436634	2023-12-20T21:22:53.612
480	1.1653776169	0.5001681803	0.8091561250	0.7915990029	2023-12-20T21:26:08.278
490	1.1715724468	0.5035317861	0.8091191266	0.7891297884	2023-12-20T21:29:23.009
500	1.1565573215	0.5109317188	0.8110274547	[1m0.7938986012[0m	2023-12-20T21:32:37.848
eval AUC = 0.7691123899073902
eval Acc = 0.4581231079717457
# test=5, eval=2
Epoch	CE	Acc	AUC	TestAUC	Time
0	1.6093674898	0.1957618567	0.5954756471	0.6024264250	2023-12-20T21:32:55.702
10	1.4913808107	0.3161789438	0.6194911683	[1m0.6232827627[0m	2023-12-20T21:36:10.664
20	1.4780312777	0.3171880256	0.6154272835	0.6161255021	2023-12-20T21:39:25.609
30	1.4807540178	0.3124789775	0.6500230723	[1m0.6493452544[0m	2023-12-20T21:42:40.786
40	1.4638179541	0.3235788766	0.6666939594	[1m0.6744352777[0m	2023-12-20T21:45:55.854
50	1.4533240795	0.3272788429	0.6744626907	[1m0.6894020815[0m	2023-12-20T21:49:10.939
60	1.4453315735	0.3286242852	0.6887989645	[1m0.7104244572[0m	2023-12-20T21:52:26.108
70	1.4412279129	0.3299697275	0.6834564784	0.7047688412	2023-12-20T21:55:41.478
80	1.4324285984	0.3350151362	0.6914277960	[1m0.7156265012[0m	2023-12-20T21:58:56.783
90	1.4277021885	0.3770602085	0.7038954760	[1m0.7192207329[0m	2023-12-20T22:02:12.020
100	1.4231402874	0.3703329970	0.7064858602	[1m0.7226122670[0m	2023-12-20T22:05:27.369
110	1.4137158394	0.3686511941	0.7080849923	[1m0.7254246244[0m	2023-12-20T22:08:42.808
120	1.4051302671	0.3861419442	0.7135936447	[1m0.7283817724[0m	2023-12-20T22:11:58.383
130	1.4049843550	0.3538513286	0.7135861836	[1m0.7357807623[0m	2023-12-20T22:15:13.783
140	1.3957817554	0.3844601413	0.7166578755	0.7289774297	2023-12-20T22:18:29.367
150	1.3879066706	0.3979145644	0.7194089940	0.7304600381	2023-12-20T22:21:44.904
160	1.3882622719	0.4026236125	0.7220564510	0.7325275598	2023-12-20T22:25:00.317
170	1.3748201132	0.4049781366	0.7271235413	[1m0.7387383937[0m	2023-12-20T22:28:15.824
180	1.3688478470	0.3989236461	0.7316820675	[1m0.7442754610[0m	2023-12-20T22:31:31.303
190	1.3861994743	0.3972418433	0.7232866596	0.7314617115	2023-12-20T22:34:46.909
200	1.3583571911	0.4137235116	0.7328881487	0.7429491847	2023-12-20T22:38:02.402
210	1.3588328362	0.4127144299	0.7333168458	[1m0.7447669804[0m	2023-12-20T22:41:18.018
220	1.3485139608	0.4201143626	0.7386776926	[1m0.7483932102[0m	2023-12-20T22:44:33.747
230	1.3909251690	0.3629330642	0.7359608305	[1m0.7498620026[0m	2023-12-20T22:47:49.264
240	1.3606755733	0.4103599058	0.7313368409	0.7387555699	2023-12-20T22:51:04.823
250	1.3516284227	0.4086781029	0.7344858081	0.7410701477	2023-12-20T22:54:20.503
260	1.3278466463	0.4291960982	0.7468666518	[1m0.7544155819[0m	2023-12-20T22:57:36.004
270	1.3291770220	0.4238143290	0.7476167539	[1m0.7545052512[0m	2023-12-20T23:00:51.615
280	1.3321439028	0.4180961991	0.7470297999	0.7532464564	2023-12-20T23:04:07.431
290	1.3379807472	0.4157416751	0.7492330358	[1m0.7547672066[0m	2023-12-20T23:07:23.189
300	1.3271514177	0.4258324924	0.7477943123	0.7524472558	2023-12-20T23:10:39.045
310	1.3356493711	0.4191052809	0.7482900539	0.7542310538	2023-12-20T23:13:54.955
320	1.3300125599	0.4214598049	0.7474831927	0.7527121913	2023-12-20T23:17:10.989
330	1.3208545446	0.4332324252	0.7493217809	0.7504799686	2023-12-20T23:20:27.122
340	1.3114050627	0.4372687521	0.7539026318	0.7535932724	2023-12-20T23:23:43.314
350	1.3134841919	0.4335687857	0.7528315571	0.7536378890	2023-12-20T23:26:59.370
360	1.3121420145	0.4369323915	0.7533566742	0.7510659403	2023-12-20T23:30:15.541
370	1.3121038675	0.4389505550	0.7532794979	0.7539611265	2023-12-20T23:33:31.598
380	1.3222074509	0.4157416751	0.7544722556	0.7511611145	2023-12-20T23:36:47.738
390	1.3041348457	0.4416414396	0.7560093478	0.7538718400	2023-12-20T23:40:04.075
eval AUC = 0.7505516669252442
eval Acc = 0.4248234106962664
# test=5, eval=3
Epoch	CE	Acc	AUC	TestAUC	Time
0	1.6094357967	0.2297342751	0.4641098022	0.4641191557	2023-12-20T23:43:25.739
10	1.4781168699	0.3158425832	0.6133894861	[1m0.6093906714[0m	2023-12-20T23:46:41.983
20	1.4635548592	0.3222334342	0.6472919424	[1m0.6449188883[0m	2023-12-20T23:49:58.255
30	1.4529659748	0.3282879247	0.6530768585	[1m0.6582853509[0m	2023-12-20T23:53:14.757
40	1.4466644526	0.3269424823	0.6520745793	0.6533653373	2023-12-20T23:56:31.363
50	1.4329510927	0.3366969391	0.6821796610	[1m0.6930223888[0m	2023-12-20T23:59:48.109
60	1.4395915270	0.3296333670	0.6788160136	0.6800732395	2023-12-21T00:03:04.677
70	1.4176079035	0.3377060209	0.6927470295	[1m0.6941271895[0m	2023-12-21T00:06:21.467
80	1.4469817877	0.3477968382	0.6696650392	0.6634094439	2023-12-21T00:09:38.116
90	1.4157335758	0.3669693912	0.6874136265	0.6854582587	2023-12-21T00:12:54.876
100	1.3974701166	0.3753784057	0.6986804427	[1m0.7040952518[0m	2023-12-21T00:16:11.716
110	1.3986682892	0.3619239825	0.7014981310	[1m0.7072201146[0m	2023-12-21T00:19:28.548
120	1.4053373337	0.3511604440	0.7017953262	[1m0.7128286037[0m	2023-12-21T00:22:45.583
130	1.3858827353	0.3693239152	0.7085035923	[1m0.7164412811[0m	2023-12-21T00:26:02.524
140	1.3805605173	0.3817692566	0.7081769726	0.7102553663	2023-12-21T00:29:19.518
150	1.3870329857	0.3747056845	0.7102089304	0.7146225665	2023-12-21T00:32:36.578
160	1.3789335489	0.3858055836	0.7154180700	[1m0.7212873990[0m	2023-12-21T00:35:53.737
170	1.3732799292	0.3844601413	0.7161203055	[1m0.7220026933[0m	2023-12-21T00:39:10.928
180	1.3780318499	0.3817692566	0.7099913334	0.7094533212	2023-12-21T00:42:28.219
190	1.3616104126	0.3921964346	0.7259967763	[1m0.7293513172[0m	2023-12-21T00:45:45.547
200	1.3639935255	0.3942145980	0.7241601255	0.7201072245	2023-12-21T00:49:02.897
210	1.3531961441	0.4016145308	0.7342690112	[1m0.7294379950[0m	2023-12-21T00:52:20.263
220	1.3843379021	0.3888328288	0.7196196315	0.7150151082	2023-12-21T00:55:37.792
230	1.3681745529	0.3837874201	0.7246433207	0.7188635591	2023-12-21T00:58:55.408
240	1.3351054192	0.4160780357	0.7397682370	[1m0.7343428042[0m	2023-12-21T01:02:12.948
250	1.3253715038	0.4241506895	0.7469933374	[1m0.7411271677[0m	2023-12-21T01:05:30.309
260	1.3174368143	0.4302051800	0.7522493743	[1m0.7449087731[0m	2023-12-21T01:08:45.460
270	1.3123230934	0.4372687521	0.7586351108	[1m0.7488509833[0m	2023-12-21T01:11:59.444
280	1.3126335144	0.4359233098	0.7603021750	[1m0.7511637419[0m	2023-12-21T01:15:13.633
290	1.2980196476	0.4302051800	0.7631899021	[1m0.7516163407[0m	2023-12-21T01:18:27.755
300	1.2922762632	0.4450050454	0.7679347153	[1m0.7524069788[0m	2023-12-21T01:21:41.809
310	1.2931158543	0.4396232762	0.7684836550	0.7503732943	2023-12-21T01:24:56.082
320	1.2719247341	0.4534140599	0.7725845410	[1m0.7552193302[0m	2023-12-21T01:28:10.441
330	1.2721024752	0.4517322570	0.7757104747	[1m0.7576710453[0m	2023-12-21T01:31:24.734
340	1.2829042673	0.4534140599	0.7728550347	[1m0.7605287246[0m	2023-12-21T01:34:39.071
350	1.2665543556	0.4503868147	0.7732569669	0.7576768584	2023-12-21T01:37:53.733
360	1.2458401918	0.4735956946	0.7809786703	[1m0.7631293986[0m	2023-12-21T01:41:08.566
370	1.2573926449	0.4584594686	0.7779851449	0.7628655835	2023-12-21T01:44:23.098
380	1.2322744131	0.4739320552	0.7857388112	[1m0.7677345931[0m	2023-12-21T01:47:37.845
390	1.2431998253	0.4672048436	0.7840719793	[1m0.7692555433[0m	2023-12-21T01:50:47.956
400	1.2342057228	0.4799865456	0.7862025752	0.7659005601	2023-12-21T01:53:55.549
410	1.2407963276	0.4638412378	0.7879130927	0.7673325260	2023-12-21T01:57:03.294
420	1.2213779688	0.4722502523	0.7898247374	[1m0.7712783676[0m	2023-12-21T02:00:10.388
430	1.2137986422	0.4873864783	0.7907591801	[1m0.7744929183[0m	2023-12-21T02:03:18.024
440	1.2203353643	0.4836865119	0.7901028489	0.7742422618	2023-12-21T02:06:26.147
450	1.2147903442	0.4931046081	0.7931814471	[1m0.7769152822[0m	2023-12-21T02:09:33.671
460	1.2176862955	0.4846955937	0.7895523420	0.7740158515	2023-12-21T02:12:41.894
470	1.2082713842	0.4853683148	0.7931665980	[1m0.7774923988[0m	2023-12-21T02:15:50.342
480	1.2079496384	0.4931046081	0.7954554580	0.7769473669	2023-12-21T02:18:58.113
490	1.2145897150	0.4846955937	0.7925813927	0.7760456037	2023-12-21T02:22:05.735
500	1.2119553089	0.4857046754	0.7962973123	[1m0.7789466301[0m	2023-12-21T02:25:13.431
eval AUC = 0.7689083280254577
eval Acc = 0.47628657921291623
# test=5, eval=4
Epoch	CE	Acc	AUC	TestAUC	Time
0	1.6096258163	0.2058526741	0.4234401194	0.4448185944	2023-12-21T02:25:30.911
10	1.5044996738	0.2441977800	0.5933917120	[1m0.5907143366[0m	2023-12-21T02:28:30.123
20	1.4898313284	0.3161789438	0.6046816851	[1m0.6047622061[0m	2023-12-21T02:31:21.255
30	1.4916241169	0.3155062227	0.6089257741	[1m0.6090118430[0m	2023-12-21T02:34:28.022
40	1.4795709848	0.3198789102	0.6671586596	[1m0.6688665721[0m	2023-12-21T02:37:35.285
50	1.4633984566	0.3205516313	0.6695122520	[1m0.6763284481[0m	2023-12-21T02:40:36.298
60	1.4565143585	0.3259334006	0.6818828732	[1m0.6890681339[0m	2023-12-21T02:43:38.361
70	1.4443290234	0.3417423478	0.6947098610	[1m0.6988048403[0m	2023-12-21T02:46:40.615
80	1.4330797195	0.3484695594	0.7006502323	[1m0.7067857100[0m	2023-12-21T02:49:43.735
90	1.4235141277	0.3488059199	0.7064434220	[1m0.7171917573[0m	2023-12-21T02:52:47.356
100	1.4213314056	0.3514968046	0.6969577292	0.7030125156	2023-12-21T02:55:51.473
110	1.4249473810	0.3572149344	0.7049819780	0.7124252832	2023-12-21T02:58:55.893
120	1.4083775282	0.3831146990	0.7036507453	0.7094107553	2023-12-21T03:02:01.142
130	1.4054398537	0.3736966028	0.7032097573	0.7089773497	2023-12-21T03:05:06.377
140	1.3965427876	0.3562058527	0.7143635519	[1m0.7200608097[0m	2023-12-21T03:08:12.055
150	1.3914895058	0.3723511604	0.7173961225	[1m0.7252123240[0m	2023-12-21T03:11:18.181
160	1.3942699432	0.3699966364	0.7136950738	0.7188021096	2023-12-21T03:14:24.363
170	1.3840509653	0.3720147999	0.7213677401	[1m0.7334016815[0m	2023-12-21T03:17:31.012
180	1.4004631042	0.3592330979	0.7161683749	0.7320611322	2023-12-21T03:20:37.747
190	1.3804157972	0.3699966364	0.7244306733	0.7325353374	2023-12-21T03:23:44.739
200	1.3704713583	0.3864783047	0.7276035946	[1m0.7368019898[0m	2023-12-21T03:26:52.074
210	1.3842804432	0.3918600740	0.7234357784	0.7288982396	2023-12-21T03:29:59.477
220	1.3708753586	0.4059872183	0.7287729071	0.7355637971	2023-12-21T03:33:07.525
230	1.3640178442	0.3969054827	0.7325531612	[1m0.7410598079[0m	2023-12-21T03:36:15.664
240	1.3615974188	0.4002690885	0.7348385029	[1m0.7427657549[0m	2023-12-21T03:39:23.736
250	1.3670374155	0.3905146317	0.7343083868	0.7397740103	2023-12-21T03:42:32.266
260	1.3523974419	0.4059872183	0.7376850938	0.7423113802	2023-12-21T03:45:40.665
270	1.3432334661	0.4201143626	0.7399139088	[1m0.7451020885[0m	2023-12-21T03:48:49.050
280	1.3433865309	0.4086781029	0.7421165353	[1m0.7451689661[0m	2023-12-21T03:51:57.839
290	1.3651195765	0.4006054490	0.7362810286	0.7427496445	2023-12-21T03:55:06.694
300	1.3475655317	0.4150689539	0.7432386259	[1m0.7469866930[0m	2023-12-21T03:58:15.679
310	1.3632565737	0.3999327279	0.7366800755	0.7405335256	2023-12-21T04:01:25.292
320	1.3252208233	0.4170871174	0.7503390210	[1m0.7529959466[0m	2023-12-21T04:04:34.890
330	1.3251312971	0.4268415742	0.7477715177	0.7494793858	2023-12-21T04:07:44.693
340	1.3200328350	0.4234779684	0.7567077459	[1m0.7597037683[0m	2023-12-21T04:10:54.926
350	1.3267998695	0.4197780020	0.7569428957	[1m0.7600477751[0m	2023-12-21T04:14:05.211
360	1.2965936661	0.4386141944	0.7656677611	[1m0.7659484918[0m	2023-12-21T04:17:15.545
370	1.2796298265	0.4439959637	0.7700026783	[1m0.7704494953[0m	2023-12-21T04:20:26.137
380	1.2775034904	0.4513958964	0.7689923277	0.7698038988	2023-12-21T04:23:36.610
390	1.2758198977	0.4540867810	0.7733952202	[1m0.7729685867[0m	2023-12-21T04:26:47.027
400	1.2541512251	0.4601412714	0.7774593997	[1m0.7762875919[0m	2023-12-21T04:29:57.598
410	1.2660137415	0.4503868147	0.7756482310	0.7750977714	2023-12-21T04:33:08.550
420	1.2553879023	0.4581231080	0.7794067044	[1m0.7797139658[0m	2023-12-21T04:36:19.610
430	1.2517504692	0.4672048436	0.7811435374	[1m0.7805779001[0m	2023-12-21T04:39:30.509
440	1.2740063667	0.4470232089	0.7764010350	0.7753805227	2023-12-21T04:42:41.968
450	1.2393920422	0.4668684830	0.7819256636	[1m0.7813160458[0m	2023-12-21T04:45:53.363
460	1.2332813740	0.4719138917	0.7845294003	[1m0.7823147790[0m	2023-12-21T04:49:04.900
470	1.2522214651	0.4554322233	0.7830286214	0.7815702896	2023-12-21T04:52:16.555
480	1.2357116938	0.4715775311	0.7843209920	0.7804144085	2023-12-21T04:55:19.474
490	1.2281072140	0.4698957282	0.7861039575	0.7819738186	2023-12-21T04:58:24.744
500	1.2326427698	0.4783047427	0.7858497323	[1m0.7833206340[0m	2023-12-21T05:01:28.008
eval AUC = 0.76920660560093
eval Acc = 0.4419778002018164
avg eval AUC = 0.7697502712455548
avg eval Acc = 0.45549261068557956
avg cor among in-layer params = -0.0026266437
