Wed Dec 20 12:36:53 PM AEDT 2023
# hypergraphs = ["../Model_1/H/", "../Model_3/H/", "../Model_4/H/"]
# load_model = nothing
# 0W = false
# early_stop = 100
# weigh_edges = false
# nFilters = 64
# kernel_sizes = [2, 5, 10, 15, 20]
# 0V = true
# nFilters2 = 32
# pre = nothing
# pred = pred_0V_134.tsv
# pair_files = false
# weigh_nodes = false
# model = 8
# edge_values = String[]
# node_values = ["../Model_1/nodeCents/", "../Model_3/nodeCents/", "../Model_4/nodeCents/"]
# cv = true
# epochs = 500
# save_model = models/model_0V_134.bson
# sample = nothing
# 0H = false
# Reading label 1 from 989 hypergraphs matching:
# ../Model_1/H/
# ../Model_1/nodeCents/
# Reading label 2 from 970 hypergraphs matching:
# ../Model_3/H/
# ../Model_3/nodeCents/
# Reading label 3 from 1017 hypergraphs matching:
# ../Model_4/H/
# ../Model_4/nodeCents/
# num label 1 = 989
# num label 2 = 970
# num label 3 = 1017
# test=1, eval=2
Epoch	CE	Acc	AUC	TestAUC	Time
0	1.1028076410	0.2897982063	0.3843842847	0.3741373077	2023-12-20T12:39:09.185
10	0.2228273749	0.9136771300	0.9857965094	[1m0.9757629954[0m	2023-12-20T12:42:55.758
20	0.1341086626	0.9545964126	0.9949090266	[1m0.9775925038[0m	2023-12-20T12:45:00.372
30	0.0963506848	0.9680493274	0.9985250869	0.9772346140	2023-12-20T12:47:06.151
40	0.0585426092	0.9893497758	0.9997868867	0.9773763445	2023-12-20T12:49:12.814
50	0.0660585389	0.9736547085	0.9999649131	0.9764220901	2023-12-20T12:51:20.359
60	0.0157748125	1.0000000000	1.0000000000	0.9768597871	2023-12-20T12:53:28.529
70	0.0093980134	1.0000000000	1.0000000000	0.9768413706	2023-12-20T12:55:36.934
80	0.0040778057	1.0000000000	1.0000000000	0.9768406031	2023-12-20T12:57:45.730
90	0.0029102517	1.0000000000	1.0000000000	0.9769058203	2023-12-20T12:59:54.979
100	0.0015619057	1.0000000000	1.0000000000	0.9766150378	2023-12-20T13:02:04.465
110	0.0008206858	1.0000000000	1.0000000000	0.9765950479	2023-12-20T13:04:14.335
120	0.0004615370	1.0000000000	1.0000000000	0.9768901969	2023-12-20T13:06:24.370
eval AUC = 0.9788161499066952
eval Acc = 0.9026845637583892
# test=1, eval=3
Epoch	CE	Acc	AUC	TestAUC	Time
0	1.1222282648	0.3307174888	0.3001600798	0.2969470470	2023-12-20T13:08:38.717
10	0.2429178655	0.9080717489	0.9833189693	[1m0.9738399218[0m	2023-12-20T13:10:50.445
20	0.1552809030	0.9433856502	0.9936740393	[1m0.9782279008[0m	2023-12-20T13:13:01.669
30	0.1173622757	0.9635650224	0.9979305041	0.9780504187	2023-12-20T13:15:12.810
40	0.0596012399	0.9859865471	0.9994781729	0.9770638491	2023-12-20T13:17:24.060
50	0.0382186957	0.9932735426	0.9999126882	0.9767823926	2023-12-20T13:19:35.452
60	0.0320705064	0.9955156951	0.9999962734	0.9758171959	2023-12-20T13:21:47.231
70	0.0110232988	1.0000000000	1.0000000000	0.9752512902	2023-12-20T13:23:59.238
80	0.0067677367	1.0000000000	1.0000000000	0.9752187311	2023-12-20T13:26:11.417
90	0.0031463832	1.0000000000	1.0000000000	0.9750471018	2023-12-20T13:28:23.867
100	0.0018811167	1.0000000000	1.0000000000	0.9750796685	2023-12-20T13:30:36.239
110	0.0010597730	1.0000000000	1.0000000000	0.9749385430	2023-12-20T13:32:48.767
120	0.0005904883	1.0000000000	1.0000000000	0.9747748980	2023-12-20T13:35:01.636
eval AUC = 0.9753286744688592
eval Acc = 0.8959731543624161
# test=1, eval=4
Epoch	CE	Acc	AUC	TestAUC	Time
0	1.1016051769	0.3262331839	0.6075969508	0.5953254607	2023-12-20T13:37:18.070
10	0.2301312387	0.9103139013	0.9857628322	[1m0.9760357422[0m	2023-12-20T13:39:31.246
20	0.1500695348	0.9523542601	0.9943685546	[1m0.9794682235[0m	2023-12-20T13:41:44.478
30	0.1033508927	0.9714125561	0.9980822529	0.9793849066	2023-12-20T13:43:57.981
40	0.0766833350	0.9792600897	0.9996889758	0.9778621191	2023-12-20T13:46:11.477
50	0.0333694033	0.9960762332	0.9999906195	0.9776674401	2023-12-20T13:48:25.119
60	0.0178695433	0.9994394619	1.0000000000	0.9772317212	2023-12-20T13:50:39.018
70	0.0092398915	1.0000000000	1.0000000000	0.9769686543	2023-12-20T13:52:52.988
80	0.0042262268	1.0000000000	1.0000000000	0.9773275982	2023-12-20T13:55:07.174
90	0.0024083110	1.0000000000	1.0000000000	0.9774790785	2023-12-20T13:57:21.343
100	0.0015643364	1.0000000000	1.0000000000	0.9770909305	2023-12-20T13:59:35.716
110	0.0007580000	1.0000000000	1.0000000000	0.9772787807	2023-12-20T14:01:50.210
120	0.0005556758	1.0000000000	1.0000000000	0.9773091984	2023-12-20T14:04:04.808
eval AUC = 0.9844001772665404
eval Acc = 0.9060402684563759
# test=1, eval=5
Epoch	CE	Acc	AUC	TestAUC	Time
0	1.0977877378	0.4435123043	0.5570770648	0.5667141146	2023-12-20T14:06:23.362
10	0.1969186962	0.9244966443	0.9881336733	[1m0.9783309294[0m	2023-12-20T14:08:38.307
20	0.1608857810	0.9407158837	0.9942083755	[1m0.9800069977[0m	2023-12-20T14:10:53.012
30	0.0832386911	0.9753914989	0.9983011489	[1m0.9814784617[0m	2023-12-20T14:13:08.102
40	0.0603428073	0.9899328859	0.9995337156	0.9810975878	2023-12-20T14:15:23.166
50	0.0278519019	0.9966442953	0.9999678664	[1m0.9821428103[0m	2023-12-20T14:17:38.174
60	0.0142670358	1.0000000000	1.0000000000	0.9818752435	2023-12-20T14:19:53.419
70	0.0068140952	1.0000000000	1.0000000000	0.9820964468	2023-12-20T14:22:08.881
80	0.0035387541	1.0000000000	1.0000000000	0.9817412709	2023-12-20T14:24:24.237
90	0.0023074611	1.0000000000	1.0000000000	0.9817396062	2023-12-20T14:26:39.670
100	0.0015527706	1.0000000000	1.0000000000	0.9813080721	2023-12-20T14:28:55.343
110	0.0005832311	1.0000000000	1.0000000000	0.9816437946	2023-12-20T14:31:10.983
120	0.0003321232	1.0000000000	1.0000000000	0.9815983835	2023-12-20T14:33:26.731
130	0.0002096620	1.0000000000	1.0000000000	0.9816952429	2023-12-20T14:35:42.711
140	0.0001363263	1.0000000000	1.0000000000	0.9817824114	2023-12-20T14:37:58.711
150	0.0000673087	1.0000000000	1.0000000000	0.9818015085	2023-12-20T14:40:14.932
eval AUC = 0.9820469076053705
eval Acc = 0.9037162162162162
# test=2, eval=1
Epoch	CE	Acc	AUC	TestAUC	Time
0	1.1138011217	0.3323991031	0.3159757156	0.3403586766	2023-12-20T14:42:35.044
10	0.2460706234	0.9013452915	0.9842840330	[1m0.9734154692[0m	2023-12-20T14:44:51.589
20	0.1471648663	0.9461883408	0.9939281422	[1m0.9776031783[0m	2023-12-20T14:47:07.878
30	0.0950547606	0.9719730942	0.9978831905	[1m0.9777724220[0m	2023-12-20T14:49:24.500
40	0.0670543611	0.9798206278	0.9994612433	0.9767516028	2023-12-20T14:51:40.969
50	0.0344917960	0.9960762332	0.9999435285	0.9766617474	2023-12-20T14:53:57.773
60	0.0165713020	1.0000000000	1.0000000000	0.9758499811	2023-12-20T14:56:14.484
70	0.0104801562	1.0000000000	1.0000000000	0.9761296223	2023-12-20T14:58:31.232
80	0.0054373629	1.0000000000	1.0000000000	0.9756419128	2023-12-20T15:00:48.243
90	0.0032251098	1.0000000000	1.0000000000	0.9761535057	2023-12-20T15:03:05.237
100	0.0014934692	1.0000000000	1.0000000000	0.9761946188	2023-12-20T15:05:22.382
110	0.0008377429	1.0000000000	1.0000000000	0.9765350731	2023-12-20T15:07:39.554
120	0.0004802889	1.0000000000	1.0000000000	0.9764433777	2023-12-20T15:09:57.528
130	0.0002908753	1.0000000000	1.0000000000	0.9765380119	2023-12-20T15:12:14.639
eval AUC = 0.9799852285252265
eval Acc = 0.9060402684563759
# test=2, eval=3
Epoch	CE	Acc	AUC	TestAUC	Time
0	1.1032168865	0.3032511211	0.4267348550	0.4279433226	2023-12-20T15:14:35.794
10	0.3008231819	0.8800448430	0.9827715346	[1m0.9705063411[0m	2023-12-20T15:16:53.677
20	0.1502099037	0.9433856502	0.9954171945	[1m0.9785123753[0m	2023-12-20T15:19:11.140
30	0.0830035731	0.9786995516	0.9986670409	0.9776300047	2023-12-20T15:21:28.416
40	0.0434038900	0.9927130045	0.9998838357	0.9776935565	2023-12-20T15:23:45.819
50	0.0326207690	0.9949551570	0.9999985841	0.9774624395	2023-12-20T15:26:03.385
60	0.0135161066	1.0000000000	1.0000000000	0.9773215178	2023-12-20T15:28:21.020
70	0.0062916162	1.0000000000	1.0000000000	0.9777242257	2023-12-20T15:30:38.777
80	0.0040173540	1.0000000000	1.0000000000	0.9779236436	2023-12-20T15:32:56.602
90	0.0017332702	1.0000000000	1.0000000000	0.9771334974	2023-12-20T15:35:14.657
100	0.0016787327	1.0000000000	1.0000000000	0.9772560521	2023-12-20T15:37:32.415
110	0.0005752742	1.0000000000	1.0000000000	0.9772457317	2023-12-20T15:39:50.500
120	0.0003539889	1.0000000000	1.0000000000	0.9769396751	2023-12-20T15:42:08.634
eval AUC = 0.9743341634024129
eval Acc = 0.8926174496644296
# test=2, eval=4
Epoch	CE	Acc	AUC	TestAUC	Time
0	1.1512430906	0.3323991031	0.3219389162	0.3189769401	2023-12-20T15:44:30.874
10	0.2355264127	0.9114349776	0.9847085997	[1m0.9736934967[0m	2023-12-20T15:46:49.105
20	0.1951564103	0.9254484305	0.9921922508	[1m0.9766319908[0m	2023-12-20T15:49:07.398
30	0.1341721267	0.9478699552	0.9969437990	[1m0.9779672083[0m	2023-12-20T15:51:25.916
40	0.0619461723	0.9882286996	0.9991249205	0.9777042459	2023-12-20T15:53:44.351
50	0.0414761305	0.9932735426	0.9997622462	0.9779277605	2023-12-20T15:56:02.914
60	0.0191662200	0.9988789238	0.9999919346	0.9773126980	2023-12-20T15:58:21.712
70	0.0110218003	1.0000000000	1.0000000000	0.9765561120	2023-12-20T16:00:40.587
80	0.0056511820	1.0000000000	1.0000000000	0.9771368439	2023-12-20T16:02:59.546
90	0.0034601153	1.0000000000	1.0000000000	0.9769759605	2023-12-20T16:05:18.442
100	0.0017142891	1.0000000000	1.0000000000	0.9770829288	2023-12-20T16:07:37.465
110	0.0010279953	1.0000000000	1.0000000000	0.9770595296	2023-12-20T16:09:56.494
120	0.0006078187	1.0000000000	1.0000000000	0.9772877213	2023-12-20T16:12:15.581
130	0.0006110748	1.0000000000	1.0000000000	0.9773293620	2023-12-20T16:14:34.515
eval AUC = 0.9833397994968446
eval Acc = 0.9010067114093959
# test=2, eval=5
Epoch	CE	Acc	AUC	TestAUC	Time
0	1.1103423834	0.3422818792	0.4916017244	0.5083360434	2023-12-20T16:16:57.553
10	0.2349926531	0.9065995526	0.9850100893	[1m0.9753220184[0m	2023-12-20T16:19:16.559
20	0.1563240737	0.9446308725	0.9921771392	[1m0.9777980008[0m	2023-12-20T16:21:35.870
30	0.1204845384	0.9541387025	0.9958037572	[1m0.9788313147[0m	2023-12-20T16:23:55.080
40	0.0741113052	0.9804250559	0.9984265066	[1m0.9791029344[0m	2023-12-20T16:26:14.356
50	0.0572535880	0.9882550336	0.9994506760	0.9777920886	2023-12-20T16:28:33.839
60	0.0512812510	0.9815436242	0.9999653860	0.9785486787	2023-12-20T16:30:53.179
70	0.0160968676	0.9988814318	1.0000000000	[1m0.9793971427[0m	2023-12-20T16:33:12.691
80	0.0091848057	1.0000000000	1.0000000000	0.9791809910	2023-12-20T16:35:32.100
90	0.0052364119	1.0000000000	1.0000000000	0.9788707948	2023-12-20T16:37:51.804
100	0.0023857888	1.0000000000	1.0000000000	0.9790393586	2023-12-20T16:40:11.377
110	0.0014911870	1.0000000000	1.0000000000	0.9790862050	2023-12-20T16:42:31.186
120	0.0007003162	1.0000000000	1.0000000000	0.9791376185	2023-12-20T16:44:50.878
130	0.0003976123	1.0000000000	1.0000000000	0.9786875800	2023-12-20T16:47:10.904
140	0.0002593909	1.0000000000	1.0000000000	0.9787810054	2023-12-20T16:49:30.806
150	0.0001464212	1.0000000000	1.0000000000	0.9787309569	2023-12-20T16:51:50.818
160	0.0000981792	1.0000000000	1.0000000000	0.9784845813	2023-12-20T16:54:10.893
170	0.0000590271	1.0000000000	1.0000000000	0.9785665547	2023-12-20T16:56:31.022
eval AUC = 0.9782273524564798
eval Acc = 0.902027027027027
# test=3, eval=1
Epoch	CE	Acc	AUC	TestAUC	Time
0	1.0950955153	0.3262331839	0.6963564953	0.7124871852	2023-12-20T16:58:55.094
10	0.2608513534	0.9007847534	0.9875213904	[1m0.9733540531[0m	2023-12-20T17:01:15.545
20	0.1496089399	0.9473094170	0.9941690024	[1m0.9757209886[0m	2023-12-20T17:03:35.969
30	0.1017498374	0.9691704036	0.9978903489	[1m0.9776247146[0m	2023-12-20T17:05:56.603
40	0.0653752759	0.9792600897	0.9993180450	[1m0.9779706207[0m	2023-12-20T17:08:17.047
50	0.0365652591	0.9966367713	0.9999582217	[1m0.9783293348[0m	2023-12-20T17:10:37.698
60	0.0177845862	0.9988789238	1.0000000000	[1m0.9789912431[0m	2023-12-20T17:12:58.290
70	0.0120458910	1.0000000000	1.0000000000	0.9789503960	2023-12-20T17:15:18.914
80	0.0046561845	1.0000000000	1.0000000000	0.9787310567	2023-12-20T17:17:39.554
90	0.0025169600	1.0000000000	1.0000000000	0.9788786493	2023-12-20T17:20:00.449
100	0.0039678509	1.0000000000	1.0000000000	0.9782119784	2023-12-20T17:22:21.084
110	0.0008697265	1.0000000000	1.0000000000	0.9787646202	2023-12-20T17:24:41.991
120	0.0005490307	1.0000000000	1.0000000000	0.9785490762	2023-12-20T17:27:02.967
130	0.0002893739	1.0000000000	1.0000000000	0.9783161119	2023-12-20T17:29:23.898
140	0.0001681331	1.0000000000	1.0000000000	0.9783496269	2023-12-20T17:31:44.882
150	0.0001118043	1.0000000000	1.0000000000	0.9783591864	2023-12-20T17:34:06.037
160	0.0001187075	1.0000000000	1.0000000000	0.9782120808	2023-12-20T17:36:27.294
eval AUC = 0.9793140310559334
eval Acc = 0.9043624161073825
# test=3, eval=2
Epoch	CE	Acc	AUC	TestAUC	Time
0	1.1331671476	0.3301569507	0.4005180621	0.4076906493	2023-12-20T17:38:52.178
10	0.2065086216	0.9254484305	0.9879693080	[1m0.9745759180[0m	2023-12-20T17:41:13.106
20	0.1353045702	0.9489910314	0.9952395489	[1m0.9761011230[0m	2023-12-20T17:43:34.433
30	0.0841767713	0.9714125561	0.9983955053	[1m0.9763905953[0m	2023-12-20T17:45:55.672
40	0.0525528304	0.9882286996	0.9997357159	[1m0.9766528586[0m	2023-12-20T17:48:16.854
50	0.0285145752	0.9966367713	0.9999505265	0.9748181265	2023-12-20T17:50:38.087
60	0.0106720924	0.9994394619	1.0000000000	0.9753803905	2023-12-20T17:52:59.531
70	0.0063076741	1.0000000000	1.0000000000	0.9752604074	2023-12-20T17:55:20.746
80	0.0026785862	1.0000000000	1.0000000000	0.9745596270	2023-12-20T17:57:42.179
90	0.0014187153	1.0000000000	1.0000000000	0.9745796124	2023-12-20T18:00:03.489
100	0.0007974837	1.0000000000	1.0000000000	0.9744753727	2023-12-20T18:02:25.112
110	0.0005184874	1.0000000000	1.0000000000	0.9742787320	2023-12-20T18:04:46.504
120	0.0002922984	1.0000000000	1.0000000000	0.9744165805	2023-12-20T18:07:08.128
130	0.0001750111	1.0000000000	1.0000000000	0.9743904144	2023-12-20T18:09:29.739
140	0.0001048757	1.0000000000	1.0000000000	0.9739124305	2023-12-20T18:11:51.444
eval AUC = 0.9808588909657368
eval Acc = 0.9110738255033557
# test=3, eval=4
Epoch	CE	Acc	AUC	TestAUC	Time
0	1.1086202860	0.3178251121	0.3010424774	0.2962238987	2023-12-20T18:14:17.294
10	0.2250973135	0.9237668161	0.9853905605	[1m0.9713469169[0m	2023-12-20T18:16:39.063
20	0.1360007524	0.9557174888	0.9944177356	[1m0.9752952601[0m	2023-12-20T18:18:47.406
30	0.0999315083	0.9658071749	0.9976535350	[1m0.9758410308[0m	2023-12-20T18:20:51.982
40	0.0542384237	0.9893497758	0.9995797844	[1m0.9767776091[0m	2023-12-20T18:22:57.671
50	0.0324857198	0.9966367713	0.9999459528	[1m0.9770584743[0m	2023-12-20T18:25:04.293
60	0.0204531495	0.9983183857	1.0000000000	0.9768993606	2023-12-20T18:27:11.375
70	0.0105424132	1.0000000000	1.0000000000	[1m0.9774594200[0m	2023-12-20T18:29:18.990
80	0.0045447266	1.0000000000	1.0000000000	[1m0.9775706585[0m	2023-12-20T18:31:27.059
90	0.0047205752	1.0000000000	1.0000000000	0.9772346566	2023-12-20T18:33:35.468
100	0.0015633173	1.0000000000	1.0000000000	0.9774343012	2023-12-20T18:35:44.382
110	0.0008255608	1.0000000000	1.0000000000	0.9775133223	2023-12-20T18:37:53.602
120	0.0008209150	1.0000000000	1.0000000000	0.9769482336	2023-12-20T18:40:03.116
130	0.0003051935	1.0000000000	1.0000000000	[1m0.9776100065[0m	2023-12-20T18:42:12.789
140	0.0001845308	1.0000000000	1.0000000000	[1m0.9776277378[0m	2023-12-20T18:44:22.815
150	0.0002367999	1.0000000000	1.0000000000	[1m0.9778103916[0m	2023-12-20T18:46:33.027
160	0.0004762915	1.0000000000	1.0000000000	0.9771053651	2023-12-20T18:48:43.303
170	0.0002517936	1.0000000000	1.0000000000	0.9772373087	2023-12-20T18:50:53.719
180	0.0001855876	1.0000000000	1.0000000000	0.9773055663	2023-12-20T18:53:04.066
190	0.0001378217	1.0000000000	1.0000000000	0.9773686096	2023-12-20T18:55:14.692
200	0.0001068295	1.0000000000	1.0000000000	0.9775476254	2023-12-20T18:57:25.529
210	0.0000834109	1.0000000000	1.0000000000	0.9777587478	2023-12-20T18:59:36.474
220	0.0000619577	1.0000000000	1.0000000000	0.9776635688	2023-12-20T19:01:47.468
230	0.0000483012	1.0000000000	1.0000000000	0.9777549200	2023-12-20T19:03:58.597
240	0.0000353346	1.0000000000	1.0000000000	[1m0.9778307697[0m	2023-12-20T19:06:09.880
250	0.0000266050	1.0000000000	1.0000000000	0.9777739200	2023-12-20T19:08:21.188
260	0.0000213713	1.0000000000	1.0000000000	[1m0.9778515607[0m	2023-12-20T19:10:32.622
270	0.0000125801	1.0000000000	1.0000000000	[1m0.9778859147[0m	2023-12-20T19:12:44.315
280	0.0000081888	1.0000000000	1.0000000000	0.9778342457	2023-12-20T19:14:56.052
290	0.0000053436	1.0000000000	1.0000000000	0.9777691786	2023-12-20T19:17:07.913
300	0.0000036982	1.0000000000	1.0000000000	[1m0.9779013845[0m	2023-12-20T19:19:19.758
310	0.0000021753	1.0000000000	1.0000000000	[1m0.9779169332[0m	2023-12-20T19:21:31.755
320	0.0000013374	1.0000000000	1.0000000000	[1m0.9779307966[0m	2023-12-20T19:23:43.900
330	0.0000009248	1.0000000000	1.0000000000	0.9777468361	2023-12-20T19:25:56.296
340	0.0000005628	1.0000000000	1.0000000000	0.9767762784	2023-12-20T19:28:08.568
350	0.0000005626	1.0000000000	1.0000000000	0.9766081277	2023-12-20T19:30:21.091
360	0.0000002309	1.0000000000	1.0000000000	0.9760273840	2023-12-20T19:32:33.658
370	0.0000001282	1.0000000000	1.0000000000	0.9761626291	2023-12-20T19:34:46.074
380	0.0000000857	1.0000000000	1.0000000000	0.9761626021	2023-12-20T19:36:58.865
390	0.0000000472	1.0000000000	1.0000000000	0.9755555544	2023-12-20T19:39:11.703
400	0.0000000339	1.0000000000	1.0000000000	0.9754451907	2023-12-20T19:41:24.566
410	0.0000000226	1.0000000000	1.0000000000	0.9749407630	2023-12-20T19:43:37.722
420	0.0000000141	1.0000000000	1.0000000000	0.9745494136	2023-12-20T19:45:50.807
eval AUC = 0.9829360631457208
eval Acc = 0.8993288590604027
# test=3, eval=5
Epoch	CE	Acc	AUC	TestAUC	Time
0	1.0966086388	0.3255033557	0.6866597757	0.6913573505	2023-12-20T19:48:07.771
10	0.2250144184	0.9211409396	0.9850881787	[1m0.9732346031[0m	2023-12-20T19:50:21.204
20	0.1526712179	0.9524608501	0.9931308866	[1m0.9767573594[0m	2023-12-20T19:52:34.743
30	0.1063282937	0.9670022371	0.9968156868	[1m0.9777286529[0m	2023-12-20T19:54:48.356
40	0.0731875598	0.9787472036	0.9987724926	[1m0.9785465148[0m	2023-12-20T19:57:02.149
50	0.0457440987	0.9904921700	0.9996780943	[1m0.9787592210[0m	2023-12-20T19:59:15.806
60	0.0260866452	0.9983221477	0.9999819585	[1m0.9793044872[0m	2023-12-20T20:01:29.645
70	0.0146122109	0.9994407159	1.0000000000	0.9789180229	2023-12-20T20:03:43.492
80	0.0101327002	1.0000000000	1.0000000000	0.9789437115	2023-12-20T20:05:57.457
90	0.0033644233	1.0000000000	1.0000000000	0.9787086303	2023-12-20T20:08:11.430
100	0.0019113473	1.0000000000	1.0000000000	0.9784598317	2023-12-20T20:10:25.581
110	0.0011522529	1.0000000000	1.0000000000	0.9785893024	2023-12-20T20:12:39.815
120	0.0006632219	1.0000000000	1.0000000000	0.9784000604	2023-12-20T20:14:54.083
130	0.0003644193	1.0000000000	1.0000000000	0.9786049745	2023-12-20T20:17:08.450
140	0.0002281477	1.0000000000	1.0000000000	0.9785276275	2023-12-20T20:19:22.890
150	0.0001260879	1.0000000000	1.0000000000	0.9782913868	2023-12-20T20:21:37.407
160	0.0008240630	1.0000000000	1.0000000000	[1m0.9795228927[0m	2023-12-20T20:23:52.051
170	0.0003807008	1.0000000000	1.0000000000	0.9793198241	2023-12-20T20:26:06.705
180	0.0002721924	1.0000000000	1.0000000000	0.9792070588	2023-12-20T20:28:21.367
190	0.0002002874	1.0000000000	1.0000000000	0.9791510117	2023-12-20T20:30:36.166
200	0.0001551409	1.0000000000	1.0000000000	0.9790788551	2023-12-20T20:32:50.987
210	0.0001185459	1.0000000000	1.0000000000	0.9787915711	2023-12-20T20:35:05.932
220	0.0000925335	1.0000000000	1.0000000000	0.9784653111	2023-12-20T20:37:20.870
230	0.0000689735	1.0000000000	1.0000000000	0.9782955728	2023-12-20T20:39:35.945
240	0.0000426583	1.0000000000	1.0000000000	0.9782713145	2023-12-20T20:41:51.026
250	0.0000326487	1.0000000000	1.0000000000	0.9781934143	2023-12-20T20:44:06.278
260	0.0000237271	1.0000000000	1.0000000000	0.9782236234	2023-12-20T20:46:21.516
eval AUC = 0.9787314498765077
eval Acc = 0.902027027027027
# test=4, eval=1
Epoch	CE	Acc	AUC	TestAUC	Time
0	1.1061257124	0.3323991031	0.4136733315	0.4213572201	2023-12-20T20:48:40.663
10	0.2194085568	0.9254484305	0.9861998426	[1m0.9837525372[0m	2023-12-20T20:50:55.982
20	0.1605740339	0.9377802691	0.9933472247	[1m0.9848754909[0m	2023-12-20T20:53:11.357
30	0.0920140371	0.9764573991	0.9981671334	[1m0.9863050511[0m	2023-12-20T20:55:26.781
40	0.0694804490	0.9809417040	0.9995613512	0.9860361734	2023-12-20T20:57:42.183
50	0.0299060401	0.9960762332	0.9999845314	0.9858395203	2023-12-20T20:59:57.803
60	0.0149269011	0.9994394619	0.9999995342	0.9858970682	2023-12-20T21:02:13.335
70	0.0072213993	1.0000000000	1.0000000000	0.9856795631	2023-12-20T21:04:29.076
80	0.0038017796	1.0000000000	1.0000000000	0.9858405613	2023-12-20T21:06:44.774
90	0.0019175932	1.0000000000	1.0000000000	0.9854859418	2023-12-20T21:09:00.659
100	0.0010589756	1.0000000000	1.0000000000	0.9854987374	2023-12-20T21:11:16.546
110	0.0006524189	1.0000000000	1.0000000000	0.9854175456	2023-12-20T21:13:32.525
120	0.0006414462	1.0000000000	1.0000000000	0.9853498135	2023-12-20T21:15:48.752
130	0.0002127969	1.0000000000	1.0000000000	0.9853649024	2023-12-20T21:18:04.823
eval AUC = 0.9778219814678989
eval Acc = 0.9060402684563759
# test=4, eval=2
Epoch	CE	Acc	AUC	TestAUC	Time
0	1.1071757078	0.3323991031	0.4928090476	0.4646192529	2023-12-20T21:20:24.808
10	0.2219481319	0.9237668161	0.9850269828	[1m0.9828358133[0m	2023-12-20T21:22:40.964
20	0.1556702554	0.9501121076	0.9926381863	[1m0.9863612065[0m	2023-12-20T21:24:57.148
30	0.0976683646	0.9686098655	0.9972084222	[1m0.9875936960[0m	2023-12-20T21:27:13.535
40	0.0595983416	0.9837443946	0.9994113005	0.9874778068	2023-12-20T21:29:29.788
50	0.0345099829	0.9960762332	0.9999684911	0.9873756482	2023-12-20T21:31:46.323
60	0.0178816151	1.0000000000	1.0000000000	[1m0.9876068192[0m	2023-12-20T21:34:02.694
70	0.0117496708	1.0000000000	1.0000000000	0.9872028070	2023-12-20T21:36:19.048
80	0.0054038190	1.0000000000	1.0000000000	0.9868702549	2023-12-20T21:38:35.600
90	0.0027070201	1.0000000000	1.0000000000	0.9868280944	2023-12-20T21:40:51.991
100	0.0019337498	1.0000000000	1.0000000000	0.9864674319	2023-12-20T21:43:08.728
110	0.0008557932	1.0000000000	1.0000000000	0.9864407902	2023-12-20T21:45:25.439
120	0.0005164573	1.0000000000	1.0000000000	0.9862917830	2023-12-20T21:47:42.217
130	0.0003322659	1.0000000000	1.0000000000	0.9862192011	2023-12-20T21:49:58.920
140	0.0001791138	1.0000000000	1.0000000000	0.9861087672	2023-12-20T21:52:15.733
150	0.0001047193	1.0000000000	1.0000000000	0.9860791483	2023-12-20T21:54:32.761
160	0.0000688618	1.0000000000	1.0000000000	0.9857852310	2023-12-20T21:56:49.700
eval AUC = 0.9779185784908727
eval Acc = 0.9060402684563759
# test=4, eval=3
Epoch	CE	Acc	AUC	TestAUC	Time
0	1.1178129911	0.3323991031	0.2293625691	0.1852416654	2023-12-20T21:59:10.755
10	0.2180074453	0.9215246637	0.9860761180	[1m0.9829763113[0m	2023-12-20T22:01:27.960
20	0.1693087369	0.9428251121	0.9928991245	[1m0.9836362759[0m	2023-12-20T22:03:45.391
30	0.1160958782	0.9658071749	0.9967510155	[1m0.9837962106[0m	2023-12-20T22:06:02.642
40	0.0697925240	0.9843049327	0.9991555742	0.9836136582	2023-12-20T22:08:20.109
50	0.0341357291	0.9960762332	0.9999393279	[1m0.9839967228[0m	2023-12-20T22:10:37.623
60	0.0274009109	0.9960762332	0.9999972050	0.9833924966	2023-12-20T22:12:55.130
70	0.0097177122	1.0000000000	1.0000000000	0.9835606730	2023-12-20T22:15:12.759
80	0.0048549217	1.0000000000	1.0000000000	0.9837582837	2023-12-20T22:17:30.485
90	0.0045651579	1.0000000000	1.0000000000	0.9836130494	2023-12-20T22:19:48.354
100	0.0017026919	1.0000000000	1.0000000000	0.9836994627	2023-12-20T22:22:06.357
110	0.0009121185	1.0000000000	1.0000000000	0.9837458544	2023-12-20T22:24:24.545
120	0.0005572104	1.0000000000	1.0000000000	0.9835205860	2023-12-20T22:26:42.868
130	0.0003332612	1.0000000000	1.0000000000	0.9835083164	2023-12-20T22:29:01.165
140	0.0001774691	1.0000000000	1.0000000000	0.9836564414	2023-12-20T22:31:19.526
150	0.0001078703	1.0000000000	1.0000000000	0.9836511856	2023-12-20T22:33:37.637
eval AUC = 0.9783393991427864
eval Acc = 0.9010067114093959
# test=4, eval=5
Epoch	CE	Acc	AUC	TestAUC	Time
0	1.1121475697	0.4535794183	0.4543663795	0.4322948530	2023-12-20T22:35:59.763
10	0.2161101550	0.9194630872	0.9856523327	[1m0.9812337013[0m	2023-12-20T22:38:17.881
20	0.1547165662	0.9446308725	0.9928562281	[1m0.9835232922[0m	2023-12-20T22:40:36.054
30	0.1045904905	0.9630872483	0.9970978478	[1m0.9843449305[0m	2023-12-20T22:42:54.220
40	0.0626936480	0.9882550336	0.9991652279	0.9841292008	2023-12-20T22:45:12.442
50	0.0713562220	0.9787472036	0.9996734334	0.9838802290	2023-12-20T22:47:30.816
60	0.0590686500	0.9798657718	0.9998202651	0.9819488767	2023-12-20T22:49:49.296
70	0.0100280615	0.9994407159	1.0000000000	0.9832204026	2023-12-20T22:52:07.818
80	0.0049080080	1.0000000000	1.0000000000	0.9832117485	2023-12-20T22:54:26.239
90	0.0023389235	1.0000000000	1.0000000000	0.9834100153	2023-12-20T22:56:44.681
100	0.0015010269	1.0000000000	1.0000000000	0.9833758490	2023-12-20T22:59:03.159
110	0.0008626782	1.0000000000	1.0000000000	0.9829538505	2023-12-20T23:01:21.697
120	0.0005319398	1.0000000000	1.0000000000	0.9832403413	2023-12-20T23:03:40.200
130	0.0002631996	1.0000000000	1.0000000000	0.9830543277	2023-12-20T23:05:58.789
eval AUC = 0.9768966816360513
eval Acc = 0.9003378378378378
# test=5, eval=1
Epoch	CE	Acc	AUC	TestAUC	Time
0	1.0908850431	0.3255033557	0.7824481345	0.7804017989	2023-12-20T23:08:21.147
10	0.2115094513	0.9205816555	0.9871641915	[1m0.9721363257[0m	2023-12-20T23:10:39.871
20	0.1396096945	0.9468680089	0.9948168910	[1m0.9749984200[0m	2023-12-20T23:12:58.867
30	0.1014901623	0.9636465324	0.9975322580	[1m0.9755136892[0m	2023-12-20T23:15:17.706
40	0.0697305053	0.9798657718	0.9994108464	[1m0.9765539318[0m	2023-12-20T23:17:36.639
50	0.0280261841	0.9977628635	0.9998781712	0.9764654129	2023-12-20T23:19:55.927
60	0.0153290043	0.9988814318	0.9999949054	0.9762628631	2023-12-20T23:22:14.901
70	0.0071944869	0.9994407159	1.0000000000	0.9761118013	2023-12-20T23:24:33.906
80	0.0043799160	1.0000000000	1.0000000000	0.9757595648	2023-12-20T23:26:53.151
90	0.0023192454	1.0000000000	1.0000000000	0.9754619296	2023-12-20T23:29:12.369
100	0.0012128233	1.0000000000	1.0000000000	0.9760794946	2023-12-20T23:31:31.683
110	0.0010241708	1.0000000000	1.0000000000	0.9759798744	2023-12-20T23:33:50.971
120	0.0004379087	1.0000000000	1.0000000000	0.9755821075	2023-12-20T23:36:10.360
130	0.0002378829	1.0000000000	1.0000000000	0.9760800696	2023-12-20T23:38:29.676
140	0.0001548800	1.0000000000	1.0000000000	0.9757518607	2023-12-20T23:40:48.981
eval AUC = 0.9763434090941893
eval Acc = 0.8926174496644296
# test=5, eval=2
Epoch	CE	Acc	AUC	TestAUC	Time
0	1.1240319014	0.3255033557	0.6713948014	0.6659012378	2023-12-20T23:43:12.482
10	0.2561732829	0.8987695749	0.9868251934	[1m0.9721215054[0m	2023-12-20T23:45:32.044
20	0.1368907839	0.9558165548	0.9938268220	[1m0.9746327933[0m	2023-12-20T23:47:51.370
30	0.1243219078	0.9569351230	0.9961886659	0.9743243507	2023-12-20T23:50:10.958
40	0.0564271882	0.9882550336	0.9991337775	[1m0.9765118330[0m	2023-12-20T23:52:30.448
50	0.0415667146	0.9921700224	0.9998504536	0.9760384033	2023-12-20T23:54:50.042
60	0.0164164640	0.9988814318	0.9999981474	[1m0.9766979709[0m	2023-12-20T23:57:09.547
70	0.0085438844	1.0000000000	1.0000000000	0.9765445065	2023-12-20T23:59:29.091
80	0.0085228896	1.0000000000	1.0000000000	0.9747282858	2023-12-21T00:01:48.608
90	0.0025238672	1.0000000000	1.0000000000	0.9756669334	2023-12-21T00:04:08.135
100	0.0016047031	1.0000000000	1.0000000000	0.9757253363	2023-12-21T00:06:27.686
110	0.0008310385	1.0000000000	1.0000000000	0.9752273521	2023-12-21T00:08:47.090
120	0.0007728316	1.0000000000	1.0000000000	0.9757345496	2023-12-21T00:11:06.600
130	0.0003296188	1.0000000000	1.0000000000	0.9757831185	2023-12-21T00:13:26.230
140	0.0004795078	1.0000000000	1.0000000000	0.9757582190	2023-12-21T00:15:45.906
150	0.0003357152	1.0000000000	1.0000000000	0.9756214505	2023-12-21T00:18:05.358
160	0.0002559584	1.0000000000	1.0000000000	0.9756978921	2023-12-21T00:20:25.161
eval AUC = 0.9766297746801541
eval Acc = 0.9010067114093959
# test=5, eval=3
Epoch	CE	Acc	AUC	TestAUC	Time
0	1.1004865170	0.5234899329	0.5580452208	0.5589215900	2023-12-21T00:22:48.828
10	0.2255602032	0.9149888143	0.9871171289	[1m0.9736209366[0m	2023-12-21T00:25:08.813
20	0.1398946792	0.9496644295	0.9945271420	[1m0.9771870468[0m	2023-12-21T00:27:28.743
30	0.0913066566	0.9748322148	0.9979349637	[1m0.9784099932[0m	2023-12-21T00:29:48.787
40	0.0660203025	0.9860178971	0.9993327453	[1m0.9784648305[0m	2023-12-21T00:32:08.851
50	0.0346502438	0.9977628635	0.9998667748	[1m0.9790679159[0m	2023-12-21T00:34:29.045
60	0.0161848031	0.9994407159	1.0000000000	0.9788605970	2023-12-21T00:36:49.188
70	0.0093390066	1.0000000000	1.0000000000	0.9786444880	2023-12-21T00:39:09.415
80	0.0752642080	0.9619686801	1.0000000000	0.9774734188	2023-12-21T00:41:29.781
90	0.0028734826	1.0000000000	1.0000000000	0.9787018241	2023-12-21T00:43:50.156
100	0.0016466858	1.0000000000	1.0000000000	0.9787898907	2023-12-21T00:46:10.710
110	0.0011062872	1.0000000000	1.0000000000	0.9788088140	2023-12-21T00:48:31.308
120	0.0006336248	1.0000000000	1.0000000000	0.9788824657	2023-12-21T00:50:51.759
130	0.0004061401	1.0000000000	1.0000000000	0.9788900616	2023-12-21T00:53:12.362
140	0.0002295009	1.0000000000	1.0000000000	0.9789074029	2023-12-21T00:55:33.062
150	0.0001604072	1.0000000000	1.0000000000	0.9789713009	2023-12-21T00:57:53.715
eval AUC = 0.9740013867996646
eval Acc = 0.8976510067114094
# test=5, eval=4
Epoch	CE	Acc	AUC	TestAUC	Time
0	1.0975809097	0.2802013423	0.5595896334	0.5612812927	2023-12-21T01:00:18.468
10	0.2711894810	0.8993288591	0.9851356217	[1m0.9716679358[0m	2023-12-21T01:02:39.217
20	0.1423092335	0.9546979866	0.9936168124	[1m0.9765216253[0m	2023-12-21T01:05:00.067
30	0.0996890366	0.9703579418	0.9972579509	[1m0.9775080778[0m	2023-12-21T01:07:20.975
40	0.0663745552	0.9832214765	0.9992241102	[1m0.9783662286[0m	2023-12-21T01:09:42.097
50	0.0563424155	0.9876957494	0.9999039248	0.9765840838	2023-12-21T01:12:03.143
60	0.0386933237	0.9938478747	0.9999884145	0.9763295369	2023-12-21T01:14:24.391
70	0.0130380914	1.0000000000	1.0000000000	0.9782533953	2023-12-21T01:16:45.279
80	0.0053063696	1.0000000000	1.0000000000	[1m0.9791558465[0m	2023-12-21T01:19:06.479
90	0.0026686159	1.0000000000	1.0000000000	[1m0.9795075973[0m	2023-12-21T01:21:27.704
100	0.0018721333	1.0000000000	1.0000000000	[1m0.9797068078[0m	2023-12-21T01:23:48.848
110	0.0008735910	1.0000000000	1.0000000000	0.9794724370	2023-12-21T01:26:10.113
120	0.0005118387	1.0000000000	1.0000000000	0.9795499321	2023-12-21T01:28:31.018
130	0.0002769963	1.0000000000	1.0000000000	0.9795277336	2023-12-21T01:30:50.309
140	0.0001695044	1.0000000000	1.0000000000	0.9795432254	2023-12-21T01:33:08.777
150	0.0001027854	1.0000000000	1.0000000000	0.9796270159	2023-12-21T01:35:26.252
160	0.0000572413	1.0000000000	1.0000000000	0.9793704689	2023-12-21T01:37:43.341
170	0.0000338433	1.0000000000	1.0000000000	0.9794362689	2023-12-21T01:39:59.435
180	0.0000256993	1.0000000000	1.0000000000	0.9793593738	2023-12-21T01:42:14.114
190	0.0000125778	1.0000000000	1.0000000000	0.9794179601	2023-12-21T01:44:27.833
200	0.0000144424	1.0000000000	1.0000000000	0.9795591625	2023-12-21T01:46:40.373
eval AUC = 0.9864592190334834
eval Acc = 0.9211409395973155
avg eval AUC = 0.9791364659258714
avg eval Acc = 0.9026369490295665
avg cor among in-layer params = 0.0036311417
