Wed Dec 20 12:38:16 PM AEDT 2023
# hypergraphs = ["../Model_1/H/", "../Model_3/H/", "../Model_4/H/"]
# load_model = nothing
# 0W = false
# early_stop = 100
# weigh_edges = false
# nFilters = 64
# kernel_sizes = [2, 5, 10, 15, 20]
# 0V = false
# nFilters2 = 32
# pre = nothing
# pred = pred_0V_134.tsv
# pair_files = false
# weigh_nodes = false
# model = 8
# edge_values = String[]
# node_values = ["../Model_1/nodeCents/", "../Model_3/nodeCents/", "../Model_4/nodeCents/"]
# cv = true
# epochs = 500
# save_model = models/model_0V_134.bson
# sample = nothing
# 0H = true
# Reading label 1 from 989 hypergraphs matching:
# ../Model_1/H/
# ../Model_1/nodeCents/
# Reading label 2 from 970 hypergraphs matching:
# ../Model_3/H/
# ../Model_3/nodeCents/
# Reading label 3 from 1017 hypergraphs matching:
# ../Model_4/H/
# ../Model_4/nodeCents/
# num label 1 = 989
# num label 2 = 970
# num label 3 = 1017
# test=1, eval=2
Epoch	CE	Acc	AUC	TestAUC	Time
0	1.0985110998	0.3262331839	0.5114656462	0.5280786286	2023-12-20T12:39:36.398
10	0.9208295941	0.5336322870	0.7299587702	[1m0.7370835579[0m	2023-12-20T12:43:08.134
20	0.9119417071	0.5257847534	0.7116631513	0.7104581612	2023-12-20T12:45:01.100
30	0.9104958177	0.5145739910	0.7004677571	0.6943979028	2023-12-20T12:46:54.905
40	0.9012286067	0.5397982063	0.7138563174	0.7119442216	2023-12-20T12:48:49.502
50	0.9009186029	0.5420403587	0.7354901206	0.7336931880	2023-12-20T12:50:44.576
60	0.8948257565	0.5386771300	0.7398962787	[1m0.7381075768[0m	2023-12-20T12:52:41.845
70	0.8937219381	0.5403587444	0.7394400089	0.7360618138	2023-12-20T12:54:39.743
80	0.8902750611	0.5442825112	0.7527784842	[1m0.7535471321[0m	2023-12-20T12:56:38.105
90	0.8910914660	0.5487668161	0.7578986526	[1m0.7535574668[0m	2023-12-20T12:58:36.755
100	0.8801130056	0.5773542601	0.7613865950	[1m0.7675155685[0m	2023-12-20T13:00:35.617
110	0.8772033453	0.5515695067	0.7659710634	0.7621034412	2023-12-20T13:02:34.685
120	0.8711947203	0.5543721973	0.7728229362	[1m0.7692968412[0m	2023-12-20T13:04:33.838
130	0.8616102338	0.5823991031	0.7690250510	0.7680114765	2023-12-20T13:06:33.291
140	0.8450867534	0.5952914798	0.7826629178	[1m0.7781071592[0m	2023-12-20T13:08:32.948
150	0.8360539079	0.6014573991	0.7911959573	[1m0.7875684062[0m	2023-12-20T13:10:32.895
160	0.8396412730	0.5829596413	0.7829482976	0.7753888016	2023-12-20T13:12:32.984
170	0.8434177041	0.5992152466	0.7917401894	0.7847800704	2023-12-20T13:14:33.271
180	0.8140721321	0.6104260090	0.8032230466	[1m0.7944934546[0m	2023-12-20T13:16:33.851
190	0.8288514018	0.6048206278	0.8017063920	0.7934022223	2023-12-20T13:18:34.490
200	0.8047252893	0.6154708520	0.8067944036	[1m0.7951680723[0m	2023-12-20T13:20:35.465
210	0.7858727574	0.6322869955	0.8192490877	[1m0.8064157567[0m	2023-12-20T13:22:36.557
220	0.7663975954	0.6535874439	0.8270058240	[1m0.8155917537[0m	2023-12-20T13:24:37.759
230	0.7771415114	0.6524663677	0.8247518035	0.8152953022	2023-12-20T13:26:39.195
240	0.7447979450	0.6558295964	0.8342475841	[1m0.8182686317[0m	2023-12-20T13:28:40.781
250	0.7339823842	0.6636771300	0.8432253117	[1m0.8331402529[0m	2023-12-20T13:30:42.503
260	0.7327001095	0.6603139013	0.8456495860	[1m0.8341707197[0m	2023-12-20T13:32:44.479
270	0.7145523429	0.6732062780	0.8554997245	[1m0.8440693109[0m	2023-12-20T13:34:46.643
280	0.7571703792	0.6272421525	0.8539066033	0.8414841588	2023-12-20T13:36:48.818
290	0.7187772393	0.6704035874	0.8606788939	[1m0.8477347343[0m	2023-12-20T13:38:51.333
300	0.7034090757	0.6726457399	0.8649733500	[1m0.8516663907[0m	2023-12-20T13:40:54.100
310	0.6972199082	0.6765695067	0.8675048658	[1m0.8563983199[0m	2023-12-20T13:42:57.006
320	0.7141864300	0.6844170404	0.8617583900	0.8478324038	2023-12-20T13:45:00.168
330	0.6803247929	0.6928251121	0.8693079185	0.8538690789	2023-12-20T13:47:03.533
340	0.6657432318	0.7040358744	0.8776277829	[1m0.8618249280[0m	2023-12-20T13:49:07.031
350	0.6502060294	0.7208520179	0.8811910329	[1m0.8678337645[0m	2023-12-20T13:51:10.760
360	0.6411572099	0.7163677130	0.8833769227	[1m0.8695573082[0m	2023-12-20T13:53:14.579
370	0.6573801041	0.7130044843	0.8836681620	[1m0.8703153611[0m	2023-12-20T13:55:18.623
380	0.6285664439	0.7264573991	0.8907412762	[1m0.8783959074[0m	2023-12-20T13:57:22.726
390	0.6101912856	0.7326233184	0.8969909805	[1m0.8852043425[0m	2023-12-20T13:59:26.937
400	0.5978180766	0.7410313901	0.9008410289	[1m0.8882672445[0m	2023-12-20T14:01:31.348
410	0.5943380594	0.7460762332	0.9028955187	[1m0.8886497136[0m	2023-12-20T14:03:35.956
420	0.5833692551	0.7533632287	0.9050423697	[1m0.8925790283[0m	2023-12-20T14:05:40.719
430	0.5870834589	0.7522421525	0.9060399254	[1m0.8945904008[0m	2023-12-20T14:07:45.516
440	0.5723329782	0.7556053812	0.9086412939	[1m0.8970970160[0m	2023-12-20T14:09:50.619
450	0.5838519335	0.7494394619	0.9050112707	0.8925728685	2023-12-20T14:11:55.433
460	0.5607104897	0.7640134529	0.9119797911	[1m0.8972985651[0m	2023-12-20T14:14:00.572
470	0.5482982993	0.7656950673	0.9153596979	[1m0.8997819007[0m	2023-12-20T14:16:05.796
480	0.5512428284	0.7673766816	0.9156913751	0.8991243506	2023-12-20T14:18:10.943
490	0.5345422626	0.7774663677	0.9198563431	[1m0.9012559743[0m	2023-12-20T14:20:16.147
500	0.5301354527	0.7769058296	0.9212458954	[1m0.9023489305[0m	2023-12-20T14:22:21.496
eval AUC = 0.895394895199828
eval Acc = 0.75
# test=1, eval=3
Epoch	CE	Acc	AUC	TestAUC	Time
0	1.0986022949	0.3447309417	0.4835400176	0.5376707984	2023-12-20T14:22:33.106
10	0.9524152875	0.5291479821	0.7165219276	[1m0.7219527792[0m	2023-12-20T14:24:39.717
20	0.9429110289	0.4798206278	0.6903567030	0.6930364240	2023-12-20T14:26:45.252
30	0.9144347310	0.5235426009	0.7009327447	0.7016858042	2023-12-20T14:28:50.944
40	0.9110172987	0.5269058296	0.7042549770	0.7059970853	2023-12-20T14:30:56.668
50	0.9352776408	0.4893497758	0.6898498994	0.6936204928	2023-12-20T14:33:02.493
60	0.9083898067	0.5308295964	0.7321280299	[1m0.7345218226[0m	2023-12-20T14:35:08.317
70	0.9027565122	0.5269058296	0.7326895233	[1m0.7345303024[0m	2023-12-20T14:37:14.136
80	0.9060526490	0.5285874439	0.7286886373	0.7308768368	2023-12-20T14:39:19.957
90	0.9040539861	0.5302690583	0.7453507118	[1m0.7497861728[0m	2023-12-20T14:41:25.931
100	0.9335416555	0.5100896861	0.7252201470	0.7285201836	2023-12-20T14:43:32.023
110	0.9001537561	0.5358744395	0.7443935018	0.7482280998	2023-12-20T14:45:38.133
120	0.8904674053	0.5330717489	0.7469605309	0.7486445250	2023-12-20T14:47:44.584
130	0.8930770755	0.5358744395	0.7517948102	[1m0.7511146494[0m	2023-12-20T14:49:50.853
140	0.8746181726	0.5661434978	0.7662051103	[1m0.7636332200[0m	2023-12-20T14:51:56.915
150	0.8587862849	0.5891255605	0.7780057121	[1m0.7741844194[0m	2023-12-20T14:54:03.268
160	0.8434508443	0.6115470852	0.7888601802	[1m0.7820988346[0m	2023-12-20T14:56:09.491
170	0.8321860433	0.6121076233	0.7934079981	[1m0.7898923814[0m	2023-12-20T14:58:15.798
180	0.8270369172	0.6115470852	0.8000293814	[1m0.7942433318[0m	2023-12-20T15:00:22.136
190	0.8184446096	0.6193946188	0.7994613697	0.7934955470	2023-12-20T15:02:28.502
200	0.8094618320	0.6334080717	0.8073376183	[1m0.7990086312[0m	2023-12-20T15:04:34.971
210	0.7975055575	0.6457399103	0.8163489788	[1m0.8102210137[0m	2023-12-20T15:06:41.487
220	0.7895740867	0.6440582960	0.8207779145	[1m0.8128003844[0m	2023-12-20T15:08:48.742
230	0.7833850384	0.6614349776	0.8271699093	[1m0.8183140596[0m	2023-12-20T15:10:55.396
240	0.7785801888	0.6519058296	0.8264510631	[1m0.8184474354[0m	2023-12-20T15:13:02.118
250	0.7840859294	0.6339686099	0.8278826215	[1m0.8208646275[0m	2023-12-20T15:15:08.808
260	0.7591978908	0.6619955157	0.8366661777	[1m0.8284886833[0m	2023-12-20T15:17:15.529
270	0.7515646219	0.6715246637	0.8407799809	0.8276992459	2023-12-20T15:19:22.512
280	0.7423794866	0.6754484305	0.8440772585	[1m0.8340306723[0m	2023-12-20T15:21:29.223
290	0.7428025007	0.6743273543	0.8431577387	[1m0.8359513045[0m	2023-12-20T15:23:36.153
300	0.7358048558	0.6720852018	0.8491214570	[1m0.8366766041[0m	2023-12-20T15:25:43.114
310	0.7417145967	0.6743273543	0.8453014972	0.8285876975	2023-12-20T15:27:50.292
320	0.7328990698	0.6816143498	0.8486695241	0.8284653086	2023-12-20T15:29:57.460
330	0.7181920409	0.6911434978	0.8547844439	[1m0.8432141704[0m	2023-12-20T15:32:04.696
340	0.7258371115	0.6799327354	0.8496823774	0.8274235151	2023-12-20T15:34:11.969
350	0.7197369337	0.6905829596	0.8556920053	0.8383340480	2023-12-20T15:36:19.350
360	0.7586674690	0.6519058296	0.8441140309	0.8256946878	2023-12-20T15:38:26.868
370	0.7021166682	0.6978699552	0.8606853278	[1m0.8470312576[0m	2023-12-20T15:40:34.321
380	0.7437849641	0.6670403587	0.8550582891	0.8400438429	2023-12-20T15:42:42.058
390	0.6971706748	0.7001121076	0.8638570444	0.8460553032	2023-12-20T15:44:49.742
400	0.6899622083	0.7023542601	0.8663120841	[1m0.8502250770[0m	2023-12-20T15:46:57.422
410	0.6999713182	0.7012331839	0.8640030277	0.8482871854	2023-12-20T15:49:05.048
420	0.6935868263	0.7051569507	0.8667879706	[1m0.8504496322[0m	2023-12-20T15:51:13.053
430	0.7012161016	0.7062780269	0.8659038869	0.8482684679	2023-12-20T15:53:20.891
440	0.7220138907	0.6816143498	0.8569427443	0.8384506949	2023-12-20T15:55:28.936
450	0.6854459643	0.7073991031	0.8678216024	0.8484654816	2023-12-20T15:57:37.174
460	0.6756522059	0.7006726457	0.8700041058	[1m0.8525560766[0m	2023-12-20T15:59:45.236
470	0.6904616356	0.7023542601	0.8672834420	0.8415620557	2023-12-20T16:01:53.400
480	0.6673492193	0.7079596413	0.8737732472	[1m0.8539879571[0m	2023-12-20T16:04:01.663
490	0.7147902846	0.6872197309	0.8706989564	0.8510762285	2023-12-20T16:06:09.945
500	0.7231814861	0.6720852018	0.8711180353	0.8511187782	2023-12-20T16:08:18.074
eval AUC = 0.8431765991487414
eval Acc = 0.6778523489932886
# test=1, eval=4
Epoch	CE	Acc	AUC	TestAUC	Time
0	1.0986993313	0.3323991031	0.4054887218	0.4039239177	2023-12-20T16:08:29.807
10	0.9423550367	0.5257847534	0.7308365589	[1m0.7306406191[0m	2023-12-20T16:10:38.421
20	0.9177122712	0.5056053812	0.7150144303	0.7038575512	2023-12-20T16:12:47.027
30	0.8806924820	0.5543721973	0.7676651244	[1m0.7536572655[0m	2023-12-20T16:14:55.552
40	0.8611717224	0.5661434978	0.7813948873	[1m0.7693662711[0m	2023-12-20T16:17:04.267
50	0.8343307376	0.5767937220	0.7873594082	[1m0.7717732629[0m	2023-12-20T16:19:12.983
60	0.8276921511	0.5689461883	0.7826269151	0.7626450077	2023-12-20T16:21:21.791
70	0.8141915798	0.6171524664	0.8019845882	[1m0.7863418027[0m	2023-12-20T16:23:30.582
80	0.8036375046	0.6255605381	0.8023306580	0.7822814237	2023-12-20T16:25:39.492
90	0.8100485802	0.6081838565	0.8058205421	[1m0.7932355060[0m	2023-12-20T16:27:48.282
100	0.7933216691	0.6362107623	0.8100154631	[1m0.7961962174[0m	2023-12-20T16:29:57.072
110	0.7954342365	0.6126681614	0.8037700151	0.7838137507	2023-12-20T16:32:05.829
120	0.8203814030	0.6042600897	0.8070026661	[1m0.7973044132[0m	2023-12-20T16:34:14.492
130	0.7901838422	0.6362107623	0.8133101532	[1m0.8025917420[0m	2023-12-20T16:36:23.109
140	0.7998438478	0.6132286996	0.8131363766	[1m0.8030957241[0m	2023-12-20T16:38:31.813
150	0.8022893667	0.6098654709	0.8131067236	[1m0.8038859662[0m	2023-12-20T16:40:40.551
160	0.7777184844	0.6434977578	0.8163749883	0.8019436611	2023-12-20T16:42:49.290
170	0.7764185071	0.6440582960	0.8169961634	0.8028391983	2023-12-20T16:44:57.868
180	0.7810281515	0.6328475336	0.8167444821	[1m0.8074652874[0m	2023-12-20T16:47:06.709
190	0.7869185805	0.6345291480	0.8142562042	0.7968540844	2023-12-20T16:49:15.567
200	0.7758297324	0.6384529148	0.8161348148	0.8004054341	2023-12-20T16:51:24.238
210	0.7751172781	0.6423766816	0.8176229355	0.8050424392	2023-12-20T16:53:33.277
220	0.7888505459	0.6171524664	0.8095791590	0.7928548675	2023-12-20T16:55:42.186
230	0.7790274024	0.6306053812	0.8133330342	0.7965873678	2023-12-20T16:57:51.267
240	0.7811139822	0.6233183857	0.8180825872	[1m0.8078287494[0m	2023-12-20T17:00:00.265
250	0.7705648541	0.6406950673	0.8182543276	0.8033103090	2023-12-20T17:02:09.434
260	0.7950882912	0.6182735426	0.8165579160	[1m0.8094632981[0m	2023-12-20T17:04:18.577
270	0.7680241466	0.6474215247	0.8207135424	0.8085141115	2023-12-20T17:06:27.743
280	0.7676270604	0.6468609865	0.8215563331	[1m0.8108414921[0m	2023-12-20T17:08:37.008
290	0.7643546462	0.6451793722	0.8229089404	0.8076738840	2023-12-20T17:10:46.392
300	0.7663433552	0.6418161435	0.8217833559	0.8071687755	2023-12-20T17:12:55.720
310	0.7554624677	0.6530269058	0.8257251158	[1m0.8119408783[0m	2023-12-20T17:15:05.017
320	0.7467960715	0.6547085202	0.8313797783	[1m0.8161858155[0m	2023-12-20T17:17:14.435
330	0.7422735095	0.6563901345	0.8351599337	[1m0.8211471492[0m	2023-12-20T17:19:23.814
340	0.7587195635	0.6463004484	0.8350674386	0.8175417882	2023-12-20T17:21:33.265
350	0.7258217931	0.6709641256	0.8440242705	[1m0.8262957674[0m	2023-12-20T17:23:42.786
360	0.7225934267	0.6726457399	0.8470640322	[1m0.8324698709[0m	2023-12-20T17:25:52.432
370	0.7335488200	0.6547085202	0.8488371336	[1m0.8348140067[0m	2023-12-20T17:28:02.045
380	0.7019846439	0.6894618834	0.8562217528	[1m0.8366961971[0m	2023-12-20T17:30:11.726
390	0.7138469815	0.6776905830	0.8582219247	[1m0.8376856156[0m	2023-12-20T17:32:21.286
400	0.7004984617	0.6866591928	0.8624427267	[1m0.8445621331[0m	2023-12-20T17:34:30.905
410	0.6777845025	0.6984304933	0.8656631191	0.8433615273	2023-12-20T17:36:43.390
420	0.6876009703	0.6849775785	0.8681728134	[1m0.8469867248[0m	2023-12-20T17:38:35.377
430	0.6669238806	0.7073991031	0.8706870377	[1m0.8471681849[0m	2023-12-20T17:40:29.221
440	0.6642888784	0.7062780269	0.8740945542	[1m0.8507333217[0m	2023-12-20T17:42:24.186
450	0.6599286795	0.7062780269	0.8744188227	0.8492820001	2023-12-20T17:44:19.993
460	0.6528152227	0.7118834081	0.8775736628	[1m0.8528947633[0m	2023-12-20T17:46:16.495
470	0.6490299106	0.7090807175	0.8785657007	[1m0.8534749508[0m	2023-12-20T17:48:13.342
480	0.6501111984	0.7163677130	0.8776852028	0.8520768422	2023-12-20T17:50:10.636
490	0.6565855742	0.7029147982	0.8792115197	[1m0.8555451086[0m	2023-12-20T17:52:08.177
500	0.6620782018	0.7130044843	0.8795848216	0.8533612924	2023-12-20T17:54:06.050
eval AUC = 0.862124354760614
eval Acc = 0.6845637583892618
# test=1, eval=5
Epoch	CE	Acc	AUC	TestAUC	Time
0	1.0985974073	0.3322147651	0.4881489185	0.5044789362	2023-12-20T17:54:16.550
10	0.9423906803	0.5106263982	0.7245923090	[1m0.7300968898[0m	2023-12-20T17:56:14.782
20	0.9246962070	0.4882550336	0.6896856547	0.6905093396	2023-12-20T17:58:13.110
30	0.9082739949	0.5296420582	0.7204623560	0.7240992693	2023-12-20T18:00:11.900
40	0.9063041806	0.5302013423	0.7307676362	[1m0.7338187282[0m	2023-12-20T18:02:10.906
50	0.9011530876	0.5346756152	0.7329830993	[1m0.7364792286[0m	2023-12-20T18:04:09.992
60	0.8965429664	0.5285234899	0.7407397932	[1m0.7476343137[0m	2023-12-20T18:06:09.202
70	0.8953990340	0.5385906040	0.7507097191	[1m0.7608568965[0m	2023-12-20T18:08:08.639
80	0.8864661455	0.5436241611	0.7562197801	[1m0.7641182705[0m	2023-12-20T18:10:08.162
90	0.8784275055	0.5592841163	0.7611358293	[1m0.7679890448[0m	2023-12-20T18:12:07.807
100	0.8750283718	0.5676733781	0.7683155381	[1m0.7801337458[0m	2023-12-20T18:14:07.718
110	0.8689863086	0.5900447427	0.7678373408	0.7781280316	2023-12-20T18:16:07.824
120	0.8591734767	0.5900447427	0.7742387610	[1m0.7819647168[0m	2023-12-20T18:18:07.988
130	0.8486604095	0.5917225951	0.7863965551	[1m0.7922838779[0m	2023-12-20T18:20:08.150
140	0.8385872245	0.6023489933	0.7912328108	[1m0.7961330084[0m	2023-12-20T18:22:08.402
150	0.8365920782	0.5838926174	0.7857469154	0.7905089976	2023-12-20T18:24:09.058
160	0.8497041464	0.5799776286	0.7975609025	[1m0.8060220902[0m	2023-12-20T18:26:09.738
170	0.8058006167	0.6247203579	0.8145910521	[1m0.8199241166[0m	2023-12-20T18:28:10.635
180	0.8314594030	0.6068232662	0.7995204070	0.7975945578	2023-12-20T18:30:11.719
190	0.7879434824	0.6269574944	0.8173571790	0.8183485706	2023-12-20T18:32:12.957
200	0.7722026110	0.6414988814	0.8280899874	[1m0.8275172789[0m	2023-12-20T18:34:14.285
210	0.7726777196	0.6543624161	0.8373080113	[1m0.8391646732[0m	2023-12-20T18:36:15.805
220	0.7518894672	0.6498881432	0.8397312398	0.8356460449	2023-12-20T18:38:17.416
230	0.7469040155	0.6593959732	0.8397782503	0.8357865378	2023-12-20T18:40:19.207
240	0.7433391809	0.6448545861	0.8478843283	[1m0.8431156211[0m	2023-12-20T18:42:21.131
250	0.7334883809	0.6638702461	0.8484640814	0.8424179877	2023-12-20T18:44:22.957
260	0.7811626792	0.6331096197	0.8295356352	0.8232090010	2023-12-20T18:46:25.162
270	0.7244276404	0.6744966443	0.8505570710	[1m0.8433266200[0m	2023-12-20T18:48:27.418
280	0.7055871487	0.6812080537	0.8595808154	[1m0.8525614251[0m	2023-12-20T18:50:29.754
290	0.7020381093	0.6862416107	0.8607976242	0.8508852809	2023-12-20T18:52:32.050
300	0.6949685216	0.6862416107	0.8628965967	0.8521818431	2023-12-20T18:54:34.523
310	0.6931962967	0.6929530201	0.8638508582	0.8509002335	2023-12-20T18:56:37.220
320	0.7143808603	0.6722595078	0.8534058190	0.8413834195	2023-12-20T18:58:39.919
330	0.6907017231	0.6912751678	0.8643004610	0.8501195007	2023-12-20T19:00:42.802
340	0.6826086640	0.6974272931	0.8667854357	[1m0.8553435575[0m	2023-12-20T19:02:45.712
350	0.6770291328	0.6951901566	0.8694796964	[1m0.8555999107[0m	2023-12-20T19:04:48.774
360	0.6790476441	0.6828859060	0.8698879278	[1m0.8575270764[0m	2023-12-20T19:06:51.931
370	0.6722545028	0.7046979866	0.8721202822	0.8569322262	2023-12-20T19:08:55.155
380	0.6668062806	0.6946308725	0.8741035677	[1m0.8580617335[0m	2023-12-20T19:10:58.486
390	0.6739218831	0.7052572707	0.8741756334	0.8572275187	2023-12-20T19:13:01.925
400	0.6807933450	0.6884787472	0.8631020780	0.8465782110	2023-12-20T19:15:05.641
410	0.6566044092	0.7069351230	0.8750084889	[1m0.8604525275[0m	2023-12-20T19:17:09.282
420	0.6814305782	0.6912751678	0.8613903924	0.8386682902	2023-12-20T19:19:13.065
430	0.6603982449	0.6991051454	0.8725840164	0.8567238381	2023-12-20T19:21:16.927
440	0.6621395350	0.7102908277	0.8763703126	0.8602845024	2023-12-20T19:23:20.823
450	0.6458041072	0.7158836689	0.8820826951	[1m0.8623586619[0m	2023-12-20T19:25:24.960
460	0.6460694075	0.7102908277	0.8822662659	[1m0.8640395338[0m	2023-12-20T19:27:29.083
470	0.6472506523	0.7158836689	0.8802081873	0.8554708670	2023-12-20T19:29:33.245
480	0.6636452079	0.6940715884	0.8785599062	0.8563532068	2023-12-20T19:31:37.528
490	0.6721101403	0.7007829978	0.8821940088	0.8626695585	2023-12-20T19:33:41.820
500	0.6370182037	0.7231543624	0.8860398943	0.8623071592	2023-12-20T19:35:46.396
eval AUC = 0.8664917800509454
eval Acc = 0.6841216216216216
# test=2, eval=1
Epoch	CE	Acc	AUC	TestAUC	Time
0	1.0985729694	0.3380044843	0.6816840603	0.6767202199	2023-12-20T19:35:57.565
10	0.9271152616	0.5364349776	0.7331803593	[1m0.7234132317[0m	2023-12-20T19:38:02.215
20	0.8720327020	0.5627802691	0.7672405401	[1m0.7520938472[0m	2023-12-20T19:40:06.814
30	0.8644692898	0.5588565022	0.7850924845	[1m0.7675143029[0m	2023-12-20T19:42:11.613
40	0.8310569525	0.5790358744	0.7955189607	[1m0.7853062368[0m	2023-12-20T19:44:16.429
50	0.8032670021	0.6266816143	0.8037745445	0.7705982639	2023-12-20T19:46:21.300
60	0.7886309028	0.6322869955	0.8146787639	[1m0.7893879334[0m	2023-12-20T19:48:26.203
70	0.7901036739	0.6205156951	0.8145674661	[1m0.7907838901[0m	2023-12-20T19:50:31.103
80	0.7847141623	0.6300448430	0.8131444455	0.7888576059	2023-12-20T19:52:36.131
90	0.7788388133	0.6423766816	0.8146369184	0.7895283070	2023-12-20T19:54:41.328
100	0.7721137404	0.6463004484	0.8191317696	0.7902255703	2023-12-20T19:56:46.549
110	0.7742065787	0.6373318386	0.8188063643	[1m0.7919322194[0m	2023-12-20T19:58:51.580
120	0.7720979452	0.6451793722	0.8202413036	[1m0.7931316263[0m	2023-12-20T20:00:56.874
130	0.7854746580	0.6210762332	0.8172030737	[1m0.7944104068[0m	2023-12-20T20:03:02.241
140	0.7749791145	0.6418161435	0.8162855256	0.7935358963	2023-12-20T20:05:07.734
150	0.7663282752	0.6440582960	0.8222320894	[1m0.7955484206[0m	2023-12-20T20:07:13.118
160	0.7634146810	0.6524663677	0.8230261863	[1m0.7975463590[0m	2023-12-20T20:09:18.650
170	0.7632402778	0.6485426009	0.8236873389	0.7960474258	2023-12-20T20:11:24.197
180	0.7680441141	0.6384529148	0.8228712749	[1m0.7978484495[0m	2023-12-20T20:13:30.048
190	0.7623316050	0.6457399103	0.8232933539	0.7960079183	2023-12-20T20:15:35.634
200	0.7586897612	0.6535874439	0.8250697706	[1m0.7998108168[0m	2023-12-20T20:17:41.402
210	0.7636107206	0.6496636771	0.8260348957	0.7988867169	2023-12-20T20:19:47.192
220	0.7855936289	0.6390134529	0.8180962259	0.7899349525	2023-12-20T20:21:52.973
230	0.7552077770	0.6507847534	0.8264302706	[1m0.8014604135[0m	2023-12-20T20:23:58.925
240	0.7506681085	0.6547085202	0.8311666927	[1m0.8022295653[0m	2023-12-20T20:26:04.831
250	0.7430086732	0.6569506726	0.8349496374	[1m0.8048517629[0m	2023-12-20T20:28:10.667
260	0.7387693524	0.6552690583	0.8377677484	[1m0.8079064248[0m	2023-12-20T20:30:16.695
270	0.7719917893	0.6463004484	0.8300065787	0.8012344636	2023-12-20T20:32:22.636
280	0.7375302911	0.6608744395	0.8401935147	0.8078757481	2023-12-20T20:34:28.614
290	0.7392061949	0.6591928251	0.8417305426	0.8046957918	2023-12-20T20:36:34.693
300	0.7131076455	0.6692825112	0.8470378481	[1m0.8138947073[0m	2023-12-20T20:38:40.831
310	0.7215917110	0.6619955157	0.8469744191	[1m0.8170580763[0m	2023-12-20T20:40:46.938
320	0.7195452452	0.6670403587	0.8477993375	0.8168902884	2023-12-20T20:42:53.192
330	0.7187229991	0.6636771300	0.8501885394	[1m0.8199247270[0m	2023-12-20T20:44:59.412
340	0.7098494172	0.6810538117	0.8521327848	0.8186617951	2023-12-20T20:47:05.642
350	0.7005188465	0.6760089686	0.8528375235	[1m0.8232721242[0m	2023-12-20T20:49:12.017
360	0.6982282400	0.6827354260	0.8564887590	[1m0.8235799393[0m	2023-12-20T20:51:18.367
370	0.6846296787	0.6821748879	0.8580779881	[1m0.8291336628[0m	2023-12-20T20:53:24.642
380	0.6917588711	0.6832959641	0.8578365875	0.8285005425	2023-12-20T20:55:31.012
390	0.6845635772	0.6849775785	0.8590958319	[1m0.8316363107[0m	2023-12-20T20:57:37.443
400	0.6773751378	0.6894618834	0.8620124072	[1m0.8324961768[0m	2023-12-20T20:59:43.935
410	0.7243143320	0.6591928251	0.8560687453	0.8293961085	2023-12-20T21:01:50.455
420	0.6769819856	0.6928251121	0.8643313097	[1m0.8349794281[0m	2023-12-20T21:03:57.058
430	0.6806375384	0.6894618834	0.8625892220	[1m0.8368977411[0m	2023-12-20T21:06:03.682
440	0.6872639060	0.6872197309	0.8651914103	0.8348590586	2023-12-20T21:08:10.304
450	0.6914228201	0.6849775785	0.8664887049	[1m0.8395308884[0m	2023-12-20T21:10:16.927
460	0.6730715036	0.6900224215	0.8683627880	[1m0.8414569209[0m	2023-12-20T21:12:23.786
470	0.6613885164	0.6933856502	0.8682622863	[1m0.8426592907[0m	2023-12-20T21:14:30.659
480	0.6896284223	0.6799327354	0.8707279826	[1m0.8428540207[0m	2023-12-20T21:16:37.740
490	0.6506834030	0.7057174888	0.8740565281	[1m0.8486762430[0m	2023-12-20T21:18:44.793
500	0.6583547592	0.6978699552	0.8751643893	[1m0.8498232068[0m	2023-12-20T21:20:51.926
eval AUC = 0.8495382620755887
eval Acc = 0.6543624161073825
# test=2, eval=3
Epoch	CE	Acc	AUC	TestAUC	Time
0	1.0986299515	0.3436098655	0.4767794429	0.4657789031	2023-12-20T21:21:03.520
10	0.9316899776	0.5291479821	0.7319584222	[1m0.7269527157[0m	2023-12-20T21:23:11.593
20	0.8919370770	0.5347533632	0.7293100886	0.7198464070	2023-12-20T21:25:18.841
30	0.8637997508	0.5655829596	0.7603919860	[1m0.7555855735[0m	2023-12-20T21:27:26.160
40	0.8608397245	0.5728699552	0.7569499545	[1m0.7580205177[0m	2023-12-20T21:29:33.481
50	0.8365156651	0.5846412556	0.7715694946	[1m0.7717468909[0m	2023-12-20T21:31:40.915
60	0.8312150836	0.5728699552	0.7708587274	0.7677518360	2023-12-20T21:33:48.240
70	0.8241013288	0.5795964126	0.7772748363	0.7695264244	2023-12-20T21:35:55.792
80	0.8367479444	0.5717488789	0.7749271809	0.7586305775	2023-12-20T21:38:03.443
90	0.8125488758	0.5885650224	0.8010534558	[1m0.7831900666[0m	2023-12-20T21:40:11.095
100	0.8281650543	0.5908071749	0.7981649921	[1m0.7879489054[0m	2023-12-20T21:42:18.863
110	0.8138754964	0.6300448430	0.8052570401	0.7831268382	2023-12-20T21:44:26.661
120	0.8244604468	0.6065022422	0.7923123157	0.7664578315	2023-12-20T21:46:34.604
130	0.8078665137	0.6283632287	0.8054162068	0.7769965060	2023-12-20T21:48:42.635
140	0.8023134470	0.6328475336	0.8069893898	0.7789644165	2023-12-20T21:50:50.564
150	0.7983393669	0.6306053812	0.8046289754	0.7805726650	2023-12-20T21:52:58.545
160	0.8334672451	0.6008968610	0.7900170983	0.7657448909	2023-12-20T21:55:06.580
170	0.8005266190	0.6238789238	0.8117013439	[1m0.7915194647[0m	2023-12-20T21:57:14.457
180	0.8122001886	0.6210762332	0.8088953659	0.7882999801	2023-12-20T21:59:22.482
190	0.7883114815	0.6345291480	0.8153514237	[1m0.7956823835[0m	2023-12-20T22:01:30.562
200	0.7936712503	0.6384529148	0.8120211322	0.7954238688	2023-12-20T22:03:38.617
210	0.7923211455	0.6423766816	0.8157967858	0.7930066799	2023-12-20T22:05:46.491
220	0.7903826833	0.6434977578	0.8170778682	0.7934533668	2023-12-20T22:07:54.444
230	0.7814937830	0.6451793722	0.8194545536	[1m0.7996404225[0m	2023-12-20T22:10:02.546
240	0.7865845561	0.6434977578	0.8142243886	0.7950180884	2023-12-20T22:12:10.593
250	0.7812989950	0.6451793722	0.8173568433	0.7992471924	2023-12-20T22:14:18.840
260	0.8210398555	0.6081838565	0.8138009341	0.7896219530	2023-12-20T22:16:27.074
270	0.7748526931	0.6513452915	0.8228228783	[1m0.8012882220[0m	2023-12-20T22:18:35.389
280	0.8076323867	0.6278026906	0.8186800497	[1m0.8013405417[0m	2023-12-20T22:20:43.663
290	0.7801820040	0.6446188341	0.8240561594	0.7991137636	2023-12-20T22:22:51.819
300	0.7848357558	0.6378923767	0.8242788053	0.7961090857	2023-12-20T22:25:00.037
310	0.7668601274	0.6547085202	0.8261979499	[1m0.8072802705[0m	2023-12-20T22:27:08.506
320	0.7658405304	0.6563901345	0.8277247273	[1m0.8076203376[0m	2023-12-20T22:29:16.673
330	0.7645384073	0.6479820628	0.8292580206	[1m0.8091761058[0m	2023-12-20T22:31:25.012
340	0.7619749308	0.6591928251	0.8318540508	0.8061559544	2023-12-20T22:33:33.466
350	0.7534104586	0.6664798206	0.8346208275	0.8087894943	2023-12-20T22:35:41.964
360	0.7598901391	0.6451793722	0.8323174568	[1m0.8127152163[0m	2023-12-20T22:37:50.254
370	0.7444702983	0.6541479821	0.8381863283	[1m0.8132567331[0m	2023-12-20T22:39:58.468
380	0.7415276170	0.6754484305	0.8452048237	[1m0.8165938773[0m	2023-12-20T22:42:06.660
390	0.7444027662	0.6569506726	0.8500663669	[1m0.8197011474[0m	2023-12-20T22:44:14.840
400	0.7321570516	0.6608744395	0.8497854846	[1m0.8288568860[0m	2023-12-20T22:46:22.974
410	0.7149640918	0.6709641256	0.8533797513	[1m0.8289733004[0m	2023-12-20T22:48:30.954
420	0.7126646638	0.6692825112	0.8581966360	[1m0.8359938039[0m	2023-12-20T22:50:39.219
430	0.6979900002	0.6877802691	0.8617925191	[1m0.8406614726[0m	2023-12-20T22:52:47.367
440	0.7322780490	0.6491031390	0.8590480836	0.8405256793	2023-12-20T22:54:55.435
450	0.6819264889	0.7006726457	0.8675754406	[1m0.8444911018[0m	2023-12-20T22:57:03.652
460	0.6876993775	0.6804932735	0.8681132128	[1m0.8448324045[0m	2023-12-20T22:59:11.933
470	0.6821049452	0.6922645740	0.8659736030	0.8447586832	2023-12-20T23:01:20.222
480	0.6751371622	0.7062780269	0.8706845478	[1m0.8477248770[0m	2023-12-20T23:03:28.704
490	0.6634384394	0.7135650224	0.8743768385	[1m0.8506500443[0m	2023-12-20T23:05:37.227
500	0.6630578637	0.7141255605	0.8753061596	[1m0.8521065040[0m	2023-12-20T23:07:45.656
eval AUC = 0.8618664446208838
eval Acc = 0.6912751677852349
# test=2, eval=4
Epoch	CE	Acc	AUC	TestAUC	Time
0	1.0985924006	0.3228699552	0.5611096003	0.5488820793	2023-12-20T23:07:57.314
10	0.9067544341	0.5375560538	0.7105295221	[1m0.6998815211[0m	2023-12-20T23:10:05.898
20	0.9181410670	0.4904708520	0.6980722180	0.6818595809	2023-12-20T23:12:14.736
30	0.8957720995	0.5358744395	0.7066266484	0.6892495056	2023-12-20T23:14:23.522
40	0.8995054364	0.5330717489	0.7238067557	[1m0.7057462427[0m	2023-12-20T23:16:32.475
50	0.8922582269	0.5414798206	0.7223698017	[1m0.7090029127[0m	2023-12-20T23:18:41.312
60	0.9063804150	0.5257847534	0.7371201603	[1m0.7338615927[0m	2023-12-20T23:20:50.345
70	0.9008824825	0.5184977578	0.7203686846	0.7011311034	2023-12-20T23:22:59.504
80	0.8931317329	0.5347533632	0.7429975807	0.7337666467	2023-12-20T23:25:08.561
90	0.8848177791	0.5341928251	0.7507166759	[1m0.7421733049[0m	2023-12-20T23:27:17.866
100	0.8789572716	0.5431614350	0.7560953434	[1m0.7473833630[0m	2023-12-20T23:29:27.127
110	0.8835994005	0.5532511211	0.7549691259	0.7440153402	2023-12-20T23:31:36.353
120	0.8905166984	0.5633408072	0.7551075780	[1m0.7518171984[0m	2023-12-20T23:33:45.857
130	0.8652969003	0.5795964126	0.7723905245	[1m0.7602666032[0m	2023-12-20T23:35:55.649
140	0.8608951569	0.5767937220	0.7760609804	[1m0.7649324763[0m	2023-12-20T23:38:05.181
150	0.8575226068	0.5835201794	0.7806980199	[1m0.7700566921[0m	2023-12-20T23:40:14.713
160	0.8693643808	0.5627802691	0.7721828147	0.7488547947	2023-12-20T23:42:24.592
170	0.8631695509	0.5639013453	0.7669563412	0.7598872039	2023-12-20T23:44:34.357
180	0.8656194210	0.5582959641	0.7707945902	0.7647723499	2023-12-20T23:46:44.187
190	0.8495512009	0.5840807175	0.7781195141	0.7695188510	2023-12-20T23:48:54.235
200	0.8304511309	0.5958520179	0.7906643084	[1m0.7795947056[0m	2023-12-20T23:51:04.102
210	0.8485462666	0.5823991031	0.7931965524	0.7785749177	2023-12-20T23:53:13.920
220	0.8171960115	0.6154708520	0.8077731147	[1m0.7875079675[0m	2023-12-20T23:55:23.984
230	0.8089258671	0.6149103139	0.8076006474	[1m0.7936804064[0m	2023-12-20T23:57:33.729
240	0.8112840056	0.6087443946	0.8014349533	0.7912429637	2023-12-20T23:59:43.706
250	0.7966815233	0.6255605381	0.8170075980	[1m0.7941655235[0m	2023-12-21T00:01:53.731
260	0.7840482593	0.6244394619	0.8223102007	[1m0.8044129232[0m	2023-12-21T00:04:03.766
270	0.7822780013	0.6401345291	0.8266125925	[1m0.8067888585[0m	2023-12-21T00:06:13.947
280	0.7760633826	0.6356502242	0.8277669129	0.8063120909	2023-12-21T00:08:24.122
290	0.7702325583	0.6356502242	0.8303892950	[1m0.8093277371[0m	2023-12-21T00:10:34.542
300	0.7567054629	0.6479820628	0.8344346423	[1m0.8149651231[0m	2023-12-21T00:12:44.973
310	0.7531788945	0.6474215247	0.8365969440	[1m0.8174415382[0m	2023-12-21T00:14:55.638
320	0.7622994184	0.6373318386	0.8363517599	[1m0.8223439346[0m	2023-12-21T00:17:06.278
330	0.7501820326	0.6418161435	0.8350851729	0.8196468373	2023-12-21T00:19:16.964
340	0.7464954853	0.6513452915	0.8400750257	0.8201116973	2023-12-21T00:21:27.940
350	0.7433632016	0.6535874439	0.8401197498	[1m0.8260909257[0m	2023-12-21T00:23:38.882
360	0.7586526871	0.6485426009	0.8303118337	0.8169985501	2023-12-21T00:25:49.867
370	0.7356413007	0.6513452915	0.8449565205	[1m0.8283041919[0m	2023-12-21T00:28:00.973
380	0.7542020082	0.6322869955	0.8405319479	0.8177947447	2023-12-21T00:30:12.240
390	0.7235600352	0.6580717489	0.8498818309	[1m0.8320289946[0m	2023-12-21T00:32:23.523
400	0.7276123166	0.6597533632	0.8504584235	[1m0.8348271570[0m	2023-12-21T00:34:34.821
410	0.7215280533	0.6664798206	0.8535982844	[1m0.8377592909[0m	2023-12-21T00:36:46.454
420	0.7299722433	0.6547085202	0.8490961032	0.8327253057	2023-12-21T00:38:57.927
430	0.7147886157	0.6732062780	0.8582809243	0.8353385219	2023-12-21T00:41:09.518
440	0.7355554700	0.6446188341	0.8599547605	[1m0.8378264022[0m	2023-12-21T00:43:21.530
450	0.6980082393	0.6743273543	0.8649451448	[1m0.8455663372[0m	2023-12-21T00:45:33.369
460	0.7020292878	0.6659192825	0.8658594918	0.8435624348	2023-12-21T00:47:45.248
470	0.7070540786	0.6760089686	0.8663672992	0.8432867169	2023-12-21T00:49:57.318
480	0.6802035570	0.6989910314	0.8693514240	0.8450511110	2023-12-21T00:52:09.498
490	0.6793558002	0.6855381166	0.8692781133	[1m0.8496809281[0m	2023-12-21T00:54:21.721
500	0.6821614504	0.6900224215	0.8720239756	[1m0.8507314007[0m	2023-12-21T00:56:34.129
eval AUC = 0.8497662536420932
eval Acc = 0.6661073825503355
# test=2, eval=5
Epoch	CE	Acc	AUC	TestAUC	Time
0	1.0984429121	0.3255033557	0.6541659950	0.6572420425	2023-12-21T00:56:46.357
10	0.9277564287	0.5268456376	0.7278816098	[1m0.7226371409[0m	2023-12-21T00:58:58.909
20	0.9012612104	0.5324384787	0.7393297270	[1m0.7235611877[0m	2023-12-21T01:01:11.556
30	0.8907706738	0.5380313199	0.7404870514	[1m0.7349747570[0m	2023-12-21T01:03:24.468
40	0.8589286208	0.5609619687	0.7623751417	[1m0.7515974453[0m	2023-12-21T01:05:37.344
50	0.8423399329	0.5704697987	0.7736940487	[1m0.7662697661[0m	2023-12-21T01:07:50.497
60	0.8366526961	0.5989932886	0.7858850629	[1m0.7736092794[0m	2023-12-21T01:10:03.876
70	0.8239665627	0.5782997763	0.7922048238	[1m0.7846897944[0m	2023-12-21T01:12:17.154
80	0.8069940209	0.6101789709	0.7959049125	0.7815387311	2023-12-21T01:14:30.583
90	0.8039845824	0.6180089485	0.7978749256	[1m0.7852583500[0m	2023-12-21T01:16:44.047
100	0.7980133891	0.6152125280	0.8024989562	[1m0.7862911809[0m	2023-12-21T01:18:57.712
110	0.7948161960	0.6191275168	0.8076248024	[1m0.7876906804[0m	2023-12-21T01:21:11.618
120	0.8090159297	0.6185682327	0.8069872961	0.7820864210	2023-12-21T01:23:25.633
130	0.8016591072	0.6252796421	0.8090684349	[1m0.7899672339[0m	2023-12-21T01:25:39.861
140	0.7854763865	0.6247203579	0.8101137532	[1m0.7901943087[0m	2023-12-21T01:27:54.140
150	0.8189198971	0.5928411633	0.8080041814	[1m0.7964341372[0m	2023-12-21T01:30:08.693
160	0.7855973840	0.6051454139	0.8176620319	[1m0.8013166340[0m	2023-12-21T01:32:23.236
170	0.7994197607	0.6180089485	0.8197175390	0.7982590725	2023-12-21T01:34:38.066
180	0.7572297454	0.6459731544	0.8301605136	[1m0.8069011676[0m	2023-12-21T01:36:53.002
190	0.7554214597	0.6493288591	0.8309244312	[1m0.8102166538[0m	2023-12-21T01:39:08.195
200	0.7440356016	0.6431767338	0.8353961845	[1m0.8136241448[0m	2023-12-21T01:41:23.470
210	0.7492062449	0.6414988814	0.8391841552	[1m0.8193603742[0m	2023-12-21T01:43:39.216
220	0.7319066525	0.6638702461	0.8418655275	[1m0.8204586100[0m	2023-12-21T01:45:54.554
230	0.7278906703	0.6521252796	0.8444815479	[1m0.8232364728[0m	2023-12-21T01:48:10.364
240	0.7273799181	0.6711409396	0.8470571241	[1m0.8252686250[0m	2023-12-21T01:50:22.378
250	0.7191424966	0.6577181208	0.8455119970	0.8251607215	2023-12-21T01:52:31.242
260	0.7151432633	0.6722595078	0.8520980412	[1m0.8302358125[0m	2023-12-21T01:54:39.525
270	0.7286229730	0.6627516779	0.8499199411	[1m0.8323079822[0m	2023-12-21T01:56:46.916
280	0.6938294768	0.6856823266	0.8606364476	[1m0.8440111926[0m	2023-12-21T01:58:53.656
290	0.7010768652	0.6851230425	0.8627947311	0.8437682933	2023-12-21T02:01:00.305
300	0.6999667883	0.6879194631	0.8624121026	0.8438633790	2023-12-21T02:03:06.015
310	0.6903691888	0.6974272931	0.8685823238	[1m0.8513166167[0m	2023-12-21T02:05:10.538
320	0.6966102719	0.6862416107	0.8652221828	[1m0.8516913542[0m	2023-12-21T02:07:14.542
330	0.6787878871	0.6951901566	0.8722945491	[1m0.8579692384[0m	2023-12-21T02:09:17.940
340	0.6666618586	0.7052572707	0.8744804089	[1m0.8588153746[0m	2023-12-21T02:11:20.695
350	0.6545549035	0.7041387025	0.8767325266	[1m0.8632139831[0m	2023-12-21T02:13:22.785
360	0.6567785144	0.7147651007	0.8771213757	0.8620164346	2023-12-21T02:15:23.618
370	0.6733190417	0.6918344519	0.8782311973	0.8616042146	2023-12-21T02:17:22.832
380	0.6624152064	0.7125279642	0.8759215369	0.8629952213	2023-12-21T02:19:19.025
390	0.6442670226	0.7142058166	0.8796429638	[1m0.8666409925[0m	2023-12-21T02:21:03.445
400	0.6356143951	0.7197986577	0.8847448592	[1m0.8710717694[0m	2023-12-21T02:22:48.008
410	0.6506200433	0.7024608501	0.8812817454	0.8699776736	2023-12-21T02:24:32.856
420	0.6239188313	0.7293064877	0.8872862450	[1m0.8750689898[0m	2023-12-21T02:26:17.903
430	0.6231573224	0.7276286353	0.8903059693	[1m0.8768763234[0m	2023-12-21T02:28:02.593
440	0.6119682193	0.7287472036	0.8932276382	[1m0.8809839664[0m	2023-12-21T02:29:46.927
450	0.6074239016	0.7332214765	0.8937809641	0.8796092003	2023-12-21T02:31:32.886
460	0.6043654680	0.7388143177	0.8947570301	[1m0.8834865368[0m	2023-12-21T02:33:27.943
470	0.5893633962	0.7438478747	0.8989239748	[1m0.8847495163[0m	2023-12-21T02:35:23.123
480	0.5984702110	0.7393736018	0.9001475451	0.8845952894	2023-12-21T02:37:18.219
490	0.5822383761	0.7466442953	0.9036483067	[1m0.8888662365[0m	2023-12-21T02:39:08.493
500	0.5674331784	0.7628635347	0.9089658847	[1m0.8929063593[0m	2023-12-21T02:40:58.839
eval AUC = 0.8938478304267491
eval Acc = 0.7246621621621622
# test=3, eval=1
Epoch	CE	Acc	AUC	TestAUC	Time
0	1.0986342430	0.3878923767	0.5050997926	0.4472482830	2023-12-21T02:41:08.757
10	0.9376410246	0.5252242152	0.7227378534	[1m0.7401212589[0m	2023-12-21T02:42:59.398
20	0.9091843367	0.5375560538	0.7419343474	[1m0.7709120554[0m	2023-12-21T02:44:49.972
30	0.8859935999	0.5510089686	0.7582367700	[1m0.7853072774[0m	2023-12-21T02:46:40.501
40	0.8617159724	0.5678251121	0.7638221597	[1m0.7907050441[0m	2023-12-21T02:48:31.569
50	0.8451236486	0.5762331839	0.7725187386	[1m0.7982385863[0m	2023-12-21T02:50:22.468
60	0.8376691937	0.5790358744	0.7816944898	[1m0.8097750771[0m	2023-12-21T02:52:13.560
70	0.8409128189	0.5767937220	0.7851994027	0.8066418951	2023-12-21T02:54:04.739
80	0.8357647657	0.5863228700	0.7873258996	[1m0.8186665594[0m	2023-12-21T02:55:56.058
90	0.8386668563	0.5891255605	0.7881477272	0.8089402958	2023-12-21T02:57:47.248
100	0.8346672654	0.6087443946	0.7955462227	[1m0.8209968781[0m	2023-12-21T02:59:38.660
110	0.8283247948	0.5885650224	0.7956186292	0.8170420739	2023-12-21T03:01:30.240
120	0.8179835677	0.6087443946	0.7983597702	[1m0.8242390135[0m	2023-12-21T03:03:22.008
130	0.8198061585	0.6081838565	0.8010807100	0.8212409124	2023-12-21T03:05:13.819
140	0.8314598799	0.5896860987	0.7994061193	0.8183215372	2023-12-21T03:07:05.708
150	0.8060424924	0.6350896861	0.8052475619	[1m0.8289727438[0m	2023-12-21T03:08:57.733
160	0.8043558002	0.6165919283	0.8078901248	[1m0.8304972763[0m	2023-12-21T03:10:50.090
170	0.8009837866	0.6272421525	0.8103007795	[1m0.8320657076[0m	2023-12-21T03:12:42.478
180	0.7976685762	0.6350896861	0.8113060369	[1m0.8323579518[0m	2023-12-21T03:14:34.754
190	0.7949199677	0.6485426009	0.8146642421	[1m0.8326766251[0m	2023-12-21T03:16:27.162
200	0.7975018620	0.6463004484	0.8158771994	0.8284775310	2023-12-21T03:18:19.679
210	0.7924804688	0.6440582960	0.8185618097	[1m0.8326780787[0m	2023-12-21T03:20:12.404
220	0.7881380916	0.6491031390	0.8198661058	[1m0.8327959493[0m	2023-12-21T03:22:05.054
230	0.7852476835	0.6384529148	0.8183802242	[1m0.8339536599[0m	2023-12-21T03:23:57.741
240	0.7792690992	0.6491031390	0.8245085768	[1m0.8341867529[0m	2023-12-21T03:25:50.721
250	0.7930740118	0.6418161435	0.8287928544	0.8321333515	2023-12-21T03:27:43.646
260	0.7793609500	0.6395739910	0.8300227708	[1m0.8347806973[0m	2023-12-21T03:29:36.466
270	0.7583727241	0.6642376682	0.8390215012	[1m0.8368644987[0m	2023-12-21T03:31:29.313
280	0.7497789860	0.6743273543	0.8429044708	[1m0.8398937706[0m	2023-12-21T03:33:22.318
290	0.7374538779	0.6720852018	0.8440097812	[1m0.8430110238[0m	2023-12-21T03:35:15.376
300	0.7300587296	0.6771300448	0.8510378694	[1m0.8443113803[0m	2023-12-21T03:37:08.555
310	0.7169854045	0.6855381166	0.8556023006	[1m0.8468484347[0m	2023-12-21T03:39:01.620
320	0.7269169688	0.6715246637	0.8548484120	0.8456161271	2023-12-21T03:40:54.759
330	0.7144716382	0.6989910314	0.8617246611	[1m0.8488915491[0m	2023-12-21T03:42:48.094
340	0.7443383932	0.6804932735	0.8570060607	0.8442925788	2023-12-21T03:44:41.647
350	0.7008144855	0.6821748879	0.8628290255	[1m0.8536866403[0m	2023-12-21T03:46:35.344
360	0.6879927516	0.6989910314	0.8655742335	0.8535206314	2023-12-21T03:48:29.037
370	0.7794951797	0.6468609865	0.8461630005	0.8380737197	2023-12-21T03:50:22.637
380	0.6801664829	0.6961883408	0.8685506832	[1m0.8570285164[0m	2023-12-21T03:52:16.259
390	0.7098306417	0.6776905830	0.8632575382	0.8509185297	2023-12-21T03:54:10.075
400	0.6762362719	0.7040358744	0.8716099416	0.8559817952	2023-12-21T03:56:03.892
410	0.6925904155	0.6900224215	0.8671810492	0.8531066175	2023-12-21T03:57:57.577
420	0.6652896404	0.7085201794	0.8757353949	[1m0.8595449231[0m	2023-12-21T03:59:51.355
430	0.6974999309	0.7012331839	0.8728617649	0.8542053880	2023-12-21T04:01:45.143
440	0.6933372617	0.6956278027	0.8711324521	0.8582962431	2023-12-21T04:03:39.104
450	0.6574055552	0.7174887892	0.8785869981	[1m0.8637486747[0m	2023-12-21T04:05:33.174
460	0.7083800435	0.6933856502	0.8736912324	0.8578119441	2023-12-21T04:07:27.389
470	0.6631905437	0.7107623318	0.8743261739	0.8572012861	2023-12-21T04:09:21.489
480	0.6975933909	0.6799327354	0.8712090891	0.8570235441	2023-12-21T04:11:15.557
490	0.6728938222	0.7012331839	0.8762471178	0.8596056553	2023-12-21T04:13:09.778
500	0.6462771893	0.7202914798	0.8845740277	0.8624574664	2023-12-21T04:15:04.002
eval AUC = 0.8564263224051502
eval Acc = 0.6694630872483222
# test=3, eval=2
Epoch	CE	Acc	AUC	TestAUC	Time
0	1.0987241268	0.3957399103	0.3843889359	0.4134969669	2023-12-21T04:15:14.388
10	0.9208241701	0.4893497758	0.7075914955	[1m0.7185910336[0m	2023-12-21T04:17:08.554
20	0.9294190407	0.4904708520	0.6949986871	0.7093269301	2023-12-21T04:19:02.898
30	0.9068321586	0.5319506726	0.7241016824	[1m0.7238160604[0m	2023-12-21T04:20:57.308
40	0.9073657393	0.5218609865	0.7097817097	0.7170114545	2023-12-21T04:22:51.713
50	0.9244464040	0.5117713004	0.7390474944	[1m0.7384776512[0m	2023-12-21T04:24:46.084
60	0.8949815035	0.5369955157	0.7393856044	[1m0.7409930757[0m	2023-12-21T04:26:40.430
70	0.8968526125	0.5420403587	0.7372476118	[1m0.7425975266[0m	2023-12-21T04:28:34.953
80	0.9097259641	0.5207399103	0.7339426076	0.7370060132	2023-12-21T04:30:29.546
90	0.8786219954	0.5459641256	0.7626656830	[1m0.7568603085[0m	2023-12-21T04:32:24.107
100	0.8714268208	0.5549327354	0.7709103750	[1m0.7673447117[0m	2023-12-21T04:34:18.578
110	0.8674457073	0.5689461883	0.7696048503	0.7626256304	2023-12-21T04:36:13.050
120	0.8650748134	0.5689461883	0.7797943612	[1m0.7738858600[0m	2023-12-21T04:38:07.598
130	0.8506695628	0.5880044843	0.7886447456	[1m0.7798636505[0m	2023-12-21T04:40:02.312
140	0.8624194860	0.5711883408	0.7865080754	[1m0.7824992282[0m	2023-12-21T04:41:57.035
150	0.8563249111	0.5874439462	0.7872838369	[1m0.7859267829[0m	2023-12-21T04:43:51.838
160	0.8250285387	0.6160313901	0.8003256938	0.7838908554	2023-12-21T04:45:46.619
170	0.8154566288	0.6199551570	0.8100329139	[1m0.7957678683[0m	2023-12-21T04:47:41.434
180	0.8236791492	0.6048206278	0.8071253877	[1m0.8079273535[0m	2023-12-21T04:49:36.122
190	0.7967784405	0.6367713004	0.8198984393	0.8066574198	2023-12-21T04:51:31.002
200	0.7909748554	0.6356502242	0.8184275561	0.8041699215	2023-12-21T04:53:22.786
210	0.7680517435	0.6507847534	0.8349936486	[1m0.8240216084[0m	2023-12-21T04:55:12.319
220	0.7565014362	0.6631165919	0.8366630313	[1m0.8350426723[0m	2023-12-21T04:57:04.172
230	0.7485577464	0.6664798206	0.8418800623	[1m0.8417785061[0m	2023-12-21T04:58:53.872
240	0.7460229993	0.6804932735	0.8506592233	[1m0.8437554441[0m	2023-12-21T05:00:43.638
250	0.7433260083	0.6406950673	0.8506996577	[1m0.8453212177[0m	2023-12-21T05:02:32.460
260	0.7584093213	0.6558295964	0.8426276430	0.8331357251	2023-12-21T05:04:20.099
270	0.7361652851	0.6597533632	0.8439139203	[1m0.8485810195[0m	2023-12-21T05:06:07.936
280	0.7238278389	0.6591928251	0.8532040977	[1m0.8519601728[0m	2023-12-21T05:07:55.688
290	0.7029878497	0.6933856502	0.8599453619	[1m0.8569486264[0m	2023-12-21T05:09:43.517
300	0.7071788907	0.6670403587	0.8611568068	[1m0.8599908774[0m	2023-12-21T05:11:31.474
310	0.7183078527	0.6776905830	0.8528335950	0.8494242895	2023-12-21T05:13:19.496
320	0.6943331957	0.6810538117	0.8636189531	[1m0.8637845469[0m	2023-12-21T05:15:07.434
330	0.6874167919	0.6855381166	0.8621685130	0.8637445015	2023-12-21T05:16:55.363
340	0.6931326389	0.6748878924	0.8633682150	0.8623555699	2023-12-21T05:18:43.261
350	0.6798012853	0.6973094170	0.8661771459	[1m0.8651170001[0m	2023-12-21T05:20:31.353
360	0.6775605083	0.6917040359	0.8664268212	[1m0.8676161262[0m	2023-12-21T05:22:19.320
370	0.6828730702	0.6877802691	0.8656732066	0.8629965736	2023-12-21T05:24:07.283
380	0.6805497408	0.6978699552	0.8699720593	[1m0.8683901663[0m	2023-12-21T05:25:55.288
390	0.7003951669	0.6804932735	0.8691862612	0.8665730754	2023-12-21T05:27:43.342
400	0.6618121266	0.7045964126	0.8720565117	[1m0.8708977671[0m	2023-12-21T05:29:31.432
410	0.7309275866	0.6647982063	0.8643808617	0.8591197905	2023-12-21T05:31:19.523
420	0.6587111354	0.7029147982	0.8743521269	[1m0.8732554263[0m	2023-12-21T05:33:07.591
430	0.6650720835	0.7017937220	0.8713086214	0.8683985723	2023-12-21T05:34:55.675
440	0.6645034552	0.6928251121	0.8722769812	0.8713806745	2023-12-21T05:36:43.720
450	0.6622174382	0.7017937220	0.8741853599	[1m0.8750242363[0m	2023-12-21T05:38:31.839
460	0.6481804252	0.7057174888	0.8778582120	[1m0.8761377076[0m	2023-12-21T05:40:19.970
470	0.6557483673	0.7034753363	0.8751486654	0.8760635065	2023-12-21T05:42:08.196
480	0.7746863961	0.6485426009	0.8669831961	0.8603154476	2023-12-21T05:43:56.518
490	0.6565033197	0.7045964126	0.8801983319	[1m0.8795437462[0m	2023-12-21T05:45:44.544
500	0.6498849392	0.7068385650	0.8800696993	0.8773500059	2023-12-21T05:47:32.586
eval AUC = 0.8664126781518632
eval Acc = 0.6610738255033557
# test=3, eval=4
Epoch	CE	Acc	AUC	TestAUC	Time
0	1.0986274481	0.3323991031	0.4676835000	0.4734991466	2023-12-21T05:47:42.428
10	0.9831473231	0.4803811659	0.6560424986	[1m0.6578555526[0m	2023-12-21T05:49:30.396
20	0.9183137417	0.5168161435	0.7080256876	[1m0.7136968324[0m	2023-12-21T05:51:18.646
30	0.9210772514	0.5168161435	0.7179112743	[1m0.7278015405[0m	2023-12-21T05:53:06.895
40	0.8992239833	0.5252242152	0.7040603001	0.7253743171	2023-12-21T05:54:55.076
50	0.8904843330	0.5347533632	0.7416526381	[1m0.7670531498[0m	2023-12-21T05:56:43.334
60	0.8839746118	0.5465246637	0.7697415397	[1m0.7877135056[0m	2023-12-21T05:58:31.632
70	0.8640063405	0.5616591928	0.7777242977	[1m0.7943437701[0m	2023-12-21T06:00:19.953
80	0.8457313776	0.5678251121	0.7822378549	[1m0.7988714679[0m	2023-12-21T06:02:08.217
90	0.8406578302	0.5723094170	0.7869956846	[1m0.8003494873[0m	2023-12-21T06:03:56.436
100	0.8480503559	0.5997757848	0.7896577836	[1m0.8018067777[0m	2023-12-21T06:05:44.745
110	0.8242474198	0.6031390135	0.7922495029	[1m0.8104647451[0m	2023-12-21T06:07:33.072
120	0.8158413172	0.6098654709	0.7999059332	[1m0.8171756518[0m	2023-12-21T06:09:21.396
130	0.8220279217	0.6244394619	0.7968892246	0.8037408161	2023-12-21T06:11:09.700
140	0.8126394749	0.6300448430	0.8032382171	0.8137395787	2023-12-21T06:12:58.117
150	0.8125585914	0.6339686099	0.8077064619	[1m0.8217380316[0m	2023-12-21T06:14:46.261
160	0.8076403141	0.6406950673	0.8106233889	[1m0.8255760916[0m	2023-12-21T06:16:34.622
170	0.8082866669	0.6328475336	0.8038860899	0.8091699838	2023-12-21T06:18:22.917
180	0.7956725955	0.6350896861	0.8141309760	[1m0.8264767198[0m	2023-12-21T06:20:11.253
190	0.7951198816	0.6401345291	0.8132606128	0.8211125253	2023-12-21T06:21:59.633
200	0.7854576111	0.6491031390	0.8199996100	[1m0.8326304180[0m	2023-12-21T06:23:47.893
210	0.7929912806	0.6306053812	0.8135448336	0.8182402707	2023-12-21T06:25:36.256
220	0.7796354890	0.6457399103	0.8233054781	0.8309556424	2023-12-21T06:27:24.596
230	0.7738813162	0.6558295964	0.8262348957	[1m0.8356000876[0m	2023-12-21T06:29:12.912
240	0.7742463946	0.6468609865	0.8246866810	[1m0.8358069392[0m	2023-12-21T06:31:01.244
250	0.7693524361	0.6429372197	0.8281262246	[1m0.8362391559[0m	2023-12-21T06:32:49.586
260	0.7741222978	0.6502242152	0.8274222424	0.8299078397	2023-12-21T06:34:37.921
270	0.7757601142	0.6451793722	0.8219572114	0.8212267969	2023-12-21T06:36:26.395
280	0.7566568255	0.6591928251	0.8333208039	0.8356049721	2023-12-21T06:38:14.735
290	0.7641123533	0.6575112108	0.8310910331	0.8318569338	2023-12-21T06:40:03.138
300	0.7576702833	0.6586322870	0.8341092209	[1m0.8410700617[0m	2023-12-21T06:41:51.588
310	0.7477546930	0.6586322870	0.8385083036	0.8391795688	2023-12-21T06:43:39.981
320	0.7440136075	0.6608744395	0.8397251665	[1m0.8411651360[0m	2023-12-21T06:45:28.299
330	0.7416161299	0.6642376682	0.8396329155	0.8386337064	2023-12-21T06:47:16.556
340	0.7444582582	0.6563901345	0.8379562999	0.8342614253	2023-12-21T06:49:04.838
350	0.7246747017	0.6698430493	0.8491497317	[1m0.8467462645[0m	2023-12-21T06:50:53.188
360	0.7205302715	0.6726457399	0.8510325136	[1m0.8491429786[0m	2023-12-21T06:52:41.584
370	0.7148967385	0.6810538117	0.8551440222	[1m0.8534953400[0m	2023-12-21T06:54:30.044
380	0.7310088873	0.6743273543	0.8580006510	[1m0.8556465458[0m	2023-12-21T06:56:18.497
390	0.6999363899	0.6849775785	0.8618835628	[1m0.8618892698[0m	2023-12-21T06:58:06.854
400	0.6953068376	0.6860986547	0.8661107986	[1m0.8621768740[0m	2023-12-21T06:59:55.280
410	0.6893106699	0.6989910314	0.8642923299	0.8602544200	2023-12-21T07:01:43.790
420	0.6858007908	0.6967488789	0.8682635823	0.8610054742	2023-12-21T07:03:32.260
430	0.6883514524	0.6961883408	0.8712736706	[1m0.8676479120[0m	2023-12-21T07:05:20.768
440	0.6815510988	0.7051569507	0.8737823840	[1m0.8687909660[0m	2023-12-21T07:07:09.439
450	0.6641741991	0.7135650224	0.8763766643	[1m0.8713059859[0m	2023-12-21T07:08:58.087
460	0.6725572944	0.7023542601	0.8758980593	0.8706797027	2023-12-21T07:10:46.832
470	0.6551985145	0.7197309417	0.8795054946	[1m0.8739082512[0m	2023-12-21T07:12:35.506
480	0.6721006632	0.7057174888	0.8750018676	0.8673215982	2023-12-21T07:14:23.983
490	0.6624187827	0.6995515695	0.8729920707	0.8693241496	2023-12-21T07:16:12.613
500	0.6539437771	0.7208520179	0.8806900334	0.8725784807	2023-12-21T07:18:01.250
eval AUC = 0.8588601078044119
eval Acc = 0.6879194630872483
# test=3, eval=5
Epoch	CE	Acc	AUC	TestAUC	Time
0	1.0988503695	0.3422818792	0.3608247371	0.3679935020	2023-12-21T07:18:11.169
10	0.9082745910	0.5240492170	0.7248899209	[1m0.7478076311[0m	2023-12-21T07:19:59.926
20	0.8800292611	0.5346756152	0.7267106386	[1m0.7622506637[0m	2023-12-21T07:21:48.610
30	0.8768307567	0.5486577181	0.7502877408	[1m0.7780305006[0m	2023-12-21T07:23:37.197
40	0.8496707678	0.5749440716	0.7618968452	[1m0.7784903383[0m	2023-12-21T07:25:25.931
50	0.8485223651	0.5710290828	0.7716996432	[1m0.7804046309[0m	2023-12-21T07:27:14.609
60	0.8374137878	0.5850111857	0.7868202919	[1m0.8021131695[0m	2023-12-21T07:29:03.337
70	0.8298711181	0.5838926174	0.7841277427	[1m0.8057280305[0m	2023-12-21T07:30:52.135
80	0.8259308934	0.5995525727	0.7900475891	0.8039344880	2023-12-21T07:32:40.847
90	0.8417789936	0.6185682327	0.7954336523	[1m0.8111864059[0m	2023-12-21T07:34:29.552
100	0.8419352174	0.5659955257	0.7733590125	0.8072600466	2023-12-21T07:36:18.447
110	0.8196686506	0.6157718121	0.7975646526	[1m0.8114462467[0m	2023-12-21T07:38:07.202
120	0.8214539886	0.6168903803	0.8039741869	[1m0.8334424246[0m	2023-12-21T07:39:55.964
130	0.8145189285	0.6107382550	0.7976153223	0.8236063437	2023-12-21T07:41:44.825
140	0.8123910427	0.6208053691	0.8044265523	0.8231808723	2023-12-21T07:43:33.954
150	0.7964934111	0.6381431767	0.8113152826	[1m0.8350843229[0m	2023-12-21T07:45:22.918
160	0.7939813733	0.6364653244	0.8148548083	0.8293229419	2023-12-21T07:47:11.787
170	0.7854835391	0.6409395973	0.8192099293	[1m0.8391384664[0m	2023-12-21T07:49:00.700
180	0.7841431499	0.6280760626	0.8219378060	[1m0.8397111775[0m	2023-12-21T07:50:49.648
190	0.7892460227	0.6375838926	0.8239334515	0.8356995002	2023-12-21T07:52:38.590
200	0.7658351660	0.6498881432	0.8330854871	[1m0.8448853479[0m	2023-12-21T07:54:27.541
210	0.7648711205	0.6582774049	0.8347222856	0.8443995219	2023-12-21T07:56:16.570
220	0.7567834258	0.6677852349	0.8407659104	[1m0.8529156440[0m	2023-12-21T07:58:05.632
230	0.7459408045	0.6683445190	0.8449626512	0.8489872432	2023-12-21T07:59:54.722
240	0.7521183491	0.6733780761	0.8497054664	[1m0.8568725826[0m	2023-12-21T08:01:43.909
250	0.7388329506	0.6767337808	0.8525631793	[1m0.8585109882[0m	2023-12-21T08:03:32.963
260	0.7292206883	0.6728187919	0.8507477367	0.8573312122	2023-12-21T08:05:22.081
270	0.7393834591	0.6582774049	0.8478107296	0.8566055619	2023-12-21T08:07:11.371
280	0.7168917060	0.6918344519	0.8640083390	[1m0.8648344869[0m	2023-12-21T08:09:00.617
290	0.7010820508	0.7002237136	0.8660493864	[1m0.8659494462[0m	2023-12-21T08:10:49.864
300	0.7211971879	0.6705816555	0.8594024555	0.8615850233	2023-12-21T08:12:39.356
310	0.6861491203	0.7013422819	0.8708449204	[1m0.8726260081[0m	2023-12-21T08:14:28.681
320	0.6833032966	0.7158836689	0.8771363931	[1m0.8736931422[0m	2023-12-21T08:16:18.105
330	0.6669166088	0.7164429530	0.8778653049	[1m0.8759924497[0m	2023-12-21T08:18:07.447
340	0.7476781607	0.6538031320	0.8548245490	0.8608476749	2023-12-21T08:19:56.987
350	0.6551336646	0.7181208054	0.8823940631	[1m0.8844303825[0m	2023-12-21T08:21:46.504
360	0.6466148496	0.7276286353	0.8849100736	0.8820659513	2023-12-21T08:23:35.977
370	0.6648845077	0.7203579418	0.8865073642	0.8842810495	2023-12-21T08:25:25.576
380	0.6591426730	0.7074944072	0.8802831067	0.8832650988	2023-12-21T08:27:15.300
390	0.6400911808	0.7170022371	0.8824183685	[1m0.8885482404[0m	2023-12-21T08:29:04.912
400	0.6241785288	0.7304250559	0.8900006522	[1m0.8914495604[0m	2023-12-21T08:30:54.601
410	0.6255145073	0.7466442953	0.8929511298	0.8898683227	2023-12-21T08:32:44.339
420	0.6201007962	0.7360178971	0.8912416907	0.8899869880	2023-12-21T08:34:34.048
430	0.6338683963	0.7175615213	0.8872436147	0.8858912544	2023-12-21T08:36:23.897
440	0.6097514629	0.7287472036	0.8919542880	[1m0.8920950820[0m	2023-12-21T08:38:13.617
450	0.6019784212	0.7444071588	0.8988980922	[1m0.8944910830[0m	2023-12-21T08:40:03.520
460	0.6171209812	0.7237136465	0.8934394554	0.8922332195	2023-12-21T08:41:53.425
470	0.6007587314	0.7365771812	0.8964350930	0.8932332262	2023-12-21T08:43:43.607
480	0.6016247869	0.7404921700	0.8956814078	0.8910497630	2023-12-21T08:45:33.683
490	0.6166206598	0.7220357942	0.8966203481	0.8934863827	2023-12-21T08:47:23.759
500	0.5876936316	0.7550335570	0.9014557229	[1m0.8955337697[0m	2023-12-21T08:49:13.945
eval AUC = 0.8936133714053697
eval Acc = 0.7364864864864865
# test=4, eval=1
Epoch	CE	Acc	AUC	TestAUC	Time
0	1.0985817909	0.3323991031	0.6135623358	0.6338508534	2023-12-21T08:49:24.158
10	0.9181637764	0.5224215247	0.7310514050	[1m0.7195224716[0m	2023-12-21T08:51:14.525
20	0.9116277099	0.5156950673	0.6982714511	0.6839840888	2023-12-21T08:53:05.032
30	0.9041609764	0.5246636771	0.7043555674	0.6964621532	2023-12-21T08:54:55.595
40	0.9066402912	0.5297085202	0.7275384868	[1m0.7256448200[0m	2023-12-21T08:56:46.329
50	0.9008843899	0.5313901345	0.7417175748	[1m0.7327198669[0m	2023-12-21T08:58:37.067
60	0.8992562294	0.5274663677	0.7484795284	[1m0.7340729261[0m	2023-12-21T09:00:27.925
70	0.8969805837	0.5319506726	0.7548811871	[1m0.7432567698[0m	2023-12-21T09:02:18.789
80	0.8844487667	0.5397982063	0.7714011392	[1m0.7657987668[0m	2023-12-21T09:04:09.842
90	0.8729219437	0.5510089686	0.7787826331	[1m0.7720001099[0m	2023-12-21T09:06:00.953
100	0.8640106320	0.5639013453	0.7845124525	[1m0.7759420054[0m	2023-12-21T09:07:52.467
110	0.8561511040	0.5672645740	0.7894877688	[1m0.7807057442[0m	2023-12-21T09:09:44.970
120	0.8465006948	0.5779147982	0.7957217348	[1m0.7827067140[0m	2023-12-21T09:11:37.746
130	0.8363005519	0.6109865471	0.8051640803	[1m0.8013180698[0m	2023-12-21T09:13:29.869
140	0.8213623166	0.6205156951	0.8091822017	[1m0.8038558763[0m	2023-12-21T09:15:22.076
150	0.8487388492	0.5936098655	0.8025330139	0.8006770817	2023-12-21T09:17:14.286
160	0.7717411518	0.6434977578	0.8372070742	[1m0.8230600302[0m	2023-12-21T09:18:59.414
170	0.7452508807	0.6603139013	0.8471737214	[1m0.8344400388[0m	2023-12-21T09:20:40.691
180	0.7362864017	0.6558295964	0.8539314396	[1m0.8437769155[0m	2023-12-21T09:22:22.308
190	0.7159473300	0.6827354260	0.8621815247	[1m0.8516250006[0m	2023-12-21T09:24:04.373
200	0.6948902607	0.6945067265	0.8689184456	[1m0.8566042605[0m	2023-12-21T09:25:46.701
210	0.6823819280	0.7085201794	0.8734467118	[1m0.8575030939[0m	2023-12-21T09:27:29.361
220	0.6595955491	0.7090807175	0.8794102978	[1m0.8642438068[0m	2023-12-21T09:29:12.213
230	0.7237348557	0.6519058296	0.8657525738	0.8432180584	2023-12-21T09:30:55.389
240	0.6389150023	0.7236547085	0.8858843724	[1m0.8652938451[0m	2023-12-21T09:32:38.757
250	0.6321055293	0.7315022422	0.8909772195	[1m0.8722391524[0m	2023-12-21T09:34:22.231
260	0.6328575015	0.7298206278	0.8887580837	0.8695849744	2023-12-21T09:36:05.660
270	0.6277715564	0.7337443946	0.8911639305	0.8704955491	2023-12-21T09:37:49.093
280	0.6176740527	0.7315022422	0.8902561702	0.8667280512	2023-12-21T09:39:32.722
290	0.6074745655	0.7427130045	0.8976852164	[1m0.8736621597[0m	2023-12-21T09:41:16.437
300	0.6075415015	0.7421524664	0.8962197696	0.8733681455	2023-12-21T09:43:00.500
310	0.6005594134	0.7455156951	0.8981041158	[1m0.8741620579[0m	2023-12-21T09:44:44.562
320	0.6070426702	0.7320627803	0.8949086075	0.8676833275	2023-12-21T09:46:28.833
330	0.5869861841	0.7471973094	0.9019070050	[1m0.8744091107[0m	2023-12-21T09:48:13.025
340	0.5814310908	0.7466367713	0.9030326419	[1m0.8769354266[0m	2023-12-21T09:49:57.438
350	0.6014772654	0.7415919283	0.9026104956	[1m0.8795113897[0m	2023-12-21T09:51:41.832
360	0.5698775649	0.7595291480	0.9070727223	0.8786084215	2023-12-21T09:53:26.347
370	0.6041812897	0.7382286996	0.9044486952	[1m0.8802742700[0m	2023-12-21T09:55:10.948
380	0.5637443066	0.7572869955	0.9089779682	[1m0.8808636088[0m	2023-12-21T09:56:55.625
390	0.5789393187	0.7443946188	0.9038330423	0.8739942969	2023-12-21T09:58:40.246
400	0.5494025946	0.7595291480	0.9133467314	[1m0.8874674327[0m	2023-12-21T10:00:25.156
410	0.5485704541	0.7584080717	0.9151635348	[1m0.8889464798[0m	2023-12-21T10:02:10.004
420	0.5606230497	0.7584080717	0.9124630126	0.8847184119	2023-12-21T10:03:54.993
430	0.5343499184	0.7713004484	0.9184503108	[1m0.8930938857[0m	2023-12-21T10:05:40.037
440	0.5305656791	0.7780269058	0.9198920329	0.8923807392	2023-12-21T10:07:25.254
450	0.5492480993	0.7623318386	0.9171615299	0.8914357496	2023-12-21T10:09:10.516
460	0.5238883495	0.7825112108	0.9222631630	[1m0.8963773208[0m	2023-12-21T10:10:55.850
470	0.5305282474	0.7729820628	0.9226588443	[1m0.8989750836[0m	2023-12-21T10:12:41.502
480	0.5391254425	0.7645739910	0.9216481518	0.8969468625	2023-12-21T10:14:26.872
490	0.5211751461	0.7769058296	0.9239236798	[1m0.9003549368[0m	2023-12-21T10:16:12.365
500	0.5338698626	0.7656950673	0.9227839057	0.8984292126	2023-12-21T10:17:57.878
eval AUC = 0.9072417655933761
eval Acc = 0.7483221476510067
# test=4, eval=2
Epoch	CE	Acc	AUC	TestAUC	Time
0	1.0984632969	0.3262331839	0.7153938437	0.7009117725	2023-12-21T10:18:07.402
10	0.9518038630	0.5067264574	0.7292815235	[1m0.7157911502[0m	2023-12-21T10:19:53.234
20	0.9313132763	0.4882286996	0.7037860295	0.6892083170	2023-12-21T10:21:39.129
30	0.8881381750	0.5431614350	0.7341765367	[1m0.7195650797[0m	2023-12-21T10:23:25.019
40	0.8664861321	0.5330717489	0.7543002258	[1m0.7350186388[0m	2023-12-21T10:25:11.102
50	0.8365622759	0.5902466368	0.7856127140	[1m0.7634871401[0m	2023-12-21T10:26:57.200
60	0.8087642789	0.6031390135	0.7955846913	[1m0.7719357173[0m	2023-12-21T10:28:43.303
70	0.7973951101	0.6165919283	0.8076409941	[1m0.7862315147[0m	2023-12-21T10:30:29.626
80	0.7726238966	0.6306053812	0.8166599524	[1m0.7905533771[0m	2023-12-21T10:32:15.879
90	0.7630394697	0.6395739910	0.8230793754	[1m0.7990106303[0m	2023-12-21T10:34:02.183
100	0.7649003863	0.6384529148	0.8231897388	0.7967007952	2023-12-21T10:35:48.561
110	0.7472185493	0.6519058296	0.8300321275	[1m0.8046513433[0m	2023-12-21T10:37:34.977
120	0.7559119463	0.6423766816	0.8264398708	0.8005932857	2023-12-21T10:39:21.543
130	0.7466892600	0.6474215247	0.8338430869	[1m0.8138893288[0m	2023-12-21T10:41:08.057
140	0.7502392530	0.6569506726	0.8406846309	[1m0.8186062299[0m	2023-12-21T10:42:54.874
150	0.7313265204	0.6608744395	0.8435969744	[1m0.8235353131[0m	2023-12-21T10:44:41.483
160	0.7132421136	0.6765695067	0.8500692408	[1m0.8282886095[0m	2023-12-21T10:46:28.283
170	0.7061537504	0.6810538117	0.8545081750	[1m0.8325945007[0m	2023-12-21T10:48:15.177
180	0.7314362526	0.6603139013	0.8540185689	[1m0.8339660095[0m	2023-12-21T10:50:02.220
190	0.6837818623	0.6939461883	0.8634778220	[1m0.8425446922[0m	2023-12-21T10:51:49.327
200	0.6943399310	0.6883408072	0.8611779592	0.8397312121	2023-12-21T10:53:37.244
210	0.6597973108	0.7085201794	0.8752149276	[1m0.8583766156[0m	2023-12-21T10:55:25.458
220	0.6738687754	0.6995515695	0.8719817688	0.8527803622	2023-12-21T10:57:13.518
230	0.6434996724	0.7247757848	0.8856975281	[1m0.8694462010[0m	2023-12-21T10:59:01.317
240	0.6341551542	0.7371076233	0.8893998882	[1m0.8736642447[0m	2023-12-21T11:00:49.315
250	0.6308575273	0.7320627803	0.8875185874	0.8701385166	2023-12-21T11:02:37.238
260	0.6133819222	0.7393497758	0.8949203663	[1m0.8770521067[0m	2023-12-21T11:04:25.488
270	0.6217935085	0.7298206278	0.8959920534	[1m0.8776727972[0m	2023-12-21T11:06:13.752
280	0.6194896102	0.7354260090	0.8932916756	0.8731112704	2023-12-21T11:08:01.655
290	0.6249263883	0.7281390135	0.8944154028	0.8749226728	2023-12-21T11:09:49.938
300	0.6034560204	0.7455156951	0.9005833743	[1m0.8828085779[0m	2023-12-21T11:11:38.181
310	0.5850217938	0.7522421525	0.9061956529	[1m0.8847182704[0m	2023-12-21T11:13:25.992
320	0.5739917159	0.7589686099	0.9078724726	[1m0.8852623792[0m	2023-12-21T11:15:14.076
330	0.5759474635	0.7595291480	0.9115720484	[1m0.8934678347[0m	2023-12-21T11:17:01.946
340	0.5487388372	0.7729820628	0.9140439946	0.8913355731	2023-12-21T11:18:49.927
350	0.5408633947	0.7752242152	0.9177106039	[1m0.8956915093[0m	2023-12-21T11:20:38.160
360	0.5747948289	0.7623318386	0.9151237420	0.8953921041	2023-12-21T11:22:26.461
370	0.5259772539	0.7886771300	0.9210366592	[1m0.8970383226[0m	2023-12-21T11:24:14.816
380	0.5205824375	0.7858744395	0.9225913121	[1m0.9015439692[0m	2023-12-21T11:26:03.317
390	0.5196610093	0.7881165919	0.9241713033	[1m0.9025171429[0m	2023-12-21T11:27:51.987
400	0.5102144480	0.7897982063	0.9272649316	0.9018118996	2023-12-21T11:29:40.399
410	0.5099154115	0.7892376682	0.9282064310	[1m0.9073601350[0m	2023-12-21T11:31:28.619
420	0.5144201517	0.7875560538	0.9281961152	0.9010141759	2023-12-21T11:33:17.188
430	0.4920124710	0.8060538117	0.9314884499	[1m0.9120672134[0m	2023-12-21T11:35:06.023
440	0.4867843688	0.8021300448	0.9329545462	[1m0.9121750507[0m	2023-12-21T11:36:54.240
450	0.4864466488	0.8094170404	0.9338091451	[1m0.9142565024[0m	2023-12-21T11:38:42.487
460	0.4722031653	0.8127802691	0.9365442082	[1m0.9153445346[0m	2023-12-21T11:40:30.682
470	0.4829878211	0.8060538117	0.9360856046	0.9138546036	2023-12-21T11:42:19.497
480	0.5441374779	0.7634529148	0.9290284626	0.9058466438	2023-12-21T11:44:07.802
490	0.4754310250	0.8071748879	0.9358207796	[1m0.9166681952[0m	2023-12-21T11:45:56.131
500	0.4886436164	0.8043721973	0.9355411401	0.9129315913	2023-12-21T11:47:44.706
eval AUC = 0.906061892480427
eval Acc = 0.7869127516778524
# test=4, eval=3
Epoch	CE	Acc	AUC	TestAUC	Time
0	1.0985815525	0.3430493274	0.4744434175	0.4598231013	2023-12-21T11:47:54.645
10	0.9297941923	0.4971973094	0.7308528108	[1m0.7198606160[0m	2023-12-21T11:49:43.108
20	0.9009387493	0.5308295964	0.7325896446	[1m0.7289558722[0m	2023-12-21T11:51:31.936
30	0.8817086220	0.5515695067	0.7453639311	[1m0.7366885331[0m	2023-12-21T11:53:20.860
40	0.8699046373	0.5112107623	0.7461104874	[1m0.7368051208[0m	2023-12-21T11:55:09.753
50	0.8408420682	0.5751121076	0.7733332390	[1m0.7618084808[0m	2023-12-21T11:56:58.443
60	0.8330761194	0.6132286996	0.7889123909	[1m0.7799208646[0m	2023-12-21T11:58:46.534
70	0.8245046139	0.5908071749	0.7913273667	0.7752248704	2023-12-21T12:00:34.665
80	0.8190933466	0.5902466368	0.7967910935	0.7785783938	2023-12-21T12:02:22.747
90	0.8238713741	0.6014573991	0.8025117411	[1m0.7903468747[0m	2023-12-21T12:04:10.896
100	0.8134534955	0.6065022422	0.8014243014	0.7824982648	2023-12-21T12:05:59.048
110	0.7995027900	0.6294843049	0.8092852654	[1m0.7966287588[0m	2023-12-21T12:07:47.188
120	0.8002621531	0.6115470852	0.8030621045	0.7895255616	2023-12-21T12:09:35.389
130	0.7903525829	0.6463004484	0.8158324437	[1m0.8015954842[0m	2023-12-21T12:11:23.635
140	0.7897406816	0.6423766816	0.8187088125	[1m0.8097143700[0m	2023-12-21T12:13:12.212
150	0.7754048109	0.6569506726	0.8277014016	[1m0.8176280053[0m	2023-12-21T12:15:00.673
160	0.7666241527	0.6558295964	0.8282890240	0.8136017343	2023-12-21T12:16:49.014
170	0.7834091783	0.6188340807	0.8133877082	0.8017652658	2023-12-21T12:18:37.267
180	0.7669122219	0.6440582960	0.8230958089	0.8165363492	2023-12-21T12:20:25.551
190	0.7920023799	0.6171524664	0.8304016396	0.8097312049	2023-12-21T12:22:13.980
200	0.7417595983	0.6631165919	0.8453363103	[1m0.8295895374[0m	2023-12-21T12:24:02.380
210	0.7452533245	0.6569506726	0.8412259794	[1m0.8319267106[0m	2023-12-21T12:25:51.012
220	0.7299956083	0.6715246637	0.8484412239	[1m0.8369785592[0m	2023-12-21T12:27:39.379
230	0.7158828378	0.6866591928	0.8546963195	[1m0.8372459298[0m	2023-12-21T12:29:27.707
240	0.7104144692	0.6933856502	0.8600544717	[1m0.8447915207[0m	2023-12-21T12:31:16.057
250	0.7051510811	0.6945067265	0.8610966219	[1m0.8461918135[0m	2023-12-21T12:33:04.362
260	0.6976755857	0.6860986547	0.8633670767	[1m0.8487798916[0m	2023-12-21T12:34:52.656
270	0.7138218880	0.6872197309	0.8644273505	[1m0.8506666137[0m	2023-12-21T12:36:41.033
280	0.6866047382	0.7006726457	0.8667201005	0.8493579779	2023-12-21T12:38:29.315
290	0.7009500265	0.6939461883	0.8695691212	[1m0.8519185474[0m	2023-12-21T12:40:17.655
300	0.6783276200	0.7057174888	0.8721773745	[1m0.8524203199[0m	2023-12-21T12:42:05.844
310	0.7055039406	0.6676008969	0.8656220114	0.8448968513	2023-12-21T12:43:54.361
320	0.6734225750	0.7023542601	0.8729961571	[1m0.8551409083[0m	2023-12-21T12:45:42.727
330	0.6963892579	0.6894618834	0.8679880118	0.8528349823	2023-12-21T12:47:30.978
340	0.6677746773	0.7068385650	0.8752598157	[1m0.8557894259[0m	2023-12-21T12:49:19.191
350	0.6621437073	0.7174887892	0.8770261082	[1m0.8574842039[0m	2023-12-21T12:51:07.507
360	0.6797068119	0.6939461883	0.8731472056	0.8537630366	2023-12-21T12:52:55.786
370	0.6700476408	0.7079596413	0.8771290727	[1m0.8585346811[0m	2023-12-21T12:54:44.044
380	0.6544882655	0.7124439462	0.8780372119	0.8583962555	2023-12-21T12:56:32.351
390	0.6976127625	0.6726457399	0.8719689646	0.8529278106	2023-12-21T12:58:20.697
400	0.6706820726	0.7045964126	0.8842792239	[1m0.8641629675[0m	2023-12-21T13:00:08.987
410	0.6581317186	0.7146860987	0.8798438586	0.8624504522	2023-12-21T13:01:57.402
420	0.6335887909	0.7236547085	0.8869187055	[1m0.8683309572[0m	2023-12-21T13:03:45.666
430	0.6309395432	0.7247757848	0.8873131651	0.8680628554	2023-12-21T13:05:34.025
440	0.6436342001	0.7186098655	0.8877068972	[1m0.8705446905[0m	2023-12-21T13:07:22.390
450	0.6351282597	0.7270179372	0.8846122902	0.8672663344	2023-12-21T13:09:10.751
460	0.6311221123	0.7230941704	0.8885764966	0.8702250634	2023-12-21T13:10:59.140
470	0.6198578477	0.7286995516	0.8917909129	[1m0.8749747495[0m	2023-12-21T13:12:47.720
480	0.6371532679	0.7197309417	0.8818984149	0.8687298298	2023-12-21T13:14:36.121
490	0.6184980273	0.7331838565	0.8904610632	[1m0.8762402576[0m	2023-12-21T13:16:24.553
500	0.6145991087	0.7343049327	0.8936231401	[1m0.8775880047[0m	2023-12-21T13:18:13.016
eval AUC = 0.8862995227561639
eval Acc = 0.7265100671140939
# test=4, eval=5
Epoch	CE	Acc	AUC	TestAUC	Time
0	1.0986638069	0.3344519016	0.3954217637	0.3995081282	2023-12-21T13:18:22.930
10	0.9259821177	0.4809843400	0.7281921002	[1m0.7178643169[0m	2023-12-21T13:20:11.357
20	0.9292659760	0.4731543624	0.6984374106	0.6881783521	2023-12-21T13:21:59.831
30	0.8997815847	0.5178970917	0.6926967813	0.6874517996	2023-12-21T13:23:48.334
40	0.9188088179	0.5240492170	0.7230537915	0.7130392494	2023-12-21T13:25:36.732
50	0.8961673379	0.5212527964	0.7094017162	0.7047707008	2023-12-21T13:27:25.215
60	0.8980150223	0.5218120805	0.7349137980	[1m0.7274449004[0m	2023-12-21T13:29:13.636
70	0.9014428258	0.5274049217	0.7510694676	[1m0.7443530443[0m	2023-12-21T13:31:02.207
80	0.8846413493	0.5346756152	0.7547580048	[1m0.7497089761[0m	2023-12-21T13:32:50.645
90	0.8916627169	0.5290827740	0.7619876544	[1m0.7561381014[0m	2023-12-21T13:34:39.084
100	0.8744314313	0.5357941834	0.7707636317	[1m0.7587731083[0m	2023-12-21T13:36:27.617
110	0.8696021438	0.5385906040	0.7744982797	[1m0.7597287143[0m	2023-12-21T13:38:16.007
120	0.8632810712	0.5671140940	0.7810804219	[1m0.7666579499[0m	2023-12-21T13:40:04.492
130	0.8547591567	0.5727069351	0.7865043719	[1m0.7735195554[0m	2023-12-21T13:41:53.008
140	0.8634459972	0.5822147651	0.7814766302	0.7733568779	2023-12-21T13:43:41.609
150	0.8428833485	0.5671140940	0.8008326278	[1m0.7837801615[0m	2023-12-21T13:45:30.144
160	0.8274269700	0.6191275168	0.8094775749	[1m0.8024978704[0m	2023-12-21T13:47:18.592
170	0.8151179552	0.5961968680	0.8162637534	0.8016023331	2023-12-21T13:49:07.063
180	0.8019978404	0.6129753915	0.8229854614	[1m0.8058336317[0m	2023-12-21T13:50:55.552
190	0.7877549529	0.6336689038	0.8273909504	[1m0.8181871052[0m	2023-12-21T13:52:44.049
200	0.7791492939	0.6347874720	0.8331710782	[1m0.8187047737[0m	2023-12-21T13:54:32.774
210	0.8627174497	0.5727069351	0.8157586422	0.8036623198	2023-12-21T13:56:21.291
220	0.7523263097	0.6515659955	0.8435692274	[1m0.8319421626[0m	2023-12-21T13:58:09.804
230	0.7539365888	0.6442953020	0.8440452473	0.8277061872	2023-12-21T13:59:58.332
240	0.7331706285	0.6627516779	0.8542975567	[1m0.8390763011[0m	2023-12-21T14:01:46.938
250	0.8092383742	0.6068232662	0.8408691512	0.8253414002	2023-12-21T14:03:35.535
260	0.7191107273	0.6627516779	0.8555649728	0.8379991102	2023-12-21T14:05:24.205
270	0.7420147657	0.6532438479	0.8549798157	[1m0.8402188434[0m	2023-12-21T14:07:12.927
280	0.7127125263	0.6677852349	0.8618515382	[1m0.8428154953[0m	2023-12-21T14:09:01.656
290	0.7090089321	0.6728187919	0.8629026831	[1m0.8474797673[0m	2023-12-21T14:10:50.331
300	0.6924479604	0.6812080537	0.8647105000	0.8461694137	2023-12-21T14:12:39.118
310	0.7074879408	0.6672259508	0.8631677016	[1m0.8477697679[0m	2023-12-21T14:14:27.726
320	0.7142244577	0.6744966443	0.8566317738	0.8446352278	2023-12-21T14:16:16.375
330	0.6929712892	0.6744966443	0.8682927635	0.8475779858	2023-12-21T14:18:05.076
340	0.7130520344	0.6661073826	0.8648080929	0.8466778104	2023-12-21T14:19:54.018
350	0.6662166715	0.6873601790	0.8736962689	[1m0.8546586283[0m	2023-12-21T14:21:42.898
360	0.6641562581	0.6817673378	0.8762011956	[1m0.8556307759[0m	2023-12-21T14:23:31.699
370	0.6549515128	0.6868008949	0.8805228071	[1m0.8582944298[0m	2023-12-21T14:25:22.553
380	0.6559447050	0.6951901566	0.8755540853	0.8580648956	2023-12-21T14:27:22.785
390	0.6861576438	0.6868008949	0.8809496547	0.8559094346	2023-12-21T14:29:23.009
400	0.6308998466	0.7097315436	0.8850919489	[1m0.8609583605[0m	2023-12-21T14:31:22.161
410	0.6349067688	0.7046979866	0.8898352831	[1m0.8619342496[0m	2023-12-21T14:33:16.759
420	0.6322966218	0.6979865772	0.8903402975	0.8583546510	2023-12-21T14:35:11.406
430	0.6746276021	0.6873601790	0.8869203199	0.8576306608	2023-12-21T14:37:06.097
440	0.6098403335	0.7220357942	0.8982670532	[1m0.8655596753[0m	2023-12-21T14:39:00.818
450	0.5858288407	0.7321029083	0.9016563013	[1m0.8715315785[0m	2023-12-21T14:40:55.742
460	0.5935096741	0.7253914989	0.8994492211	[1m0.8736438882[0m	2023-12-21T14:42:50.658
470	0.6002542973	0.7231543624	0.9046528475	[1m0.8757253081[0m	2023-12-21T14:44:45.547
480	0.5724648833	0.7404921700	0.9033159310	[1m0.8784726420[0m	2023-12-21T14:46:40.354
490	0.5680996180	0.7511185682	0.9096650366	[1m0.8803736750[0m	2023-12-21T14:48:35.286
500	0.5594709516	0.7578299776	0.9114106315	0.8803313325	2023-12-21T14:50:30.158
eval AUC = 0.8851661836468249
eval Acc = 0.731418918918919
# test=5, eval=1
Epoch	CE	Acc	AUC	TestAUC	Time
0	1.0985597372	0.3277404922	0.6654725522	0.6556289347	2023-12-21T14:50:40.930
10	0.9350388050	0.5106263982	0.7215204250	[1m0.7284844711[0m	2023-12-21T14:52:35.773
20	0.9292019606	0.4966442953	0.6854068969	0.6983333666	2023-12-21T14:54:30.789
30	0.9124073982	0.5167785235	0.7006737638	0.6994749682	2023-12-21T14:56:25.874
40	0.9118943214	0.5128635347	0.6896955342	0.6974414262	2023-12-21T14:58:21.027
50	0.9045329094	0.5195749441	0.6939449166	0.7033536399	2023-12-21T15:00:16.257
60	0.8979374766	0.5302013423	0.7192086783	[1m0.7345213742[0m	2023-12-21T15:02:11.307
70	0.8938792944	0.5285234899	0.7392671075	[1m0.7491471940[0m	2023-12-21T15:04:06.353
80	0.8883332610	0.5391498881	0.7405270098	0.7486655399	2023-12-21T15:06:01.535
90	0.8862564564	0.5413870246	0.7460963040	[1m0.7553132333[0m	2023-12-21T15:07:56.939
100	0.8874239922	0.5503355705	0.7538575818	[1m0.7680025165[0m	2023-12-21T15:09:52.405
110	0.8711186051	0.5536912752	0.7657835942	[1m0.7772627597[0m	2023-12-21T15:11:47.773
120	0.8713188171	0.5564876957	0.7684656791	[1m0.7839872487[0m	2023-12-21T15:13:43.064
130	0.8581405282	0.5648769575	0.7791609840	[1m0.7954436567[0m	2023-12-21T15:15:38.499
140	0.8578278422	0.5659955257	0.7713613931	0.7874675081	2023-12-21T15:17:33.994
150	0.8469495177	0.5777404922	0.7857949352	[1m0.7972702439[0m	2023-12-21T15:19:29.482
160	0.8477013111	0.5643176734	0.7801079987	[1m0.7975093245[0m	2023-12-21T15:21:25.236
170	0.8333601356	0.5883668904	0.7977596929	[1m0.8081494546[0m	2023-12-21T15:23:20.968
180	0.8130223751	0.6297539150	0.8092637914	[1m0.8183340199[0m	2023-12-21T15:25:16.742
190	0.8134258389	0.6303131991	0.8085508523	0.8116242987	2023-12-21T15:27:12.669
200	0.8044851422	0.6297539150	0.8151088755	[1m0.8199214157[0m	2023-12-21T15:29:08.504
210	0.8921713829	0.5469798658	0.7969602442	0.8032504311	2023-12-21T15:31:04.539
220	0.7887327671	0.6241610738	0.8174831121	[1m0.8247737298[0m	2023-12-21T15:33:00.681
230	0.7818888426	0.6459731544	0.8246019446	[1m0.8253300416[0m	2023-12-21T15:34:57.034
240	0.7930307388	0.6280760626	0.8243477991	[1m0.8259351936[0m	2023-12-21T15:36:53.418
250	0.7661342621	0.6538031320	0.8331448631	[1m0.8314844646[0m	2023-12-21T15:38:50.092
260	0.7782418132	0.6437360179	0.8328981150	0.8296877219	2023-12-21T15:40:46.882
270	0.7619650960	0.6549217002	0.8344246774	0.8288526441	2023-12-21T15:42:44.056
280	0.7617920637	0.6465324385	0.8373310993	[1m0.8363382451[0m	2023-12-21T15:44:41.375
290	0.7396184802	0.6661073826	0.8440905692	[1m0.8406584672[0m	2023-12-21T15:46:38.774
300	0.7585358024	0.6487695749	0.8428274234	[1m0.8411467797[0m	2023-12-21T15:48:36.351
310	0.7333637476	0.6593959732	0.8459133603	[1m0.8460710003[0m	2023-12-21T15:50:34.190
320	0.7357335687	0.6661073826	0.8477888223	0.8460532342	2023-12-21T15:52:32.297
330	0.7279787064	0.6717002237	0.8496918500	[1m0.8499411118[0m	2023-12-21T15:54:30.542
340	0.7389142513	0.6605145414	0.8433152205	0.8481140619	2023-12-21T15:56:29.263
350	0.7186141610	0.6633109620	0.8498982332	[1m0.8543203996[0m	2023-12-21T15:58:28.236
360	0.7212530971	0.6717002237	0.8507897693	[1m0.8560040027[0m	2023-12-21T16:00:17.408
370	0.7100451589	0.6845637584	0.8556780934	[1m0.8604084843[0m	2023-12-21T16:02:01.869
380	0.7416439056	0.6560402685	0.8545068605	[1m0.8605576775[0m	2023-12-21T16:03:46.782
390	0.7041502595	0.6733780761	0.8564322532	[1m0.8644918332[0m	2023-12-21T16:05:31.655
400	0.7140053511	0.6778523490	0.8561506545	0.8627136228	2023-12-21T16:07:17.001
410	0.7066708207	0.6795302013	0.8555257504	0.8635887346	2023-12-21T16:09:02.593
420	0.7059848905	0.6879194631	0.8583560915	[1m0.8647477301[0m	2023-12-21T16:10:48.462
430	0.6964950562	0.6772930649	0.8586264012	[1m0.8708868405[0m	2023-12-21T16:12:34.928
440	0.6935681701	0.6895973154	0.8628097222	[1m0.8712518251[0m	2023-12-21T16:14:21.142
450	0.6976811290	0.6778523490	0.8635984452	[1m0.8719535203[0m	2023-12-21T16:16:07.793
460	0.6819736958	0.6868008949	0.8645760663	[1m0.8745906457[0m	2023-12-21T16:17:54.567
470	0.6749461293	0.6929530201	0.8675336736	0.8728128227	2023-12-21T16:19:41.267
480	0.6870437264	0.6806487696	0.8633285034	0.8710427138	2023-12-21T16:21:28.196
490	0.6752771735	0.6823266219	0.8665173938	0.8742127746	2023-12-21T16:23:14.994
500	0.6845633388	0.6884787472	0.8677754874	0.8685723273	2023-12-21T16:25:02.030
eval AUC = 0.8500537659607225
eval Acc = 0.6761744966442953
# test=5, eval=2
Epoch	CE	Acc	AUC	TestAUC	Time
0	1.0986171961	0.3461968680	0.4295179969	0.4437218040	2023-12-21T16:25:11.745
10	0.9292940497	0.5324384787	0.7195087825	[1m0.7290715139[0m	2023-12-21T16:26:58.863
20	0.9055574536	0.5229306488	0.6940194318	0.7022621625	2023-12-21T16:28:46.404
30	0.8994804025	0.5318791946	0.6949248839	0.6962687573	2023-12-21T16:30:33.896
40	0.9396179318	0.4748322148	0.6894748912	0.6976625341	2023-12-21T16:32:21.514
50	0.9018553495	0.5240492170	0.6903937621	0.6949856385	2023-12-21T16:34:09.320
60	0.8965915442	0.5374720358	0.6925611955	0.6929419103	2023-12-21T16:35:57.189
70	0.8992658854	0.5324384787	0.6943099340	0.6952213103	2023-12-21T16:37:45.078
80	0.9001624584	0.5268456376	0.7164813529	0.7215415248	2023-12-21T16:39:33.271
90	0.8982524872	0.5335570470	0.7132518805	0.7178016370	2023-12-21T16:41:21.392
100	0.8907310963	0.5363534676	0.7196957578	0.7254841004	2023-12-21T16:43:09.754
110	0.8990045786	0.5402684564	0.7279103083	[1m0.7429654862[0m	2023-12-21T16:44:58.394
120	0.8949759603	0.5318791946	0.7376512642	[1m0.7439890058[0m	2023-12-21T16:46:44.178
130	0.8906042576	0.5385906040	0.7335775622	0.7422012636	2023-12-21T16:48:27.377
140	0.8968176842	0.5296420582	0.7298192472	0.7340096337	2023-12-21T16:50:10.798
150	0.8790635467	0.5391498881	0.7465858440	[1m0.7531411830[0m	2023-12-21T16:51:54.259
160	0.8804928660	0.5357941834	0.7449830127	0.7529693250	2023-12-21T16:53:37.850
170	0.8778312206	0.5402684564	0.7503893506	0.7526365310	2023-12-21T16:55:21.554
180	0.8733423352	0.5458612975	0.7538652995	[1m0.7584503186[0m	2023-12-21T16:57:05.559
190	0.9003615379	0.5369127517	0.7477475667	0.7583623585	2023-12-21T16:58:49.525
200	0.8728641868	0.5816554810	0.7550077635	[1m0.7597512779[0m	2023-12-21T17:00:33.589
210	0.8670212030	0.5777404922	0.7588418259	[1m0.7632805784[0m	2023-12-21T17:02:18.092
220	0.8650891185	0.5850111857	0.7640962647	[1m0.7659021479[0m	2023-12-21T17:04:03.154
230	0.8614179492	0.5743847875	0.7691852053	[1m0.7726374152[0m	2023-12-21T17:05:47.274
240	0.8682682514	0.5693512304	0.7550321421	0.7594738740	2023-12-21T17:07:31.486
250	0.8527811766	0.6001118568	0.7774169249	[1m0.7775629036[0m	2023-12-21T17:09:15.779
260	0.8565154076	0.5771812081	0.7664015382	0.7697299891	2023-12-21T17:11:00.188
270	0.8439912200	0.5961968680	0.7868189510	[1m0.7914605622[0m	2023-12-21T17:12:44.870
280	0.8351014853	0.6073825503	0.7898287620	[1m0.7919409219[0m	2023-12-21T17:14:29.473
290	0.8343654871	0.5934004474	0.7857611190	0.7885877412	2023-12-21T17:16:14.088
300	0.8404679894	0.5956375839	0.7904543573	0.7910652299	2023-12-21T17:17:58.742
310	0.8236051202	0.6297539150	0.8006285290	[1m0.8065037603[0m	2023-12-21T17:19:43.552
320	0.8087775111	0.6241610738	0.8060698859	[1m0.8093356235[0m	2023-12-21T17:21:28.477
330	0.8022667766	0.6303131991	0.8092284995	[1m0.8138213251[0m	2023-12-21T17:23:13.306
340	0.8248560429	0.6101789709	0.8165101818	[1m0.8205769763[0m	2023-12-21T17:24:58.245
350	0.7883889675	0.6269574944	0.8155234898	0.8197379998	2023-12-21T17:26:43.963
360	0.7723785043	0.6493288591	0.8260985115	[1m0.8296502842[0m	2023-12-21T17:28:29.044
370	0.7745220065	0.6565995526	0.8364302204	[1m0.8377360477[0m	2023-12-21T17:30:14.099
380	0.7516686320	0.6487695749	0.8382378947	[1m0.8403320047[0m	2023-12-21T17:31:59.332
390	0.7657554150	0.6392617450	0.8272345635	0.8269037629	2023-12-21T17:33:46.443
400	0.7389448285	0.6750559284	0.8486699412	[1m0.8437659633[0m	2023-12-21T17:35:33.873
410	0.7177501321	0.6733780761	0.8539143805	[1m0.8488416283[0m	2023-12-21T17:37:21.523
420	0.7238574028	0.6633109620	0.8511497132	[1m0.8495061898[0m	2023-12-21T17:39:10.725
430	0.7023329735	0.6834451902	0.8583591154	[1m0.8534614171[0m	2023-12-21T17:40:59.702
440	0.7081189752	0.6649888143	0.8583747945	[1m0.8541687917[0m	2023-12-21T17:42:47.382
450	0.6949369907	0.6845637584	0.8615903017	[1m0.8564321887[0m	2023-12-21T17:44:37.349
460	0.6972787976	0.6907158837	0.8607365556	0.8534121807	2023-12-21T17:46:25.983
470	0.6864927411	0.6856823266	0.8639081020	[1m0.8590225678[0m	2023-12-21T17:48:14.805
480	0.6859553456	0.6873601790	0.8622882667	0.8576174060	2023-12-21T17:50:02.963
490	0.6845017076	0.6951901566	0.8645834686	0.8560483041	2023-12-21T17:51:48.744
500	0.7035349011	0.6795302013	0.8584775757	0.8560215341	2023-12-21T17:53:34.531
eval AUC = 0.8497944113411249
eval Acc = 0.6694630872483222
# test=5, eval=3
Epoch	CE	Acc	AUC	TestAUC	Time
0	1.0985479355	0.3322147651	0.6554533150	0.6469735416	2023-12-21T17:53:44.083
10	0.9173494577	0.5100671141	0.6847023712	[1m0.6981955364[0m	2023-12-21T17:55:29.787
20	0.9217194915	0.4865771812	0.6820465601	[1m0.7002216574[0m	2023-12-21T17:57:15.526
30	0.9286157489	0.5151006711	0.7221129883	[1m0.7205554217[0m	2023-12-21T17:59:01.264
40	0.9090875387	0.4977628635	0.6944127766	0.7015467266	2023-12-21T18:00:47.125
50	0.9061949253	0.5145413870	0.7056636102	0.7133742751	2023-12-21T18:02:32.994
60	0.9051692486	0.5290827740	0.7301411282	[1m0.7459107099[0m	2023-12-21T18:04:18.914
70	0.9020621181	0.5229306488	0.7517242358	[1m0.7525383013[0m	2023-12-21T18:06:04.811
80	0.8918319941	0.5218120805	0.7545328646	[1m0.7549538778[0m	2023-12-21T18:07:50.633
90	0.8944898844	0.5374720358	0.7472987116	0.7523502106	2023-12-21T18:09:36.576
100	0.8843995333	0.5408277405	0.7581548120	[1m0.7658834343[0m	2023-12-21T18:11:22.575
110	0.8770354390	0.5704697987	0.7685666143	[1m0.7724377890[0m	2023-12-21T18:13:08.705
120	0.8729789257	0.5844519016	0.7664075262	0.7694804928	2023-12-21T18:14:54.740
130	0.8663300276	0.5844519016	0.7692359247	[1m0.7725423089[0m	2023-12-21T18:16:40.711
140	0.8619169593	0.5872483221	0.7774898607	[1m0.7787866178[0m	2023-12-21T18:18:26.628
150	0.8532446623	0.5995525727	0.7885138075	[1m0.7888091215[0m	2023-12-21T18:20:12.840
160	0.8556388021	0.5738255034	0.7832807890	0.7811554764	2023-12-21T18:21:58.908
170	0.8362071514	0.6051454139	0.7977674166	[1m0.7958679823[0m	2023-12-21T18:23:44.933
180	0.8320363164	0.6140939597	0.7995581848	[1m0.7968117354[0m	2023-12-21T18:25:31.084
190	0.8264585733	0.6118568233	0.8037534492	[1m0.7985774589[0m	2023-12-21T18:27:17.244
200	0.8126291633	0.6252796421	0.8102970015	[1m0.8070579131[0m	2023-12-21T18:29:03.342
210	0.8178904653	0.6180089485	0.8147662044	[1m0.8159854886[0m	2023-12-21T18:30:49.579
220	0.8028749228	0.6303131991	0.8227485549	[1m0.8171958882[0m	2023-12-21T18:32:35.813
230	0.7811465263	0.6442953020	0.8300560415	[1m0.8259391516[0m	2023-12-21T18:34:22.167
240	0.7700766325	0.6532438479	0.8358878248	[1m0.8296626962[0m	2023-12-21T18:36:08.456
250	0.7702395320	0.6498881432	0.8365224824	[1m0.8344211541[0m	2023-12-21T18:37:54.787
260	0.7509247661	0.6638702461	0.8474369748	[1m0.8450859445[0m	2023-12-21T18:39:41.127
270	0.7393224835	0.6705816555	0.8498756690	[1m0.8492079427[0m	2023-12-21T18:41:27.405
280	0.7322905064	0.6761744966	0.8512259056	[1m0.8505257782[0m	2023-12-21T18:43:13.931
290	0.7256519794	0.6784116331	0.8539439314	[1m0.8552398997[0m	2023-12-21T18:45:00.153
300	0.7262718081	0.6756152125	0.8546644911	[1m0.8571071725[0m	2023-12-21T18:46:46.378
310	0.7154703736	0.6840044743	0.8593139666	[1m0.8589878766[0m	2023-12-21T18:48:32.700
320	0.7204687595	0.6890380313	0.8666837569	[1m0.8596374646[0m	2023-12-21T18:50:19.084
330	0.6924055219	0.6750559284	0.8654514033	[1m0.8644054932[0m	2023-12-21T18:52:05.487
340	0.6853067875	0.6946308725	0.8655367661	0.8627591349	2023-12-21T18:53:51.903
350	0.6774333715	0.6957494407	0.8707440636	[1m0.8666791607[0m	2023-12-21T18:55:38.416
360	0.6710147858	0.7002237136	0.8741798633	[1m0.8700497434[0m	2023-12-21T18:57:24.849
370	0.6618852615	0.7097315436	0.8737479400	0.8695004152	2023-12-21T18:59:11.273
380	0.6631536484	0.7035794183	0.8743849177	0.8692081685	2023-12-21T19:00:57.669
390	0.6721753478	0.7030201342	0.8736541153	0.8676301556	2023-12-21T19:02:44.178
400	0.6782156229	0.6890380313	0.8712984131	0.8676916764	2023-12-21T19:04:30.665
410	0.6538470984	0.7063758389	0.8757156254	0.8691082042	2023-12-21T19:06:17.135
420	0.6810232997	0.6946308725	0.8754345712	0.8682589870	2023-12-21T19:08:03.575
430	0.6509090662	0.7158836689	0.8781888718	[1m0.8711228605[0m	2023-12-21T19:09:50.150
440	0.6522027254	0.7007829978	0.8775726493	0.8710147576	2023-12-21T19:11:36.952
450	0.6477708817	0.7097315436	0.8778948287	[1m0.8717776312[0m	2023-12-21T19:13:23.584
460	0.6560918689	0.7024608501	0.8752332858	0.8692464747	2023-12-21T19:15:10.054
470	0.6796362996	0.6951901566	0.8792401105	0.8676677856	2023-12-21T19:16:56.644
480	0.6468623281	0.7142058166	0.8827446348	[1m0.8736955673[0m	2023-12-21T19:18:43.288
490	0.6452408433	0.7125279642	0.8829180652	[1m0.8746099679[0m	2023-12-21T19:20:30.073
500	0.6525354385	0.7142058166	0.8829428701	0.8718090799	2023-12-21T19:22:16.827
eval AUC = 0.8722517206546917
eval Acc = 0.7063758389261745
# test=5, eval=4
Epoch	CE	Acc	AUC	TestAUC	Time
0	1.0985376835	0.3255033557	0.6235675505	0.5831618757	2023-12-21T19:22:26.526
10	0.9090706110	0.5234899329	0.7142489700	[1m0.7176801286[0m	2023-12-21T19:24:13.343
20	0.8988801837	0.5195749441	0.6912193943	0.7001898508	2023-12-21T19:26:00.254
30	0.8968572021	0.5218120805	0.6981834209	0.7059188137	2023-12-21T19:27:47.221
40	0.9234938622	0.4865771812	0.6920700562	0.6990405274	2023-12-21T19:29:34.226
50	0.9015537500	0.5201342282	0.7000567900	0.7069695457	2023-12-21T19:31:21.205
60	0.9228783846	0.5184563758	0.7421383238	[1m0.7395206923[0m	2023-12-21T19:33:08.139
70	0.9040125608	0.5083892617	0.7071449997	0.7157064569	2023-12-21T19:34:55.044
80	0.8887054920	0.5268456376	0.7407874871	[1m0.7493415451[0m	2023-12-21T19:36:42.041
90	0.8892353177	0.5335570470	0.7373663454	[1m0.7502197996[0m	2023-12-21T19:38:29.019
100	0.8896239400	0.5240492170	0.7395433930	0.7452940213	2023-12-21T19:40:15.936
110	0.8796358705	0.5352348993	0.7627751884	[1m0.7702500735[0m	2023-12-21T19:42:02.808
120	0.8735922575	0.5604026846	0.7650298217	[1m0.7737937325[0m	2023-12-21T19:43:49.643
130	0.8897871375	0.5592841163	0.7487468888	0.7530963241	2023-12-21T19:45:36.318
140	0.8632640243	0.5771812081	0.7785792663	[1m0.7870429535[0m	2023-12-21T19:47:23.103
150	0.8574086428	0.5883668904	0.7765246783	[1m0.7879237535[0m	2023-12-21T19:49:09.794
160	0.8880860209	0.5503355705	0.7706602897	0.7757543091	2023-12-21T19:50:56.459
170	0.8962960839	0.5369127517	0.7530724887	0.7535007098	2023-12-21T19:52:43.140
180	0.8512238264	0.5883668904	0.7851127200	[1m0.7902861637[0m	2023-12-21T19:54:29.846
190	0.8553614020	0.5760626398	0.7858872269	[1m0.7912688014[0m	2023-12-21T19:56:16.619
200	0.8254671693	0.6068232662	0.8005001640	[1m0.8051395590[0m	2023-12-21T19:58:03.285
210	0.8231281638	0.6012304251	0.8055637541	[1m0.8123993939[0m	2023-12-21T19:59:50.022
220	0.8144860268	0.6247203579	0.8097633338	[1m0.8126091675[0m	2023-12-21T20:01:36.775
230	0.8158305883	0.6331096197	0.8096016695	0.8115500059	2023-12-21T20:03:23.575
240	0.7983552217	0.6303131991	0.8213486584	[1m0.8230014830[0m	2023-12-21T20:05:10.211
250	0.7999510169	0.6308724832	0.8188344836	0.8212749658	2023-12-21T20:06:56.915
260	0.7870147228	0.6370246085	0.8296097646	[1m0.8304979683[0m	2023-12-21T20:08:43.591
270	0.7668628097	0.6426174497	0.8374678827	[1m0.8376759391[0m	2023-12-21T20:10:30.233
280	0.7591335773	0.6560402685	0.8430718945	[1m0.8419566785[0m	2023-12-21T20:12:17.020
290	0.7467017174	0.6582774049	0.8472086914	[1m0.8450090702[0m	2023-12-21T20:14:03.736
300	0.7373342514	0.6616331096	0.8508142763	[1m0.8483651647[0m	2023-12-21T20:15:50.399
310	0.7259812951	0.6689038031	0.8540535677	[1m0.8533501208[0m	2023-12-21T20:17:37.068
320	0.7445006967	0.6504474273	0.8503479866	[1m0.8540342334[0m	2023-12-21T20:19:23.643
330	0.7119690180	0.6694630872	0.8563987266	[1m0.8567473944[0m	2023-12-21T20:21:10.241
340	0.7246855497	0.6621923937	0.8484634010	0.8496254847	2023-12-21T20:22:56.883
350	0.7048434019	0.6661073826	0.8587166940	[1m0.8584871924[0m	2023-12-21T20:24:43.453
360	0.7294535637	0.6565995526	0.8516604854	0.8517931409	2023-12-21T20:26:30.156
370	0.7068112493	0.6593959732	0.8562154752	0.8559424379	2023-12-21T20:28:16.832
380	0.6876841187	0.6789709172	0.8650432045	[1m0.8620529018[0m	2023-12-21T20:30:03.450
390	0.6964100599	0.6744966443	0.8621684861	0.8606278262	2023-12-21T20:31:50.150
400	0.6995925903	0.6722595078	0.8665622950	0.8580748896	2023-12-21T20:33:36.879
410	0.6765121222	0.6789709172	0.8675701690	[1m0.8626141580[0m	2023-12-21T20:35:23.744
420	0.6993319988	0.6672259508	0.8544466703	0.8530231748	2023-12-21T20:37:10.553
430	0.6872403026	0.6784116331	0.8668943316	0.8621142949	2023-12-21T20:38:57.320
440	0.6675829887	0.6817673378	0.8712418368	0.8611916864	2023-12-21T20:40:44.163
450	0.6705412269	0.6879194631	0.8715634369	[1m0.8644853087[0m	2023-12-21T20:42:31.130
460	0.6630994081	0.6795302013	0.8717411851	[1m0.8658508489[0m	2023-12-21T20:44:18.107
470	0.6744967699	0.6856823266	0.8722918128	[1m0.8662842896[0m	2023-12-21T20:46:05.123
480	0.6492731571	0.6979865772	0.8771805503	0.8661239810	2023-12-21T20:47:52.128
490	0.6559979320	0.6929530201	0.8722754997	0.8639728271	2023-12-21T20:49:39.032
500	0.6488972306	0.6963087248	0.8756445627	0.8637511542	2023-12-21T20:51:26.056
eval AUC = 0.850062623332775
eval Acc = 0.6543624161073825
avg eval AUC = 0.8702225392729173
avg eval Acc = 0.6993713722111372
avg cor among in-layer params = -0.000614095
