# test=1, eval=2
Epoch	CE	Acc	AUC	TestAUC	Time
0	1.0986201763	0.3281596452	0.4224904553	0.4202750882	2024-06-28T01:27:58.550
10	1.0983012915	0.3375831486	0.7445167926	[1m0.7410817777[0m	2024-06-28T01:28:05.521
20	1.0980294943	0.3375831486	0.7443737273	0.7409633641	2024-06-28T01:28:06.163
30	1.0977516174	0.3375831486	0.7443181958	0.7409443466	2024-06-28T01:28:06.802
40	1.0974864960	0.3375831486	0.7442892514	0.7409257847	2024-06-28T01:28:07.460
50	1.0972146988	0.3375831486	0.7442923669	0.7409153318	2024-06-28T01:28:08.099
60	1.0969462395	0.3375831486	0.7442777936	0.7409234620	2024-06-28T01:28:08.741
70	1.0966852903	0.3375831486	0.7442798372	0.7409294831	2024-06-28T01:28:09.410
80	1.0964095592	0.3375831486	0.7442823271	0.7409252661	2024-06-28T01:28:10.052
90	1.0961431265	0.3375831486	0.7442804709	0.7409314704	2024-06-28T01:28:10.692
100	1.0958778858	0.3375831486	0.7442857299	0.7409232198	2024-06-28T01:28:11.357
110	1.0956046581	0.3375831486	0.7442827265	0.7409211572	2024-06-28T01:28:12
eval AUC = 0.732454839842878
eval Acc = 0.3383084577114428
# test=1, eval=3
Epoch	CE	Acc	AUC	TestAUC	Time
0	1.0986096859	0.3375831486	0.4442135655	0.4345628597	2024-06-28T01:28:12.564
10	1.0982866287	0.3375831486	0.7388330792	[1m0.7424813375[0m	2024-06-28T01:28:13.175
20	1.0980186462	0.3375831486	0.7379849577	0.7415652544	2024-06-28T01:28:13.830
30	1.0977554321	0.3375831486	0.7377448818	0.7413382282	2024-06-28T01:28:14.466
40	1.0975021124	0.3375831486	0.7376540550	0.7411937171	2024-06-28T01:28:15.108
50	1.0972222090	0.3375831486	0.7375757047	0.7411070562	2024-06-28T01:28:15.780
60	1.0969634056	0.3375831486	0.7375404456	0.7410843519	2024-06-28T01:28:16.431
70	1.0966959000	0.3375831486	0.7374897724	0.7410451457	2024-06-28T01:28:17.079
80	1.0964254141	0.3375831486	0.7374757206	0.7410080022	2024-06-28T01:28:17.755
90	1.0961605310	0.3375831486	0.7374598218	0.7409791250	2024-06-28T01:28:18.404
100	1.0959041119	0.3375831486	0.7374494417	0.7409708128	2024-06-28T01:28:19.056
110	1.0956455469	0.3375831486	0.7374448277	0.7409501862	2024-06-28T01:28:19.731
eval AUC = 0.7554958892798712
eval Acc = 0.3383084577114428
# test=1, eval=4
Epoch	CE	Acc	AUC	TestAUC	Time
0	1.0986485481	0.3287139690	0.3419862293	0.3392154285	2024-06-28T01:28:20.270
10	1.0983304977	0.3375831486	0.7415489696	[1m0.7408008282[0m	2024-06-28T01:28:20.888
20	1.0980613232	0.3375831486	0.7415306070	[1m0.7408991043[0m	2024-06-28T01:28:21.556
30	1.0977928638	0.3375831486	0.7415213976	[1m0.7409030353[0m	2024-06-28T01:28:22.197
40	1.0975319147	0.3375831486	0.7415339436	0.7409007126	2024-06-28T01:28:22.841
50	1.0972647667	0.3375831486	0.7415262546	0.7409005758	2024-06-28T01:28:23.493
60	1.0970010757	0.3375831486	0.7415317124	0.7409026241	2024-06-28T01:28:24.167
70	1.0967377424	0.3375831486	0.7415261161	0.7408943577	2024-06-28T01:28:24.811
80	1.0964740515	0.3375831486	0.7415212731	0.7408881547	2024-06-28T01:28:25.461
90	1.0962201357	0.3375831486	0.7415270173	0.7408861071	2024-06-28T01:28:26.136
100	1.0959490538	0.3375831486	0.7415173321	0.7408861071	2024-06-28T01:28:26.780
110	1.0957019329	0.3680709534	0.7415200571	0.7408923265	2024-06-28T01:28:27.427
120	1.0954297781	0.3375831486	0.7415221283	0.7408943741	2024-06-28T01:28:28.104
130	1.0951884985	0.3375831486	0.7415299341	0.7409005019	2024-06-28T01:28:28.757
140	1.0949075222	0.3375831486	0.7415232506	[1m0.7409046272[0m	2024-06-28T01:28:29.408
150	1.0946472883	0.3375831486	0.7415230198	[1m0.7409087997[0m	2024-06-28T01:28:30.085
160	1.0943892002	0.3686252772	0.7415202371	0.7409067213	2024-06-28T01:28:30.737
170	1.0941289663	0.3375831486	0.7415308068	[1m0.7409128792[0m	2024-06-28T01:28:31.389
180	1.0938717127	0.4539911308	0.7415248182	[1m0.7409149576[0m	2024-06-28T01:28:32.071
190	1.0936142206	0.3375831486	0.7415312499	[1m0.7409252723[0m	2024-06-28T01:28:32.726
200	1.0933505297	0.3375831486	0.7415330943	0.7409232404	2024-06-28T01:28:33.378
210	1.0930924416	0.3924611973	0.7415326336	[1m0.7409273199[0m	2024-06-28T01:28:34.052
220	1.0928405523	0.4800443459	0.7415287198	0.7409232096	2024-06-28T01:28:34.705
230	1.0925806761	0.4229490022	0.7415337827	0.7409252264	2024-06-28T01:28:35.359
240	1.0923244953	0.4700665188	0.7415330886	0.7409272891	2024-06-28T01:28:36.037
250	1.0920661688	0.4478935698	0.7415367638	[1m0.7409314459[0m	2024-06-28T01:28:36.688
260	1.0918101072	0.4495565410	0.7415374539	0.7409272891	2024-06-28T01:28:37.341
270	1.0915617943	0.3414634146	0.7415429792	[1m0.7409376181[0m	2024-06-28T01:28:38.014
280	1.0912986994	0.5072062084	0.7415381467	0.7409334928	2024-06-28T01:28:38.665
290	1.0910520554	0.4052106430	0.7415471242	[1m0.7409396965[0m	2024-06-28T01:28:39.313
300	1.0907906294	0.5349223947	0.7415372218	0.7409376338	2024-06-28T01:28:39.987
310	1.0905431509	0.5465631929	0.7415358412	0.7409314301	2024-06-28T01:28:40.641
320	1.0902824402	0.5460088692	0.7415381427	0.7409396965	2024-06-28T01:28:41.292
330	1.0900335312	0.4589800443	0.7415482658	[1m0.7409438060[0m	2024-06-28T01:28:41.970
340	1.0897754431	0.5310421286	0.7415448091	0.7409396965	2024-06-28T01:28:42.617
350	1.0895175934	0.5299334812	0.7415443475	0.7409417749	2024-06-28T01:28:43.262
360	1.0892637968	0.5460088692	0.7415411251	0.7409397122	2024-06-28T01:28:43.942
370	1.0890108347	0.5315964523	0.7415482544	0.7409417434	2024-06-28T01:28:44.591
380	1.0887540579	0.5454545455	0.7415464144	0.7409417906	2024-06-28T01:28:45.250
390	1.0885142088	0.5033259424	0.7415556249	[1m0.7409479786[0m	2024-06-28T01:28:45.906
400	1.0882607698	0.5077605322	0.7415590667	0.7409479786	2024-06-28T01:28:46.597
410	1.0879979134	0.5460088692	0.7415510078	0.7409438375	2024-06-28T01:28:47.248
420	1.0877469778	0.5460088692	0.7415549229	0.7409479786	2024-06-28T01:28:47.907
430	1.0874921083	0.5498891353	0.7415505458	0.7409417749	2024-06-28T01:28:48.585
440	1.0872418880	0.5504434590	0.7415505458	0.7409438533	2024-06-28T01:28:49.242
450	1.0869917870	0.5521064302	0.7415514601	0.7409376653	2024-06-28T01:28:49.895
460	1.0867425203	0.5521064302	0.7415523788	0.7409376653	2024-06-28T01:28:50.572
470	1.0865044594	0.5498891353	0.7415579115	0.7409438533	2024-06-28T01:28:51.225
480	1.0862466097	0.5548780488	0.7415523788	0.7409376653	2024-06-28T01:28:51.872
490	1.0859948397	0.5537694013	0.7415558351	0.7409438533	2024-06-28T01:28:52.548
eval AUC = 0.7408420531405322
eval Acc = 0.5074626865671642
# test=1, eval=5
Epoch	CE	Acc	AUC	TestAUC	Time
0	1.0986212492	0.3289110006	0.2896549162	0.2871459635	2024-06-28T01:28:55.218
10	1.0982975960	0.3383084577	0.7432395419	[1m0.7420268448[0m	2024-06-28T01:28:55.844
20	1.0980210304	0.3383084577	0.7425334531	0.7414316605	2024-06-28T01:28:56.490
30	1.0977625847	0.3383084577	0.7423112367	0.7412092098	2024-06-28T01:28:57.136
40	1.0975224972	0.3311221669	0.7422026902	0.7410793953	2024-06-28T01:28:57.815
50	1.0972388983	0.3383084577	0.7421578154	0.7410484541	2024-06-28T01:28:58.472
60	1.0969812870	0.3383084577	0.7421211806	0.7410279185	2024-06-28T01:28:59.125
70	1.0967409611	0.3383084577	0.7420770099	0.7410052895	2024-06-28T01:28:59.805
80	1.0964659452	0.3383084577	0.7420680850	0.7410032741	2024-06-28T01:29:00.556
90	1.0962027311	0.3383084577	0.7420476854	0.7409930060	2024-06-28T01:29:01.212
100	1.0959454775	0.3383084577	0.7420355587	0.7409827242	2024-06-28T01:29:01.887
110	1.0956927538	0.3383084577	0.7420305217	0.7409807067	2024-06-28T01:29:02.567
eval AUC = 0.7404308434943027
eval Acc = 0.33612040133779264
# test=2, eval=1
Epoch	CE	Acc	AUC	TestAUC	Time
0	1.0985978842	0.3215077605	0.7529707647	0.7385699465	2024-06-28T01:29:03.589
10	1.0982772112	0.3375831486	0.7446069038	0.7323194703	2024-06-28T01:29:04.218
20	1.0980060101	0.3375831486	0.7444385791	0.7321550915	2024-06-28T01:29:04.856
30	1.0977458954	0.3375831486	0.7443893767	0.7321097712	2024-06-28T01:29:05.532
40	1.0974694490	0.3375831486	0.7443537453	0.7321077229	2024-06-28T01:29:06.180
50	1.0971953869	0.3375831486	0.7443420419	0.7320850631	2024-06-28T01:29:06.826
60	1.0969294310	0.3375831486	0.7443335390	0.7321016109	2024-06-28T01:29:07.473
70	1.0966591835	0.3375831486	0.7443268791	0.7321057205	2024-06-28T01:29:08.145
80	1.0963953733	0.3375831486	0.7443199736	0.7321057212	2024-06-28T01:29:08.791
90	1.0961252451	0.3375831486	0.7443178976	0.7321057054	2024-06-28T01:29:09.441
100	1.0958614349	0.3375831486	0.7443089301	0.7321077373	2024-06-28T01:29:10.119
eval AUC = 0.7519962815163576
eval Acc = 0.32338308457711445
# test=2, eval=3
Epoch	CE	Acc	AUC	TestAUC	Time
0	1.0986007452	0.3220620843	0.7380174761	0.7269461134	2024-06-28T01:29:10.586
10	1.0982887745	0.3375831486	0.7395108065	[1m0.7312227377[0m	2024-06-28T01:29:11.249
20	1.0979915857	0.3375831486	0.7398425381	[1m0.7316396862[0m	2024-06-28T01:29:11.891
30	1.0977144241	0.3375831486	0.7399681570	[1m0.7318233898[0m	2024-06-28T01:29:12.533
40	1.0974470377	0.3375831486	0.7400193561	[1m0.7318976619[0m	2024-06-28T01:29:13.213
50	1.0971665382	0.3375831486	0.7400640886	[1m0.7319287084[0m	2024-06-28T01:29:13.856
60	1.0968966484	0.3375831486	0.7400869165	[1m0.7319596497[0m	2024-06-28T01:29:14.510
70	1.0966157913	0.3375831486	0.7401046259	[1m0.7319844022[0m	2024-06-28T01:29:15.164
80	1.0963394642	0.3375831486	0.7401140860	[1m0.7319947155[0m	2024-06-28T01:29:15.843
90	1.0960683823	0.3375831486	0.7401308974	0.7319926829	2024-06-28T01:29:16.499
100	1.0957945585	0.3375831486	0.7401407993	[1m0.7320050123[0m	2024-06-28T01:29:17.151
110	1.0955169201	0.3375831486	0.7401456270	[1m0.7320091226[0m	2024-06-28T01:29:17.827
120	1.0952436924	0.3375831486	0.7401506981	[1m0.7320173732[0m	2024-06-28T01:29:18.478
130	1.0949778557	0.3375831486	0.7401539188	0.7320153407	2024-06-28T01:29:19.127
140	1.0947176218	0.3375831486	0.7401651904	[1m0.7320318419[0m	2024-06-28T01:29:19.775
150	1.0944347382	0.3375831486	0.7401605917	0.7320297792	2024-06-28T01:29:20.446
160	1.0941644907	0.3375831486	0.7401670431	[1m0.7320380299[0m	2024-06-28T01:29:21.098
170	1.0939009190	0.5138580931	0.7401624475	0.7320338888	2024-06-28T01:29:21.748
180	1.0936228037	0.3375831486	0.7401755653	[1m0.7320441863[0m	2024-06-28T01:29:22.430
190	1.0933507681	0.3508869180	0.7401753340	[1m0.7320462490[0m	2024-06-28T01:29:23.079
200	1.0930815935	0.3375831486	0.7401787969	[1m0.7320483117[0m	2024-06-28T01:29:23.730
210	1.0928189754	0.4229490022	0.7401797151	[1m0.7320503593[0m	2024-06-28T01:29:24.397
220	1.0925477743	0.3375831486	0.7401875542	[1m0.7320565623[0m	2024-06-28T01:29:25.073
230	1.0922757387	0.3847006652	0.7401873252	0.7320524370	2024-06-28T01:29:25.725
240	1.0920084715	0.4351441242	0.7401875621	0.7320503894	2024-06-28T01:29:26.375
250	1.0917438269	0.3414634146	0.7401914768	0.7320565623	2024-06-28T01:29:27.051
260	1.0914689302	0.5105321508	0.7401887216	0.7320544846	2024-06-28T01:29:27.702
270	1.0912069082	0.4794900222	0.7401944641	0.7320565322	2024-06-28T01:29:28.357
280	1.0909422636	0.5471175166	0.7401919361	[1m0.7320585798[0m	2024-06-28T01:29:29.010
290	1.0906853676	0.5548780488	0.7401857396	0.7320544846	2024-06-28T01:29:29.691
300	1.0904039145	0.5282705100	0.7401914926	0.7320565322	2024-06-28T01:29:30.354
310	1.0901432037	0.5060975610	0.7401963286	[1m0.7320647828[0m	2024-06-28T01:29:31.017
320	1.0898734331	0.5105321508	0.7402004544	0.7320647828	2024-06-28T01:29:31.673
330	1.0896077156	0.5482261641	0.7401953946	0.7320627051	2024-06-28T01:29:32.348
340	1.0893445015	0.5537694013	0.7401972319	0.7320606575	2024-06-28T01:29:33.002
350	1.0890820026	0.5526607539	0.7402027484	[1m0.7320668153[0m	2024-06-28T01:29:33.654
360	1.0888210535	0.4983370288	0.7402078143	0.7320647527	2024-06-28T01:29:34.333
370	1.0885484219	0.5504434590	0.7402022979	0.7320626750	2024-06-28T01:29:34.999
380	1.0882947445	0.5044345898	0.7402103453	[1m0.7320709406[0m	2024-06-28T01:29:35.656
390	1.0880284309	0.5576496674	0.7402020688	0.7320606274	2024-06-28T01:29:36.324
400	1.0877723694	0.5160753880	0.7402128785	0.7320709406	2024-06-28T01:29:36.999
410	1.0875022411	0.5465631929	0.7402071400	0.7320688780	2024-06-28T01:29:37.649
420	1.0872359276	0.5548780488	0.7402089682	0.7320688780	2024-06-28T01:29:38.298
430	1.0869723558	0.5493348115	0.7402101212	0.7320688780	2024-06-28T01:29:38.956
440	1.0867350101	0.5559866962	0.7402053040	0.7320688780	2024-06-28T01:29:39.633
450	1.0864504576	0.5565410200	0.7402087436	[1m0.7320709564[0m	2024-06-28T01:29:40.290
460	1.0861899853	0.5543237251	0.7402096657	0.7320688780	2024-06-28T01:29:40.947
470	1.0859303474	0.5559866962	0.7402105866	[1m0.7320730348[0m	2024-06-28T01:29:41.600
480	1.0856684446	0.5554323725	0.7402117383	0.7320730348	2024-06-28T01:29:42.297
490	1.0854110718	0.5515521064	0.7402142732	[1m0.7320771444[0m	2024-06-28T01:29:42.950
500	1.0851588249	0.5587583149	0.7402128834	0.7320730197	2024-06-28T01:29:43.602
eval AUC = 0.753467397202086
eval Acc = 0.5505804311774462
# test=2, eval=4
Epoch	CE	Acc	AUC	TestAUC	Time
0	1.0986287594	0.3209534368	0.3239340231	0.3319657637	2024-06-28T01:29:43.977
10	1.0983006954	0.3375831486	0.7421048238	[1m0.7300410988[0m	2024-06-28T01:29:44.602
20	1.0980390310	0.3375831486	0.7432376954	[1m0.7310407799[0m	2024-06-28T01:29:45.236
30	1.0977528095	0.3375831486	0.7436021385	[1m0.7313925313[0m	2024-06-28T01:29:45.908
40	1.0974798203	0.3375831486	0.7437969168	[1m0.7315816018[0m	2024-06-28T01:29:46.554
50	1.0972127914	0.3375831486	0.7439331306	[1m0.7316822777[0m	2024-06-28T01:29:47.206
60	1.0969358683	0.3375831486	0.7440160484	[1m0.7317521959[0m	2024-06-28T01:29:47.856
70	1.0966688395	0.3375831486	0.7440734676	[1m0.7318035953[0m	2024-06-28T01:29:48.525
80	1.0963968039	0.3375831486	0.7441152775	[1m0.7318322611[0m	2024-06-28T01:29:49.175
90	1.0961230993	0.3375831486	0.7441417136	[1m0.7318713468[0m	2024-06-28T01:29:49.822
100	1.0958484411	0.3375831486	0.7441603291	[1m0.7318816752[0m	2024-06-28T01:29:50.469
110	1.0955893993	0.3375831486	0.7441858381	[1m0.7318980539[0m	2024-06-28T01:29:51.146
120	1.0953156948	0.3375831486	0.7442090308	[1m0.7319124179[0m	2024-06-28T01:29:51.796
130	1.0950393677	0.3375831486	0.7442267272	[1m0.7319227169[0m	2024-06-28T01:29:52.445
140	1.0947667360	0.3375831486	0.7442365949	[1m0.7319329850[0m	2024-06-28T01:29:53.091
150	1.0945007801	0.4085365854	0.7442471642	[1m0.7319473483[0m	2024-06-28T01:29:53.766
160	1.0942231417	0.3375831486	0.7442611946	[1m0.7319741177[0m	2024-06-28T01:29:54.410
170	1.0939642191	0.3375831486	0.7442752100	[1m0.7319823532[0m	2024-06-28T01:29:55.057
180	1.0936876535	0.4113082040	0.7442768035	[1m0.7319844159[0m	2024-06-28T01:29:55.703
190	1.0934177637	0.3553215078	0.7442848492	0.7319844159	2024-06-28T01:29:56.377
200	1.0931477547	0.3375831486	0.7442961208	[1m0.7319947442[0m	2024-06-28T01:29:57.028
210	1.0928789377	0.3375831486	0.7443030136	[1m0.7320091376[0m	2024-06-28T01:29:57.676
220	1.0926114321	0.4024390244	0.7443076031	[1m0.7320256088[0m	2024-06-28T01:29:58.323
230	1.0923563242	0.5476718404	0.7443075939	0.7320194359	2024-06-28T01:29:58.992
240	1.0920871496	0.4273835920	0.7443213843	[1m0.7320276564[0m	2024-06-28T01:29:59.639
250	1.0918226242	0.3375831486	0.7443276062	[1m0.7320317817[0m	2024-06-28T01:30:00.290
260	1.0915464163	0.5060975610	0.7443273680	0.7320297190	2024-06-28T01:30:00.945
270	1.0912795067	0.4484478936	0.7443351720	[1m0.7320338142[0m	2024-06-28T01:30:01.634
280	1.0910136700	0.5188470067	0.7443379114	0.7320317208	2024-06-28T01:30:02.284
290	1.0907506943	0.5465631929	0.7443397466	0.7320337684	2024-06-28T01:30:02.943
300	1.0904806852	0.5388026608	0.7443422701	[1m0.7320358002[0m	2024-06-28T01:30:03.601
310	1.0902174711	0.5526607539	0.7443494016	0.7320317208	2024-06-28T01:30:04.285
320	1.0899487734	0.5449002217	0.7443512297	0.7320317050	2024-06-28T01:30:04.938
330	1.0896832943	0.5277161863	0.7443602143	[1m0.7320358153[0m	2024-06-28T01:30:05.589
340	1.0894241333	0.4828159645	0.7443682570	[1m0.7320378629[0m	2024-06-28T01:30:06.243
350	1.0891535282	0.5449002217	0.7443648021	[1m0.7320399105[0m	2024-06-28T01:30:06.895
360	1.0888935328	0.5066518847	0.7443714711	0.7320378629	2024-06-28T01:30:07.574
370	1.0886267424	0.5315964523	0.7443723858	[1m0.7320419581[0m	2024-06-28T01:30:08.226
380	1.0883916616	0.5515521064	0.7443648012	0.7320378629	2024-06-28T01:30:08.877
390	1.0881062746	0.5399113082	0.7443763045	[1m0.7320460834[0m	2024-06-28T01:30:09.530
400	1.0878384113	0.5454545455	0.7443776799	[1m0.7320481310[0m	2024-06-28T01:30:10.239
410	1.0875771046	0.5471175166	0.7443783656	0.7320460834	2024-06-28T01:30:10.943
420	1.0873171091	0.5515521064	0.7443795159	0.7320460834	2024-06-28T01:30:11.597
430	1.0870602131	0.5576496674	0.7443792856	0.7320460834	2024-06-28T01:30:12.254
440	1.0867931843	0.5476718404	0.7443868812	[1m0.7320501786[0m	2024-06-28T01:30:12.941
450	1.0865350962	0.5543237251	0.7443852702	0.7320501786	2024-06-28T01:30:13.599
460	1.0862727165	0.5515521064	0.7443880328	0.7320501786	2024-06-28T01:30:14.255
470	1.0860161781	0.5476718404	0.7443951656	[1m0.7320584292[0m	2024-06-28T01:30:14.915
480	1.0857594013	0.5460088692	0.7444025238	[1m0.7320666498[0m	2024-06-28T01:30:15.601
490	1.0854961872	0.5476718404	0.7444018320	0.7320666498	2024-06-28T01:30:16.254
500	1.0852438211	0.5449002217	0.7444075818	[1m0.7320707751[0m	2024-06-28T01:30:16.910
eval AUC = 0.7407865270277605
eval Acc = 0.5522388059701493
# test=2, eval=5
Epoch	CE	Acc	AUC	TestAUC	Time
0	1.0986087322	0.3388612493	0.4244993024	0.4344917973	2024-06-28T01:30:17.270
10	1.0982623100	0.3383084577	0.7460128858	[1m0.7329754460[0m	2024-06-28T01:30:17.891
20	1.0979943275	0.3383084577	0.7453268828	0.7324231813	2024-06-28T01:30:18.535
30	1.0977368355	0.3383084577	0.7451325050	0.7322458791	2024-06-28T01:30:19.184
40	1.0974540710	0.3383084577	0.7450521607	0.7321902463	2024-06-28T01:30:19.840
50	1.0971850157	0.3383084577	0.7449958534	0.7321407726	2024-06-28T01:30:20.524
60	1.0969191790	0.3383084577	0.7449567327	0.7321118941	2024-06-28T01:30:21.182
70	1.0966544151	0.3383084577	0.7449377453	0.7321098307	2024-06-28T01:30:21.843
80	1.0963764191	0.3383084577	0.7449194272	0.7321098465	2024-06-28T01:30:22.504
90	1.0961073637	0.3383084577	0.7449102681	0.7320913127	2024-06-28T01:30:23.191
100	1.0958461761	0.3383084577	0.7448965439	0.7320933904	2024-06-28T01:30:23.847
110	1.0955978632	0.3383084577	0.7448972279	0.7320954380	2024-06-28T01:30:24.501
eval AUC = 0.7402237102918838
eval Acc = 0.33612040133779264
# test=3, eval=1
Epoch	CE	Acc	AUC	TestAUC	Time
0	1.0985940695	0.3375831486	0.6749759621	0.6533758575	2024-06-28T01:30:25.080
10	1.0982732773	0.3375831486	0.7382087744	[1m0.7545800801[0m	2024-06-28T01:30:25.691
20	1.0980027914	0.3375831486	0.7377092971	0.7539102194	2024-06-28T01:30:26.325
30	1.0977593660	0.3375831486	0.7375995036	0.7537660005	2024-06-28T01:30:26.997
40	1.0974851847	0.3375831486	0.7375313833	0.7536918353	2024-06-28T01:30:27.645
50	1.0972068310	0.3375831486	0.7374777601	0.7536506574	2024-06-28T01:30:28.290
60	1.0969471931	0.3375831486	0.7374536071	0.7536238881	2024-06-28T01:30:28.935
70	1.0966788530	0.3375831486	0.7374388779	0.7535991362	2024-06-28T01:30:29.579
80	1.0964230299	0.3375831486	0.7374179268	0.7535579590	2024-06-28T01:30:30.248
90	1.0961531401	0.3375831486	0.7374121905	0.7535518012	2024-06-28T01:30:30.912
100	1.0958980322	0.3375831486	0.7374135711	0.7535559422	2024-06-28T01:30:31.560
110	1.0956376791	0.3375831486	0.7374112823	0.7535538645	2024-06-28T01:30:32.207
eval AUC = 0.7417535475373426
eval Acc = 0.3383084577114428
# test=3, eval=2
Epoch	CE	Acc	AUC	TestAUC	Time
0	1.0986351967	0.3292682927	0.3195706480	0.3458934550	2024-06-28T01:30:32.714
10	1.0983008146	0.3375831486	0.7398531762	[1m0.7532163831[0m	2024-06-28T01:30:33.337
20	1.0980255604	0.3375831486	0.7400286578	[1m0.7533366120[0m	2024-06-28T01:30:34.002
30	1.0977581739	0.3569844789	0.7400822968	[1m0.7533815676[0m	2024-06-28T01:30:34.650
40	1.0974745750	0.3375831486	0.7401167608	[1m0.7534329534[0m	2024-06-28T01:30:35.317
50	1.0972006321	0.3375831486	0.7401298230	0.7534225949	2024-06-28T01:30:36.003
60	1.0969359875	0.4013303769	0.7401357665	0.7534327878	2024-06-28T01:30:36.676
70	1.0966508389	0.3375831486	0.7401442562	[1m0.7534451185[0m	2024-06-28T01:30:37.370
80	1.0963981152	0.3414634146	0.7401470018	0.7534429957	2024-06-28T01:30:38.076
90	1.0961147547	0.3375831486	0.7401582713	[1m0.7534553716[0m	2024-06-28T01:30:38.732
100	1.0958389044	0.3375831486	0.7401550449	0.7534388704	2024-06-28T01:30:39.384
110	1.0955688953	0.3503325942	0.7401612472	0.7534388238	2024-06-28T01:30:40.038
120	1.0953050852	0.3375831486	0.7401642542	0.7534449817	2024-06-28T01:30:40.724
130	1.0950250626	0.3375831486	0.7401720543	0.7534553100	2024-06-28T01:30:41.381
140	1.0947563648	0.3375831486	0.7401727479	[1m0.7534594353[0m	2024-06-28T01:30:42.032
150	1.0944864750	0.3375831486	0.7401725093	0.7534470594	2024-06-28T01:30:42.682
160	1.0942108631	0.3447893570	0.7401757225	0.7534511396	2024-06-28T01:30:43.367
170	1.0939513445	0.3375831486	0.7401851423	[1m0.7534778788[0m	2024-06-28T01:30:44.021
180	1.0936782360	0.3608647450	0.7401826034	0.7534778788	2024-06-28T01:30:44.677
190	1.0934059620	0.5027716186	0.7401807595	0.7534634402	2024-06-28T01:30:45.326
200	1.0931320190	0.4257206208	0.7401846641	0.7534696282	2024-06-28T01:30:45.976
210	1.0928684473	0.5105321508	0.7401841982	0.7534634252	2024-06-28T01:30:46.657
220	1.0925949812	0.3702882483	0.7401883384	0.7534778788	2024-06-28T01:30:47.304
230	1.0923254490	0.4617516630	0.7401897200	[1m0.7534799114[0m	2024-06-28T01:30:47.960
240	1.0920593739	0.5155210643	0.7401887969	0.7534716758	2024-06-28T01:30:48.618
250	1.0917899609	0.4761640798	0.7401929455	0.7534798963	2024-06-28T01:30:49.276
260	1.0915251970	0.5415742794	0.7401901815	0.7534798963	2024-06-28T01:30:49.966
270	1.0912563801	0.5399113082	0.7401913305	0.7534757861	2024-06-28T01:30:50.623
280	1.0909972191	0.3852549889	0.7402030606	[1m0.7534840216[0m	2024-06-28T01:30:51.283
290	1.0907274485	0.5271618625	0.7401933960	0.7534778337	2024-06-28T01:30:51.947
300	1.0904655457	0.5554323725	0.7401927046	0.7534695673	2024-06-28T01:30:52.600
310	1.0901956558	0.4872505543	0.7402035134	0.7534778179	2024-06-28T01:30:53.285
320	1.0899276733	0.5221729490	0.7402021314	0.7534736919	2024-06-28T01:30:53.937
330	1.0896629095	0.5449002217	0.7401993644	0.7534736769	2024-06-28T01:30:54.593
340	1.0894025564	0.5554323725	0.7401977513	0.7534695516	2024-06-28T01:30:55.252
350	1.0891346931	0.5415742794	0.7402030418	0.7534757395	2024-06-28T01:30:55.910
360	1.0888719559	0.5415742794	0.7402048862	0.7534757395	2024-06-28T01:30:56.590
370	1.0886074305	0.5421286031	0.7402083394	0.7534757395	2024-06-28T01:30:57.246
380	1.0883456469	0.5227272727	0.7402129389	0.7534839901	2024-06-28T01:30:57.902
eval AUC = 0.7320689689983504
eval Acc = 0.3864013266998342
# test=3, eval=4
Epoch	CE	Acc	AUC	TestAUC	Time
0	1.0986200571	0.3287139690	0.2626416615	0.2467974042	2024-06-28T01:30:58.327
10	1.0983074903	0.3337028825	0.7373486565	[1m0.7532914578[0m	2024-06-28T01:30:58.948
20	1.0980384350	0.3375831486	0.7374055266	[1m0.7533968605[0m	2024-06-28T01:30:59.591
30	1.0977498293	0.3375831486	0.7374113719	[1m0.7533970534[0m	2024-06-28T01:31:00.235
40	1.0974776745	0.3375831486	0.7374167177	[1m0.7533992235[0m	2024-06-28T01:31:00.884
50	1.0972177982	0.3375831486	0.7374093572	[1m0.7534137080[0m	2024-06-28T01:31:01.561
60	1.0969421864	0.3375831486	0.7374231822	[1m0.7534281766[0m	2024-06-28T01:31:02.208
70	1.0966752768	0.3375831486	0.7374240819	[1m0.7534343345[0m	2024-06-28T01:31:02.857
80	1.0964028835	0.3375831486	0.7374252397	[1m0.7534384598[0m	2024-06-28T01:31:03.504
90	1.0961581469	0.3431263858	0.7374155751	0.7534343653	2024-06-28T01:31:04.156
100	1.0958719254	0.3375831486	0.7374227254	[1m0.7534426310[0m	2024-06-28T01:31:04.837
110	1.0955998898	0.3375831486	0.7374238880	[1m0.7534447237[0m	2024-06-28T01:31:05.485
120	1.0953295231	0.3375831486	0.7374259561	0.7534426303	2024-06-28T01:31:06.141
130	1.0950664282	0.3375831486	0.7374277939	0.7534385358	2024-06-28T01:31:06.801
140	1.0947971344	0.3375831486	0.7374273403	0.7534426453	2024-06-28T01:31:07.465
150	1.0945475101	0.4972283814	0.7374197640	0.7534343797	2024-06-28T01:31:08.136
160	1.0942674875	0.3375831486	0.7374282805	0.7534446929	2024-06-28T01:31:08.814
170	1.0940155983	0.4356984479	0.7374229956	0.7534364423	2024-06-28T01:31:09.472
180	1.0937378407	0.4567627494	0.7374266651	0.7534364581	2024-06-28T01:31:10.128
190	1.0934726000	0.3375831486	0.7374317323	0.7534385200	2024-06-28T01:31:10.777
200	1.0932110548	0.3375831486	0.7374331187	0.7534426460	2024-06-28T01:31:11.426
210	1.0929486752	0.3375831486	0.7374335736	[1m0.7534550220[0m	2024-06-28T01:31:12.105
220	1.0926870108	0.5149667406	0.7374317297	0.7534405834	2024-06-28T01:31:12.755
230	1.0924261808	0.3375831486	0.7374351868	[1m0.7534612257[0m	2024-06-28T01:31:13.410
240	1.0921638012	0.3680709534	0.7374349481	0.7534570853	2024-06-28T01:31:14.072
250	1.0919063091	0.5487804878	0.7374291996	0.7534467720	2024-06-28T01:31:14.725
260	1.0916399956	0.5404656319	0.7374308101	0.7534488497	2024-06-28T01:31:15.376
270	1.0913746357	0.5277161863	0.7374305921	0.7534488497	2024-06-28T01:31:16.051
280	1.0911078453	0.5194013304	0.7374333477	0.7534529443	2024-06-28T01:31:16.706
290	1.0908448696	0.5254988914	0.7374333477	0.7534550226	2024-06-28T01:31:17.363
300	1.0905878544	0.5210643016	0.7374367982	0.7534571004	2024-06-28T01:31:18.012
310	1.0903323889	0.5415742794	0.7374322017	0.7534570853	2024-06-28T01:31:18.662
320	1.0900685787	0.5404656319	0.7374324307	0.7534591480	2024-06-28T01:31:19.343
330	1.0898053646	0.5199556541	0.7374386422	0.7534611949	2024-06-28T01:31:19.994
eval AUC = 0.7408197867832683
eval Acc = 0.3383084577114428
# test=3, eval=5
Epoch	CE	Acc	AUC	TestAUC	Time
0	1.0986068249	0.3383084577	0.4387624616	0.4130802929	2024-06-28T01:31:20.501
10	1.0982770920	0.3383084577	0.7388768645	[1m0.7548025726[0m	2024-06-28T01:31:21.143
20	1.0980091095	0.3383084577	0.7382902996	0.7539595330	2024-06-28T01:31:21.791
30	1.0977458954	0.3383084577	0.7381282435	0.7537657618	2024-06-28T01:31:22.437
40	1.0974804163	0.3383084577	0.7380444399	0.7536896084	2024-06-28T01:31:23.083
50	1.0972174406	0.3383084577	0.7379995939	0.7536422433	2024-06-28T01:31:23.736
60	1.0969498158	0.3383084577	0.7379773829	0.7536092702	2024-06-28T01:31:24.420
70	1.0966858864	0.3383084577	0.7379572571	0.7535742352	2024-06-28T01:31:25.069
80	1.0964303017	0.3383084577	0.7379398557	0.7535454025	2024-06-28T01:31:25.722
90	1.0961577892	0.3383084577	0.7379323160	0.7535310385	2024-06-28T01:31:26.378
100	1.0959039927	0.3383084577	0.7379240804	0.7535063017	2024-06-28T01:31:27.040
110	1.0956424475	0.3383084577	0.7379252350	0.7535062866	2024-06-28T01:31:27.690
eval AUC = 0.7402487362247356
eval Acc = 0.33612040133779264
# test=4, eval=1
Epoch	CE	Acc	AUC	TestAUC	Time
0	1.0986450911	0.3287139690	0.3253928703	0.3201991291	2024-06-28T01:31:28.287
10	1.0983197689	0.3375831486	0.7400336077	[1m0.7394855996[0m	2024-06-28T01:31:28.937
20	1.0980535746	0.3375831486	0.7407679851	[1m0.7401718806[0m	2024-06-28T01:31:29.578
30	1.0977891684	0.3375831486	0.7410111192	[1m0.7403834747[0m	2024-06-28T01:31:30.222
40	1.0975251198	0.3375831486	0.7411293858	[1m0.7404820320[0m	2024-06-28T01:31:30.897
50	1.0972628593	0.3375831486	0.7411957830	[1m0.7405540306[0m	2024-06-28T01:31:31.541
60	1.0969940424	0.3375831486	0.7412530039	[1m0.7405952399[0m	2024-06-28T01:31:32.193
70	1.0967296362	0.3375831486	0.7412916006	[1m0.7406137436[0m	2024-06-28T01:31:32.843
80	1.0964739323	0.3375831486	0.7413194042	[1m0.7406487650[0m	2024-06-28T01:31:33.529
90	1.0962034464	0.3375831486	0.7413355036	[1m0.7406590789[0m	2024-06-28T01:31:34.192
100	1.0959489346	0.3625277162	0.7413518087	[1m0.7406714104[0m	2024-06-28T01:31:34.856
110	1.0956867933	0.3375831486	0.7413603064	[1m0.7406734272[0m	2024-06-28T01:31:35.517
120	1.0954216719	0.3375831486	0.7413782453	[1m0.7406961027[0m	2024-06-28T01:31:36.168
130	1.0951540470	0.3375831486	0.7413922380	[1m0.7407084499[0m	2024-06-28T01:31:36.819
140	1.0948985815	0.3625277162	0.7413970481	[1m0.7407145927[0m	2024-06-28T01:31:37.506
150	1.0946465731	0.3852549889	0.7414122113	[1m0.7407207657[0m	2024-06-28T01:31:38.165
160	1.0943709612	0.3375831486	0.7414186513	0.7407207657	2024-06-28T01:31:38.819
170	1.0941258669	0.3375831486	0.7414287656	[1m0.7407351591[0m	2024-06-28T01:31:39.477
180	1.0938531160	0.3375831486	0.7414340351	[1m0.7407392543[0m	2024-06-28T01:31:40.135
190	1.0936055183	0.3375831486	0.7414446176	[1m0.7407453355[0m	2024-06-28T01:31:40.792
200	1.0933369398	0.3375831486	0.7414466704	[1m0.7407494307[0m	2024-06-28T01:31:41.482
210	1.0930773020	0.3375831486	0.7414531156	[1m0.7407514783[0m	2024-06-28T01:31:42.153
220	1.0928163528	0.3558758315	0.7414554123	0.7407514783	2024-06-28T01:31:42.806
230	1.0925693512	0.4323725055	0.7414599988	[1m0.7407555735[0m	2024-06-28T01:31:43.460
240	1.0923048258	0.3414634146	0.7414657473	0.7407555735	2024-06-28T01:31:44.110
250	1.0920517445	0.3414634146	0.7414696594	[1m0.7407637940[0m	2024-06-28T01:31:44.770
260	1.0917919874	0.3919068736	0.7414698884	[1m0.7407679194[0m	2024-06-28T01:31:45.429
270	1.0915417671	0.5099778271	0.7414707922	0.7407637940	2024-06-28T01:31:46.116
280	1.0912876129	0.4129711752	0.7414758678	[1m0.7407741073[0m	2024-06-28T01:31:46.776
290	1.0910261869	0.5210643016	0.7414760832	0.7407699820	2024-06-28T01:31:47.437
300	1.0907675028	0.5304878049	0.7414779263	0.7407741073	2024-06-28T01:31:48.094
310	1.0905128717	0.5177383592	0.7414825241	[1m0.7407761700[0m	2024-06-28T01:31:48.748
320	1.0902652740	0.5521064302	0.7414797558	0.7407741073	2024-06-28T01:31:49.401
330	1.0900015831	0.5088691796	0.7414905624	[1m0.7407782169[0m	2024-06-28T01:31:50.083
340	1.0897510052	0.5210643016	0.7414933127	[1m0.7407844206[0m	2024-06-28T01:31:50.740
350	1.0894927979	0.5266075388	0.7414944666	0.7407823422	2024-06-28T01:31:51.405
360	1.0892381668	0.5482261641	0.7414921611	0.7407782011	2024-06-28T01:31:52.058
370	1.0889849663	0.5504434590	0.7414937708	0.7407802638	2024-06-28T01:31:52.710
380	1.0887339115	0.5465631929	0.7414953752	0.7407843891	2024-06-28T01:31:53.359
390	1.0884790421	0.5382483370	0.7415020389	[1m0.7407926096[0m	2024-06-28T01:31:54.013
400	1.0882275105	0.5460088692	0.7415034200	0.7407926096	2024-06-28T01:31:54.695
410	1.0879753828	0.5443458980	0.7415087088	[1m0.7407967349[0m	2024-06-28T01:31:55.347
420	1.0877406597	0.5266075388	0.7415096376	0.7407946873	2024-06-28T01:31:56.008
430	1.0874723196	0.5509977827	0.7415070922	0.7407926096	2024-06-28T01:31:56.665
440	1.0872205496	0.5521064302	0.7415098451	0.7407967349	2024-06-28T01:31:57.329
450	1.0869772434	0.5471175166	0.7415151445	[1m0.7408008602[0m	2024-06-28T01:31:57.993
460	1.0867235661	0.5548780488	0.7415114526	0.7407987825	2024-06-28T01:31:58.660
470	1.0864700079	0.5509977827	0.7415172091	[1m0.7408049555[0m	2024-06-28T01:31:59.352
480	1.0862214565	0.5532150776	0.7415195010	0.7408049555	2024-06-28T01:32:00.023
490	1.0859692097	0.5543237251	0.7415185797	[1m0.7408090808[0m	2024-06-28T01:32:00.721
500	1.0857261419	0.5565410200	0.7415208711	[1m0.7408131760[0m	2024-06-28T01:32:01.391
eval AUC = 0.740923195237391
eval Acc = 0.538971807628524
# test=4, eval=2
Epoch	CE	Acc	AUC	TestAUC	Time
0	1.0986502171	0.3287139690	0.3271987485	0.3233891857	2024-06-28T01:32:01.780
10	1.0983132124	0.3375831486	0.7438458402	[1m0.7402749722[0m	2024-06-28T01:32:02.401
20	1.0980404615	0.3375831486	0.7441481192	[1m0.7405255400[0m	2024-06-28T01:32:03.047
30	1.0977658033	0.3375831486	0.7442346559	[1m0.7406016058[0m	2024-06-28T01:32:03.709
40	1.0975090265	0.3375831486	0.7442934694	[1m0.7406447423[0m	2024-06-28T01:32:04.369
50	1.0972268581	0.3375831486	0.7443090620	[1m0.7406590905[0m	2024-06-28T01:32:05.027
60	1.0969464779	0.3375831486	0.7443242160	[1m0.7406816443[0m	2024-06-28T01:32:05.683
70	1.0966732502	0.3375831486	0.7443393660	[1m0.7407022120[0m	2024-06-28T01:32:06.338
80	1.0964027643	0.3375831486	0.7443450729	[1m0.7407063380[0m	2024-06-28T01:32:07.020
90	1.0961285830	0.3375831486	0.7443625486	0.7407063380	2024-06-28T01:32:07.676
100	1.0958565474	0.3375831486	0.7443648480	[1m0.7407124808[0m	2024-06-28T01:32:08.331
110	1.0955864191	0.3375831486	0.7443740247	[1m0.7407350804[0m	2024-06-28T01:32:08.985
120	1.0953204632	0.3375831486	0.7443777105	[1m0.7407495046[0m	2024-06-28T01:32:09.634
130	1.0950460434	0.3375831486	0.7443799954	[1m0.7407515070[0m	2024-06-28T01:32:10.286
140	1.0947753191	0.3375831486	0.7443820578	[1m0.7407576950[0m	2024-06-28T01:32:10.939
150	1.0945035219	0.3375831486	0.7443838956	[1m0.7407617902[0m	2024-06-28T01:32:11.637
160	1.0942329168	0.3375831486	0.7443887343	[1m0.7407638529[0m	2024-06-28T01:32:12.291
170	1.0939650536	0.3564301552	0.7443880315	0.7407556023	2024-06-28T01:32:12.946
180	1.0936948061	0.4273835920	0.7443878055	0.7407576649	2024-06-28T01:32:13.603
190	1.0934321880	0.3375831486	0.7443981699	[1m0.7407720884[0m	2024-06-28T01:32:14.254
200	1.0931628942	0.5404656319	0.7443901031	0.7407597125	2024-06-28T01:32:14.908
210	1.0928847790	0.4329268293	0.7443986236	0.7407720884	2024-06-28T01:32:15.564
220	1.0926203728	0.5022172949	0.7443967717	0.7407679631	2024-06-28T01:32:16.220
230	1.0923503637	0.4562084257	0.7444029884	[1m0.7407803541[0m	2024-06-28T01:32:16.923
240	1.0920927525	0.3375831486	0.7444103532	[1m0.7407906523[0m	2024-06-28T01:32:17.581
250	1.0918146372	0.4678492239	0.7444089594	0.7407844644	2024-06-28T01:32:18.235
260	1.0915509462	0.5293791574	0.7444087199	0.7407803541	2024-06-28T01:32:18.890
270	1.0912826061	0.5060975610	0.7444119436	0.7407885897	2024-06-28T01:32:19.547
280	1.0910252333	0.5509977827	0.7444075652	0.7407782764	2024-06-28T01:32:20.202
290	1.0907486677	0.4894678492	0.7444176905	[1m0.7408009205[0m	2024-06-28T01:32:20.861
300	1.0904835463	0.5399113082	0.7444126276	0.7407926849	2024-06-28T01:32:21.550
310	1.0902230740	0.5404656319	0.7444167735	0.7407926849	2024-06-28T01:32:22.209
320	1.0899575949	0.5133037694	0.7444209181	[1m0.7408029982[0m	2024-06-28T01:32:22.870
330	1.0896953344	0.5421286031	0.7444195348	0.7408029982	2024-06-28T01:32:23.532
340	1.0894291401	0.4983370288	0.7444248206	[1m0.7408112036[0m	2024-06-28T01:32:24.203
350	1.0891680717	0.5049889135	0.7444262030	0.7408112036	2024-06-28T01:32:24.866
360	1.0889041424	0.5149667406	0.7444275797	0.7408091410	2024-06-28T01:32:25.523
370	1.0886399746	0.5476718404	0.7444238940	0.7408111886	2024-06-28T01:32:26.213
380	1.0883792639	0.5277161863	0.7444291911	[1m0.7408132512[0m	2024-06-28T01:32:26.914
390	1.0881175995	0.5487804878	0.7444268826	0.7408132362	2024-06-28T01:32:27.578
400	1.0878615379	0.5199556541	0.7444324052	[1m0.7408173615[0m	2024-06-28T01:32:28.279
410	1.0875936747	0.5465631929	0.7444303340	0.7408132362	2024-06-28T01:32:29.012
420	1.0873380899	0.5393569845	0.7444356193	[1m0.7408194241[0m	2024-06-28T01:32:29.732
430	1.0870835781	0.5149667406	0.7444418320	[1m0.7408379880[0m	2024-06-28T01:32:30.403
440	1.0868093967	0.5471175166	0.7444342325	0.7408235495	2024-06-28T01:32:31.069
450	1.0865517855	0.5521064302	0.7444353802	0.7408214717	2024-06-28T01:32:31.761
460	1.0862928629	0.5449002217	0.7444418250	0.7408359103	2024-06-28T01:32:32.471
470	1.0860525370	0.5498891353	0.7444305433	0.7408132362	2024-06-28T01:32:33.132
480	1.0857688189	0.5471175166	0.7444420532	0.7408359103	2024-06-28T01:32:33.798
490	1.0855078697	0.5482261641	0.7444429679	0.7408338326	2024-06-28T01:32:34.459
500	1.0852519274	0.5565410200	0.7444388259	0.7408255820	2024-06-28T01:32:35.127
eval AUC = 0.7320954667232574
eval Acc = 0.5190713101160862
# test=4, eval=3
Epoch	CE	Acc	AUC	TestAUC	Time
0	1.0986156464	0.3287139690	0.4539850692	0.4517492055	2024-06-28T01:32:35.336
10	1.0982859135	0.3375831486	0.7381332947	[1m0.7415095536[0m	2024-06-28T01:32:35.990
20	1.0980150700	0.3375831486	0.7377573888	0.7411451109	2024-06-28T01:32:36.649
30	1.0977470875	0.3375831486	0.7376405662	0.7410421916	2024-06-28T01:32:37.336
40	1.0974794626	0.3375831486	0.7375860541	0.7409989066	2024-06-28T01:32:38
50	1.0972064734	0.3375831486	0.7375563829	0.7409700589	2024-06-28T01:32:38.658
60	1.0969407558	0.3375831486	0.7375283354	0.7409330070	2024-06-28T01:32:39.338
70	1.0966699123	0.3375831486	0.7375138466	0.7409206763	2024-06-28T01:32:40.016
80	1.0964015722	0.3375831486	0.7375053388	0.7409227081	2024-06-28T01:32:40.670
90	1.0961470604	0.3375831486	0.7374950008	0.7409022027	2024-06-28T01:32:41.334
100	1.0958679914	0.3375831486	0.7374892373	0.7408980774	2024-06-28T01:32:41.992
110	1.0956156254	0.3375831486	0.7374940817	0.7409022027	2024-06-28T01:32:42.651
eval AUC = 0.7543960290287784
eval Acc = 0.3383084577114428
# test=4, eval=5
Epoch	CE	Acc	AUC	TestAUC	Time
0	1.0986082554	0.3383084577	0.4260522187	0.4384318119	2024-06-28T01:32:43.185
10	1.0982751846	0.3383084577	0.7429947181	[1m0.7415100086[0m	2024-06-28T01:32:43.851
20	1.0980116129	0.3383084577	0.7425118132	0.7410996866	2024-06-28T01:32:44.507
30	1.0977407694	0.3383084577	0.7423608341	0.7409410312	2024-06-28T01:32:45.194
40	1.0974762440	0.3383084577	0.7422958093	0.7409080759	2024-06-28T01:32:45.847
50	1.0972150564	0.3383084577	0.7422628434	0.7408791987	2024-06-28T01:32:46.509
60	1.0969521999	0.3383084577	0.7422403879	0.7408544920	2024-06-28T01:32:47.169
70	1.0966910124	0.3383084577	0.7422298521	0.7408420846	2024-06-28T01:32:47.828
80	1.0964335203	0.3383084577	0.7422218225	0.7408337574	2024-06-28T01:32:48.489
90	1.0961641073	0.3383084577	0.7422064972	0.7408028627	2024-06-28T01:32:49.149
100	1.0959047079	0.3383084577	0.7422005348	0.7407884084	2024-06-28T01:32:49.831
110	1.0956386328	0.3383084577	0.7421977826	0.7407822047	2024-06-28T01:32:50.488
eval AUC = 0.7399161953097185
eval Acc = 0.33612040133779264
# test=5, eval=1
Epoch	CE	Acc	AUC	TestAUC	Time
0	1.0986216068	0.3283582090	0.3052813624	0.2841665722	2024-06-28T01:32:50.934
10	1.0982853174	0.3383084577	0.7411167084	[1m0.7384028569[0m	2024-06-28T01:32:51.566
20	1.0980267525	0.3383084577	0.7415200555	[1m0.7388424497[0m	2024-06-28T01:32:52.230
30	1.0977677107	0.3383084577	0.7416619374	[1m0.7389449633[0m	2024-06-28T01:32:52.912
40	1.0975029469	0.3383084577	0.7417216640	[1m0.7390034680[0m	2024-06-28T01:32:53.600
50	1.0972524881	0.3383084577	0.7417642321	[1m0.7390537254[0m	2024-06-28T01:32:54.260
60	1.0969880819	0.3383084577	0.7417797915	[1m0.7390913560[0m	2024-06-28T01:32:54.946
70	1.0967253447	0.3383084577	0.7417996832	[1m0.7391122785[0m	2024-06-28T01:32:55.647
80	1.0964661837	0.3383084577	0.7418127250	[1m0.7391206331[0m	2024-06-28T01:32:56.330
90	1.0962101221	0.3383084577	0.7418223287	[1m0.7391310335[0m	2024-06-28T01:32:57.009
100	1.0959522724	0.3383084577	0.7418289634	0.7391310283	2024-06-28T01:32:57.669
110	1.0956938267	0.3383084577	0.7418394940	[1m0.7391372942[0m	2024-06-28T01:32:58.331
120	1.0954419374	0.3383084577	0.7418450062	[1m0.7391393720[0m	2024-06-28T01:32:58.988
130	1.0951735973	0.3383084577	0.7418516291	[1m0.7391435596[0m	2024-06-28T01:32:59.646
140	1.0949215889	0.3383084577	0.7418605539	[1m0.7391477261[0m	2024-06-28T01:33:00.341
150	1.0946664810	0.3383084577	0.7418692495	[1m0.7391602837[0m	2024-06-28T01:33:01.010
160	1.0944175720	0.3383084577	0.7418758909	[1m0.7391686537[0m	2024-06-28T01:33:01.684
170	1.0941581726	0.3383084577	0.7418765801	0.7391665651	2024-06-28T01:33:02.346
180	1.0938967466	0.3383084577	0.7418793273	[1m0.7391707424[0m	2024-06-28T01:33:03.006
190	1.0936437845	0.3637368712	0.7418779504	[1m0.7391728310[0m	2024-06-28T01:33:03.663
200	1.0933892727	0.4687672747	0.7418777230	0.7391707424	2024-06-28T01:33:04.333
210	1.0931289196	0.3383084577	0.7418875746	[1m0.7391791073[0m	2024-06-28T01:33:04.996
220	1.0928907394	0.3399668325	0.7418862045	0.7391770238	2024-06-28T01:33:05.665
230	1.0926307440	0.3399668325	0.7418891788	0.7391791073	2024-06-28T01:33:06.323
240	1.0923647881	0.3383084577	0.7418937491	[1m0.7391853783[0m	2024-06-28T01:33:07.009
250	1.0921101570	0.3383084577	0.7418955844	[1m0.7391874721[0m	2024-06-28T01:33:07.662
260	1.0918571949	0.4494195688	0.7418942092	[1m0.7391895608[0m	2024-06-28T01:33:08.320
270	1.0916054249	0.4461028192	0.7418955844	0.7391895608	2024-06-28T01:33:08.978
280	1.0913512707	0.4610281924	0.7418980986	0.7391895608	2024-06-28T01:33:09.643
290	1.0910975933	0.4964068546	0.7418990188	[1m0.7391958690[0m	2024-06-28T01:33:10.303
300	1.0908715725	0.3383084577	0.7419056567	[1m0.7392000566[0m	2024-06-28T01:33:10.971
310	1.0905952454	0.5312327253	0.7419008506	0.7391958690	2024-06-28T01:33:11.626
320	1.0903439522	0.4422332781	0.7419047417	0.7392000566	2024-06-28T01:33:12.282
330	1.0900944471	0.5428413488	0.7419017674	0.7391958690	2024-06-28T01:33:12.941
340	1.0898436308	0.4964068546	0.7419045176	0.7392000566	2024-06-28T01:33:13.632
350	1.0895917416	0.5489220564	0.7419024532	0.7391958690	2024-06-28T01:33:14.290
360	1.0893372297	0.5240464345	0.7419072578	0.7392000566	2024-06-28T01:33:14.949
370	1.0891000032	0.4405749033	0.7419125223	[1m0.7392042442[0m	2024-06-28T01:33:15.624
380	1.0888382196	0.5245992261	0.7419095462	0.7392021504	2024-06-28T01:33:16.286
390	1.0886006355	0.4505251520	0.7419152675	0.7392042442	2024-06-28T01:33:16.950
400	1.0883415937	0.5135433941	0.7419134407	0.7392042442	2024-06-28T01:33:17.614
410	1.0880894661	0.5489220564	0.7419095480	0.7392021504	2024-06-28T01:33:18.278
420	1.0878542662	0.5527915976	0.7419063427	0.7392000566	2024-06-28T01:33:18.936
430	1.0875906944	0.5500276396	0.7419118314	0.7392042442	2024-06-28T01:33:19.593
440	1.0873467922	0.5522388060	0.7419109147	0.7392021504	2024-06-28T01:33:20.254
450	1.0871002674	0.5500276396	0.7419138941	0.7392042442	2024-06-28T01:33:20.948
460	1.0868519545	0.5444997236	0.7419166409	0.7392042442	2024-06-28T01:33:21.606
470	1.0866080523	0.5456053068	0.7419182400	[1m0.7392063328[0m	2024-06-28T01:33:22.268
480	1.0863636732	0.5422885572	0.7419198411	[1m0.7392146925[0m	2024-06-28T01:33:22.936
490	1.0861153603	0.5500276396	0.7419186951	0.7392125987	2024-06-28T01:33:23.608
500	1.0858793259	0.5538971808	0.7419180061	0.7392125987	2024-06-28T01:33:24.274
eval AUC = 0.7408901038174207
eval Acc = 0.5240464344941956
# test=5, eval=2
Epoch	CE	Acc	AUC	TestAUC	Time
0	1.0986336470	0.3294637922	0.3488948472	0.3266776826	2024-06-28T01:33:24.572
10	1.0982894897	0.3383084577	0.7449679817	[1m0.7392886884[0m	2024-06-28T01:33:25.205
20	1.0980166197	0.3383084577	0.7448982387	0.7392509286	2024-06-28T01:33:25.881
30	1.0977421999	0.3383084577	0.7448654398	0.7392026937	2024-06-28T01:33:26.538
40	1.0975099802	0.3333333333	0.7448489900	0.7391879581	2024-06-28T01:33:27.198
50	1.0972208977	0.3383084577	0.7448420085	0.7391773894	2024-06-28T01:33:27.864
60	1.0969367027	0.3383084577	0.7448378365	0.7391773476	2024-06-28T01:33:28.518
70	1.0966675282	0.3383084577	0.7448359533	0.7391710878	2024-06-28T01:33:29.179
80	1.0963966846	0.3383084577	0.7448290406	0.7391543003	2024-06-28T01:33:29.843
90	1.0961383581	0.3383084577	0.7448287937	0.7391647542	2024-06-28T01:33:30.500
100	1.0958614349	0.3383084577	0.7448274171	0.7391710093	2024-06-28T01:33:31.169
110	1.0955965519	0.3383084577	0.7448269248	0.7391898070	2024-06-28T01:33:31.833
eval AUC = 0.7323347727634136
eval Acc = 0.3383084577114428
# test=5, eval=3
Epoch	CE	Acc	AUC	TestAUC	Time
0	1.0986191034	0.3228302930	0.3310683271	0.3094342097	2024-06-28T01:33:32.309
10	1.0982792377	0.3383084577	0.7372853623	[1m0.7383871531[0m	2024-06-28T01:33:32.935
20	1.0980159044	0.3383084577	0.7375668216	[1m0.7387802277[0m	2024-06-28T01:33:33.588
30	1.0977596045	0.3383084577	0.7376520938	[1m0.7389370829[0m	2024-06-28T01:33:34.243
40	1.0974911451	0.3383084577	0.7376949657	[1m0.7390186425[0m	2024-06-28T01:33:34.928
50	1.0972344875	0.3383084577	0.7377235111	[1m0.7390499448[0m	2024-06-28T01:33:35.587
60	1.0969747305	0.3383084577	0.7377381100	[1m0.7390582457[0m	2024-06-28T01:33:36.248
70	1.0966986418	0.3383084577	0.7377524946	[1m0.7390729028[0m	2024-06-28T01:33:36.905
80	1.0964357853	0.3383084577	0.7377664403	[1m0.7390854341[0m	2024-06-28T01:33:37.597
90	1.0961722136	0.3383084577	0.7377776365	[1m0.7390895846[0m	2024-06-28T01:33:38.250
100	1.0959151983	0.3383084577	0.7377911100	[1m0.7391020999[0m	2024-06-28T01:33:38.916
110	1.0956504345	0.3383084577	0.7377901579	0.7390978964	2024-06-28T01:33:39.583
120	1.0953882933	0.3383084577	0.7377949726	[1m0.7391041778[0m	2024-06-28T01:33:40.250
130	1.0951234102	0.3383084577	0.7378004461	[1m0.7391188193[0m	2024-06-28T01:33:40.914
140	1.0948548317	0.3383084577	0.7378004362	0.7391145838	2024-06-28T01:33:41.578
150	1.0945971012	0.3383084577	0.7378059217	[1m0.7391333918[0m	2024-06-28T01:33:42.241
160	1.0943348408	0.3383084577	0.7378043022	0.7391312929	2024-06-28T01:33:42.896
170	1.0940718651	0.3383084577	0.7378077181	0.7391333867	2024-06-28T01:33:43.556
180	1.0938137770	0.3383084577	0.7378111458	0.7391312929	2024-06-28T01:33:44.216
190	1.0935634375	0.4875621891	0.7378079356	0.7391250115	2024-06-28T01:33:44.877
200	1.0933016539	0.3383084577	0.7378209873	0.7391291991	2024-06-28T01:33:45.541
210	1.0930372477	0.3532338308	0.7378182373	0.7391333867	2024-06-28T01:33:46.203
220	1.0927740335	0.3383084577	0.7378198364	0.7391333867	2024-06-28T01:33:46.904
230	1.0925160646	0.3709231620	0.7378218923	[1m0.7391354805[0m	2024-06-28T01:33:47.558
240	1.0922721624	0.3383084577	0.7378273930	[1m0.7391417619[0m	2024-06-28T01:33:48.224
250	1.0920085907	0.4875621891	0.7378223525	0.7391375743	2024-06-28T01:33:48.910
260	1.0917431116	0.5096738530	0.7378228042	0.7391354805	2024-06-28T01:33:49.586
270	1.0914978981	0.4361525705	0.7378282896	[1m0.7391459288[0m	2024-06-28T01:33:50.252
280	1.0912308693	0.3985627418	0.7378282961	0.7391417567	2024-06-28T01:33:50.920
290	1.0909748077	0.4306246545	0.7378303522	[1m0.7391501164[0m	2024-06-28T01:33:51.579
300	1.0907210112	0.4284134881	0.7378305846	[1m0.7391522102[0m	2024-06-28T01:33:52.242
310	1.0904605389	0.5229408513	0.7378301129	0.7391375536	2024-06-28T01:33:52.903
320	1.0902090073	0.4875621891	0.7378328714	0.7391501164	2024-06-28T01:33:53.568
330	1.0899481773	0.5240464345	0.7378317171	0.7391459288	2024-06-28T01:33:54.235
340	1.0896911621	0.5096738530	0.7378367525	[1m0.7391542937[0m	2024-06-28T01:33:54.892
350	1.0894372463	0.5207296849	0.7378376658	0.7391542937	2024-06-28T01:33:55.546
360	1.0891801119	0.5245992261	0.7378383534	0.7391542937	2024-06-28T01:33:56.204
370	1.0889302492	0.5467108900	0.7378330855	0.7391521999	2024-06-28T01:33:56.897
380	1.0886691809	0.5351022664	0.7378399459	[1m0.7391584709[0m	2024-06-28T01:33:57.555
390	1.0884155035	0.5245992261	0.7378424636	0.7391584709	2024-06-28T01:33:58.222
400	1.0881639719	0.5411829740	0.7378420019	0.7391584709	2024-06-28T01:33:58.886
410	1.0879113674	0.5373134328	0.7378426929	0.7391584709	2024-06-28T01:33:59.548
420	1.0876625776	0.5461580984	0.7378401685	0.7391584709	2024-06-28T01:34:00.209
430	1.0874078274	0.5323383085	0.7378472580	[1m0.7391626585[0m	2024-06-28T01:34:00.870
440	1.0871553421	0.5439469320	0.7378449662	0.7391584709	2024-06-28T01:34:01.531
450	1.0869076252	0.5456053068	0.7378461038	0.7391584709	2024-06-28T01:34:02.188
460	1.0866580009	0.5351022664	0.7378534242	0.7391626585	2024-06-28T01:34:02.845
470	1.0864117146	0.5223880597	0.7378550197	[1m0.7391668461[0m	2024-06-28T01:34:03.501
480	1.0861533880	0.5417357656	0.7378506651	0.7391626585	2024-06-28T01:34:04.155
490	1.0859023333	0.5494748480	0.7378481493	0.7391626585	2024-06-28T01:34:04.809
500	1.0856482983	0.5444997236	0.7378511186	0.7391626585	2024-06-28T01:34:05.469
eval AUC = 0.753413677851213
eval Acc = 0.5323383084577115
# test=5, eval=4
Epoch	CE	Acc	AUC	TestAUC	Time
0	1.0986300707	0.3283582090	0.4280500772	0.4562699513	2024-06-28T01:34:05.902
10	1.0982930660	0.3383084577	0.7456288313	[1m0.7424485805[0m	2024-06-28T01:34:06.524
20	1.0980328321	0.3383084577	0.7435439641	0.7404852532	2024-06-28T01:34:07.167
30	1.0977638960	0.3383084577	0.7430036553	0.7399473678	2024-06-28T01:34:07.816
40	1.0974978209	0.3383084577	0.7427594314	0.7397568981	2024-06-28T01:34:08.465
50	1.0972326994	0.3383084577	0.7426339830	0.7396396273	2024-06-28T01:34:09.118
60	1.0969804525	0.3383084577	0.7425426733	0.7395412434	2024-06-28T01:34:09.774
70	1.0967086554	0.3383084577	0.7424856701	0.7395036025	2024-06-28T01:34:10.437
80	1.0964550972	0.3383084577	0.7424426406	0.7394512466	2024-06-28T01:34:11.096
90	1.0961889029	0.3383084577	0.7424094520	0.7394219700	2024-06-28T01:34:11.755
100	1.0959395170	0.3383084577	0.7423733010	0.7393968439	2024-06-28T01:34:12.414
110	1.0956621170	0.3383084577	0.7423549884	0.7393759059	2024-06-28T01:34:13.071
eval AUC = 0.7439739240763023
eval Acc = 0.3383084577114428
avg eval AUC = 0.7424265973073432
avg eval Acc = 0.40735675025097473
avg cor among in-layer params = 0.5198238
