# test=1, eval=2
Epoch	CE	Acc	AUC	TestAUC	Time
0	1.6094379425	0.1865821095	0.4954820251	0.4995825448	2024-06-28T01:09:32.078
10	1.6091660261	0.2032710280	0.6183565490	[1m0.6150946216[0m	2024-06-28T01:09:40.838
20	1.6089301109	0.2032710280	0.6185498918	[1m0.6153539359[0m	2024-06-28T01:09:43.825
30	1.6086958647	0.2032710280	0.6185312883	[1m0.6153819982[0m	2024-06-28T01:09:46.758
40	1.6084595919	0.2032710280	0.6187954275	[1m0.6156769048[0m	2024-06-28T01:09:49.646
50	1.6082257032	0.2032710280	0.6252859358	[1m0.6200042287[0m	2024-06-28T01:09:52.405
60	1.6079825163	0.2032710280	0.6300532257	[1m0.6242364104[0m	2024-06-28T01:09:55.271
70	1.6077562571	0.2032710280	0.6327436008	[1m0.6287451491[0m	2024-06-28T01:09:58.118
80	1.6075214148	0.2032710280	0.6288865183	0.6218389114	2024-06-28T01:10:01.175
90	1.6072881222	0.2032710280	0.6283097712	0.6208263414	2024-06-28T01:10:04.329
100	1.6070550680	0.2032710280	0.6283580155	0.6209170459	2024-06-28T01:10:07.496
110	1.6068366766	0.2429906542	0.6281863205	0.6206010174	2024-06-28T01:10:10.717
120	1.6065943241	0.2126168224	0.6283025382	0.6207980935	2024-06-28T01:10:13.941
130	1.6063609123	0.2032710280	0.6284538579	0.6210608733	2024-06-28T01:10:17.131
140	1.6061389446	0.2960614152	0.6279550158	0.6202323757	2024-06-28T01:10:20.458
150	1.6058992147	0.2032710280	0.6284650169	0.6211158299	2024-06-28T01:10:23.863
160	1.6056712866	0.3144192256	0.6280903534	0.6204995089	2024-06-28T01:10:27.245
170	1.6054425240	0.2433244326	0.6282903752	0.6208298132	2024-06-28T01:10:30.581
eval AUC = 0.6360554784208825
eval Acc = 0.20359281437125748
# test=1, eval=3
Epoch	CE	Acc	AUC	TestAUC	Time
0	1.6094405651	0.1985981308	0.5413204367	0.5223581351	2024-06-28T01:10:33.258
10	1.6091623306	0.2032710280	0.6282757033	[1m0.6312496708[0m	2024-06-28T01:10:35.867
20	1.6089285612	0.2032710280	0.6303882469	[1m0.6331820967[0m	2024-06-28T01:10:38.735
30	1.6086927652	0.2032710280	0.6306291678	[1m0.6334087583[0m	2024-06-28T01:10:41.732
40	1.6084580421	0.2032710280	0.6306851359	0.6334046318	2024-06-28T01:10:44.862
50	1.6082254648	0.2209612817	0.6307024499	[1m0.6334160265[0m	2024-06-28T01:10:47.999
60	1.6079829931	0.2032710280	0.6307310873	[1m0.6334345953[0m	2024-06-28T01:10:51.212
70	1.6077543497	0.2032710280	0.6307650879	[1m0.6334680829[0m	2024-06-28T01:10:54.449
80	1.6075181961	0.2032710280	0.6307708788	[1m0.6334735443[0m	2024-06-28T01:10:57.705
90	1.6072859764	0.2032710280	0.6307766638	0.6334697453	2024-06-28T01:11:01.133
100	1.6070494652	0.2032710280	0.6307821785	0.6334728492	2024-06-28T01:11:04.434
110	1.6068276167	0.2032710280	0.6307914757	[1m0.6334765342[0m	2024-06-28T01:11:07.743
120	1.6065812111	0.2032710280	0.6308033739	[1m0.6334864764[0m	2024-06-28T01:11:11.037
130	1.6063662767	0.3271028037	0.6308251699	[1m0.6335394008[0m	2024-06-28T01:11:14.358
140	1.6061257124	0.3200934579	0.6308123783	0.6335213153	2024-06-28T01:11:17.754
150	1.6058993340	0.2032710280	0.6308078050	0.6334901364	2024-06-28T01:11:21.101
160	1.6056663990	0.3140854473	0.6308294039	0.6335393229	2024-06-28T01:11:24.478
170	1.6054322720	0.3240987984	0.6308325290	[1m0.6335505147[0m	2024-06-28T01:11:27.845
180	1.6052043438	0.2413217623	0.6308191813	0.6335212320	2024-06-28T01:11:31.197
190	1.6049721241	0.2947263017	0.6308180662	0.6335124577	2024-06-28T01:11:34.554
200	1.6047438383	0.3354472630	0.6308253706	0.6335330124	2024-06-28T01:11:37.932
210	1.6045205593	0.3311081442	0.6308299486	[1m0.6335528946[0m	2024-06-28T01:11:41.273
220	1.6042835712	0.3180907877	0.6308251457	0.6335292277	2024-06-28T01:11:44.630
230	1.6040602922	0.3281041389	0.6308364410	[1m0.6335572566[0m	2024-06-28T01:11:47.995
240	1.6038277149	0.3274365821	0.6308399310	0.6335398266	2024-06-28T01:11:51.378
250	1.6036070585	0.3077436582	0.6308383902	0.6335516886	2024-06-28T01:11:54.782
260	1.6033790112	0.3277703605	0.6308491083	0.6335478566	2024-06-28T01:11:58.159
270	1.6031636000	0.3384512684	0.6308537080	[1m0.6335852584[0m	2024-06-28T01:12:01.538
280	1.6029301882	0.3267690254	0.6308423336	0.6335522608	2024-06-28T01:12:04.932
290	1.6027147770	0.3127503338	0.6308414389	0.6335635393	2024-06-28T01:12:08.316
300	1.6024858952	0.3307743658	0.6308561341	0.6335839976	2024-06-28T01:12:11.684
310	1.6022576094	0.3284379172	0.6308501293	0.6335696679	2024-06-28T01:12:15.047
320	1.6020481586	0.3414552737	0.6308505471	0.6335553617	2024-06-28T01:12:18.427
330	1.6018160582	0.3304405874	0.6308646373	[1m0.6336014634[0m	2024-06-28T01:12:21.778
340	1.6015907526	0.3284379172	0.6308646265	[1m0.6336020846[0m	2024-06-28T01:12:25.151
350	1.6013658047	0.3321094793	0.6308695728	0.6336008351	2024-06-28T01:12:28.510
360	1.6011493206	0.3304405874	0.6308698510	0.6336014796	2024-06-28T01:12:31.885
370	1.6009280682	0.3307743658	0.6308727398	0.6335877781	2024-06-28T01:12:35.247
380	1.6007192135	0.3334445928	0.6308686538	0.6335970686	2024-06-28T01:12:38.624
390	1.6004832983	0.3284379172	0.6308836328	[1m0.6336052047[0m	2024-06-28T01:12:41.976
400	1.6002619267	0.3324432577	0.6308855732	[1m0.6336238894[0m	2024-06-28T01:12:45.338
410	1.6000400782	0.3317757009	0.6308692891	[1m0.6336270087[0m	2024-06-28T01:12:48.683
420	1.5998318195	0.3314419226	0.6308148870	0.6336063954	2024-06-28T01:12:52.006
430	1.5996048450	0.3324432577	0.6308642034	0.6336251084	2024-06-28T01:12:55.363
440	1.5993855000	0.3301068091	0.6308869307	0.6336263744	2024-06-28T01:12:58.730
450	1.5991801023	0.3324432577	0.6306453794	0.6332878241	2024-06-28T01:13:02.054
460	1.5989675522	0.3307743658	0.6308055667	0.6335689944	2024-06-28T01:13:05.397
470	1.5987335443	0.3301068091	0.6301884041	0.6326456682	2024-06-28T01:13:08.706
480	1.5985141993	0.3274365821	0.6298221191	0.6322273343	2024-06-28T01:13:11.988
490	1.5982975960	0.3277703605	0.6297846944	0.6323420193	2024-06-28T01:13:15.290
500	1.5980783701	0.3321094793	0.6301737166	0.6326095394	2024-06-28T01:13:18.609
eval AUC = 0.6254356224131504
eval Acc = 0.3253493013972056
# test=1, eval=4
Epoch	CE	Acc	AUC	TestAUC	Time
0	1.6094346046	0.2032710280	0.4706457923	0.4819136856	2024-06-28T01:13:20.183
10	1.6091624498	0.2032710280	0.6321705818	[1m0.6345199246[0m	2024-06-28T01:13:22.896
20	1.6089271307	0.2032710280	0.6319323890	0.6341905354	2024-06-28T01:13:25.739
30	1.6086834669	0.2032710280	0.6318532561	0.6341020918	2024-06-28T01:13:28.688
40	1.6084425449	0.2032710280	0.6319312098	0.6342539905	2024-06-28T01:13:31.643
50	1.6082053185	0.2032710280	0.6318686203	0.6341564974	2024-06-28T01:13:34.632
60	1.6079696417	0.2032710280	0.6319080361	0.6342531502	2024-06-28T01:13:37.644
70	1.6077299118	0.2032710280	0.6319149565	0.6343235050	2024-06-28T01:13:40.691
80	1.6074959040	0.2032710280	0.6319241742	0.6344387988	2024-06-28T01:13:43.737
90	1.6072610617	0.2032710280	0.6318772452	0.6343752234	2024-06-28T01:13:46.776
100	1.6070365906	0.2032710280	0.6318530777	0.6343377837	2024-06-28T01:13:49.890
110	1.6067976952	0.2236315087	0.6318319702	0.6343913312	2024-06-28T01:13:52.986
eval AUC = 0.6246044827230616
eval Acc = 0.20359281437125748
# test=1, eval=5
Epoch	CE	Acc	AUC	TestAUC	Time
0	1.6094292402	0.1986027944	0.6348000534	0.6388079872	2024-06-28T01:13:56.444
10	1.6091352701	0.2035928144	0.6291028910	0.6323102651	2024-06-28T01:13:59.297
20	1.6089011431	0.2035928144	0.6296302976	0.6330080539	2024-06-28T01:14:02.274
30	1.6086556911	0.2035928144	0.6297702456	0.6332451968	2024-06-28T01:14:05.389
40	1.6084083319	0.2035928144	0.6298988676	0.6334198976	2024-06-28T01:14:08.533
50	1.6081749201	0.2035928144	0.6300275701	0.6335821226	2024-06-28T01:14:11.730
60	1.6079239845	0.2035928144	0.6300067157	0.6335516349	2024-06-28T01:14:15.020
70	1.6076883078	0.2035928144	0.6300903584	0.6336464163	2024-06-28T01:14:18.259
80	1.6074469090	0.2035928144	0.6301259860	0.6336932753	2024-06-28T01:14:21.554
90	1.6071962118	0.2035928144	0.6301205783	0.6337057794	2024-06-28T01:14:24.928
100	1.6069644690	0.2035928144	0.6301158157	0.6337039373	2024-06-28T01:14:28.262
eval AUC = 0.6384496021901371
eval Acc = 0.19858870967741934
# test=2, eval=1
Epoch	CE	Acc	AUC	TestAUC	Time
0	1.6094509363	0.1979305741	0.4689500097	0.4720831574	2024-06-28T01:14:31.811
10	1.6091761589	0.2032710280	0.6279268159	[1m0.6411622189[0m	2024-06-28T01:14:34.525
20	1.6089498997	0.2032710280	0.6276680679	0.6410220295	2024-06-28T01:14:37.341
30	1.6087032557	0.2032710280	0.6312293345	0.6360258957	2024-06-28T01:14:39.958
40	1.6084693670	0.2032710280	0.6292187693	0.6332123763	2024-06-28T01:14:42.752
50	1.6082323790	0.2032710280	0.6284446710	0.6322784654	2024-06-28T01:14:45.745
60	1.6080086231	0.2032710280	0.6282327296	0.6320719605	2024-06-28T01:14:48.852
70	1.6077649593	0.2032710280	0.6283281314	0.6321495449	2024-06-28T01:14:51.953
80	1.6075414419	0.2032710280	0.6280911730	0.6319902942	2024-06-28T01:14:55.133
90	1.6073068380	0.2339786382	0.6280575646	0.6319621998	2024-06-28T01:14:58.333
100	1.6070677042	0.2032710280	0.6279715565	0.6319309194	2024-06-28T01:15:01.563
110	1.6068381071	0.2032710280	0.6281102523	0.6319922635	2024-06-28T01:15:04.800
eval AUC = 0.6359881836594097
eval Acc = 0.20359281437125748
# test=2, eval=3
Epoch	CE	Acc	AUC	TestAUC	Time
0	1.6094263792	0.2032710280	0.6032979898	0.6120795786	2024-06-28T01:15:06.942
10	1.6091655493	0.2032710280	0.6304183077	[1m0.6411009104[0m	2024-06-28T01:15:09.581
20	1.6089112759	0.2032710280	0.6334530791	[1m0.6430555162[0m	2024-06-28T01:15:12.312
30	1.6086810827	0.2032710280	0.6328768380	0.6426562446	2024-06-28T01:15:15.149
40	1.6084467173	0.2032710280	0.6321137571	0.6420695209	2024-06-28T01:15:18.104
50	1.6082075834	0.2032710280	0.6336070446	[1m0.6433558052[0m	2024-06-28T01:15:21.056
60	1.6079736948	0.2032710280	0.6333100719	0.6432289201	2024-06-28T01:15:24.061
70	1.6077475548	0.2032710280	0.6330056228	0.6430118222	2024-06-28T01:15:27.142
80	1.6075245142	0.2276368491	0.6311177127	0.6414179821	2024-06-28T01:15:30.319
90	1.6072927713	0.2169559413	0.6325649710	0.6427071106	2024-06-28T01:15:33.445
100	1.6070513725	0.2032710280	0.6333961404	[1m0.6435613494[0m	2024-06-28T01:15:36.606
110	1.6068221331	0.2032710280	0.6353035431	[1m0.6448323345[0m	2024-06-28T01:15:39.723
120	1.6065930128	0.2032710280	0.6351968408	0.6447816732	2024-06-28T01:15:42.868
130	1.6063977480	0.2016021362	0.6341279139	0.6441508724	2024-06-28T01:15:46.046
140	1.6061265469	0.2596795728	0.6350909195	0.6447047440	2024-06-28T01:15:49.233
150	1.6059019566	0.2032710280	0.6371871206	[1m0.6459438044[0m	2024-06-28T01:15:52.393
160	1.6056751013	0.3134178905	0.6340876589	0.6441271708	2024-06-28T01:15:55.606
170	1.6054426432	0.3070761015	0.6354385050	0.6448142809	2024-06-28T01:15:58.838
180	1.6052166224	0.3254339119	0.6349406055	0.6445814855	2024-06-28T01:16:02.096
190	1.6049858332	0.3227636849	0.6354654026	0.6447617745	2024-06-28T01:16:05.318
200	1.6047737598	0.2656875834	0.6367654830	0.6454557451	2024-06-28T01:16:08.537
210	1.6045299768	0.2983978638	0.6372872043	0.6451960685	2024-06-28T01:16:11.775
220	1.6043045521	0.3164218959	0.6362948391	0.6452129464	2024-06-28T01:16:15.002
230	1.6040829420	0.3104138852	0.6367912109	0.6451203127	2024-06-28T01:16:18.262
240	1.6038578749	0.3127503338	0.6372994593	0.6449325954	2024-06-28T01:16:21.507
250	1.6036267281	0.3240987984	0.6364323229	0.6450202136	2024-06-28T01:16:24.767
eval AUC = 0.633863262657208
eval Acc = 0.20359281437125748
# test=2, eval=4
Epoch	CE	Acc	AUC	TestAUC	Time
0	1.6094253063	0.1945927904	0.6222512583	0.6163055626	2024-06-28T01:16:27.143
10	1.6091876030	0.2009345794	0.6219399757	[1m0.6187232213[0m	2024-06-28T01:16:29.717
20	1.6089149714	0.2032710280	0.6240788811	[1m0.6213736287[0m	2024-06-28T01:16:32.595
30	1.6086735725	0.2032710280	0.6243616779	[1m0.6217072812[0m	2024-06-28T01:16:35.636
40	1.6084411144	0.2032710280	0.6245570535	[1m0.6219226531[0m	2024-06-28T01:16:38.665
50	1.6081999540	0.2032710280	0.6246795170	[1m0.6220269589[0m	2024-06-28T01:16:41.762
60	1.6079615355	0.2032710280	0.6247586344	[1m0.6220781308[0m	2024-06-28T01:16:44.857
70	1.6077351570	0.2032710280	0.6247659169	[1m0.6221042969[0m	2024-06-28T01:16:48.034
80	1.6074959040	0.2032710280	0.6249479618	[1m0.6222287280[0m	2024-06-28T01:16:51.197
90	1.6072537899	0.2032710280	0.6250364689	[1m0.6222912528[0m	2024-06-28T01:16:54.411
100	1.6070237160	0.2032710280	0.6249802965	0.6222574877	2024-06-28T01:16:57.650
110	1.6067863703	0.2032710280	0.6249705329	0.6222505618	2024-06-28T01:17:00.878
120	1.6065589190	0.2032710280	0.6250545743	[1m0.6223162511[0m	2024-06-28T01:17:04.113
130	1.6063140631	0.2032710280	0.6251404470	[1m0.6223832109[0m	2024-06-28T01:17:07.363
140	1.6060839891	0.2032710280	0.6251649339	[1m0.6223963105[0m	2024-06-28T01:17:10.629
150	1.6058576107	0.2997329773	0.6253039227	[1m0.6225045400[0m	2024-06-28T01:17:13.907
160	1.6056202650	0.2600133511	0.6252837551	[1m0.6225063707[0m	2024-06-28T01:17:17.152
170	1.6053880453	0.2369826435	0.6252385201	0.6224431958	2024-06-28T01:17:20.430
180	1.6051592827	0.2983978638	0.6253769781	[1m0.6225589280[0m	2024-06-28T01:17:23.694
190	1.6049299240	0.3157543391	0.6254634806	[1m0.6226133203[0m	2024-06-28T01:17:26.936
200	1.6047050953	0.3304405874	0.6255973655	[1m0.6226777698[0m	2024-06-28T01:17:30.200
210	1.6044731140	0.3294392523	0.6256875210	[1m0.6227334773[0m	2024-06-28T01:17:33.434
220	1.6042379141	0.3157543391	0.6255666343	0.6226658964	2024-06-28T01:17:36.752
230	1.6040202379	0.2740320427	0.6253514544	0.6225494988	2024-06-28T01:17:40.074
240	1.6037962437	0.2833778371	0.6253939994	0.6225689126	2024-06-28T01:17:43.347
250	1.6035579443	0.3301068091	0.6258797644	[1m0.6228385521[0m	2024-06-28T01:17:46.608
260	1.6033358574	0.3137516689	0.6255521701	0.6226320989	2024-06-28T01:17:49.888
270	1.6031045914	0.3311081442	0.6265692362	[1m0.6234092317[0m	2024-06-28T01:17:53.179
280	1.6028845310	0.3294392523	0.6265827291	0.6233967204	2024-06-28T01:17:56.442
290	1.6026548147	0.3327770360	0.6275722981	[1m0.6239856019[0m	2024-06-28T01:17:59.669
300	1.6024315357	0.3257676903	0.6268601162	0.6235512965	2024-06-28T01:18:02.918
310	1.6022100449	0.3194259012	0.6261610421	0.6230181951	2024-06-28T01:18:06.165
320	1.6019797325	0.3317757009	0.6297416083	[1m0.6247058885[0m	2024-06-28T01:18:09.412
330	1.6017625332	0.3244325768	0.6275898438	0.6239361902	2024-06-28T01:18:12.646
340	1.6015397310	0.3317757009	0.6326163651	[1m0.6258566790[0m	2024-06-28T01:18:15.868
350	1.6013129950	0.3357810414	0.6298873239	0.6247653484	2024-06-28T01:18:19.117
360	1.6010967493	0.3314419226	0.6292059511	0.6244118053	2024-06-28T01:18:22.366
370	1.6008633375	0.3311081442	0.6302734174	0.6248604455	2024-06-28T01:18:25.575
380	1.6006501913	0.3324432577	0.6325436199	0.6258053591	2024-06-28T01:18:28.836
390	1.6004266739	0.3324432577	0.6318483064	0.6254674257	2024-06-28T01:18:32.081
400	1.6002006531	0.3301068091	0.6349236419	[1m0.6281032205[0m	2024-06-28T01:18:35.335
410	1.5999801159	0.3327770360	0.6348156236	0.6279355195	2024-06-28T01:18:38.559
420	1.5997586250	0.3314419226	0.6350310019	[1m0.6283059801[0m	2024-06-28T01:18:41.825
430	1.5995405912	0.3314419226	0.6339716360	0.6269749352	2024-06-28T01:18:45.097
440	1.5993195772	0.3327770360	0.6349923538	0.6282671600	2024-06-28T01:18:48.323
450	1.5991015434	0.3277703605	0.6363705489	[1m0.6307616310[0m	2024-06-28T01:18:51.599
460	1.5988883972	0.3277703605	0.6367467204	[1m0.6317128190[0m	2024-06-28T01:18:54.849
470	1.5986726284	0.3351134846	0.6357208272	0.6296596197	2024-06-28T01:18:58.129
480	1.5984454155	0.3287716956	0.6363088723	0.6308598784	2024-06-28T01:19:01.403
490	1.5982322693	0.3301068091	0.6367638737	[1m0.6321058296[0m	2024-06-28T01:19:04.676
500	1.5980473757	0.3304405874	0.6352114932	0.6288892862	2024-06-28T01:19:07.936
eval AUC = 0.6275154604663589
eval Acc = 0.3383233532934132
# test=2, eval=5
Epoch	CE	Acc	AUC	TestAUC	Time
0	1.6094309092	0.1992681304	0.5548766693	0.5737224561	2024-06-28T01:19:09.445
10	1.6091376543	0.2035928144	0.6283338883	[1m0.6406688092[0m	2024-06-28T01:19:12.312
20	1.6089000702	0.2035928144	0.6283218066	0.6406321287	2024-06-28T01:19:15.355
30	1.6086550951	0.2035928144	0.6283482768	0.6405926171	2024-06-28T01:19:18.455
40	1.6084169149	0.2035928144	0.6283427622	0.6405827537	2024-06-28T01:19:21.605
50	1.6081833839	0.2035928144	0.6283632947	0.6405766698	2024-06-28T01:19:24.866
60	1.6079410315	0.2035928144	0.6284660773	0.6405904696	2024-06-28T01:19:28.098
70	1.6077008247	0.2035928144	0.6285378012	0.6406055048	2024-06-28T01:19:31.370
80	1.6074678898	0.2035928144	0.6286044446	0.6406499549	2024-06-28T01:19:34.639
90	1.6072198153	0.2035928144	0.6286053883	0.6406387306	2024-06-28T01:19:37.967
100	1.6069849730	0.2035928144	0.6286973434	[1m0.6406812939[0m	2024-06-28T01:19:41.272
110	1.6067428589	0.2035928144	0.6285968362	0.6406431320	2024-06-28T01:19:44.581
120	1.6065223217	0.2035928144	0.6288552191	[1m0.6407495641[0m	2024-06-28T01:19:47.910
130	1.6062777042	0.2498336660	0.6286385418	0.6406675004	2024-06-28T01:19:51.214
140	1.6060345173	0.2035928144	0.6288326889	0.6407426687	2024-06-28T01:19:54.554
150	1.6058014631	0.2035928144	0.6288995954	[1m0.6407883611[0m	2024-06-28T01:19:58.025
160	1.6055721045	0.2351962741	0.6289360077	[1m0.6408233651[0m	2024-06-28T01:20:01.465
170	1.6053398848	0.2867598137	0.6288753085	0.6408133760	2024-06-28T01:20:04.925
180	1.6050909758	0.3000665336	0.6288923034	0.6408214995	2024-06-28T01:20:08.305
190	1.6048547029	0.3107119095	0.6289036882	[1m0.6408415223[0m	2024-06-28T01:20:11.684
200	1.6046212912	0.3003992016	0.6290274645	[1m0.6409435270[0m	2024-06-28T01:20:15.019
210	1.6043905020	0.3190286094	0.6289240366	0.6408927953	2024-06-28T01:20:18.390
220	1.6041616201	0.3286759814	0.6290332014	[1m0.6410223696[0m	2024-06-28T01:20:21.781
230	1.6039286852	0.3117099135	0.6291101210	[1m0.6411287711[0m	2024-06-28T01:20:25.130
240	1.6036988497	0.3333333333	0.6291736770	[1m0.6412001212[0m	2024-06-28T01:20:28.512
250	1.6034642458	0.3090485695	0.6292587789	[1m0.6413246684[0m	2024-06-28T01:20:31.901
260	1.6032422781	0.3359946773	0.6292471437	[1m0.6413571532[0m	2024-06-28T01:20:35.303
270	1.6030023098	0.3330006653	0.6291287207	0.6412539157	2024-06-28T01:20:38.867
280	1.6027728319	0.3356620093	0.6290915451	0.6412432069	2024-06-28T01:20:42.242
290	1.6025395393	0.3306719894	0.6294314279	[1m0.6416613474[0m	2024-06-28T01:20:45.645
300	1.6023124456	0.3250166334	0.6295682061	[1m0.6418146651[0m	2024-06-28T01:20:49.034
310	1.6020907164	0.3356620093	0.6292514192	0.6415223275	2024-06-28T01:20:52.411
320	1.6018528938	0.3300066534	0.6296196487	[1m0.6418860218[0m	2024-06-28T01:20:55.829
330	1.6016252041	0.3379906853	0.6294900667	0.6418139781	2024-06-28T01:20:59.202
340	1.6013932228	0.3320026613	0.6297322022	[1m0.6419929858[0m	2024-06-28T01:21:02.595
350	1.6011664867	0.3310046574	0.6298576318	[1m0.6421150062[0m	2024-06-28T01:21:05.994
360	1.6009469032	0.3320026613	0.6294851453	0.6418558968	2024-06-28T01:21:09.371
370	1.6007320881	0.3326679973	0.6305815879	[1m0.6426319943[0m	2024-06-28T01:21:12.773
380	1.6004894972	0.3306719894	0.6303115501	0.6424642763	2024-06-28T01:21:16.156
390	1.6002637148	0.3306719894	0.6305177866	[1m0.6426457242[0m	2024-06-28T01:21:19.546
400	1.6000305414	0.3336660013	0.6303353027	0.6424955124	2024-06-28T01:21:22.931
410	1.5998221636	0.3290086494	0.6298917403	0.6421530971	2024-06-28T01:21:26.308
420	1.5995880365	0.3349966733	0.6303311012	0.6425411907	2024-06-28T01:21:29.700
430	1.5993608236	0.3320026613	0.6309638765	[1m0.6429811380[0m	2024-06-28T01:21:33.082
440	1.5991386175	0.3323353293	0.6304014329	0.6426287310	2024-06-28T01:21:36.480
450	1.5989158154	0.3323353293	0.6311833791	[1m0.6430831610[0m	2024-06-28T01:21:39.907
460	1.5986851454	0.3346640053	0.6307585499	0.6428671800	2024-06-28T01:21:43.310
470	1.5984629393	0.3359946773	0.6310385598	0.6430305170	2024-06-28T01:21:46.712
480	1.5982453823	0.3359946773	0.6312082865	[1m0.6431200032[0m	2024-06-28T01:21:50.093
490	1.5980159044	0.3356620093	0.6311999357	0.6431112138	2024-06-28T01:21:53.516
500	1.5977969170	0.3320026613	0.6311670316	0.6430836786	2024-06-28T01:21:56.918
eval AUC = 0.6309995181018528
eval Acc = 0.3225806451612903
# test=3, eval=1
Epoch	CE	Acc	AUC	TestAUC	Time
0	1.6094505787	0.1952603471	0.3771447229	0.3827927384	2024-06-28T01:21:58.697
10	1.6091693640	0.2032710280	0.6282691121	[1m0.6279819112[0m	2024-06-28T01:22:01.417
20	1.6089315414	0.2032710280	0.6321328480	[1m0.6310631943[0m	2024-06-28T01:22:04.167
30	1.6087090969	0.2032710280	0.6317721275	0.6263382280	2024-06-28T01:22:07.066
40	1.6084619761	0.2032710280	0.6313354059	0.6258856764	2024-06-28T01:22:10.081
50	1.6082265377	0.2032710280	0.6310915575	0.6257122694	2024-06-28T01:22:13.207
60	1.6079945564	0.2032710280	0.6310163146	0.6256511946	2024-06-28T01:22:16.397
70	1.6077586412	0.2032710280	0.6310087434	0.6256430950	2024-06-28T01:22:19.594
80	1.6075276136	0.2463284379	0.6310059389	0.6256499332	2024-06-28T01:22:22.809
90	1.6072856188	0.2032710280	0.6309408839	0.6255695124	2024-06-28T01:22:26.094
100	1.6070564985	0.2032710280	0.6309238278	0.6255476832	2024-06-28T01:22:29.361
110	1.6068257093	0.2032710280	0.6309162921	0.6255433147	2024-06-28T01:22:32.679
120	1.6065945625	0.2746995995	0.6309329067	0.6255707344	2024-06-28T01:22:35.960
eval AUC = 0.6256154080067862
eval Acc = 0.20359281437125748
# test=3, eval=2
Epoch	CE	Acc	AUC	TestAUC	Time
0	1.6094286442	0.1985981308	0.5914050771	0.6004162505	2024-06-28T01:22:38.340
10	1.6091609001	0.2032710280	0.6287909470	[1m0.6256374090[0m	2024-06-28T01:22:41.217
20	1.6089245081	0.2032710280	0.6293110673	[1m0.6259963664[0m	2024-06-28T01:22:44.203
30	1.6086821556	0.2032710280	0.6295040768	[1m0.6261378095[0m	2024-06-28T01:22:47.292
40	1.6084544659	0.2032710280	0.6297357671	[1m0.6263211695[0m	2024-06-28T01:22:50.390
50	1.6082245111	0.2032710280	0.6297676273	[1m0.6263306696[0m	2024-06-28T01:22:53.542
60	1.6079857349	0.2032710280	0.6301321913	[1m0.6266942717[0m	2024-06-28T01:22:56.703
70	1.6077517271	0.2032710280	0.6302860430	[1m0.6268219406[0m	2024-06-28T01:22:59.904
80	1.6075190306	0.2032710280	0.6305567602	[1m0.6271160839[0m	2024-06-28T01:23:03.136
90	1.6072976589	0.2032710280	0.6308378038	[1m0.6274390214[0m	2024-06-28T01:23:06.335
100	1.6070641279	0.2032710280	0.6315483762	[1m0.6282750661[0m	2024-06-28T01:23:09.533
110	1.6068279743	0.2032710280	0.6316099904	[1m0.6283388714[0m	2024-06-28T01:23:12.782
120	1.6065918207	0.2032710280	0.6322017043	[1m0.6289277644[0m	2024-06-28T01:23:15.993
130	1.6063650846	0.2212950601	0.6317156383	0.6285022055	2024-06-28T01:23:19.262
140	1.6061358452	0.2109479306	0.6331951369	[1m0.6299715627[0m	2024-06-28T01:23:22.522
150	1.6059162617	0.3344459279	0.6316566484	0.6285284605	2024-06-28T01:23:25.789
160	1.6056766510	0.2032710280	0.6338297627	[1m0.6306254940[0m	2024-06-28T01:23:29.037
170	1.6054482460	0.3177570093	0.6322731207	0.6292700171	2024-06-28T01:23:32.349
180	1.6052294970	0.2656875834	0.6329617738	0.6298351233	2024-06-28T01:23:35.658
190	1.6049906015	0.2653538051	0.6339223518	[1m0.6306524102[0m	2024-06-28T01:23:38.939
200	1.6047679186	0.3077436582	0.6342493230	[1m0.6309677869[0m	2024-06-28T01:23:42.214
210	1.6045440435	0.3037383178	0.6342191501	[1m0.6309978409[0m	2024-06-28T01:23:45.479
220	1.6043123007	0.3124165554	0.6343939331	[1m0.6311774621[0m	2024-06-28T01:23:48.801
230	1.6040860415	0.3037383178	0.6348072113	[1m0.6315423282[0m	2024-06-28T01:23:52.093
240	1.6038733721	0.3047396529	0.6357540043	[1m0.6327713641[0m	2024-06-28T01:23:55.422
250	1.6036375761	0.3240987984	0.6345662635	0.6313633394	2024-06-28T01:23:58.779
260	1.6034121513	0.3274365821	0.6345569484	0.6313833789	2024-06-28T01:24:02.057
270	1.6031879187	0.3297730307	0.6345023396	0.6314215406	2024-06-28T01:24:05.359
280	1.6029608250	0.3230974633	0.6354378661	0.6326029787	2024-06-28T01:24:08.693
290	1.6027401686	0.3254339119	0.6354943483	0.6327062769	2024-06-28T01:24:11.994
300	1.6025133133	0.3311081442	0.6349448540	0.6320804713	2024-06-28T01:24:15.322
310	1.6022957563	0.3244325768	0.6356262142	[1m0.6330322945[0m	2024-06-28T01:24:18.631
320	1.6020697355	0.3317757009	0.6351829104	0.6324271612	2024-06-28T01:24:21.963
330	1.6018480062	0.3257676903	0.6356385207	[1m0.6331405687[0m	2024-06-28T01:24:25.326
340	1.6016305685	0.3314419226	0.6345960910	0.6318019836	2024-06-28T01:24:28.688
350	1.6014111042	0.3307743658	0.6354247348	0.6329409544	2024-06-28T01:24:32.075
360	1.6011834145	0.3317757009	0.6356450096	[1m0.6333414322[0m	2024-06-28T01:24:35.453
370	1.6009658575	0.3327770360	0.6350791296	0.6325297773	2024-06-28T01:24:38.814
380	1.6007596254	0.3274365821	0.6361002808	[1m0.6343339415[0m	2024-06-28T01:24:42.186
390	1.6005343199	0.3240987984	0.6363015141	[1m0.6346574699[0m	2024-06-28T01:24:45.533
400	1.6003199816	0.3234312417	0.6360848561	0.6343946436	2024-06-28T01:24:48.869
410	1.6000922918	0.3271028037	0.6360371081	0.6343426932	2024-06-28T01:24:52.252
420	1.5998786688	0.3264352470	0.6359321078	0.6342788646	2024-06-28T01:24:55.617
430	1.5996582508	0.3291054740	0.6357934388	0.6340172665	2024-06-28T01:24:59.003
440	1.5994492769	0.3314419226	0.6359631807	0.6343695791	2024-06-28T01:25:02.358
450	1.5992205143	0.3321094793	0.6352571678	0.6331017040	2024-06-28T01:25:05.712
460	1.5990043879	0.3327770360	0.6355777468	0.6338144580	2024-06-28T01:25:09.109
470	1.5987957716	0.3271028037	0.6353235840	0.6332869230	2024-06-28T01:25:12.497
480	1.5985794067	0.3287716956	0.6362924871	[1m0.6348157450[0m	2024-06-28T01:25:15.876
490	1.5983779430	0.3287716956	0.6353653512	0.6334677613	2024-06-28T01:25:19.215
500	1.5981382132	0.3317757009	0.6355664538	0.6339640300	2024-06-28T01:25:22.565
eval AUC = 0.6431674318614057
eval Acc = 0.3323353293413174
# test=3, eval=4
Epoch	CE	Acc	AUC	TestAUC	Time
0	1.6094317436	0.2036048064	0.4699468514	0.4694431856	2024-06-28T01:25:24.069
10	1.6091485023	0.2032710280	0.6374988333	[1m0.6287894861[0m	2024-06-28T01:25:26.791
20	1.6089098454	0.2032710280	0.6349713847	0.6263169187	2024-06-28T01:25:29.784
30	1.6086792946	0.2032710280	0.6347392620	0.6260595075	2024-06-28T01:25:32.892
40	1.6084419489	0.2032710280	0.6346394226	0.6259671427	2024-06-28T01:25:36.066
50	1.6082015038	0.2032710280	0.6344696360	0.6258322301	2024-06-28T01:25:39.319
60	1.6079633236	0.2032710280	0.6343906121	0.6257472330	2024-06-28T01:25:42.565
70	1.6077401638	0.2032710280	0.6343007252	0.6256790699	2024-06-28T01:25:45.854
80	1.6074981689	0.2032710280	0.6344674230	0.6257942830	2024-06-28T01:25:49.148
90	1.6072527170	0.2032710280	0.6343413897	0.6256898268	2024-06-28T01:25:52.459
100	1.6070206165	0.2032710280	0.6343581375	0.6256966918	2024-06-28T01:25:55.840
110	1.6067869663	0.2550066756	0.6342651398	0.6256303740	2024-06-28T01:25:59.227
eval AUC = 0.626723431305209
eval Acc = 0.20359281437125748
# test=3, eval=5
Epoch	CE	Acc	AUC	TestAUC	Time
0	1.6094400883	0.1989354624	0.5357559501	0.5347468044	2024-06-28T01:26:01.845
10	1.6091475487	0.2035928144	0.6321515220	[1m0.6249301992[0m	2024-06-28T01:26:04.804
20	1.6089078188	0.2035928144	0.6323809627	[1m0.6251659239[0m	2024-06-28T01:26:08.004
30	1.6086713076	0.2035928144	0.6324244445	[1m0.6252155093[0m	2024-06-28T01:26:11.282
40	1.6084177494	0.2035928144	0.6324645799	[1m0.6252643083[0m	2024-06-28T01:26:14.559
50	1.6081811190	0.2035928144	0.6324805509	0.6252628734	2024-06-28T01:26:17.880
60	1.6079384089	0.2035928144	0.6324912922	[1m0.6252751144[0m	2024-06-28T01:26:21.207
70	1.6076960564	0.2035928144	0.6325152910	[1m0.6252981272[0m	2024-06-28T01:26:24.598
80	1.6074533463	0.2035928144	0.6325186482	0.6252922966	2024-06-28T01:26:27.954
90	1.6072152853	0.2035928144	0.6325205529	[1m0.6253027641[0m	2024-06-28T01:26:31.355
100	1.6069890261	0.2035928144	0.6325314716	[1m0.6253108160[0m	2024-06-28T01:26:34.760
110	1.6067367792	0.2035928144	0.6325400789	[1m0.6253244655[0m	2024-06-28T01:26:38.152
120	1.6064922810	0.2035928144	0.6325364031	0.6253137849	2024-06-28T01:26:41.578
130	1.6062562466	0.2035928144	0.6325519235	[1m0.6253337940[0m	2024-06-28T01:26:45.029
140	1.6060131788	0.2035928144	0.6325461219	0.6253306251	2024-06-28T01:26:48.505
150	1.6057862043	0.2415169661	0.6325458046	0.6253293665	2024-06-28T01:26:52.017
160	1.6055463552	0.2275449102	0.6325509067	0.6253331026	2024-06-28T01:26:55.501
170	1.6053065062	0.2132401863	0.6325586559	[1m0.6253386953[0m	2024-06-28T01:26:58.982
180	1.6050795317	0.2421823021	0.6325564069	0.6253380420	2024-06-28T01:27:02.510
190	1.6048347950	0.2292082502	0.6325684811	[1m0.6253461682[0m	2024-06-28T01:27:05.999
200	1.6046049595	0.3266799734	0.6325577428	0.6253374091	2024-06-28T01:27:09.544
210	1.6043829918	0.3293413174	0.6325674426	0.6253386746	2024-06-28T01:27:13.035
220	1.6041351557	0.3296739854	0.6325563589	0.6253286454	2024-06-28T01:27:16.547
230	1.6039061546	0.2784431138	0.6325719064	0.6253374066	2024-06-28T01:27:20.093
240	1.6036639214	0.3210246174	0.6325639704	0.6253317650	2024-06-28T01:27:23.576
250	1.6034435034	0.3030605456	0.6325762584	0.6253430153	2024-06-28T01:27:27.023
260	1.6031945944	0.3256819694	0.6325754186	0.6253398816	2024-06-28T01:27:30.487
270	1.6029663086	0.3346640053	0.6325667856	0.6253354869	2024-06-28T01:27:33.890
280	1.6027326584	0.3346640053	0.6325716400	0.6253379925	2024-06-28T01:27:37.321
290	1.6024973392	0.3326679973	0.6325744785	0.6253386183	2024-06-28T01:27:40.759
eval AUC = 0.6282848184235237
eval Acc = 0.22278225806451613
# test=4, eval=1
Epoch	CE	Acc	AUC	TestAUC	Time
0	1.6094250679	0.1989319092	0.5524424504	0.5573971919	2024-06-28T01:27:42.921
10	1.6091513634	0.2032710280	0.6327048050	[1m0.6271202838[0m	2024-06-28T01:27:45.515
20	1.6089088917	0.2032710280	0.6322826647	0.6258530131	2024-06-28T01:27:48.310
30	1.6086717844	0.2032710280	0.6328403327	[1m0.6284161451[0m	2024-06-28T01:27:51.150
40	1.6084290743	0.2032710280	0.6322946228	0.6260372433	2024-06-28T01:27:54.115
50	1.6082017422	0.2276368491	0.6319905865	0.6251956541	2024-06-28T01:27:57.174
60	1.6079593897	0.2032710280	0.6320000710	0.6253271908	2024-06-28T01:28:00.244
70	1.6077282429	0.2269692924	0.6318684199	0.6249475082	2024-06-28T01:28:03.412
80	1.6074932814	0.2032710280	0.6319202943	0.6255566101	2024-06-28T01:28:06.508
90	1.6072549820	0.2052736983	0.6308556417	0.6252105931	2024-06-28T01:28:09.615
100	1.6070202589	0.2032710280	0.6318183096	0.6253153996	2024-06-28T01:28:12.768
110	1.6068079472	0.2202937250	0.6342782128	[1m0.6314369211[0m	2024-06-28T01:28:15.807
120	1.6065678596	0.2543391188	0.6344340056	[1m0.6316253035[0m	2024-06-28T01:28:18.907
130	1.6063146591	0.2032710280	0.6298592657	0.6249994059	2024-06-28T01:28:22.064
140	1.6060836315	0.2032710280	0.6304859900	0.6244333188	2024-06-28T01:28:25.264
150	1.6058593988	0.2640186916	0.6350818043	[1m0.6347112583[0m	2024-06-28T01:28:28.392
160	1.6056146622	0.3040720961	0.6350877427	[1m0.6370965756[0m	2024-06-28T01:28:31.527
170	1.6053818464	0.3054072096	0.6349187018	0.6352119100	2024-06-28T01:28:34.677
180	1.6051543951	0.2419893191	0.6342064010	0.6305891720	2024-06-28T01:28:37.842
190	1.6049373150	0.3264352470	0.6348346429	0.6370492176	2024-06-28T01:28:41.004
200	1.6047019958	0.3361148198	0.6347631648	0.6370710757	2024-06-28T01:28:44.174
210	1.6044602394	0.3271028037	0.6346649067	0.6370236706	2024-06-28T01:28:47.369
220	1.6042392254	0.3240987984	0.6345519380	0.6368603855	2024-06-28T01:28:50.585
230	1.6040052176	0.3170894526	0.6344819330	0.6347140015	2024-06-28T01:28:53.777
240	1.6037812233	0.2963951936	0.6345458444	0.6330956769	2024-06-28T01:28:57
250	1.6035485268	0.3217623498	0.6342891548	0.6365469709	2024-06-28T01:29:00.331
260	1.6033287048	0.3304405874	0.6329899917	[1m0.6381235083[0m	2024-06-28T01:29:03.630
270	1.6030895710	0.3204272363	0.6343095621	0.6348039158	2024-06-28T01:29:06.881
280	1.6028666496	0.3307743658	0.6334294694	0.6373654953	2024-06-28T01:29:10.156
290	1.6026492119	0.3000667557	0.6343630564	0.6331625735	2024-06-28T01:29:13.459
300	1.6024119854	0.3284379172	0.6340611972	0.6357908614	2024-06-28T01:29:16.759
310	1.6021842957	0.3317757009	0.6333901173	0.6368993146	2024-06-28T01:29:20.092
320	1.6019583941	0.3314419226	0.6338158529	0.6362704105	2024-06-28T01:29:23.383
330	1.6017374992	0.3297730307	0.6339797524	0.6353621954	2024-06-28T01:29:26.689
340	1.6015110016	0.3321094793	0.6335362982	0.6364606759	2024-06-28T01:29:30.016
350	1.6012868881	0.3317757009	0.6329601850	0.6369051590	2024-06-28T01:29:33.358
360	1.6010658741	0.3327770360	0.6336932814	0.6360318967	2024-06-28T01:29:36.700
eval AUC = 0.6349058997376942
eval Acc = 0.33532934131736525
# test=4, eval=2
Epoch	CE	Acc	AUC	TestAUC	Time
0	1.6094318628	0.1945927904	0.5019732493	0.4877314791	2024-06-28T01:29:39.090
10	1.6091566086	0.2032710280	0.6241686838	[1m0.6146324590[0m	2024-06-28T01:29:41.948
20	1.6089212894	0.2032710280	0.6244720974	[1m0.6149121175[0m	2024-06-28T01:29:45.002
30	1.6086895466	0.2032710280	0.6245576820	[1m0.6149886274[0m	2024-06-28T01:29:48.152
40	1.6084456444	0.2032710280	0.6246702598	[1m0.6150575803[0m	2024-06-28T01:29:51.315
50	1.6082316637	0.2032710280	0.6246350273	[1m0.6150589318[0m	2024-06-28T01:29:54.547
60	1.6079868078	0.2156208278	0.6247832740	[1m0.6151615910[0m	2024-06-28T01:29:57.781
70	1.6077389717	0.2032710280	0.6248829758	[1m0.6152360894[0m	2024-06-28T01:30:01.041
80	1.6075035334	0.2122830441	0.6251120069	[1m0.6153725527[0m	2024-06-28T01:30:04.326
90	1.6072664261	0.2032710280	0.6249420556	0.6152880656	2024-06-28T01:30:07.625
100	1.6070320606	0.2032710280	0.6251417117	[1m0.6154056651[0m	2024-06-28T01:30:10.995
110	1.6068110466	0.2032710280	0.6251281152	0.6154043692	2024-06-28T01:30:14.305
120	1.6065682173	0.2032710280	0.6251260778	[1m0.6154112202[0m	2024-06-28T01:30:17.664
130	1.6063359976	0.2032710280	0.6250711232	0.6153748707	2024-06-28T01:30:21.040
140	1.6061084270	0.2540053405	0.6252755943	[1m0.6155093599[0m	2024-06-28T01:30:24.385
150	1.6058765650	0.2242990654	0.6253432797	[1m0.6155650387[0m	2024-06-28T01:30:27.713
160	1.6056401730	0.3094125501	0.6255462088	[1m0.6157139753[0m	2024-06-28T01:30:31.036
170	1.6054168940	0.3321094793	0.6259683569	[1m0.6160217906[0m	2024-06-28T01:30:34.334
180	1.6051855087	0.3017356475	0.6257456945	0.6158622645	2024-06-28T01:30:37.786
190	1.6049568653	0.2706942590	0.6255460419	0.6157226890	2024-06-28T01:30:41.121
200	1.6047390699	0.2032710280	0.6252964226	0.6155724708	2024-06-28T01:30:44.485
210	1.6044915915	0.3184245661	0.6260552236	[1m0.6160849763[0m	2024-06-28T01:30:47.775
220	1.6042634249	0.3167556742	0.6259127067	0.6160161251	2024-06-28T01:30:51.104
230	1.6040385962	0.2960614152	0.6257766189	0.6159041129	2024-06-28T01:30:54.462
240	1.6038272381	0.3110814419	0.6265116711	[1m0.6164591360[0m	2024-06-28T01:30:57.771
250	1.6035956144	0.3264352470	0.6321300525	[1m0.6217946262[0m	2024-06-28T01:31:01.028
260	1.6033583879	0.3314419226	0.6307364517	0.6206926127	2024-06-28T01:31:04.270
270	1.6031320095	0.3291054740	0.6292094257	0.6194591867	2024-06-28T01:31:07.554
280	1.6029132605	0.3084112150	0.6266293303	0.6166449898	2024-06-28T01:31:10.883
290	1.6027010679	0.2706942590	0.6256129314	0.6158182694	2024-06-28T01:31:14.245
300	1.6024605036	0.3294392523	0.6326593592	[1m0.6224534940[0m	2024-06-28T01:31:17.522
310	1.6022304296	0.3321094793	0.6313647223	0.6212763687	2024-06-28T01:31:20.836
320	1.6020071507	0.3294392523	0.6308338374	0.6208815066	2024-06-28T01:31:24.144
330	1.6017982960	0.3277703605	0.6363515636	[1m0.6266418594[0m	2024-06-28T01:31:27.422
340	1.6015608311	0.3334445928	0.6328369976	0.6227663809	2024-06-28T01:31:30.715
350	1.6013365984	0.3311081442	0.6313492995	0.6213125827	2024-06-28T01:31:34.057
360	1.6011185646	0.3297730307	0.6313132366	0.6213062967	2024-06-28T01:31:37.389
370	1.6008943319	0.3297730307	0.6320405153	0.6220140718	2024-06-28T01:31:40.702
380	1.6006814241	0.3314419226	0.6339141669	0.6237180904	2024-06-28T01:31:44.035
390	1.6004545689	0.3321094793	0.6347182587	0.6246861772	2024-06-28T01:31:47.361
400	1.6002321243	0.3304405874	0.6345920370	0.6245347189	2024-06-28T01:31:50.706
410	1.6000142097	0.3251001335	0.6373991317	[1m0.6281168002[0m	2024-06-28T01:31:54.052
420	1.5997904539	0.3324432577	0.6344230411	0.6243863938	2024-06-28T01:31:57.383
430	1.5995719433	0.3314419226	0.6352983052	0.6256955478	2024-06-28T01:32:00.792
440	1.5993568897	0.3267690254	0.6366385027	0.6272863373	2024-06-28T01:32:04.191
450	1.5991536379	0.3291054740	0.6358937861	0.6265760589	2024-06-28T01:32:07.573
460	1.5989134312	0.3277703605	0.6372535725	0.6281029557	2024-06-28T01:32:10.922
470	1.5986957550	0.3317757009	0.6368421072	0.6275667232	2024-06-28T01:32:14.283
480	1.5984824896	0.3331108144	0.6363073874	0.6270585668	2024-06-28T01:32:17.664
490	1.5982573032	0.3324432577	0.6362082692	0.6270003544	2024-06-28T01:32:21.051
500	1.5980420113	0.3291054740	0.6369429096	0.6278369961	2024-06-28T01:32:24.436
eval AUC = 0.6333053544384648
eval Acc = 0.32934131736526945
# test=4, eval=3
Epoch	CE	Acc	AUC	TestAUC	Time
0	1.6094176769	0.1959279039	0.6263165097	0.6145385850	2024-06-28T01:32:26.762
10	1.6091384888	0.2032710280	0.6259774482	0.6144336087	2024-06-28T01:32:29.845
20	1.6088994741	0.2032710280	0.6349287346	[1m0.6227632527[0m	2024-06-28T01:32:32.684
30	1.6086630821	0.2032710280	0.6353529204	[1m0.6250902228[0m	2024-06-28T01:32:35.790
40	1.6084347963	0.2032710280	0.6348334702	0.6245827537	2024-06-28T01:32:39.037
50	1.6081907749	0.2032710280	0.6347046710	0.6244544989	2024-06-28T01:32:42.337
60	1.6079629660	0.2236315087	0.6344725793	0.6242849557	2024-06-28T01:32:45.718
70	1.6077326536	0.2032710280	0.6344359234	0.6242418331	2024-06-28T01:32:49.091
80	1.6074823141	0.2032710280	0.6342940699	0.6241360753	2024-06-28T01:32:52.524
90	1.6072564125	0.2199599466	0.6342952075	0.6241391943	2024-06-28T01:32:56.049
100	1.6070095301	0.2032710280	0.6343057119	0.6241405009	2024-06-28T01:32:59.477
110	1.6067748070	0.2032710280	0.6343245561	0.6241561381	2024-06-28T01:33:02.906
120	1.6065443754	0.2650200267	0.6342562420	0.6241010609	2024-06-28T01:33:06.365
130	1.6063133478	0.2032710280	0.6343430255	0.6241667943	2024-06-28T01:33:09.788
eval AUC = 0.6267934156217413
eval Acc = 0.20359281437125748
# test=4, eval=5
Epoch	CE	Acc	AUC	TestAUC	Time
0	1.6094245911	0.2035928144	0.5953207733	0.5935871906	2024-06-28T01:33:12.130
10	1.6091327667	0.2035928144	0.6368030163	[1m0.6278699703[0m	2024-06-28T01:33:14.851
20	1.6088835001	0.2035928144	0.6338145089	0.6245609033	2024-06-28T01:33:17.973
30	1.6086384058	0.2035928144	0.6335255186	0.6242295845	2024-06-28T01:33:21.216
40	1.6083952188	0.2035928144	0.6333761237	0.6240804287	2024-06-28T01:33:24.549
50	1.6081515551	0.2035928144	0.6333266767	0.6240193715	2024-06-28T01:33:27.931
60	1.6079107523	0.2035928144	0.6333133530	0.6240101653	2024-06-28T01:33:31.345
70	1.6076710224	0.2035928144	0.6332945944	0.6239776968	2024-06-28T01:33:34.818
80	1.6074250937	0.2035928144	0.6332587893	0.6239464696	2024-06-28T01:33:38.261
90	1.6071844101	0.2035928144	0.6332372948	0.6239421028	2024-06-28T01:33:41.722
100	1.6069375277	0.2035928144	0.6332368503	0.6239377882	2024-06-28T01:33:45.178
110	1.6066989899	0.2035928144	0.6332202617	0.6239221596	2024-06-28T01:33:48.651
eval AUC = 0.6339179097924499
eval Acc = 0.20262096774193547
# test=5, eval=1
Epoch	CE	Acc	AUC	TestAUC	Time
0	1.6094510555	0.1976047904	0.3713636488	0.3776888648	2024-06-28T01:33:50.630
10	1.6091672182	0.2035928144	0.6304300090	[1m0.6292482151[0m	2024-06-28T01:33:53.199
20	1.6089224815	0.2035928144	0.6302010571	0.6286004273	2024-06-28T01:33:56.203
30	1.6086778641	0.2035928144	0.6302095850	0.6285103572	2024-06-28T01:33:59.342
40	1.6084342003	0.2035928144	0.6302489276	0.6284860941	2024-06-28T01:34:02.564
50	1.6081882715	0.2035928144	0.6302201750	0.6284600039	2024-06-28T01:34:05.806
60	1.6079635620	0.2375249501	0.6303120059	0.6284740966	2024-06-28T01:34:09.103
70	1.6077077389	0.2035928144	0.6303220593	0.6284695768	2024-06-28T01:34:12.437
80	1.6074694395	0.2035928144	0.6303144136	0.6284574499	2024-06-28T01:34:15.759
90	1.6072275639	0.2035928144	0.6303472586	0.6284747041	2024-06-28T01:34:19.092
100	1.6069935560	0.2035928144	0.6302885076	0.6284619099	2024-06-28T01:34:22.456
110	1.6067552567	0.2035928144	0.6303647413	0.6284414848	2024-06-28T01:34:25.783
eval AUC = 0.6340558476600598
eval Acc = 0.20359281437125748
# test=5, eval=2
Epoch	CE	Acc	AUC	TestAUC	Time
0	1.6094409227	0.1919494345	0.4058573145	0.4232529545	2024-06-28T01:34:28.051
10	1.6091479063	0.2035928144	0.6245212886	[1m0.6317661740[0m	2024-06-28T01:34:30.644
20	1.6089078188	0.2035928144	0.6284346469	0.6298194680	2024-06-28T01:34:33.473
30	1.6086856127	0.2149035263	0.6287342568	0.6301097724	2024-06-28T01:34:36.485
40	1.6084283590	0.2035928144	0.6286636216	0.6299960043	2024-06-28T01:34:39.597
50	1.6081855297	0.2035928144	0.6288427132	0.6301255109	2024-06-28T01:34:42.720
60	1.6079427004	0.2035928144	0.6288650197	0.6301056330	2024-06-28T01:34:45.923
70	1.6077084541	0.2252162342	0.6288882489	0.6300858510	2024-06-28T01:34:49.135
80	1.6074697971	0.2035928144	0.6289168945	0.6300883234	2024-06-28T01:34:52.383
90	1.6072278023	0.2035928144	0.6286479445	0.6298220796	2024-06-28T01:34:55.696
100	1.6069900990	0.2035928144	0.6288271427	0.6299778397	2024-06-28T01:34:58.980
110	1.6067594290	0.2035928144	0.6288791025	0.6299995081	2024-06-28T01:35:02.276
eval AUC = 0.6216844706288965
eval Acc = 0.20359281437125748
# test=5, eval=3
Epoch	CE	Acc	AUC	TestAUC	Time
0	1.6094117165	0.2035928144	0.6048385595	0.6105023182	2024-06-28T01:35:04.640
10	1.6091361046	0.2035928144	0.6319055917	[1m0.6278353535[0m	2024-06-28T01:35:07.555
20	1.6088850498	0.2035928144	0.6322013871	[1m0.6280491151[0m	2024-06-28T01:35:10.715
30	1.6086401939	0.2035928144	0.6323295652	[1m0.6281236799[0m	2024-06-28T01:35:13.945
40	1.6083881855	0.2035928144	0.6323682221	[1m0.6281776843[0m	2024-06-28T01:35:17.214
50	1.6081498861	0.2035928144	0.6324041407	[1m0.6281992850[0m	2024-06-28T01:35:20.531
60	1.6079244614	0.2012641384	0.6324181130	0.6281904028	2024-06-28T01:35:23.876
70	1.6076736450	0.2035928144	0.6324426500	[1m0.6282018718[0m	2024-06-28T01:35:27.255
80	1.6074236631	0.2035928144	0.6324608643	0.6282012856	2024-06-28T01:35:30.619
90	1.6071949005	0.2035928144	0.6324686784	0.6282012351	2024-06-28T01:35:33.998
100	1.6069446802	0.2035928144	0.6324847665	[1m0.6282215953[0m	2024-06-28T01:35:37.410
110	1.6067113876	0.2035928144	0.6325018446	0.6282196965	2024-06-28T01:35:40.828
120	1.6064701080	0.2035928144	0.6325066110	[1m0.6282266649[0m	2024-06-28T01:35:44.220
130	1.6062234640	0.2035928144	0.6325057600	[1m0.6282266912[0m	2024-06-28T01:35:47.616
140	1.6059924364	0.2840984697	0.6325087317	[1m0.6282324401[0m	2024-06-28T01:35:51.080
150	1.6057577133	0.2168995343	0.6325162906	[1m0.6282445214[0m	2024-06-28T01:35:54.483
160	1.6055226326	0.2035928144	0.6325282891	[1m0.6282566027[0m	2024-06-28T01:35:57.882
170	1.6052796841	0.2228875582	0.6325284940	[1m0.6282585015[0m	2024-06-28T01:36:01.323
180	1.6050422192	0.3093812375	0.6325247260	0.6282520971	2024-06-28T01:36:04.770
190	1.6048029661	0.2495009980	0.6325356976	[1m0.6282731296[0m	2024-06-28T01:36:08.253
200	1.6045731306	0.3073852295	0.6325366538	0.6282661155	2024-06-28T01:36:11.691
210	1.6043386459	0.2212242182	0.6325543711	[1m0.6282928465[0m	2024-06-28T01:36:15.119
220	1.6041069031	0.3130405855	0.6325478881	0.6282787898	2024-06-28T01:36:18.673
230	1.6038677692	0.3206919494	0.6325488517	0.6282788089	2024-06-28T01:36:22.086
240	1.6036316156	0.3137059215	0.6325543312	0.6282857965	2024-06-28T01:36:25.491
250	1.6034139395	0.3406520293	0.6325469666	0.6282660578	2024-06-28T01:36:28.914
260	1.6031721830	0.3256819694	0.6325553629	0.6282794449	2024-06-28T01:36:32.339
270	1.6029441357	0.3157019295	0.6325748879	[1m0.6282953598[0m	2024-06-28T01:36:35.744
280	1.6027102470	0.3157019295	0.6325668894	0.6282832256	2024-06-28T01:36:39.153
290	1.6024723053	0.3216899534	0.6325753616	0.6282902396	2024-06-28T01:36:42.567
300	1.6022417545	0.3206919494	0.6325823089	0.6282927888	2024-06-28T01:36:45.972
310	1.6020212173	0.3137059215	0.6325939683	[1m0.6283004437[0m	2024-06-28T01:36:49.390
320	1.6017820835	0.3300066534	0.6325865306	0.6282889410	2024-06-28T01:36:52.830
330	1.6015588045	0.3306719894	0.6325865277	0.6282921408	2024-06-28T01:36:56.258
340	1.6013225317	0.3343313373	0.6325813819	0.6282921264	2024-06-28T01:36:59.823
350	1.6011002064	0.3346640053	0.6325936690	0.6282985066	2024-06-28T01:37:03.238
360	1.6008658409	0.3330006653	0.6325941552	[1m0.6283048917[0m	2024-06-28T01:37:06.701
370	1.6006447077	0.3443113772	0.6326013057	[1m0.6283099998[0m	2024-06-28T01:37:10.144
380	1.6004109383	0.3310046574	0.6326171498	[1m0.6283310610[0m	2024-06-28T01:37:13.588
390	1.6001933813	0.3253493014	0.6326439781	[1m0.6283501826[0m	2024-06-28T01:37:17.067
400	1.5999579430	0.3353293413	0.6326163054	0.6283272395	2024-06-28T01:37:20.507
410	1.5997437239	0.3343313373	0.6326221459	0.6283272300	2024-06-28T01:37:23.997
420	1.5995122194	0.3330006653	0.6326342977	0.6283399521	2024-06-28T01:37:27.486
430	1.5992815495	0.3343313373	0.6326381902	0.6283368027	2024-06-28T01:37:30.943
440	1.5990616083	0.3416500333	0.6326537435	[1m0.6283520982[0m	2024-06-28T01:37:34.416
450	1.5988439322	0.3373253493	0.6326361593	0.6283329429	2024-06-28T01:37:37.887
460	1.5986161232	0.3300066534	0.6326838361	[1m0.6283859296[0m	2024-06-28T01:37:41.325
470	1.5983831882	0.3346640053	0.6326636702	0.6283565582	2024-06-28T01:37:44.767
480	1.5981699228	0.3303393214	0.6326948778	[1m0.6284089110[0m	2024-06-28T01:37:48.200
490	1.5979435444	0.3346640053	0.6326774232	0.6283712534	2024-06-28T01:37:51.637
500	1.5977190733	0.3413173653	0.6326788075	0.6283750701	2024-06-28T01:37:55.071
eval AUC = 0.6254426596410168
eval Acc = 0.33632734530938124
# test=5, eval=4
Epoch	CE	Acc	AUC	TestAUC	Time
0	1.6094484329	0.1986027944	0.3890353126	0.3854716440	2024-06-28T01:37:56.775
10	1.6091501713	0.2035928144	0.6335735322	[1m0.6288512510[0m	2024-06-28T01:37:59.757
20	1.6089133024	0.2035928144	0.6333326916	0.6285954315	2024-06-28T01:38:02.955
30	1.6086664200	0.2035928144	0.6332530653	0.6285239068	2024-06-28T01:38:06.325
40	1.6084253788	0.2035928144	0.6332145974	0.6284955581	2024-06-28T01:38:09.591
50	1.6081883907	0.2035928144	0.6332122389	0.6284976104	2024-06-28T01:38:12.906
60	1.6079384089	0.2035928144	0.6331870143	0.6284695571	2024-06-28T01:38:16.233
70	1.6076970100	0.2035928144	0.6331760901	0.6284531288	2024-06-28T01:38:19.576
80	1.6074699163	0.2015968064	0.6331625983	0.6284391703	2024-06-28T01:38:22.932
90	1.6072173119	0.2338656021	0.6331607505	0.6284640746	2024-06-28T01:38:26.334
100	1.6069691181	0.2035928144	0.6331682143	0.6284838612	2024-06-28T01:38:29.735
110	1.6067315340	0.2035928144	0.6331617578	0.6284800254	2024-06-28T01:38:33.101
eval AUC = 0.6243582576192463
eval Acc = 0.20359281437125748
avg eval AUC = 0.6305583257684276
avg eval Acc = 0.24897533561908433
avg cor among in-layer params = 0.8063627
